[35m[Appium][39m Welcome to Appium v1.8.1
[35m[Appium][39m Non-default server args:
[35m[Appium][39m   port: 61428
[35m[Appium][39m   loglevel: info
[35m[Appium][39m   chromeDriverPort: 61431
[35m[Appium][39m   tmpDir: C:\Users\denni\AppData\Local\Temp\\Katalon\Appium\Temp1552124945368
[35m[Appium][39m Appium REST http interface listener started on 0.0.0.0:61428
[35m[HTTP][39m [37m-->[39m [37mGET[39m [37m/wd/hub/status[39m
[35m[HTTP][39m [90m{}[39m
[35m[HTTP][39m [37m<-- GET /wd/hub/status [39m[32m200[39m [90m13 ms - 83[39m
[35m[HTTP][39m [90m[39m
[35m[HTTP][39m [37m-->[39m [37mPOST[39m [37m/wd/hub/session[39m
[35m[HTTP][39m [90m{"desiredCapabilities":{"app":"C:\\Users\\denni\\OneDrive\\Desktop\\SafeBoda\\app-passenger.apk","autoGrantPermissions":true,"automationName":"uiautomator2","deviceName":"CUBOT CUBOT NOTE Plus (Android 7.0)","fullReset":false,"newCommandTimeout":1800,"noReset":true,"platform":"ANDROID","platformName":"Android","udid":"C509XXBH81110634"},"capabilities":{"desiredCapabilities":{"app":"C:\\Users\\denni\\OneDrive\\Desktop\\SafeBoda\\app-passenger.apk","autoGrantPermissions":true,"automationName":"uiautomator2","deviceName":"CUBOT CUBOT NOTE Plus (Android 7.0)","fullReset":false,"newCommandTimeout":1800,"noReset":true,"platform":"ANDROID","platformName":"Android","udid":"C509XXBH81110634"},"firstMatch":[{"platformName":"android"}]}}[39m
[35m[Appium][39m Could not parse W3C capabilities: 'deviceName' can't be blank. Falling back to JSONWP protocol.
[35m[Appium][39m The following capabilities were provided in the JSONWP desired capabilities that are missing in W3C capabilities: ["app","autoGrantPermissions","automationName","deviceName","fullReset","newCommandTimeout","noReset","platform","platformName","udid"]. Falling back to JSONWP protocol.
[35m[Appium][39m Creating new AndroidUiautomator2Driver (v1.12.0) session
[35m[Appium][39m Capabilities:
[35m[Appium][39m   app: C:\Users\denni\OneDrive\Desktop\SafeBoda\app-passenger.apk
[35m[Appium][39m   autoGrantPermissions: true
[35m[Appium][39m   automationName: uiautomator2
[35m[Appium][39m   deviceName: CUBOT CUBOT NOTE Plus (Android 7.0)
[35m[Appium][39m   fullReset: false
[35m[Appium][39m   newCommandTimeout: 1800
[35m[Appium][39m   noReset: true
[35m[Appium][39m   platform: ANDROID
[35m[Appium][39m   platformName: Android
[35m[Appium][39m   udid: C509XXBH81110634
[35m[BaseDriver][39m The following capabilities were provided, but are not recognized by appium: platform.
[35m[BaseDriver][39m Session created with session id: e9afb4e9-11da-4068-897b-e1accd58646d
[35m[BaseDriver][39m Using local app 'C:\Users\denni\OneDrive\Desktop\SafeBoda\app-passenger.apk'
[35m[AndroidDriver][39m Java version is: 1.8.0_181
[35m[ADB][39m Checking whether adb is present
[35m[ADB][39m Found 1 'build-tools' folders under 'C:\Users\denni\.katalon\tools\android_sdk' (newest first):
[35m[ADB][39m     C:/Users/denni/.katalon/tools/android_sdk/build-tools/28.0.3
[35m[ADB][39m Using adb.exe from C:\Users\denni\.katalon\tools\android_sdk\platform-tools\adb.exe
[35m[AndroidDriver][39m Retrieving device list
[35m[AndroidDriver][39m Using device: C509XXBH81110634
[35m[ADB][39m Using the alternative activity name detection method because of: Could not find apkanalyzer.bat in C:\Users\denni\.katalon\tools\android_sdk\platform-tools\apkanalyzer.bat,C:\Users\denni\.katalon\tools\android_sdk\emulator\apkanalyzer.bat,C:\Users\denni\.katalon\tools\android_sdk\tools\apkanalyzer.bat,C:\Users\denni\.katalon\tools\android_sdk\tools\bin\apkanalyzer.bat,C:\Users\denni\.katalon\tools\android_sdk\build-tools\28.0.3\apkanalyzer.bat. Do you have the Android SDK installed at 'C:\Users\denni\.katalon\tools\android_sdk'?
[35m[ADB][39m Checking whether aapt is present
[35m[ADB][39m Using aapt.exe from C:\Users\denni\.katalon\tools\android_sdk\build-tools\28.0.3\aapt.exe
[35m[ADB][39m Extracting package and launch activity from manifest
[35m[ADB][39m Package name: 'com.safeboda.passenger'
[35m[ADB][39m Main activity name: 'com.safeboda.passenger.start.StartActivity'
[35m[ADB][39m Getting device platform version
[35m[ADB][39m Using apksigner.bat from C:\Users\denni\.katalon\tools\android_sdk\build-tools\28.0.3\apksigner.bat
[35m[ADB][39m Checking whether zipalign is present
[35m[ADB][39m Using zipalign.exe from C:\Users\denni\.katalon\tools\android_sdk\build-tools\28.0.3\zipalign.exe
[35m[ADB][39m io.appium.uiautomator2.server was not uninstalled
[35m[ADB][39m io.appium.uiautomator2.server.test was not uninstalled
[35m[ADB][39m Cannot read version codes of 'C:\Users\denni\AppData\Roaming\npm\node_modules\appium\node_modules\appium-uiautomator2-server\apks\appium-uiautomator2-server-debug-androidTest.apk' and/or 'io.appium.uiautomator2.server.test'
[35m[ADB][39m Cannot read version names of 'C:\Users\denni\AppData\Roaming\npm\node_modules\appium\node_modules\appium-uiautomator2-server\apks\appium-uiautomator2-server-debug-androidTest.apk' and/or 'io.appium.uiautomator2.server.test'. Assuming correct app version is already installed
[35m[AndroidDriver][39m setDeviceLanguageCountry requires language or country.
[35m[AndroidDriver][39m Got language: 'null' and country: 'null'
[35m[ADB][39m Successfully extracted 678 strings from 'C:\Users\denni\OneDrive\Desktop\SafeBoda\app-passenger.apk' resources for '(default)' configuration
[35m[UiAutomator2][39m Starting uiautomator2 server 1.12.0
[35m[UiAutomator2][39m Using UIAutomator2 server from 'C:\Users\denni\AppData\Roaming\npm\node_modules\appium\node_modules\appium-uiautomator2-server\apks\appium-uiautomator2-server-v1.12.0.apk' and test from 'C:\Users\denni\AppData\Roaming\npm\node_modules\appium\node_modules\appium-uiautomator2-server\apks\appium-uiautomator2-server-debug-androidTest.apk'
[35m[UiAutomator2][39m Running command: 'adb -s C509XXBH81110634 shell am instrument -w io.appium.uiautomator2.server.test/android.support.test.runner.AndroidJUnitRunner'
[35m[UiAutomator2][39m Waiting up to 20000ms for UiAutomator2 to be online...
[35m[AndroidDriver][39m Screen already unlocked, doing nothing
[35m[UiAutomator2][39m UiAutomator2 did not start the activity we were waiting for, 'com.safeboda.passenger/com.safeboda.passenger.start.StartActivity'. Starting it ourselves
[35m[Appium][39m New AndroidUiautomator2Driver session created successfully, session e9afb4e9-11da-4068-897b-e1accd58646d added to master session list
[35m[HTTP][39m [37m<-- POST /wd/hub/session [39m[32m200[39m [90m38887 ms - 1200[39m
[35m[HTTP][39m [90m[39m
[35m[HTTP][39m [37m-->[39m [37mGET[39m [37m/wd/hub/status[39m
[35m[HTTP][39m [90m{}[39m
[35m[HTTP][39m [37m<-- GET /wd/hub/status [39m[32m200[39m [90m6 ms - 55[39m
[35m[HTTP][39m [90m[39m
[35m[HTTP][39m [37m-->[39m [37mPOST[39m [37m/wd/hub/session/e9afb4e9-11da-4068-897b-e1accd58646d/timeouts[39m
[35m[HTTP][39m [90m{"type":"implicit","ms":30000}[39m
[35m[HTTP][39m [37m<-- POST /wd/hub/session/e9afb4e9-11da-4068-897b-e1accd58646d/timeouts [39m[33m400[39m [90m18 ms - 5204[39m
[35m[HTTP][39m [90m[39m
[35m[HTTP][39m [37m-->[39m [37mGET[39m [37m/wd/hub/session/e9afb4e9-11da-4068-897b-e1accd58646d/window/current/size[39m
[35m[HTTP][39m [90m{}[39m
[35m[W3C][39m Driver proxy active, passing request on via HTTP proxy
[35m[JSONWP Proxy][39m Replacing sessionId b4d9559d-f991-42a8-baa7-1e9ec985d1dc with e9afb4e9-11da-4068-897b-e1accd58646d
[35m[HTTP][39m [37m<-- GET /wd/hub/session/e9afb4e9-11da-4068-897b-e1accd58646d/window/current/size [39m[32m200[39m [90m51 ms - 100[39m
[35m[HTTP][39m [90m[39m
[35m[HTTP][39m [37m-->[39m [37mPOST[39m [37m/wd/hub/session/e9afb4e9-11da-4068-897b-e1accd58646d/elements[39m
[35m[HTTP][39m [90m{"using":"-android uiautomator","value":"new UiSelector().className(\"android.widget.EditText\").text(\"Search location\").resourceId(\"com.safeboda.passenger:id/locationEditText\").instance(0)"}[39m
[35m[HTTP][39m [37m<-- POST /wd/hub/session/e9afb4e9-11da-4068-897b-e1accd58646d/elements [39m[32m200[39m [90m2629 ms - 124[39m
[35m[HTTP][39m [90m[39m
[35m[HTTP][39m [37m-->[39m [37mGET[39m [37m/wd/hub/session/e9afb4e9-11da-4068-897b-e1accd58646d[39m
[35m[HTTP][39m [90m{}[39m
[35m[HTTP][39m [37m<-- GET /wd/hub/session/e9afb4e9-11da-4068-897b-e1accd58646d [39m[32m200[39m [90m23 ms - 1200[39m
[35m[HTTP][39m [90m[39m
[35m[HTTP][39m [37m-->[39m [37mGET[39m [37m/wd/hub/session/e9afb4e9-11da-4068-897b-e1accd58646d[39m
[35m[HTTP][39m [90m{}[39m
[35m[HTTP][39m [37m<-- GET /wd/hub/session/e9afb4e9-11da-4068-897b-e1accd58646d [39m[32m200[39m [90m24 ms - 1200[39m
[35m[HTTP][39m [90m[39m
[35m[HTTP][39m [37m-->[39m [37mGET[39m [37m/wd/hub/session/e9afb4e9-11da-4068-897b-e1accd58646d[39m
[35m[HTTP][39m [90m{}[39m
[35m[HTTP][39m [37m<-- GET /wd/hub/session/e9afb4e9-11da-4068-897b-e1accd58646d [39m[32m200[39m [90m21 ms - 1200[39m
[35m[HTTP][39m [90m[39m
[35m[HTTP][39m [37m-->[39m [37mGET[39m [37m/wd/hub/session/e9afb4e9-11da-4068-897b-e1accd58646d[39m
[35m[HTTP][39m [90m{}[39m
[35m[HTTP][39m [37m<-- GET /wd/hub/session/e9afb4e9-11da-4068-897b-e1accd58646d [39m[32m200[39m [90m24 ms - 1200[39m
[35m[HTTP][39m [90m[39m
[35m[HTTP][39m [37m-->[39m [37mGET[39m [37m/wd/hub/session/e9afb4e9-11da-4068-897b-e1accd58646d/element/0e512514-a645-433a-992b-41f2b45ba0a9/location[39m
[35m[HTTP][39m [90m{}[39m
[35m[W3C][39m Driver proxy active, passing request on via HTTP proxy
[35m[JSONWP Proxy][39m Replacing sessionId b4d9559d-f991-42a8-baa7-1e9ec985d1dc with e9afb4e9-11da-4068-897b-e1accd58646d
[35m[HTTP][39m [37m<-- GET /wd/hub/session/e9afb4e9-11da-4068-897b-e1accd58646d/element/0e512514-a645-433a-992b-41f2b45ba0a9/location [39m[32m200[39m [90m60 ms - 89[39m
[35m[HTTP][39m [90m[39m
[35m[HTTP][39m [37m-->[39m [37mPOST[39m [37m/wd/hub/session/e9afb4e9-11da-4068-897b-e1accd58646d/touch/perform[39m
[35m[HTTP][39m [90m{"actions":[{"action":"tap","options":{"element":"0e512514-a645-433a-992b-41f2b45ba0a9","x":1,"y":1}}]}[39m
[35m[UiAutomator2][39m calling get location: 0e512514-a645-433a-992b-41f2b45ba0a9
[35m[HTTP][39m [37m<-- POST /wd/hub/session/e9afb4e9-11da-4068-897b-e1accd58646d/touch/perform [39m[32m200[39m [90m1371 ms - 76[39m
[35m[HTTP][39m [90m[39m
[35m[HTTP][39m [37m-->[39m [37mGET[39m [37m/wd/hub/session/e9afb4e9-11da-4068-897b-e1accd58646d/window/current/size[39m
[35m[HTTP][39m [90m{}[39m
[35m[W3C][39m Driver proxy active, passing request on via HTTP proxy
[35m[JSONWP Proxy][39m Replacing sessionId b4d9559d-f991-42a8-baa7-1e9ec985d1dc with e9afb4e9-11da-4068-897b-e1accd58646d
[35m[HTTP][39m [37m<-- GET /wd/hub/session/e9afb4e9-11da-4068-897b-e1accd58646d/window/current/size [39m[32m200[39m [90m21 ms - 100[39m
[35m[HTTP][39m [90m[39m
[35m[HTTP][39m [37m-->[39m [37mPOST[39m [37m/wd/hub/session/e9afb4e9-11da-4068-897b-e1accd58646d/elements[39m
[35m[HTTP][39m [90m{"using":"-android uiautomator","value":"new UiSelector().className(\"android.widget.EditText\").text(\"Search location\").resourceId(\"com.safeboda.passenger:id/locationEditText\").instance(0)"}[39m
[35m[HTTP][39m [37m<-- POST /wd/hub/session/e9afb4e9-11da-4068-897b-e1accd58646d/elements [39m[32m200[39m [90m100 ms - 124[39m
[35m[HTTP][39m [90m[39m
[35m[HTTP][39m [37m-->[39m [37mGET[39m [37m/wd/hub/session/e9afb4e9-11da-4068-897b-e1accd58646d[39m
[35m[HTTP][39m [90m{}[39m
[35m[HTTP][39m [37m<-- GET /wd/hub/session/e9afb4e9-11da-4068-897b-e1accd58646d [39m[32m200[39m [90m21 ms - 1200[39m
[35m[HTTP][39m [90m[39m
[35m[HTTP][39m [37m-->[39m [37mGET[39m [37m/wd/hub/session/e9afb4e9-11da-4068-897b-e1accd58646d[39m
[35m[HTTP][39m [90m{}[39m
[35m[HTTP][39m [37m<-- GET /wd/hub/session/e9afb4e9-11da-4068-897b-e1accd58646d [39m[32m200[39m [90m27 ms - 1200[39m
[35m[HTTP][39m [90m[39m
[35m[HTTP][39m [37m-->[39m [37mGET[39m [37m/wd/hub/session/e9afb4e9-11da-4068-897b-e1accd58646d[39m
[35m[HTTP][39m [90m{}[39m
[35m[HTTP][39m [37m<-- GET /wd/hub/session/e9afb4e9-11da-4068-897b-e1accd58646d [39m[32m200[39m [90m20 ms - 1200[39m
[35m[HTTP][39m [90m[39m
[35m[HTTP][39m [37m-->[39m [37mGET[39m [37m/wd/hub/session/e9afb4e9-11da-4068-897b-e1accd58646d[39m
[35m[HTTP][39m [90m{}[39m
[35m[HTTP][39m [37m<-- GET /wd/hub/session/e9afb4e9-11da-4068-897b-e1accd58646d [39m[32m200[39m [90m16 ms - 1200[39m
[35m[HTTP][39m [90m[39m
[35m[HTTP][39m [37m-->[39m [37mGET[39m [37m/wd/hub/session/e9afb4e9-11da-4068-897b-e1accd58646d/element/5a003575-89b9-47ab-90db-2c632dd6c59d/location[39m
[35m[HTTP][39m [90m{}[39m
[35m[W3C][39m Driver proxy active, passing request on via HTTP proxy
[35m[JSONWP Proxy][39m Replacing sessionId b4d9559d-f991-42a8-baa7-1e9ec985d1dc with e9afb4e9-11da-4068-897b-e1accd58646d
[35m[HTTP][39m [37m<-- GET /wd/hub/session/e9afb4e9-11da-4068-897b-e1accd58646d/element/5a003575-89b9-47ab-90db-2c632dd6c59d/location [39m[32m200[39m [90m38 ms - 89[39m
[35m[HTTP][39m [90m[39m
[35m[HTTP][39m [37m-->[39m [37mPOST[39m [37m/wd/hub/session/e9afb4e9-11da-4068-897b-e1accd58646d/touch/perform[39m
[35m[HTTP][39m [90m{"actions":[{"action":"tap","options":{"element":"5a003575-89b9-47ab-90db-2c632dd6c59d","x":1,"y":1}}]}[39m
[35m[UiAutomator2][39m calling get location: 5a003575-89b9-47ab-90db-2c632dd6c59d
[35m[HTTP][39m [37m<-- POST /wd/hub/session/e9afb4e9-11da-4068-897b-e1accd58646d/touch/perform [39m[32m200[39m [90m2096 ms - 76[39m
[35m[HTTP][39m [90m[39m
[35m[HTTP][39m [37m-->[39m [37mGET[39m [37m/wd/hub/session/e9afb4e9-11da-4068-897b-e1accd58646d/window/current/size[39m
[35m[HTTP][39m [90m{}[39m
[35m[W3C][39m Driver proxy active, passing request on via HTTP proxy
[35m[JSONWP Proxy][39m Replacing sessionId b4d9559d-f991-42a8-baa7-1e9ec985d1dc with e9afb4e9-11da-4068-897b-e1accd58646d
[35m[HTTP][39m [37m<-- GET /wd/hub/session/e9afb4e9-11da-4068-897b-e1accd58646d/window/current/size [39m[32m200[39m [90m18 ms - 100[39m
[35m[HTTP][39m [90m[39m
[35m[HTTP][39m [37m-->[39m [37mPOST[39m [37m/wd/hub/session/e9afb4e9-11da-4068-897b-e1accd58646d/elements[39m
[35m[HTTP][39m [90m{"using":"-android uiautomator","value":"new UiSelector().className(\"android.widget.EditText\").text(\"Search location\").resourceId(\"com.safeboda.passenger:id/locationEditText\").instance(0)"}[39m
[35m[HTTP][39m [37m<-- POST /wd/hub/session/e9afb4e9-11da-4068-897b-e1accd58646d/elements [39m[32m200[39m [90m78 ms - 124[39m
[35m[HTTP][39m [90m[39m
[35m[HTTP][39m [37m-->[39m [37mGET[39m [37m/wd/hub/session/e9afb4e9-11da-4068-897b-e1accd58646d[39m
[35m[HTTP][39m [90m{}[39m
[35m[HTTP][39m [37m<-- GET /wd/hub/session/e9afb4e9-11da-4068-897b-e1accd58646d [39m[32m200[39m [90m14 ms - 1200[39m
[35m[HTTP][39m [90m[39m
[35m[HTTP][39m [37m-->[39m [37mGET[39m [37m/wd/hub/session/e9afb4e9-11da-4068-897b-e1accd58646d[39m
[35m[HTTP][39m [90m{}[39m
[35m[HTTP][39m [37m<-- GET /wd/hub/session/e9afb4e9-11da-4068-897b-e1accd58646d [39m[32m200[39m [90m14 ms - 1200[39m
[35m[HTTP][39m [90m[39m
[35m[HTTP][39m [37m-->[39m [37mGET[39m [37m/wd/hub/session/e9afb4e9-11da-4068-897b-e1accd58646d[39m
[35m[HTTP][39m [90m{}[39m
[35m[HTTP][39m [37m<-- GET /wd/hub/session/e9afb4e9-11da-4068-897b-e1accd58646d [39m[32m200[39m [90m15 ms - 1200[39m
[35m[HTTP][39m [90m[39m
[35m[HTTP][39m [37m-->[39m [37mGET[39m [37m/wd/hub/session/e9afb4e9-11da-4068-897b-e1accd58646d[39m
[35m[HTTP][39m [90m{}[39m
[35m[HTTP][39m [37m<-- GET /wd/hub/session/e9afb4e9-11da-4068-897b-e1accd58646d [39m[32m200[39m [90m18 ms - 1200[39m
[35m[HTTP][39m [90m[39m
[35m[HTTP][39m [37m-->[39m [37mGET[39m [37m/wd/hub/session/e9afb4e9-11da-4068-897b-e1accd58646d/element/da53d4fd-6037-4359-8279-39e1033a0aa7/location[39m
[35m[HTTP][39m [90m{}[39m
[35m[W3C][39m Driver proxy active, passing request on via HTTP proxy
[35m[JSONWP Proxy][39m Replacing sessionId b4d9559d-f991-42a8-baa7-1e9ec985d1dc with e9afb4e9-11da-4068-897b-e1accd58646d
[35m[HTTP][39m [37m<-- GET /wd/hub/session/e9afb4e9-11da-4068-897b-e1accd58646d/element/da53d4fd-6037-4359-8279-39e1033a0aa7/location [39m[32m200[39m [90m31 ms - 89[39m
[35m[HTTP][39m [90m[39m
[35m[HTTP][39m [37m-->[39m [37mPOST[39m [37m/wd/hub/session/e9afb4e9-11da-4068-897b-e1accd58646d/element/da53d4fd-6037-4359-8279-39e1033a0aa7/value[39m
[35m[HTTP][39m [90m{"id":"da53d4fd-6037-4359-8279-39e1033a0aa7","value":["Sheraton Kampala Hotel"]}[39m
[35m[HTTP][39m [37m<-- POST /wd/hub/session/e9afb4e9-11da-4068-897b-e1accd58646d/element/da53d4fd-6037-4359-8279-39e1033a0aa7/value [39m[32m200[39m [90m1011 ms - 74[39m
[35m[HTTP][39m [90m[39m
[35m[HTTP][39m [37m-->[39m [37mGET[39m [37m/wd/hub/session/e9afb4e9-11da-4068-897b-e1accd58646d/window/current/size[39m
[35m[HTTP][39m [90m{}[39m
[35m[W3C][39m Driver proxy active, passing request on via HTTP proxy
[35m[JSONWP Proxy][39m Replacing sessionId b4d9559d-f991-42a8-baa7-1e9ec985d1dc with e9afb4e9-11da-4068-897b-e1accd58646d
[35m[HTTP][39m [37m<-- GET /wd/hub/session/e9afb4e9-11da-4068-897b-e1accd58646d/window/current/size [39m[32m200[39m [90m37 ms - 100[39m
[35m[HTTP][39m [90m[39m
[35m[HTTP][39m [37m-->[39m [37mPOST[39m [37m/wd/hub/session/e9afb4e9-11da-4068-897b-e1accd58646d/elements[39m
[35m[HTTP][39m [90m{"using":"-android uiautomator","value":"new UiSelector().className(\"android.view.ViewGroup\").instance(5)"}[39m
[35m[HTTP][39m [37m<-- POST /wd/hub/session/e9afb4e9-11da-4068-897b-e1accd58646d/elements [39m[32m200[39m [90m1698 ms - 124[39m
[35m[HTTP][39m [90m[39m
[35m[HTTP][39m [37m-->[39m [37mGET[39m [37m/wd/hub/session/e9afb4e9-11da-4068-897b-e1accd58646d[39m
[35m[HTTP][39m [90m{}[39m
[35m[HTTP][39m [37m<-- GET /wd/hub/session/e9afb4e9-11da-4068-897b-e1accd58646d [39m[32m200[39m [90m15 ms - 1200[39m
[35m[HTTP][39m [90m[39m
[35m[HTTP][39m [37m-->[39m [37mGET[39m [37m/wd/hub/session/e9afb4e9-11da-4068-897b-e1accd58646d[39m
[35m[HTTP][39m [90m{}[39m
[35m[HTTP][39m [37m<-- GET /wd/hub/session/e9afb4e9-11da-4068-897b-e1accd58646d [39m[32m200[39m [90m13 ms - 1200[39m
[35m[HTTP][39m [90m[39m
[35m[HTTP][39m [37m-->[39m [37mGET[39m [37m/wd/hub/session/e9afb4e9-11da-4068-897b-e1accd58646d[39m
[35m[HTTP][39m [90m{}[39m
[35m[HTTP][39m [37m<-- GET /wd/hub/session/e9afb4e9-11da-4068-897b-e1accd58646d [39m[32m200[39m [90m14 ms - 1200[39m
[35m[HTTP][39m [90m[39m
[35m[HTTP][39m [37m-->[39m [37mGET[39m [37m/wd/hub/session/e9afb4e9-11da-4068-897b-e1accd58646d[39m
[35m[HTTP][39m [90m{}[39m
[35m[HTTP][39m [37m<-- GET /wd/hub/session/e9afb4e9-11da-4068-897b-e1accd58646d [39m[32m200[39m [90m13 ms - 1200[39m
[35m[HTTP][39m [90m[39m
[35m[HTTP][39m [37m-->[39m [37mGET[39m [37m/wd/hub/session/e9afb4e9-11da-4068-897b-e1accd58646d/element/e819f94b-07e6-47bb-8350-1e0cb68d7711/location[39m
[35m[HTTP][39m [90m{}[39m
[35m[W3C][39m Driver proxy active, passing request on via HTTP proxy
[35m[JSONWP Proxy][39m Replacing sessionId b4d9559d-f991-42a8-baa7-1e9ec985d1dc with e9afb4e9-11da-4068-897b-e1accd58646d
[35m[HTTP][39m [37m<-- GET /wd/hub/session/e9afb4e9-11da-4068-897b-e1accd58646d/element/e819f94b-07e6-47bb-8350-1e0cb68d7711/location [39m[32m200[39m [90m29 ms - 88[39m
[35m[HTTP][39m [90m[39m
[35m[HTTP][39m [37m-->[39m [37mPOST[39m [37m/wd/hub/session/e9afb4e9-11da-4068-897b-e1accd58646d/touch/perform[39m
[35m[HTTP][39m [90m{"actions":[{"action":"tap","options":{"element":"e819f94b-07e6-47bb-8350-1e0cb68d7711","x":1,"y":1}}]}[39m
[35m[UiAutomator2][39m calling get location: e819f94b-07e6-47bb-8350-1e0cb68d7711
[35m[HTTP][39m [37m<-- POST /wd/hub/session/e9afb4e9-11da-4068-897b-e1accd58646d/touch/perform [39m[32m200[39m [90m1349 ms - 76[39m
[35m[HTTP][39m [90m[39m
[35m[HTTP][39m [37m-->[39m [37mGET[39m [37m/wd/hub/session/e9afb4e9-11da-4068-897b-e1accd58646d/window/current/size[39m
[35m[HTTP][39m [90m{}[39m
[35m[W3C][39m Driver proxy active, passing request on via HTTP proxy
[35m[JSONWP Proxy][39m Replacing sessionId b4d9559d-f991-42a8-baa7-1e9ec985d1dc with e9afb4e9-11da-4068-897b-e1accd58646d
[35m[HTTP][39m [37m<-- GET /wd/hub/session/e9afb4e9-11da-4068-897b-e1accd58646d/window/current/size [39m[32m200[39m [90m15 ms - 100[39m
[35m[HTTP][39m [90m[39m
[35m[HTTP][39m [37m-->[39m [37mPOST[39m [37m/wd/hub/session/e9afb4e9-11da-4068-897b-e1accd58646d/elements[39m
[35m[HTTP][39m [90m{"using":"-android uiautomator","value":"new UiSelector().className(\"android.widget.ImageView\").resourceId(\"com.safeboda.passenger:id/searchImageView\").instance(1)"}[39m
[35m[HTTP][39m [37m<-- POST /wd/hub/session/e9afb4e9-11da-4068-897b-e1accd58646d/elements [39m[32m200[39m [90m976 ms - 124[39m
[35m[HTTP][39m [90m[39m
[35m[HTTP][39m [37m-->[39m [37mGET[39m [37m/wd/hub/session/e9afb4e9-11da-4068-897b-e1accd58646d[39m
[35m[HTTP][39m [90m{}[39m
[35m[HTTP][39m [37m<-- GET /wd/hub/session/e9afb4e9-11da-4068-897b-e1accd58646d [39m[32m200[39m [90m16 ms - 1200[39m
[35m[HTTP][39m [90m[39m
[35m[HTTP][39m [37m-->[39m [37mGET[39m [37m/wd/hub/session/e9afb4e9-11da-4068-897b-e1accd58646d[39m
[35m[HTTP][39m [90m{}[39m
[35m[HTTP][39m [37m<-- GET /wd/hub/session/e9afb4e9-11da-4068-897b-e1accd58646d [39m[32m200[39m [90m16 ms - 1200[39m
[35m[HTTP][39m [90m[39m
[35m[HTTP][39m [37m-->[39m [37mGET[39m [37m/wd/hub/session/e9afb4e9-11da-4068-897b-e1accd58646d[39m
[35m[HTTP][39m [90m{}[39m
[35m[HTTP][39m [37m<-- GET /wd/hub/session/e9afb4e9-11da-4068-897b-e1accd58646d [39m[32m200[39m [90m14 ms - 1200[39m
[35m[HTTP][39m [90m[39m
[35m[HTTP][39m [37m-->[39m [37mGET[39m [37m/wd/hub/session/e9afb4e9-11da-4068-897b-e1accd58646d[39m
[35m[HTTP][39m [90m{}[39m
[35m[HTTP][39m [37m<-- GET /wd/hub/session/e9afb4e9-11da-4068-897b-e1accd58646d [39m[32m200[39m [90m16 ms - 1200[39m
[35m[HTTP][39m [90m[39m
[35m[HTTP][39m [37m-->[39m [37mGET[39m [37m/wd/hub/session/e9afb4e9-11da-4068-897b-e1accd58646d/element/85e172f2-3e60-4f17-89db-6e72a952c821/location[39m
[35m[HTTP][39m [90m{}[39m
[35m[W3C][39m Driver proxy active, passing request on via HTTP proxy
[35m[JSONWP Proxy][39m Replacing sessionId b4d9559d-f991-42a8-baa7-1e9ec985d1dc with e9afb4e9-11da-4068-897b-e1accd58646d
[35m[HTTP][39m [37m<-- GET /wd/hub/session/e9afb4e9-11da-4068-897b-e1accd58646d/element/85e172f2-3e60-4f17-89db-6e72a952c821/location [39m[32m200[39m [90m31 ms - 89[39m
[35m[HTTP][39m [90m[39m
[35m[HTTP][39m [37m-->[39m [37mPOST[39m [37m/wd/hub/session/e9afb4e9-11da-4068-897b-e1accd58646d/touch/perform[39m
[35m[HTTP][39m [90m{"actions":[{"action":"tap","options":{"element":"85e172f2-3e60-4f17-89db-6e72a952c821","x":1,"y":1}}]}[39m
[35m[UiAutomator2][39m calling get location: 85e172f2-3e60-4f17-89db-6e72a952c821
[35m[HTTP][39m [37m<-- POST /wd/hub/session/e9afb4e9-11da-4068-897b-e1accd58646d/touch/perform [39m[32m200[39m [90m831 ms - 76[39m
[35m[HTTP][39m [90m[39m
[35m[HTTP][39m [37m-->[39m [37mGET[39m [37m/wd/hub/session/e9afb4e9-11da-4068-897b-e1accd58646d/window/current/size[39m
[35m[HTTP][39m [90m{}[39m
[35m[W3C][39m Driver proxy active, passing request on via HTTP proxy
[35m[JSONWP Proxy][39m Replacing sessionId b4d9559d-f991-42a8-baa7-1e9ec985d1dc with e9afb4e9-11da-4068-897b-e1accd58646d
[35m[HTTP][39m [37m<-- GET /wd/hub/session/e9afb4e9-11da-4068-897b-e1accd58646d/window/current/size [39m[32m200[39m [90m22 ms - 100[39m
[35m[HTTP][39m [90m[39m
[35m[HTTP][39m [37m-->[39m [37mPOST[39m [37m/wd/hub/session/e9afb4e9-11da-4068-897b-e1accd58646d/elements[39m
[35m[HTTP][39m [90m{"using":"-android uiautomator","value":"new UiSelector().className(\"android.widget.EditText\").text(\"Search location\").resourceId(\"com.safeboda.passenger:id/locationEditText\").instance(0)"}[39m
[35m[HTTP][39m [37m<-- POST /wd/hub/session/e9afb4e9-11da-4068-897b-e1accd58646d/elements [39m[32m200[39m [90m72 ms - 124[39m
[35m[HTTP][39m [90m[39m
[35m[HTTP][39m [37m-->[39m [37mGET[39m [37m/wd/hub/session/e9afb4e9-11da-4068-897b-e1accd58646d[39m
[35m[HTTP][39m [90m{}[39m
[35m[HTTP][39m [37m<-- GET /wd/hub/session/e9afb4e9-11da-4068-897b-e1accd58646d [39m[32m200[39m [90m18 ms - 1200[39m
[35m[HTTP][39m [90m[39m
[35m[HTTP][39m [37m-->[39m [37mGET[39m [37m/wd/hub/session/e9afb4e9-11da-4068-897b-e1accd58646d[39m
[35m[HTTP][39m [90m{}[39m
[35m[HTTP][39m [37m<-- GET /wd/hub/session/e9afb4e9-11da-4068-897b-e1accd58646d [39m[32m200[39m [90m16 ms - 1200[39m
[35m[HTTP][39m [90m[39m
[35m[HTTP][39m [37m-->[39m [37mGET[39m [37m/wd/hub/session/e9afb4e9-11da-4068-897b-e1accd58646d[39m
[35m[HTTP][39m [90m{}[39m
[35m[HTTP][39m [37m<-- GET /wd/hub/session/e9afb4e9-11da-4068-897b-e1accd58646d [39m[32m200[39m [90m14 ms - 1200[39m
[35m[HTTP][39m [90m[39m
[35m[HTTP][39m [37m-->[39m [37mGET[39m [37m/wd/hub/session/e9afb4e9-11da-4068-897b-e1accd58646d[39m
[35m[HTTP][39m [90m{}[39m
[35m[HTTP][39m [37m<-- GET /wd/hub/session/e9afb4e9-11da-4068-897b-e1accd58646d [39m[32m200[39m [90m22 ms - 1200[39m
[35m[HTTP][39m [90m[39m
[35m[HTTP][39m [37m-->[39m [37mGET[39m [37m/wd/hub/session/e9afb4e9-11da-4068-897b-e1accd58646d/element/709d016a-a114-4e87-bf90-d3c2a9de84b4/location[39m
[35m[HTTP][39m [90m{}[39m
[35m[W3C][39m Driver proxy active, passing request on via HTTP proxy
[35m[JSONWP Proxy][39m Replacing sessionId b4d9559d-f991-42a8-baa7-1e9ec985d1dc with e9afb4e9-11da-4068-897b-e1accd58646d
[35m[HTTP][39m [37m<-- GET /wd/hub/session/e9afb4e9-11da-4068-897b-e1accd58646d/element/709d016a-a114-4e87-bf90-d3c2a9de84b4/location [39m[32m200[39m [90m85 ms - 89[39m
[35m[HTTP][39m [90m[39m
[35m[HTTP][39m [37m-->[39m [37mPOST[39m [37m/wd/hub/session/e9afb4e9-11da-4068-897b-e1accd58646d/touch/perform[39m
[35m[HTTP][39m [90m{"actions":[{"action":"tap","options":{"element":"709d016a-a114-4e87-bf90-d3c2a9de84b4","x":1,"y":1}}]}[39m
[35m[UiAutomator2][39m calling get location: 709d016a-a114-4e87-bf90-d3c2a9de84b4
[35m[HTTP][39m [37m<-- POST /wd/hub/session/e9afb4e9-11da-4068-897b-e1accd58646d/touch/perform [39m[32m200[39m [90m1616 ms - 76[39m
[35m[HTTP][39m [90m[39m
[35m[HTTP][39m [37m-->[39m [37mGET[39m [37m/wd/hub/session/e9afb4e9-11da-4068-897b-e1accd58646d/window/current/size[39m
[35m[HTTP][39m [90m{}[39m
[35m[W3C][39m Driver proxy active, passing request on via HTTP proxy
[35m[JSONWP Proxy][39m Replacing sessionId b4d9559d-f991-42a8-baa7-1e9ec985d1dc with e9afb4e9-11da-4068-897b-e1accd58646d
[35m[HTTP][39m [37m<-- GET /wd/hub/session/e9afb4e9-11da-4068-897b-e1accd58646d/window/current/size [39m[32m200[39m [90m18 ms - 100[39m
[35m[HTTP][39m [90m[39m
[35m[HTTP][39m [37m-->[39m [37mPOST[39m [37m/wd/hub/session/e9afb4e9-11da-4068-897b-e1accd58646d/elements[39m
[35m[HTTP][39m [90m{"using":"-android uiautomator","value":"new UiSelector().className(\"android.widget.EditText\").text(\"Search location\").resourceId(\"com.safeboda.passenger:id/locationEditText\").instance(0)"}[39m
[35m[HTTP][39m [37m<-- POST /wd/hub/session/e9afb4e9-11da-4068-897b-e1accd58646d/elements [39m[32m200[39m [90m73 ms - 124[39m
[35m[HTTP][39m [90m[39m
[35m[HTTP][39m [37m-->[39m [37mGET[39m [37m/wd/hub/session/e9afb4e9-11da-4068-897b-e1accd58646d[39m
[35m[HTTP][39m [90m{}[39m
[35m[HTTP][39m [37m<-- GET /wd/hub/session/e9afb4e9-11da-4068-897b-e1accd58646d [39m[32m200[39m [90m14 ms - 1200[39m
[35m[HTTP][39m [90m[39m
[35m[HTTP][39m [37m-->[39m [37mGET[39m [37m/wd/hub/session/e9afb4e9-11da-4068-897b-e1accd58646d[39m
[35m[HTTP][39m [90m{}[39m
[35m[HTTP][39m [37m<-- GET /wd/hub/session/e9afb4e9-11da-4068-897b-e1accd58646d [39m[32m200[39m [90m15 ms - 1200[39m
[35m[HTTP][39m [90m[39m
[35m[HTTP][39m [37m-->[39m [37mGET[39m [37m/wd/hub/session/e9afb4e9-11da-4068-897b-e1accd58646d[39m
[35m[HTTP][39m [90m{}[39m
[35m[HTTP][39m [37m<-- GET /wd/hub/session/e9afb4e9-11da-4068-897b-e1accd58646d [39m[32m200[39m [90m13 ms - 1200[39m
[35m[HTTP][39m [90m[39m
[35m[HTTP][39m [37m-->[39m [37mGET[39m [37m/wd/hub/session/e9afb4e9-11da-4068-897b-e1accd58646d[39m
[35m[HTTP][39m [90m{}[39m
[35m[HTTP][39m [37m<-- GET /wd/hub/session/e9afb4e9-11da-4068-897b-e1accd58646d [39m[32m200[39m [90m12 ms - 1200[39m
[35m[HTTP][39m [90m[39m
[35m[HTTP][39m [37m-->[39m [37mGET[39m [37m/wd/hub/session/e9afb4e9-11da-4068-897b-e1accd58646d/element/e26ea6d5-41b8-4eb0-9a85-4835f0e6e4af/location[39m
[35m[HTTP][39m [90m{}[39m
[35m[W3C][39m Driver proxy active, passing request on via HTTP proxy
[35m[JSONWP Proxy][39m Replacing sessionId b4d9559d-f991-42a8-baa7-1e9ec985d1dc with e9afb4e9-11da-4068-897b-e1accd58646d
[35m[HTTP][39m [37m<-- GET /wd/hub/session/e9afb4e9-11da-4068-897b-e1accd58646d/element/e26ea6d5-41b8-4eb0-9a85-4835f0e6e4af/location [39m[32m200[39m [90m25 ms - 89[39m
[35m[HTTP][39m [90m[39m
[35m[HTTP][39m [37m-->[39m [37mPOST[39m [37m/wd/hub/session/e9afb4e9-11da-4068-897b-e1accd58646d/touch/perform[39m
[35m[HTTP][39m [90m{"actions":[{"action":"tap","options":{"element":"e26ea6d5-41b8-4eb0-9a85-4835f0e6e4af","x":1,"y":1}}]}[39m
[35m[UiAutomator2][39m calling get location: e26ea6d5-41b8-4eb0-9a85-4835f0e6e4af
[35m[HTTP][39m [37m<-- POST /wd/hub/session/e9afb4e9-11da-4068-897b-e1accd58646d/touch/perform [39m[32m200[39m [90m3162 ms - 76[39m
[35m[HTTP][39m [90m[39m
[35m[HTTP][39m [37m-->[39m [37mGET[39m [37m/wd/hub/session/e9afb4e9-11da-4068-897b-e1accd58646d/window/current/size[39m
[35m[HTTP][39m [90m{}[39m
[35m[W3C][39m Driver proxy active, passing request on via HTTP proxy
[35m[JSONWP Proxy][39m Replacing sessionId b4d9559d-f991-42a8-baa7-1e9ec985d1dc with e9afb4e9-11da-4068-897b-e1accd58646d
[35m[HTTP][39m [37m<-- GET /wd/hub/session/e9afb4e9-11da-4068-897b-e1accd58646d/window/current/size [39m[32m200[39m [90m28 ms - 100[39m
[35m[HTTP][39m [90m[39m
[35m[HTTP][39m [37m-->[39m [37mPOST[39m [37m/wd/hub/session/e9afb4e9-11da-4068-897b-e1accd58646d/elements[39m
[35m[HTTP][39m [90m{"using":"-android uiautomator","value":"new UiSelector().className(\"android.widget.EditText\").text(\"Search location\").resourceId(\"com.safeboda.passenger:id/locationEditText\").instance(0)"}[39m
[35m[HTTP][39m [37m<-- POST /wd/hub/session/e9afb4e9-11da-4068-897b-e1accd58646d/elements [39m[32m200[39m [90m134 ms - 124[39m
[35m[HTTP][39m [90m[39m
[35m[HTTP][39m [37m-->[39m [37mGET[39m [37m/wd/hub/session/e9afb4e9-11da-4068-897b-e1accd58646d[39m
[35m[HTTP][39m [90m{}[39m
[35m[HTTP][39m [37m<-- GET /wd/hub/session/e9afb4e9-11da-4068-897b-e1accd58646d [39m[32m200[39m [90m16 ms - 1200[39m
[35m[HTTP][39m [90m[39m
[35m[HTTP][39m [37m-->[39m [37mGET[39m [37m/wd/hub/session/e9afb4e9-11da-4068-897b-e1accd58646d[39m
[35m[HTTP][39m [90m{}[39m
[35m[HTTP][39m [37m<-- GET /wd/hub/session/e9afb4e9-11da-4068-897b-e1accd58646d [39m[32m200[39m [90m17 ms - 1200[39m
[35m[HTTP][39m [90m[39m
[35m[HTTP][39m [37m-->[39m [37mGET[39m [37m/wd/hub/session/e9afb4e9-11da-4068-897b-e1accd58646d[39m
[35m[HTTP][39m [90m{}[39m
[35m[HTTP][39m [37m<-- GET /wd/hub/session/e9afb4e9-11da-4068-897b-e1accd58646d [39m[32m200[39m [90m14 ms - 1200[39m
[35m[HTTP][39m [90m[39m
[35m[HTTP][39m [37m-->[39m [37mGET[39m [37m/wd/hub/session/e9afb4e9-11da-4068-897b-e1accd58646d[39m
[35m[HTTP][39m [90m{}[39m
[35m[HTTP][39m [37m<-- GET /wd/hub/session/e9afb4e9-11da-4068-897b-e1accd58646d [39m[32m200[39m [90m17 ms - 1200[39m
[35m[HTTP][39m [90m[39m
[35m[HTTP][39m [37m-->[39m [37mGET[39m [37m/wd/hub/session/e9afb4e9-11da-4068-897b-e1accd58646d/element/a9452d31-a419-4f5b-b08e-81a0957d112f/location[39m
[35m[HTTP][39m [90m{}[39m
[35m[W3C][39m Driver proxy active, passing request on via HTTP proxy
[35m[JSONWP Proxy][39m Replacing sessionId b4d9559d-f991-42a8-baa7-1e9ec985d1dc with e9afb4e9-11da-4068-897b-e1accd58646d
[35m[HTTP][39m [37m<-- GET /wd/hub/session/e9afb4e9-11da-4068-897b-e1accd58646d/element/a9452d31-a419-4f5b-b08e-81a0957d112f/location [39m[32m200[39m [90m465 ms - 89[39m
[35m[HTTP][39m [90m[39m
[35m[HTTP][39m [37m-->[39m [37mPOST[39m [37m/wd/hub/session/e9afb4e9-11da-4068-897b-e1accd58646d/element/a9452d31-a419-4f5b-b08e-81a0957d112f/value[39m
[35m[HTTP][39m [90m{"id":"a9452d31-a419-4f5b-b08e-81a0957d112f","value":["kama inn"]}[39m
[35m[HTTP][39m [37m<-- POST /wd/hub/session/e9afb4e9-11da-4068-897b-e1accd58646d/element/a9452d31-a419-4f5b-b08e-81a0957d112f/value [39m[32m200[39m [90m1100 ms - 74[39m
[35m[HTTP][39m [90m[39m
[35m[HTTP][39m [37m-->[39m [37mGET[39m [37m/wd/hub/session/e9afb4e9-11da-4068-897b-e1accd58646d/window/current/size[39m
[35m[HTTP][39m [90m{}[39m
[35m[W3C][39m Driver proxy active, passing request on via HTTP proxy
[35m[JSONWP Proxy][39m Replacing sessionId b4d9559d-f991-42a8-baa7-1e9ec985d1dc with e9afb4e9-11da-4068-897b-e1accd58646d
[35m[HTTP][39m [37m<-- GET /wd/hub/session/e9afb4e9-11da-4068-897b-e1accd58646d/window/current/size [39m[32m200[39m [90m21 ms - 100[39m
[35m[HTTP][39m [90m[39m
[35m[HTTP][39m [37m-->[39m [37mPOST[39m [37m/wd/hub/session/e9afb4e9-11da-4068-897b-e1accd58646d/elements[39m
[35m[HTTP][39m [90m{"using":"-android uiautomator","value":"new UiSelector().className(\"android.view.ViewGroup\").instance(5)"}[39m
[35m[HTTP][39m [37m<-- POST /wd/hub/session/e9afb4e9-11da-4068-897b-e1accd58646d/elements [39m[32m200[39m [90m1702 ms - 124[39m
[35m[HTTP][39m [90m[39m
[35m[HTTP][39m [37m-->[39m [37mGET[39m [37m/wd/hub/session/e9afb4e9-11da-4068-897b-e1accd58646d[39m
[35m[HTTP][39m [90m{}[39m
[35m[HTTP][39m [37m<-- GET /wd/hub/session/e9afb4e9-11da-4068-897b-e1accd58646d [39m[31m500[39m [90m11 ms - 251[39m
[35m[HTTP][39m [90m[39m
[35m[HTTP][39m [37m-->[39m [37mGET[39m [37m/wd/hub/session/e9afb4e9-11da-4068-897b-e1accd58646d/context[39m
[35m[HTTP][39m [90m{}[39m
[35m[HTTP][39m [37m<-- GET /wd/hub/session/e9afb4e9-11da-4068-897b-e1accd58646d/context [39m[32m200[39m [90m1 ms - 84[39m
[35m[HTTP][39m [90m[39m
[35m[HTTP][39m [37m-->[39m [37mGET[39m [37m/wd/hub/session/e9afb4e9-11da-4068-897b-e1accd58646d/contexts[39m
[35m[HTTP][39m [90m{}[39m
[35m[HTTP][39m [37m<-- GET /wd/hub/session/e9afb4e9-11da-4068-897b-e1accd58646d/contexts [39m[32m200[39m [90m61 ms - 86[39m
[35m[HTTP][39m [90m[39m
[35m[HTTP][39m [37m-->[39m [37mPOST[39m [37m/wd/hub/session/e9afb4e9-11da-4068-897b-e1accd58646d/context[39m
[35m[HTTP][39m [90m{"name":"NATIVE_APP"}[39m
[35m[HTTP][39m [37m<-- POST /wd/hub/session/e9afb4e9-11da-4068-897b-e1accd58646d/context [39m[32m200[39m [90m50 ms - 76[39m
[35m[HTTP][39m [90m[39m
[35m[HTTP][39m [37m-->[39m [37mGET[39m [37m/wd/hub/session/e9afb4e9-11da-4068-897b-e1accd58646d/screenshot[39m
[35m[HTTP][39m [90m{}[39m
[35m[HTTP][39m [37m<-- GET /wd/hub/session/e9afb4e9-11da-4068-897b-e1accd58646d/screenshot [39m[31m500[39m [90m7 ms - 251[39m
[35m[HTTP][39m [90m[39m
[35m[HTTP][39m [37m-->[39m [37mPOST[39m [37m/wd/hub/session/e9afb4e9-11da-4068-897b-e1accd58646d/context[39m
[35m[HTTP][39m [90m{"name":"NATIVE_APP"}[39m
[35m[HTTP][39m [37m<-- POST /wd/hub/session/e9afb4e9-11da-4068-897b-e1accd58646d/context [39m[32m200[39m [90m59 ms - 76[39m
[35m[HTTP][39m [90m[39m
[35m[HTTP][39m [37m-->[39m [37mDELETE[39m [37m/wd/hub/session/e9afb4e9-11da-4068-897b-e1accd58646d[39m
[35m[HTTP][39m [90m{}[39m
[35m[Appium][39m Removing session e9afb4e9-11da-4068-897b-e1accd58646d from our master session list
[35m[UiAutomator2][39m Did not get confirmation UiAutomator2 deleteSession worked; Error was: ProxyRequestError: Could not proxy command to remote server. Original error: Error: read ECONNRESET
[35m[UiAutomator2][39m Unable to remove port forward 'Error executing adbExec. Original error: 'Command 'C\:\\Users\\denni\\.katalon\\tools\\android_sdk\\platform-tools\\adb.exe -P 5037 -s C509XXBH81110634 forward --remove tcp\:8200' exited with code 1'; Stderr: 'error: listener 'tcp:8200' not found'; Code: '1''
[35m[HTTP][39m [37m<-- DELETE /wd/hub/session/e9afb4e9-11da-4068-897b-e1accd58646d [39m[32m200[39m [90m1290 ms - 76[39m
[35m[HTTP][39m [90m[39m
