<?xml version="1.0" encoding="UTF-8" standalone="no"?>
<!DOCTYPE log SYSTEM "logger.dtd">
<log>
<record>
  <date>2019-03-09T11:23:39</date>
  <millis>1552119819217</millis>
  <sequence>0</sequence>
  <level>START</level>
  <class>com.kms.katalon.core.logging.XmlKeywordLogger</class>
  <method>startSuite</method>
  <thread>1</thread>
  <message>Start Test Suite : Test Suites/Ride Request/TS_Requesting Ride</message>
  <nestedLevel>0</nestedLevel>
  <property name="name">TS_Requesting Ride</property>
  <property name="description">A collection of Testcases:\r\n1. Passenger requests for a Ride\r\n2. Driver Accepts the Ride</property>
  <property name="id">Test Suites/Ride Request/TS_Requesting Ride</property>
</record>
<record>
  <date>2019-03-09T11:23:39</date>
  <millis>1552119819245</millis>
  <sequence>1</sequence>
  <level>RUN_DATA</level>
  <class>com.kms.katalon.core.logging.XmlKeywordLogger</class>
  <method>logMessage</method>
  <thread>1</thread>
  <message>hostName = denni - 192.168.1.3</message>
  <nestedLevel>0</nestedLevel>
  <property name="hostName">denni - 192.168.1.3</property>
</record>
<record>
  <date>2019-03-09T11:23:39</date>
  <millis>1552119819246</millis>
  <sequence>2</sequence>
  <level>RUN_DATA</level>
  <class>com.kms.katalon.core.logging.XmlKeywordLogger</class>
  <method>logMessage</method>
  <thread>1</thread>
  <message>os = Windows 10 64bit</message>
  <nestedLevel>0</nestedLevel>
  <property name="os">Windows 10 64bit</property>
</record>
<record>
  <date>2019-03-09T11:23:39</date>
  <millis>1552119819247</millis>
  <sequence>3</sequence>
  <level>RUN_DATA</level>
  <class>com.kms.katalon.core.logging.XmlKeywordLogger</class>
  <method>logMessage</method>
  <thread>1</thread>
  <message>hostAddress = 192.168.1.3</message>
  <nestedLevel>0</nestedLevel>
  <property name="hostAddress">192.168.1.3</property>
</record>
<record>
  <date>2019-03-09T11:23:39</date>
  <millis>1552119819248</millis>
  <sequence>4</sequence>
  <level>RUN_DATA</level>
  <class>com.kms.katalon.core.logging.XmlKeywordLogger</class>
  <method>logMessage</method>
  <thread>1</thread>
  <message>katalonVersion = 6.0.5.4</message>
  <nestedLevel>0</nestedLevel>
  <property name="katalonVersion">6.0.5.4</property>
</record>
<record>
  <date>2019-03-09T11:23:39</date>
  <millis>1552119819752</millis>
  <sequence>5</sequence>
  <level>START</level>
  <class>com.kms.katalon.core.logging.XmlKeywordLogger</class>
  <method>startTest</method>
  <thread>1</thread>
  <message>Start Test Case : Test Cases/Passenger Test Cases/Request Ride/TC_Request Ride</message>
  <nestedLevel>1</nestedLevel>
  <property name="name">Test Cases/Passenger Test Cases/Request Ride/TC_Request Ride</property>
  <property name="description"></property>
  <property name="id">Test Cases/Passenger Test Cases/Request Ride/TC_Request Ride</property>
  <property name="source">C:\\Users\\denni\\git\\SafeBoda\\Test Cases\\Passenger Test Cases\\Request Ride\\TC_Request Ride.tc</property>
  <property name="isOptional">false</property>
</record>
<record>
  <date>2019-03-09T11:23:39</date>
  <millis>1552119819976</millis>
  <sequence>7</sequence>
  <level>INFO</level>
  <class>com.kms.katalon.core.logging.XmlKeywordLogger</class>
  <method>logMessage</method>
  <thread>1</thread>
  <message>(Default) destinationLocation = Sheraton Kampala Hotel</message>
  <nestedLevel>1</nestedLevel>
</record>
<record>
  <date>2019-03-09T11:23:40</date>
  <millis>1552119820022</millis>
  <sequence>8</sequence>
  <level>INFO</level>
  <class>com.kms.katalon.core.logging.XmlKeywordLogger</class>
  <method>logMessage</method>
  <thread>1</thread>
  <message>(Default) passengerAppLocation = C:\\Users\\denni\\OneDrive\\Desktop\\SafeBoda\\app-passenger.apk</message>
  <nestedLevel>1</nestedLevel>
</record>
<record>
  <date>2019-03-09T11:23:40</date>
  <millis>1552119820040</millis>
  <sequence>9</sequence>
  <level>INFO</level>
  <class>com.kms.katalon.core.logging.XmlKeywordLogger</class>
  <method>logMessage</method>
  <thread>1</thread>
  <message>(Default) pickUpLocation = kama inn</message>
  <nestedLevel>1</nestedLevel>
</record>
<record>
  <date>2019-03-09T11:23:40</date>
  <millis>1552119820999</millis>
  <sequence>10</sequence>
  <level>START</level>
  <class>com.kms.katalon.core.logging.XmlKeywordLogger</class>
  <method>startKeyword</method>
  <thread>1</thread>
  <message>Start action : startApplication(passengerAppLocation, false)</message>
  <nestedLevel>1</nestedLevel>
  <property name="startLine">16</property>
  <property name="stepIndex">1</property>
</record>
<record>
  <date>2019-03-09T11:23:46</date>
  <millis>1552119826987</millis>
  <sequence>12</sequence>
  <level>INFO</level>
  <class>com.kms.katalon.core.logging.XmlKeywordLogger</class>
  <method>logMessage</method>
  <thread>1</thread>
  <message>Appium server started on port 56,013</message>
  <nestedLevel>1</nestedLevel>
</record>
<record>
  <date>2019-03-09T11:24:28</date>
  <millis>1552119868176</millis>
  <sequence>14</sequence>
  <level>RUN_DATA</level>
  <class>com.kms.katalon.core.logging.XmlKeywordLogger</class>
  <method>logMessage</method>
  <thread>1</thread>
  <message>appiumVersion = 1.8.1</message>
  <nestedLevel>1</nestedLevel>
  <property name="appiumVersion">1.8.1</property>
</record>
<record>
  <date>2019-03-09T11:24:28</date>
  <millis>1552119868211</millis>
  <sequence>15</sequence>
  <level>RUN_DATA</level>
  <class>com.kms.katalon.core.logging.XmlKeywordLogger</class>
  <method>logMessage</method>
  <thread>1</thread>
  <message>deviceId = C509XXBH81110634</message>
  <nestedLevel>1</nestedLevel>
  <property name="deviceId">C509XXBH81110634</property>
</record>
<record>
  <date>2019-03-09T11:24:28</date>
  <millis>1552119868212</millis>
  <sequence>16</sequence>
  <level>RUN_DATA</level>
  <class>com.kms.katalon.core.logging.XmlKeywordLogger</class>
  <method>logMessage</method>
  <thread>1</thread>
  <message>deviceName = CUBOT CUBOT NOTE Plus (Android 7.0)</message>
  <nestedLevel>1</nestedLevel>
  <property name="deviceName">CUBOT CUBOT NOTE Plus (Android 7.0)</property>
</record>
<record>
  <date>2019-03-09T11:24:28</date>
  <millis>1552119868212</millis>
  <sequence>17</sequence>
  <level>RUN_DATA</level>
  <class>com.kms.katalon.core.logging.XmlKeywordLogger</class>
  <method>logMessage</method>
  <thread>1</thread>
  <message>deviceModel = CUBOT NOTE Plus</message>
  <nestedLevel>1</nestedLevel>
  <property name="deviceModel">CUBOT NOTE Plus</property>
</record>
<record>
  <date>2019-03-09T11:24:28</date>
  <millis>1552119868213</millis>
  <sequence>18</sequence>
  <level>RUN_DATA</level>
  <class>com.kms.katalon.core.logging.XmlKeywordLogger</class>
  <method>logMessage</method>
  <thread>1</thread>
  <message>deviceManufacturer = CUBOT</message>
  <nestedLevel>1</nestedLevel>
  <property name="deviceManufacturer">CUBOT</property>
</record>
<record>
  <date>2019-03-09T11:24:28</date>
  <millis>1552119868214</millis>
  <sequence>19</sequence>
  <level>RUN_DATA</level>
  <class>com.kms.katalon.core.logging.XmlKeywordLogger</class>
  <method>logMessage</method>
  <thread>1</thread>
  <message>deviceOS = Android</message>
  <nestedLevel>1</nestedLevel>
  <property name="deviceOS">Android</property>
</record>
<record>
  <date>2019-03-09T11:24:28</date>
  <millis>1552119868215</millis>
  <sequence>20</sequence>
  <level>RUN_DATA</level>
  <class>com.kms.katalon.core.logging.XmlKeywordLogger</class>
  <method>logMessage</method>
  <thread>1</thread>
  <message>deviceOSVersion = 7.0</message>
  <nestedLevel>1</nestedLevel>
  <property name="deviceOSVersion">7.0</property>
</record>
<record>
  <date>2019-03-09T11:24:28</date>
  <millis>1552119868228</millis>
  <sequence>21</sequence>
  <level>PASSED</level>
  <class>com.kms.katalon.core.logging.XmlKeywordLogger</class>
  <method>logMessage</method>
  <thread>1</thread>
  <message>Started app at: &amp;apos;C:\\Users\\denni\\OneDrive\\Desktop\\SafeBoda\\app-passenger.apk&amp;apos;</message>
  <nestedLevel>1</nestedLevel>
</record>
<record>
  <date>2019-03-09T11:24:28</date>
  <millis>1552119868230</millis>
  <sequence>22</sequence>
  <level>END</level>
  <class>com.kms.katalon.core.logging.XmlKeywordLogger</class>
  <method>endKeyword</method>
  <thread>1</thread>
  <message>End action : startApplication(passengerAppLocation, false)</message>
  <nestedLevel>1</nestedLevel>
</record>
<record>
  <date>2019-03-09T11:24:28</date>
  <millis>1552119868231</millis>
  <sequence>23</sequence>
  <level>START</level>
  <class>com.kms.katalon.core.logging.XmlKeywordLogger</class>
  <method>startKeyword</method>
  <thread>1</thread>
  <message>Start action : tap(findTestObject(\&amp;quot;Passenger App/Request Ride Screen/input_Location\&amp;quot;), 0)</message>
  <nestedLevel>1</nestedLevel>
  <property name="startLine">18</property>
  <property name="stepIndex">2</property>
</record>
<record>
  <date>2019-03-09T11:24:28</date>
  <millis>1552119868290</millis>
  <sequence>27</sequence>
  <level>WARNING</level>
  <class>com.kms.katalon.core.logging.XmlKeywordLogger</class>
  <method>logMessage</method>
  <thread>1</thread>
  <message>Timeout &amp;apos;0&amp;apos; is invalid. Using default page load timeout: &amp;apos;30&amp;apos;</message>
  <nestedLevel>1</nestedLevel>
</record>
