[35m[Appium][39m Welcome to Appium v1.8.1
[35m[Appium][39m Non-default server args:
[35m[Appium][39m   port: 54472
[35m[Appium][39m   loglevel: info
[35m[Appium][39m   chromeDriverPort: 54473
[35m[Appium][39m   tmpDir: C:\Users\denni\AppData\Local\Temp\\Katalon\Appium\Temp1552239882157
[35m[Appium][39m Appium REST http interface listener started on 0.0.0.0:54472
[35m[HTTP][39m [37m-->[39m [37mGET[39m [37m/wd/hub/status[39m
[35m[HTTP][39m [90m{}[39m
[35m[HTTP][39m [37m<-- GET /wd/hub/status [39m[32m200[39m [90m12 ms - 83[39m
[35m[HTTP][39m [90m[39m
[35m[HTTP][39m [37m-->[39m [37mPOST[39m [37m/wd/hub/session[39m
[35m[HTTP][39m [90m{"desiredCapabilities":{"app":"C:\\Users\\denni\\git\\SafeBoda\\SafeBoda Apps\\app-driver.apk","autoGrantPermissions":true,"automationName":"uiautomator2","deviceName":"CUBOT CUBOT NOTE Plus (Android 7.0)","fullReset":false,"newCommandTimeout":1800,"noReset":true,"platform":"ANDROID","platformName":"Android","udid":"C509XXBH81110634"},"capabilities":{"desiredCapabilities":{"app":"C:\\Users\\denni\\git\\SafeBoda\\SafeBoda Apps\\app-driver.apk","autoGrantPermissions":true,"automationName":"uiautomator2","deviceName":"CUBOT CUBOT NOTE Plus (Android 7.0)","fullReset":false,"newCommandTimeout":1800,"noReset":true,"platform":"ANDROID","platformName":"Android","udid":"C509XXBH81110634"},"firstMatch":[{"platformName":"android"}]}}[39m
[35m[Appium][39m Could not parse W3C capabilities: 'deviceName' can't be blank. Falling back to JSONWP protocol.
[35m[Appium][39m The following capabilities were provided in the JSONWP desired capabilities that are missing in W3C capabilities: ["app","autoGrantPermissions","automationName","deviceName","fullReset","newCommandTimeout","noReset","platform","platformName","udid"]. Falling back to JSONWP protocol.
[35m[Appium][39m Creating new AndroidUiautomator2Driver (v1.12.0) session
[35m[Appium][39m Capabilities:
[35m[Appium][39m   app: C:\Users\denni\git\SafeBoda\SafeBoda Apps\app-driver.apk
[35m[Appium][39m   autoGrantPermissions: true
[35m[Appium][39m   automationName: uiautomator2
[35m[Appium][39m   deviceName: CUBOT CUBOT NOTE Plus (Android 7.0)
[35m[Appium][39m   fullReset: false
[35m[Appium][39m   newCommandTimeout: 1800
[35m[Appium][39m   noReset: true
[35m[Appium][39m   platform: ANDROID
[35m[Appium][39m   platformName: Android
[35m[Appium][39m   udid: C509XXBH81110634
[35m[BaseDriver][39m The following capabilities were provided, but are not recognized by appium: platform.
[35m[BaseDriver][39m Session created with session id: f3a08aa2-a697-4308-b868-99e64f0a0ebe
[35m[BaseDriver][39m Using local app 'C:\Users\denni\git\SafeBoda\SafeBoda Apps\app-driver.apk'
[35m[AndroidDriver][39m Java version is: 1.8.0_181
[35m[ADB][39m Checking whether adb is present
[35m[ADB][39m Found 1 'build-tools' folders under 'C:\Users\denni\.katalon\tools\android_sdk' (newest first):
[35m[ADB][39m     C:/Users/denni/.katalon/tools/android_sdk/build-tools/28.0.3
[35m[ADB][39m Using adb.exe from C:\Users\denni\.katalon\tools\android_sdk\platform-tools\adb.exe
[35m[AndroidDriver][39m Retrieving device list
[35m[AndroidDriver][39m Using device: C509XXBH81110634
[35m[ADB][39m Using the alternative activity name detection method because of: Could not find apkanalyzer.bat in C:\Users\denni\.katalon\tools\android_sdk\platform-tools\apkanalyzer.bat,C:\Users\denni\.katalon\tools\android_sdk\emulator\apkanalyzer.bat,C:\Users\denni\.katalon\tools\android_sdk\tools\apkanalyzer.bat,C:\Users\denni\.katalon\tools\android_sdk\tools\bin\apkanalyzer.bat,C:\Users\denni\.katalon\tools\android_sdk\build-tools\28.0.3\apkanalyzer.bat. Do you have the Android SDK installed at 'C:\Users\denni\.katalon\tools\android_sdk'?
[35m[ADB][39m Checking whether aapt is present
[35m[ADB][39m Using aapt.exe from C:\Users\denni\.katalon\tools\android_sdk\build-tools\28.0.3\aapt.exe
[35m[ADB][39m Extracting package and launch activity from manifest
[35m[ADB][39m Package name: 'com.safeboda.driver'
[35m[ADB][39m Main activity name: 'com.safeboda.driver.presentation.start.StartActivity'
[35m[ADB][39m Getting device platform version
[35m[ADB][39m Using apksigner.bat from C:\Users\denni\.katalon\tools\android_sdk\build-tools\28.0.3\apksigner.bat
[35m[ADB][39m Checking whether zipalign is present
[35m[ADB][39m Using zipalign.exe from C:\Users\denni\.katalon\tools\android_sdk\build-tools\28.0.3\zipalign.exe
[35m[ADB][39m io.appium.uiautomator2.server was successfully uninstalled
[35m[ADB][39m io.appium.uiautomator2.server.test was successfully uninstalled
[35m[AndroidDriver][39m setDeviceLanguageCountry requires language or country.
[35m[AndroidDriver][39m Got language: 'null' and country: 'null'
[35m[ADB][39m Successfully extracted 523 strings from 'C:\Users\denni\git\SafeBoda\SafeBoda Apps\app-driver.apk' resources for '(default)' configuration
[35m[UiAutomator2][39m Starting uiautomator2 server 1.12.0
[35m[UiAutomator2][39m Using UIAutomator2 server from 'C:\Users\denni\AppData\Roaming\npm\node_modules\appium\node_modules\appium-uiautomator2-server\apks\appium-uiautomator2-server-v1.12.0.apk' and test from 'C:\Users\denni\AppData\Roaming\npm\node_modules\appium\node_modules\appium-uiautomator2-server\apks\appium-uiautomator2-server-debug-androidTest.apk'
[35m[UiAutomator2][39m Running command: 'adb -s C509XXBH81110634 shell am instrument -w io.appium.uiautomator2.server.test/android.support.test.runner.AndroidJUnitRunner'
[35m[UiAutomator2][39m Waiting up to 20000ms for UiAutomator2 to be online...
[35m[AndroidDriver][39m Screen already unlocked, doing nothing
[35m[UiAutomator2][39m UiAutomator2 did not start the activity we were waiting for, 'com.safeboda.driver/com.safeboda.driver.presentation.start.StartActivity'. Starting it ourselves
[35m[Appium][39m New AndroidUiautomator2Driver session created successfully, session f3a08aa2-a697-4308-b868-99e64f0a0ebe added to master session list
[35m[HTTP][39m [37m<-- POST /wd/hub/session [39m[32m200[39m [90m53413 ms - 1193[39m
[35m[HTTP][39m [90m[39m
[35m[HTTP][39m [37m-->[39m [37mGET[39m [37m/wd/hub/status[39m
[35m[HTTP][39m [90m{}[39m
[35m[HTTP][39m [37m<-- GET /wd/hub/status [39m[32m200[39m [90m6 ms - 55[39m
[35m[HTTP][39m [90m[39m
[35m[HTTP][39m [37m-->[39m [37mPOST[39m [37m/wd/hub/session/f3a08aa2-a697-4308-b868-99e64f0a0ebe/timeouts[39m
[35m[HTTP][39m [90m{"type":"implicit","ms":30000}[39m
[35m[HTTP][39m [37m<-- POST /wd/hub/session/f3a08aa2-a697-4308-b868-99e64f0a0ebe/timeouts [39m[33m400[39m [90m43 ms - 5204[39m
[35m[HTTP][39m [90m[39m
[35m[HTTP][39m [37m-->[39m [37mGET[39m [37m/wd/hub/session/f3a08aa2-a697-4308-b868-99e64f0a0ebe/window/current/size[39m
[35m[HTTP][39m [90m{}[39m
[35m[W3C][39m Driver proxy active, passing request on via HTTP proxy
[35m[JSONWP Proxy][39m Replacing sessionId 3675e0aa-6742-4fb6-b476-ba32c5e8f14e with f3a08aa2-a697-4308-b868-99e64f0a0ebe
[35m[HTTP][39m [37m<-- GET /wd/hub/session/f3a08aa2-a697-4308-b868-99e64f0a0ebe/window/current/size [39m[32m200[39m [90m229 ms - 100[39m
[35m[HTTP][39m [90m[39m
[35m[HTTP][39m [37m-->[39m [37mPOST[39m [37m/wd/hub/session/f3a08aa2-a697-4308-b868-99e64f0a0ebe/elements[39m
[35m[HTTP][39m [90m{"using":"-android uiautomator","value":"new UiSelector().className(\"android.widget.Button\").text(\"Continue with Google\").resourceId(\"com.safeboda.driver:id/googleSignInButton\").instance(0)"}[39m
[35m[HTTP][39m [37m<-- POST /wd/hub/session/f3a08aa2-a697-4308-b868-99e64f0a0ebe/elements [39m[32m200[39m [90m138 ms - 74[39m
[35m[HTTP][39m [90m[39m
[35m[HTTP][39m [37m-->[39m [37mPOST[39m [37m/wd/hub/session/f3a08aa2-a697-4308-b868-99e64f0a0ebe/elements[39m
[35m[HTTP][39m [90m{"using":"-android uiautomator","value":"new UiSelector().className(\"android.widget.Button\").text(\"Continue with Google\").resourceId(\"com.safeboda.driver:id/googleSignInButton\").instance(0)"}[39m
[35m[HTTP][39m [37m<-- POST /wd/hub/session/f3a08aa2-a697-4308-b868-99e64f0a0ebe/elements [39m[32m200[39m [90m83 ms - 74[39m
[35m[HTTP][39m [90m[39m
[35m[HTTP][39m [37m-->[39m [37mPOST[39m [37m/wd/hub/session/f3a08aa2-a697-4308-b868-99e64f0a0ebe/elements[39m
[35m[HTTP][39m [90m{"using":"-android uiautomator","value":"new UiSelector().className(\"android.widget.Button\").text(\"Continue with Google\").resourceId(\"com.safeboda.driver:id/googleSignInButton\").instance(0)"}[39m
[35m[HTTP][39m [37m<-- POST /wd/hub/session/f3a08aa2-a697-4308-b868-99e64f0a0ebe/elements [39m[32m200[39m [90m56 ms - 74[39m
[35m[HTTP][39m [90m[39m
[35m[HTTP][39m [37m-->[39m [37mPOST[39m [37m/wd/hub/session/f3a08aa2-a697-4308-b868-99e64f0a0ebe/elements[39m
[35m[HTTP][39m [90m{"using":"-android uiautomator","value":"new UiSelector().className(\"android.widget.Button\").text(\"Continue with Google\").resourceId(\"com.safeboda.driver:id/googleSignInButton\").instance(0)"}[39m
[35m[HTTP][39m [37m<-- POST /wd/hub/session/f3a08aa2-a697-4308-b868-99e64f0a0ebe/elements [39m[32m200[39m [90m35 ms - 74[39m
[35m[HTTP][39m [90m[39m
[35m[HTTP][39m [37m-->[39m [37mPOST[39m [37m/wd/hub/session/f3a08aa2-a697-4308-b868-99e64f0a0ebe/elements[39m
[35m[HTTP][39m [90m{"using":"-android uiautomator","value":"new UiSelector().className(\"android.widget.Button\").text(\"Continue with Google\").resourceId(\"com.safeboda.driver:id/googleSignInButton\").instance(0)"}[39m
[35m[HTTP][39m [37m<-- POST /wd/hub/session/f3a08aa2-a697-4308-b868-99e64f0a0ebe/elements [39m[32m200[39m [90m35 ms - 74[39m
[35m[HTTP][39m [90m[39m
[35m[HTTP][39m [37m-->[39m [37mPOST[39m [37m/wd/hub/session/f3a08aa2-a697-4308-b868-99e64f0a0ebe/elements[39m
[35m[HTTP][39m [90m{"using":"-android uiautomator","value":"new UiSelector().className(\"android.widget.Button\").text(\"Continue with Google\").resourceId(\"com.safeboda.driver:id/googleSignInButton\").instance(0)"}[39m
[35m[HTTP][39m [37m<-- POST /wd/hub/session/f3a08aa2-a697-4308-b868-99e64f0a0ebe/elements [39m[32m200[39m [90m34 ms - 74[39m
[35m[HTTP][39m [90m[39m
[35m[HTTP][39m [37m-->[39m [37mPOST[39m [37m/wd/hub/session/f3a08aa2-a697-4308-b868-99e64f0a0ebe/elements[39m
[35m[HTTP][39m [90m{"using":"-android uiautomator","value":"new UiSelector().className(\"android.widget.Button\").text(\"Continue with Google\").resourceId(\"com.safeboda.driver:id/googleSignInButton\").instance(0)"}[39m
[35m[HTTP][39m [37m<-- POST /wd/hub/session/f3a08aa2-a697-4308-b868-99e64f0a0ebe/elements [39m[32m200[39m [90m59 ms - 74[39m
[35m[HTTP][39m [90m[39m
[35m[HTTP][39m [37m-->[39m [37mPOST[39m [37m/wd/hub/session/f3a08aa2-a697-4308-b868-99e64f0a0ebe/elements[39m
[35m[HTTP][39m [90m{"using":"-android uiautomator","value":"new UiSelector().className(\"android.widget.Button\").text(\"Continue with Google\").resourceId(\"com.safeboda.driver:id/googleSignInButton\").instance(0)"}[39m
[35m[HTTP][39m [37m<-- POST /wd/hub/session/f3a08aa2-a697-4308-b868-99e64f0a0ebe/elements [39m[32m200[39m [90m66 ms - 74[39m
[35m[HTTP][39m [90m[39m
[35m[HTTP][39m [37m-->[39m [37mPOST[39m [37m/wd/hub/session/f3a08aa2-a697-4308-b868-99e64f0a0ebe/elements[39m
[35m[HTTP][39m [90m{"using":"-android uiautomator","value":"new UiSelector().className(\"android.widget.Button\").text(\"Continue with Google\").resourceId(\"com.safeboda.driver:id/googleSignInButton\").instance(0)"}[39m
[35m[HTTP][39m [37m<-- POST /wd/hub/session/f3a08aa2-a697-4308-b868-99e64f0a0ebe/elements [39m[32m200[39m [90m48 ms - 74[39m
[35m[HTTP][39m [90m[39m
[35m[HTTP][39m [37m-->[39m [37mPOST[39m [37m/wd/hub/session/f3a08aa2-a697-4308-b868-99e64f0a0ebe/elements[39m
[35m[HTTP][39m [90m{"using":"-android uiautomator","value":"new UiSelector().className(\"android.widget.Button\").text(\"Continue with Google\").resourceId(\"com.safeboda.driver:id/googleSignInButton\").instance(0)"}[39m
[35m[HTTP][39m [37m<-- POST /wd/hub/session/f3a08aa2-a697-4308-b868-99e64f0a0ebe/elements [39m[32m200[39m [90m52 ms - 74[39m
[35m[HTTP][39m [90m[39m
[35m[HTTP][39m [37m-->[39m [37mPOST[39m [37m/wd/hub/session/f3a08aa2-a697-4308-b868-99e64f0a0ebe/elements[39m
[35m[HTTP][39m [90m{"using":"-android uiautomator","value":"new UiSelector().className(\"android.widget.Button\").text(\"Continue with Google\").resourceId(\"com.safeboda.driver:id/googleSignInButton\").instance(0)"}[39m
[35m[HTTP][39m [37m<-- POST /wd/hub/session/f3a08aa2-a697-4308-b868-99e64f0a0ebe/elements [39m[32m200[39m [90m53 ms - 74[39m
[35m[HTTP][39m [90m[39m
[35m[HTTP][39m [37m-->[39m [37mPOST[39m [37m/wd/hub/session/f3a08aa2-a697-4308-b868-99e64f0a0ebe/elements[39m
[35m[HTTP][39m [90m{"using":"-android uiautomator","value":"new UiSelector().className(\"android.widget.Button\").text(\"Continue with Google\").resourceId(\"com.safeboda.driver:id/googleSignInButton\").instance(0)"}[39m
[35m[HTTP][39m [37m<-- POST /wd/hub/session/f3a08aa2-a697-4308-b868-99e64f0a0ebe/elements [39m[32m200[39m [90m62 ms - 74[39m
[35m[HTTP][39m [90m[39m
[35m[HTTP][39m [37m-->[39m [37mPOST[39m [37m/wd/hub/session/f3a08aa2-a697-4308-b868-99e64f0a0ebe/elements[39m
[35m[HTTP][39m [90m{"using":"-android uiautomator","value":"new UiSelector().className(\"android.widget.Button\").text(\"Continue with Google\").resourceId(\"com.safeboda.driver:id/googleSignInButton\").instance(0)"}[39m
[35m[HTTP][39m [37m<-- POST /wd/hub/session/f3a08aa2-a697-4308-b868-99e64f0a0ebe/elements [39m[32m200[39m [90m49 ms - 74[39m
[35m[HTTP][39m [90m[39m
[35m[HTTP][39m [37m-->[39m [37mPOST[39m [37m/wd/hub/session/f3a08aa2-a697-4308-b868-99e64f0a0ebe/elements[39m
[35m[HTTP][39m [90m{"using":"-android uiautomator","value":"new UiSelector().className(\"android.widget.Button\").text(\"Continue with Google\").resourceId(\"com.safeboda.driver:id/googleSignInButton\").instance(0)"}[39m
[35m[HTTP][39m [37m<-- POST /wd/hub/session/f3a08aa2-a697-4308-b868-99e64f0a0ebe/elements [39m[32m200[39m [90m44 ms - 74[39m
[35m[HTTP][39m [90m[39m
[35m[HTTP][39m [37m-->[39m [37mPOST[39m [37m/wd/hub/session/f3a08aa2-a697-4308-b868-99e64f0a0ebe/elements[39m
[35m[HTTP][39m [90m{"using":"-android uiautomator","value":"new UiSelector().className(\"android.widget.Button\").text(\"Continue with Google\").resourceId(\"com.safeboda.driver:id/googleSignInButton\").instance(0)"}[39m
[35m[HTTP][39m [37m<-- POST /wd/hub/session/f3a08aa2-a697-4308-b868-99e64f0a0ebe/elements [39m[32m200[39m [90m72 ms - 74[39m
[35m[HTTP][39m [90m[39m
[35m[HTTP][39m [37m-->[39m [37mPOST[39m [37m/wd/hub/session/f3a08aa2-a697-4308-b868-99e64f0a0ebe/elements[39m
[35m[HTTP][39m [90m{"using":"-android uiautomator","value":"new UiSelector().className(\"android.widget.Button\").text(\"Continue with Google\").resourceId(\"com.safeboda.driver:id/googleSignInButton\").instance(0)"}[39m
[35m[HTTP][39m [37m<-- POST /wd/hub/session/f3a08aa2-a697-4308-b868-99e64f0a0ebe/elements [39m[32m200[39m [90m51 ms - 74[39m
[35m[HTTP][39m [90m[39m
[35m[HTTP][39m [37m-->[39m [37mPOST[39m [37m/wd/hub/session/f3a08aa2-a697-4308-b868-99e64f0a0ebe/elements[39m
[35m[HTTP][39m [90m{"using":"-android uiautomator","value":"new UiSelector().className(\"android.widget.Button\").text(\"Continue with Google\").resourceId(\"com.safeboda.driver:id/googleSignInButton\").instance(0)"}[39m
[35m[HTTP][39m [37m<-- POST /wd/hub/session/f3a08aa2-a697-4308-b868-99e64f0a0ebe/elements [39m[32m200[39m [90m53 ms - 74[39m
[35m[HTTP][39m [90m[39m
[35m[HTTP][39m [37m-->[39m [37mPOST[39m [37m/wd/hub/session/f3a08aa2-a697-4308-b868-99e64f0a0ebe/elements[39m
[35m[HTTP][39m [90m{"using":"-android uiautomator","value":"new UiSelector().className(\"android.widget.Button\").text(\"Continue with Google\").resourceId(\"com.safeboda.driver:id/googleSignInButton\").instance(0)"}[39m
[35m[HTTP][39m [37m<-- POST /wd/hub/session/f3a08aa2-a697-4308-b868-99e64f0a0ebe/elements [39m[32m200[39m [90m49 ms - 74[39m
[35m[HTTP][39m [90m[39m
[35m[HTTP][39m [37m-->[39m [37mPOST[39m [37m/wd/hub/session/f3a08aa2-a697-4308-b868-99e64f0a0ebe/elements[39m
[35m[HTTP][39m [90m{"using":"-android uiautomator","value":"new UiSelector().className(\"android.widget.Button\").text(\"Continue with Google\").resourceId(\"com.safeboda.driver:id/googleSignInButton\").instance(0)"}[39m
[35m[HTTP][39m [37m<-- POST /wd/hub/session/f3a08aa2-a697-4308-b868-99e64f0a0ebe/elements [39m[32m200[39m [90m57 ms - 74[39m
[35m[HTTP][39m [90m[39m
[35m[HTTP][39m [37m-->[39m [37mPOST[39m [37m/wd/hub/session/f3a08aa2-a697-4308-b868-99e64f0a0ebe/elements[39m
[35m[HTTP][39m [90m{"using":"-android uiautomator","value":"new UiSelector().className(\"android.widget.Button\").text(\"Continue with Google\").resourceId(\"com.safeboda.driver:id/googleSignInButton\").instance(0)"}[39m
[35m[HTTP][39m [37m<-- POST /wd/hub/session/f3a08aa2-a697-4308-b868-99e64f0a0ebe/elements [39m[32m200[39m [90m58 ms - 74[39m
[35m[HTTP][39m [90m[39m
[35m[HTTP][39m [37m-->[39m [37mPOST[39m [37m/wd/hub/session/f3a08aa2-a697-4308-b868-99e64f0a0ebe/elements[39m
[35m[HTTP][39m [90m{"using":"-android uiautomator","value":"new UiSelector().className(\"android.widget.Button\").text(\"Continue with Google\").resourceId(\"com.safeboda.driver:id/googleSignInButton\").instance(0)"}[39m
[35m[HTTP][39m [37m<-- POST /wd/hub/session/f3a08aa2-a697-4308-b868-99e64f0a0ebe/elements [39m[32m200[39m [90m49 ms - 74[39m
[35m[HTTP][39m [90m[39m
[35m[HTTP][39m [37m-->[39m [37mPOST[39m [37m/wd/hub/session/f3a08aa2-a697-4308-b868-99e64f0a0ebe/elements[39m
[35m[HTTP][39m [90m{"using":"-android uiautomator","value":"new UiSelector().className(\"android.widget.Button\").text(\"Continue with Google\").resourceId(\"com.safeboda.driver:id/googleSignInButton\").instance(0)"}[39m
[35m[HTTP][39m [37m<-- POST /wd/hub/session/f3a08aa2-a697-4308-b868-99e64f0a0ebe/elements [39m[32m200[39m [90m52 ms - 74[39m
[35m[HTTP][39m [90m[39m
[35m[HTTP][39m [37m-->[39m [37mPOST[39m [37m/wd/hub/session/f3a08aa2-a697-4308-b868-99e64f0a0ebe/elements[39m
[35m[HTTP][39m [90m{"using":"-android uiautomator","value":"new UiSelector().className(\"android.widget.Button\").text(\"Continue with Google\").resourceId(\"com.safeboda.driver:id/googleSignInButton\").instance(0)"}[39m
[35m[HTTP][39m [37m<-- POST /wd/hub/session/f3a08aa2-a697-4308-b868-99e64f0a0ebe/elements [39m[32m200[39m [90m50 ms - 74[39m
[35m[HTTP][39m [90m[39m
[35m[HTTP][39m [37m-->[39m [37mPOST[39m [37m/wd/hub/session/f3a08aa2-a697-4308-b868-99e64f0a0ebe/elements[39m
[35m[HTTP][39m [90m{"using":"-android uiautomator","value":"new UiSelector().className(\"android.widget.Button\").text(\"Continue with Google\").resourceId(\"com.safeboda.driver:id/googleSignInButton\").instance(0)"}[39m
[35m[HTTP][39m [37m<-- POST /wd/hub/session/f3a08aa2-a697-4308-b868-99e64f0a0ebe/elements [39m[32m200[39m [90m52 ms - 74[39m
[35m[HTTP][39m [90m[39m
[35m[HTTP][39m [37m-->[39m [37mPOST[39m [37m/wd/hub/session/f3a08aa2-a697-4308-b868-99e64f0a0ebe/elements[39m
[35m[HTTP][39m [90m{"using":"-android uiautomator","value":"new UiSelector().className(\"android.widget.Button\").text(\"Continue with Google\").resourceId(\"com.safeboda.driver:id/googleSignInButton\").instance(0)"}[39m
[35m[HTTP][39m [37m<-- POST /wd/hub/session/f3a08aa2-a697-4308-b868-99e64f0a0ebe/elements [39m[32m200[39m [90m54 ms - 74[39m
[35m[HTTP][39m [90m[39m
[35m[HTTP][39m [37m-->[39m [37mGET[39m [37m/wd/hub/session/f3a08aa2-a697-4308-b868-99e64f0a0ebe/context[39m
[35m[HTTP][39m [90m{}[39m
[35m[HTTP][39m [37m<-- GET /wd/hub/session/f3a08aa2-a697-4308-b868-99e64f0a0ebe/context [39m[32m200[39m [90m8 ms - 84[39m
[35m[HTTP][39m [90m[39m
[35m[HTTP][39m [37m-->[39m [37mGET[39m [37m/wd/hub/session/f3a08aa2-a697-4308-b868-99e64f0a0ebe/contexts[39m
[35m[HTTP][39m [90m{}[39m
[35m[HTTP][39m [37m<-- GET /wd/hub/session/f3a08aa2-a697-4308-b868-99e64f0a0ebe/contexts [39m[32m200[39m [90m110 ms - 86[39m
[35m[HTTP][39m [90m[39m
[35m[HTTP][39m [37m-->[39m [37mPOST[39m [37m/wd/hub/session/f3a08aa2-a697-4308-b868-99e64f0a0ebe/context[39m
[35m[HTTP][39m [90m{"name":"NATIVE_APP"}[39m
[35m[HTTP][39m [37m<-- POST /wd/hub/session/f3a08aa2-a697-4308-b868-99e64f0a0ebe/context [39m[32m200[39m [90m83 ms - 76[39m
[35m[HTTP][39m [90m[39m
[35m[HTTP][39m [37m-->[39m [37mGET[39m [37m/wd/hub/session/f3a08aa2-a697-4308-b868-99e64f0a0ebe/screenshot[39m
[35m[HTTP][39m [90m{}[39m
[35m[HTTP][39m [37m<-- GET /wd/hub/session/f3a08aa2-a697-4308-b868-99e64f0a0ebe/screenshot [39m[32m200[39m [90m1396 ms - 48210[39m
[35m[HTTP][39m [90m[39m
[35m[HTTP][39m [37m-->[39m [37mPOST[39m [37m/wd/hub/session/f3a08aa2-a697-4308-b868-99e64f0a0ebe/context[39m
[35m[HTTP][39m [90m{"name":"NATIVE_APP"}[39m
[35m[HTTP][39m [37m<-- POST /wd/hub/session/f3a08aa2-a697-4308-b868-99e64f0a0ebe/context [39m[32m200[39m [90m154 ms - 76[39m
[35m[HTTP][39m [90m[39m
[35m[HTTP][39m [37m-->[39m [37mGET[39m [37m/wd/hub/session/f3a08aa2-a697-4308-b868-99e64f0a0ebe/context[39m
[35m[HTTP][39m [90m{}[39m
[35m[HTTP][39m [37m<-- GET /wd/hub/session/f3a08aa2-a697-4308-b868-99e64f0a0ebe/context [39m[32m200[39m [90m7 ms - 84[39m
[35m[HTTP][39m [90m[39m
[35m[HTTP][39m [37m-->[39m [37mGET[39m [37m/wd/hub/session/f3a08aa2-a697-4308-b868-99e64f0a0ebe/contexts[39m
[35m[HTTP][39m [90m{}[39m
[35m[HTTP][39m [37m<-- GET /wd/hub/session/f3a08aa2-a697-4308-b868-99e64f0a0ebe/contexts [39m[32m200[39m [90m86 ms - 86[39m
[35m[HTTP][39m [90m[39m
[35m[HTTP][39m [37m-->[39m [37mPOST[39m [37m/wd/hub/session/f3a08aa2-a697-4308-b868-99e64f0a0ebe/context[39m
[35m[HTTP][39m [90m{"name":"NATIVE_APP"}[39m
[35m[HTTP][39m [37m<-- POST /wd/hub/session/f3a08aa2-a697-4308-b868-99e64f0a0ebe/context [39m[32m200[39m [90m95 ms - 76[39m
[35m[HTTP][39m [90m[39m
[35m[HTTP][39m [37m-->[39m [37mGET[39m [37m/wd/hub/session/f3a08aa2-a697-4308-b868-99e64f0a0ebe/screenshot[39m
[35m[HTTP][39m [90m{}[39m
[35m[HTTP][39m [37m<-- GET /wd/hub/session/f3a08aa2-a697-4308-b868-99e64f0a0ebe/screenshot [39m[32m200[39m [90m1437 ms - 128540[39m
[35m[HTTP][39m [90m[39m
[35m[HTTP][39m [37m-->[39m [37mPOST[39m [37m/wd/hub/session/f3a08aa2-a697-4308-b868-99e64f0a0ebe/context[39m
[35m[HTTP][39m [90m{"name":"NATIVE_APP"}[39m
[35m[HTTP][39m [37m<-- POST /wd/hub/session/f3a08aa2-a697-4308-b868-99e64f0a0ebe/context [39m[32m200[39m [90m104 ms - 76[39m
[35m[HTTP][39m [90m[39m
[35m[HTTP][39m [37m-->[39m [37mGET[39m [37m/wd/hub/status[39m
[35m[HTTP][39m [90m{}[39m
[35m[HTTP][39m [37m<-- GET /wd/hub/status [39m[32m200[39m [90m6 ms - 55[39m
[35m[HTTP][39m [90m[39m
[35m[HTTP][39m [37m-->[39m [37mPOST[39m [37m/wd/hub/session[39m
[35m[HTTP][39m [90m{"desiredCapabilities":{"app":"C:\\Users\\denni\\git\\SafeBoda\\SafeBoda Apps\\app-passenger.apk","autoGrantPermissions":true,"automationName":"uiautomator2","deviceName":"CUBOT CUBOT NOTE Plus (Android 7.0)","fullReset":false,"newCommandTimeout":1800,"noReset":true,"platform":"ANDROID","platformName":"Android","udid":"C509XXBH81110634"},"capabilities":{"desiredCapabilities":{"app":"C:\\Users\\denni\\git\\SafeBoda\\SafeBoda Apps\\app-passenger.apk","autoGrantPermissions":true,"automationName":"uiautomator2","deviceName":"CUBOT CUBOT NOTE Plus (Android 7.0)","fullReset":false,"newCommandTimeout":1800,"noReset":true,"platform":"ANDROID","platformName":"Android","udid":"C509XXBH81110634"},"firstMatch":[{"platformName":"android"}]}}[39m
[35m[Appium][39m Could not parse W3C capabilities: 'deviceName' can't be blank. Falling back to JSONWP protocol.
[35m[Appium][39m The following capabilities were provided in the JSONWP desired capabilities that are missing in W3C capabilities: ["app","autoGrantPermissions","automationName","deviceName","fullReset","newCommandTimeout","noReset","platform","platformName","udid"]. Falling back to JSONWP protocol.
[35m[Appium][39m Creating new AndroidUiautomator2Driver (v1.12.0) session
[35m[Appium][39m Capabilities:
[35m[Appium][39m   app: C:\Users\denni\git\SafeBoda\SafeBoda Apps\app-passenger.apk
[35m[Appium][39m   autoGrantPermissions: true
[35m[Appium][39m   automationName: uiautomator2
[35m[Appium][39m   deviceName: CUBOT CUBOT NOTE Plus (Android 7.0)
[35m[Appium][39m   fullReset: false
[35m[Appium][39m   newCommandTimeout: 1800
[35m[Appium][39m   noReset: true
[35m[Appium][39m   platform: ANDROID
[35m[Appium][39m   platformName: Android
[35m[Appium][39m   udid: C509XXBH81110634
[35m[BaseDriver][39m The following capabilities were provided, but are not recognized by appium: platform.
[35m[BaseDriver][39m Session created with session id: b51075b2-8c0a-479c-bb1b-8502c8edba07
[35m[BaseDriver][39m Using local app 'C:\Users\denni\git\SafeBoda\SafeBoda Apps\app-passenger.apk'
[35m[AndroidDriver][39m Java version is: 1.8.0_181
[35m[AndroidDriver][39m Retrieving device list
[35m[AndroidDriver][39m Using device: C509XXBH81110634
[35m[ADB][39m Using the alternative activity name detection method because of: Could not find apkanalyzer.bat in C:\Users\denni\.katalon\tools\android_sdk\platform-tools\apkanalyzer.bat,C:\Users\denni\.katalon\tools\android_sdk\emulator\apkanalyzer.bat,C:\Users\denni\.katalon\tools\android_sdk\tools\apkanalyzer.bat,C:\Users\denni\.katalon\tools\android_sdk\tools\bin\apkanalyzer.bat,C:\Users\denni\.katalon\tools\android_sdk\build-tools\28.0.3\apkanalyzer.bat. Do you have the Android SDK installed at 'C:\Users\denni\.katalon\tools\android_sdk'?
[35m[ADB][39m Extracting package and launch activity from manifest
[35m[ADB][39m Package name: 'com.safeboda.passenger'
[35m[ADB][39m Main activity name: 'com.safeboda.passenger.start.StartActivity'
[35m[ADB][39m Getting device platform version
[35m[ADB][39m io.appium.uiautomator2.server was successfully uninstalled
[35m[ADB][39m io.appium.uiautomator2.server.test was successfully uninstalled
[35m[AndroidDriver][39m setDeviceLanguageCountry requires language or country.
[35m[AndroidDriver][39m Got language: 'null' and country: 'null'
[35m[ADB][39m Successfully extracted 678 strings from 'C:\Users\denni\git\SafeBoda\SafeBoda Apps\app-passenger.apk' resources for '(default)' configuration
[35m[UiAutomator2][39m Starting uiautomator2 server 1.12.0
[35m[UiAutomator2][39m Using UIAutomator2 server from 'C:\Users\denni\AppData\Roaming\npm\node_modules\appium\node_modules\appium-uiautomator2-server\apks\appium-uiautomator2-server-v1.12.0.apk' and test from 'C:\Users\denni\AppData\Roaming\npm\node_modules\appium\node_modules\appium-uiautomator2-server\apks\appium-uiautomator2-server-debug-androidTest.apk'
[35m[UiAutomator2][39m Running command: 'adb -s C509XXBH81110634 shell am instrument -w io.appium.uiautomator2.server.test/android.support.test.runner.AndroidJUnitRunner'
[35m[UiAutomator2][39m Waiting up to 20000ms for UiAutomator2 to be online...
[35m[AndroidDriver][39m Screen already unlocked, doing nothing
[35m[UiAutomator2][39m UiAutomator2 did not start the activity we were waiting for, 'com.safeboda.passenger/com.safeboda.passenger.start.StartActivity'. Starting it ourselves
[35m[Appium][39m New AndroidUiautomator2Driver session created successfully, session b51075b2-8c0a-479c-bb1b-8502c8edba07 added to master session list
[35m[HTTP][39m [37m<-- POST /wd/hub/session [39m[32m200[39m [90m55042 ms - 1202[39m
[35m[HTTP][39m [90m[39m
[35m[HTTP][39m [37m-->[39m [37mGET[39m [37m/wd/hub/status[39m
[35m[HTTP][39m [90m{}[39m
[35m[HTTP][39m [37m<-- GET /wd/hub/status [39m[32m200[39m [90m8 ms - 55[39m
[35m[HTTP][39m [90m[39m
[35m[HTTP][39m [37m-->[39m [37mPOST[39m [37m/wd/hub/session/b51075b2-8c0a-479c-bb1b-8502c8edba07/timeouts[39m
[35m[HTTP][39m [90m{"type":"implicit","ms":30000}[39m
[35m[HTTP][39m [37m<-- POST /wd/hub/session/b51075b2-8c0a-479c-bb1b-8502c8edba07/timeouts [39m[33m400[39m [90m5 ms - 5204[39m
[35m[HTTP][39m [90m[39m
[35m[HTTP][39m [37m-->[39m [37mGET[39m [37m/wd/hub/session/b51075b2-8c0a-479c-bb1b-8502c8edba07/window/current/size[39m
[35m[HTTP][39m [90m{}[39m
[35m[W3C][39m Driver proxy active, passing request on via HTTP proxy
[35m[JSONWP Proxy][39m Replacing sessionId e9aabc9c-78e2-4399-9e46-a81804941878 with b51075b2-8c0a-479c-bb1b-8502c8edba07
[35m[HTTP][39m [37m<-- GET /wd/hub/session/b51075b2-8c0a-479c-bb1b-8502c8edba07/window/current/size [39m[32m200[39m [90m193 ms - 100[39m
[35m[HTTP][39m [90m[39m
[35m[HTTP][39m [37m-->[39m [37mPOST[39m [37m/wd/hub/session/b51075b2-8c0a-479c-bb1b-8502c8edba07/elements[39m
[35m[HTTP][39m [90m{"using":"-android uiautomator","value":"new UiSelector().className(\"android.widget.EditText\").text(\"Search location\").resourceId(\"com.safeboda.passenger:id/locationEditText\").instance(0)"}[39m
[35m[HTTP][39m [37m<-- POST /wd/hub/session/b51075b2-8c0a-479c-bb1b-8502c8edba07/elements [39m[32m200[39m [90m134 ms - 74[39m
[35m[HTTP][39m [90m[39m
[35m[HTTP][39m [37m-->[39m [37mPOST[39m [37m/wd/hub/session/b51075b2-8c0a-479c-bb1b-8502c8edba07/elements[39m
[35m[HTTP][39m [90m{"using":"-android uiautomator","value":"new UiSelector().className(\"android.widget.EditText\").text(\"Search location\").resourceId(\"com.safeboda.passenger:id/locationEditText\").instance(0)"}[39m
[35m[HTTP][39m [37m<-- POST /wd/hub/session/b51075b2-8c0a-479c-bb1b-8502c8edba07/elements [39m[32m200[39m [90m206 ms - 74[39m
[35m[HTTP][39m [90m[39m
[35m[HTTP][39m [37m-->[39m [37mPOST[39m [37m/wd/hub/session/b51075b2-8c0a-479c-bb1b-8502c8edba07/elements[39m
[35m[HTTP][39m [90m{"using":"-android uiautomator","value":"new UiSelector().className(\"android.widget.EditText\").text(\"Search location\").resourceId(\"com.safeboda.passenger:id/locationEditText\").instance(0)"}[39m
[35m[HTTP][39m [37m<-- POST /wd/hub/session/b51075b2-8c0a-479c-bb1b-8502c8edba07/elements [39m[32m200[39m [90m162 ms - 74[39m
[35m[HTTP][39m [90m[39m
[35m[HTTP][39m [37m-->[39m [37mPOST[39m [37m/wd/hub/session/b51075b2-8c0a-479c-bb1b-8502c8edba07/elements[39m
[35m[HTTP][39m [90m{"using":"-android uiautomator","value":"new UiSelector().className(\"android.widget.EditText\").text(\"Search location\").resourceId(\"com.safeboda.passenger:id/locationEditText\").instance(0)"}[39m
[35m[HTTP][39m [37m<-- POST /wd/hub/session/b51075b2-8c0a-479c-bb1b-8502c8edba07/elements [39m[32m200[39m [90m121 ms - 74[39m
[35m[HTTP][39m [90m[39m
[35m[HTTP][39m [37m-->[39m [37mPOST[39m [37m/wd/hub/session/b51075b2-8c0a-479c-bb1b-8502c8edba07/elements[39m
[35m[HTTP][39m [90m{"using":"-android uiautomator","value":"new UiSelector().className(\"android.widget.EditText\").text(\"Search location\").resourceId(\"com.safeboda.passenger:id/locationEditText\").instance(0)"}[39m
[35m[HTTP][39m [37m<-- POST /wd/hub/session/b51075b2-8c0a-479c-bb1b-8502c8edba07/elements [39m[32m200[39m [90m372 ms - 74[39m
[35m[HTTP][39m [90m[39m
[35m[HTTP][39m [37m-->[39m [37mPOST[39m [37m/wd/hub/session/b51075b2-8c0a-479c-bb1b-8502c8edba07/elements[39m
[35m[HTTP][39m [90m{"using":"-android uiautomator","value":"new UiSelector().className(\"android.widget.EditText\").text(\"Search location\").resourceId(\"com.safeboda.passenger:id/locationEditText\").instance(0)"}[39m
[35m[HTTP][39m [37m<-- POST /wd/hub/session/b51075b2-8c0a-479c-bb1b-8502c8edba07/elements [39m[32m200[39m [90m226 ms - 74[39m
[35m[HTTP][39m [90m[39m
[35m[HTTP][39m [37m-->[39m [37mPOST[39m [37m/wd/hub/session/b51075b2-8c0a-479c-bb1b-8502c8edba07/elements[39m
[35m[HTTP][39m [90m{"using":"-android uiautomator","value":"new UiSelector().className(\"android.widget.EditText\").text(\"Search location\").resourceId(\"com.safeboda.passenger:id/locationEditText\").instance(0)"}[39m
[35m[HTTP][39m [37m<-- POST /wd/hub/session/b51075b2-8c0a-479c-bb1b-8502c8edba07/elements [39m[32m200[39m [90m3931 ms - 124[39m
[35m[HTTP][39m [90m[39m
[35m[HTTP][39m [37m-->[39m [37mGET[39m [37m/wd/hub/session/b51075b2-8c0a-479c-bb1b-8502c8edba07[39m
[35m[HTTP][39m [90m{}[39m
[35m[HTTP][39m [37m<-- GET /wd/hub/session/b51075b2-8c0a-479c-bb1b-8502c8edba07 [39m[32m200[39m [90m47 ms - 1202[39m
[35m[HTTP][39m [90m[39m
[35m[HTTP][39m [37m-->[39m [37mGET[39m [37m/wd/hub/session/b51075b2-8c0a-479c-bb1b-8502c8edba07[39m
[35m[HTTP][39m [90m{}[39m
[35m[HTTP][39m [37m<-- GET /wd/hub/session/b51075b2-8c0a-479c-bb1b-8502c8edba07 [39m[32m200[39m [90m58 ms - 1202[39m
[35m[HTTP][39m [90m[39m
[35m[HTTP][39m [37m-->[39m [37mGET[39m [37m/wd/hub/session/b51075b2-8c0a-479c-bb1b-8502c8edba07[39m
[35m[HTTP][39m [90m{}[39m
[35m[HTTP][39m [37m<-- GET /wd/hub/session/b51075b2-8c0a-479c-bb1b-8502c8edba07 [39m[32m200[39m [90m110 ms - 1202[39m
[35m[HTTP][39m [90m[39m
[35m[HTTP][39m [37m-->[39m [37mGET[39m [37m/wd/hub/session/b51075b2-8c0a-479c-bb1b-8502c8edba07[39m
[35m[HTTP][39m [90m{}[39m
[35m[HTTP][39m [37m<-- GET /wd/hub/session/b51075b2-8c0a-479c-bb1b-8502c8edba07 [39m[32m200[39m [90m52 ms - 1202[39m
[35m[HTTP][39m [90m[39m
[35m[HTTP][39m [37m-->[39m [37mGET[39m [37m/wd/hub/session/b51075b2-8c0a-479c-bb1b-8502c8edba07/element/3c99fe3f-bdc7-44d8-b01c-6a999c993989/location[39m
[35m[HTTP][39m [90m{}[39m
[35m[W3C][39m Driver proxy active, passing request on via HTTP proxy
[35m[JSONWP Proxy][39m Replacing sessionId e9aabc9c-78e2-4399-9e46-a81804941878 with b51075b2-8c0a-479c-bb1b-8502c8edba07
[35m[HTTP][39m [37m<-- GET /wd/hub/session/b51075b2-8c0a-479c-bb1b-8502c8edba07/element/3c99fe3f-bdc7-44d8-b01c-6a999c993989/location [39m[32m200[39m [90m136 ms - 89[39m
[35m[HTTP][39m [90m[39m
[35m[HTTP][39m [37m-->[39m [37mPOST[39m [37m/wd/hub/session/b51075b2-8c0a-479c-bb1b-8502c8edba07/touch/perform[39m
[35m[HTTP][39m [90m{"actions":[{"action":"tap","options":{"element":"3c99fe3f-bdc7-44d8-b01c-6a999c993989","x":1,"y":1}}]}[39m
[35m[UiAutomator2][39m calling get location: 3c99fe3f-bdc7-44d8-b01c-6a999c993989
[35m[HTTP][39m [37m<-- POST /wd/hub/session/b51075b2-8c0a-479c-bb1b-8502c8edba07/touch/perform [39m[32m200[39m [90m848 ms - 76[39m
[35m[HTTP][39m [90m[39m
[35m[HTTP][39m [37m-->[39m [37mGET[39m [37m/wd/hub/session/b51075b2-8c0a-479c-bb1b-8502c8edba07/window/current/size[39m
[35m[HTTP][39m [90m{}[39m
[35m[W3C][39m Driver proxy active, passing request on via HTTP proxy
[35m[JSONWP Proxy][39m Replacing sessionId e9aabc9c-78e2-4399-9e46-a81804941878 with b51075b2-8c0a-479c-bb1b-8502c8edba07
[35m[HTTP][39m [37m<-- GET /wd/hub/session/b51075b2-8c0a-479c-bb1b-8502c8edba07/window/current/size [39m[32m200[39m [90m127 ms - 100[39m
[35m[HTTP][39m [90m[39m
[35m[HTTP][39m [37m-->[39m [37mPOST[39m [37m/wd/hub/session/b51075b2-8c0a-479c-bb1b-8502c8edba07/elements[39m
[35m[HTTP][39m [90m{"using":"-android uiautomator","value":"new UiSelector().className(\"android.widget.EditText\").text(\"Search location\").resourceId(\"com.safeboda.passenger:id/locationEditText\").instance(0)"}[39m
[35m[HTTP][39m [37m<-- POST /wd/hub/session/b51075b2-8c0a-479c-bb1b-8502c8edba07/elements [39m[32m200[39m [90m1532 ms - 124[39m
[35m[HTTP][39m [90m[39m
[35m[HTTP][39m [37m-->[39m [37mGET[39m [37m/wd/hub/session/b51075b2-8c0a-479c-bb1b-8502c8edba07[39m
[35m[HTTP][39m [90m{}[39m
[35m[HTTP][39m [37m<-- GET /wd/hub/session/b51075b2-8c0a-479c-bb1b-8502c8edba07 [39m[32m200[39m [90m52 ms - 1202[39m
[35m[HTTP][39m [90m[39m
[35m[HTTP][39m [37m-->[39m [37mGET[39m [37m/wd/hub/session/b51075b2-8c0a-479c-bb1b-8502c8edba07[39m
[35m[HTTP][39m [90m{}[39m
[35m[HTTP][39m [37m<-- GET /wd/hub/session/b51075b2-8c0a-479c-bb1b-8502c8edba07 [39m[32m200[39m [90m323 ms - 1202[39m
[35m[HTTP][39m [90m[39m
[35m[HTTP][39m [37m-->[39m [37mGET[39m [37m/wd/hub/session/b51075b2-8c0a-479c-bb1b-8502c8edba07[39m
[35m[HTTP][39m [90m{}[39m
[35m[HTTP][39m [37m<-- GET /wd/hub/session/b51075b2-8c0a-479c-bb1b-8502c8edba07 [39m[32m200[39m [90m44 ms - 1202[39m
[35m[HTTP][39m [90m[39m
[35m[HTTP][39m [37m-->[39m [37mGET[39m [37m/wd/hub/session/b51075b2-8c0a-479c-bb1b-8502c8edba07[39m
[35m[HTTP][39m [90m{}[39m
[35m[HTTP][39m [37m<-- GET /wd/hub/session/b51075b2-8c0a-479c-bb1b-8502c8edba07 [39m[32m200[39m [90m43 ms - 1202[39m
[35m[HTTP][39m [90m[39m
[35m[HTTP][39m [37m-->[39m [37mGET[39m [37m/wd/hub/session/b51075b2-8c0a-479c-bb1b-8502c8edba07/element/8ad2bb2b-5f6e-4bfa-89ea-3ac698a8a0e3/location[39m
[35m[HTTP][39m [90m{}[39m
[35m[W3C][39m Driver proxy active, passing request on via HTTP proxy
[35m[JSONWP Proxy][39m Replacing sessionId e9aabc9c-78e2-4399-9e46-a81804941878 with b51075b2-8c0a-479c-bb1b-8502c8edba07
[35m[HTTP][39m [37m<-- GET /wd/hub/session/b51075b2-8c0a-479c-bb1b-8502c8edba07/element/8ad2bb2b-5f6e-4bfa-89ea-3ac698a8a0e3/location [39m[32m200[39m [90m200 ms - 89[39m
[35m[HTTP][39m [90m[39m
[35m[HTTP][39m [37m-->[39m [37mPOST[39m [37m/wd/hub/session/b51075b2-8c0a-479c-bb1b-8502c8edba07/touch/perform[39m
[35m[HTTP][39m [90m{"actions":[{"action":"tap","options":{"element":"8ad2bb2b-5f6e-4bfa-89ea-3ac698a8a0e3","x":1,"y":1}}]}[39m
[35m[UiAutomator2][39m calling get location: 8ad2bb2b-5f6e-4bfa-89ea-3ac698a8a0e3
[35m[HTTP][39m [37m<-- POST /wd/hub/session/b51075b2-8c0a-479c-bb1b-8502c8edba07/touch/perform [39m[32m200[39m [90m3799 ms - 76[39m
[35m[HTTP][39m [90m[39m
[35m[HTTP][39m [37m-->[39m [37mGET[39m [37m/wd/hub/session/b51075b2-8c0a-479c-bb1b-8502c8edba07/window/current/size[39m
[35m[HTTP][39m [90m{}[39m
[35m[W3C][39m Driver proxy active, passing request on via HTTP proxy
[35m[JSONWP Proxy][39m Replacing sessionId e9aabc9c-78e2-4399-9e46-a81804941878 with b51075b2-8c0a-479c-bb1b-8502c8edba07
[35m[HTTP][39m [37m<-- GET /wd/hub/session/b51075b2-8c0a-479c-bb1b-8502c8edba07/window/current/size [39m[32m200[39m [90m780 ms - 100[39m
[35m[HTTP][39m [90m[39m
[35m[HTTP][39m [37m-->[39m [37mPOST[39m [37m/wd/hub/session/b51075b2-8c0a-479c-bb1b-8502c8edba07/elements[39m
[35m[HTTP][39m [90m{"using":"-android uiautomator","value":"new UiSelector().className(\"android.widget.EditText\").text(\"Search location\").resourceId(\"com.safeboda.passenger:id/locationEditText\").instance(0)"}[39m
[35m[HTTP][39m [37m<-- POST /wd/hub/session/b51075b2-8c0a-479c-bb1b-8502c8edba07/elements [39m[32m200[39m [90m158 ms - 124[39m
[35m[HTTP][39m [90m[39m
[35m[HTTP][39m [37m-->[39m [37mGET[39m [37m/wd/hub/session/b51075b2-8c0a-479c-bb1b-8502c8edba07[39m
[35m[HTTP][39m [90m{}[39m
[35m[HTTP][39m [37m<-- GET /wd/hub/session/b51075b2-8c0a-479c-bb1b-8502c8edba07 [39m[32m200[39m [90m25 ms - 1202[39m
[35m[HTTP][39m [90m[39m
[35m[HTTP][39m [37m-->[39m [37mGET[39m [37m/wd/hub/session/b51075b2-8c0a-479c-bb1b-8502c8edba07[39m
[35m[HTTP][39m [90m{}[39m
[35m[HTTP][39m [37m<-- GET /wd/hub/session/b51075b2-8c0a-479c-bb1b-8502c8edba07 [39m[32m200[39m [90m19 ms - 1202[39m
[35m[HTTP][39m [90m[39m
[35m[HTTP][39m [37m-->[39m [37mGET[39m [37m/wd/hub/session/b51075b2-8c0a-479c-bb1b-8502c8edba07[39m
[35m[HTTP][39m [90m{}[39m
[35m[HTTP][39m [37m<-- GET /wd/hub/session/b51075b2-8c0a-479c-bb1b-8502c8edba07 [39m[32m200[39m [90m19 ms - 1202[39m
[35m[HTTP][39m [90m[39m
[35m[HTTP][39m [37m-->[39m [37mGET[39m [37m/wd/hub/session/b51075b2-8c0a-479c-bb1b-8502c8edba07[39m
[35m[HTTP][39m [90m{}[39m
[35m[HTTP][39m [37m<-- GET /wd/hub/session/b51075b2-8c0a-479c-bb1b-8502c8edba07 [39m[32m200[39m [90m24 ms - 1202[39m
[35m[HTTP][39m [90m[39m
[35m[HTTP][39m [37m-->[39m [37mGET[39m [37m/wd/hub/session/b51075b2-8c0a-479c-bb1b-8502c8edba07/element/88aade63-39bf-4b7c-921d-cd62e0e73146/location[39m
[35m[HTTP][39m [90m{}[39m
[35m[W3C][39m Driver proxy active, passing request on via HTTP proxy
[35m[JSONWP Proxy][39m Replacing sessionId e9aabc9c-78e2-4399-9e46-a81804941878 with b51075b2-8c0a-479c-bb1b-8502c8edba07
[35m[HTTP][39m [37m<-- GET /wd/hub/session/b51075b2-8c0a-479c-bb1b-8502c8edba07/element/88aade63-39bf-4b7c-921d-cd62e0e73146/location [39m[32m200[39m [90m413 ms - 89[39m
[35m[HTTP][39m [90m[39m
[35m[HTTP][39m [37m-->[39m [37mPOST[39m [37m/wd/hub/session/b51075b2-8c0a-479c-bb1b-8502c8edba07/element/88aade63-39bf-4b7c-921d-cd62e0e73146/value[39m
[35m[HTTP][39m [90m{"id":"88aade63-39bf-4b7c-921d-cd62e0e73146","value":["Sheraton Kampala Hotel"]}[39m
[35m[HTTP][39m [37m<-- POST /wd/hub/session/b51075b2-8c0a-479c-bb1b-8502c8edba07/element/88aade63-39bf-4b7c-921d-cd62e0e73146/value [39m[32m200[39m [90m1334 ms - 74[39m
[35m[HTTP][39m [90m[39m
[35m[HTTP][39m [37m-->[39m [37mGET[39m [37m/wd/hub/session/b51075b2-8c0a-479c-bb1b-8502c8edba07/window/current/size[39m
[35m[HTTP][39m [90m{}[39m
[35m[W3C][39m Driver proxy active, passing request on via HTTP proxy
[35m[JSONWP Proxy][39m Replacing sessionId e9aabc9c-78e2-4399-9e46-a81804941878 with b51075b2-8c0a-479c-bb1b-8502c8edba07
[35m[HTTP][39m [37m<-- GET /wd/hub/session/b51075b2-8c0a-479c-bb1b-8502c8edba07/window/current/size [39m[32m200[39m [90m71 ms - 100[39m
[35m[HTTP][39m [90m[39m
[35m[HTTP][39m [37m-->[39m [37mPOST[39m [37m/wd/hub/session/b51075b2-8c0a-479c-bb1b-8502c8edba07/elements[39m
[35m[HTTP][39m [90m{"using":"-android uiautomator","value":"new UiSelector().className(\"android.view.ViewGroup\").instance(5)"}[39m
[35m[HTTP][39m [37m<-- POST /wd/hub/session/b51075b2-8c0a-479c-bb1b-8502c8edba07/elements [39m[32m200[39m [90m2195 ms - 124[39m
[35m[HTTP][39m [90m[39m
[35m[HTTP][39m [37m-->[39m [37mGET[39m [37m/wd/hub/session/b51075b2-8c0a-479c-bb1b-8502c8edba07[39m
[35m[HTTP][39m [90m{}[39m
[35m[HTTP][39m [37m<-- GET /wd/hub/session/b51075b2-8c0a-479c-bb1b-8502c8edba07 [39m[32m200[39m [90m131 ms - 1202[39m
[35m[HTTP][39m [90m[39m
[35m[HTTP][39m [37m-->[39m [37mGET[39m [37m/wd/hub/session/b51075b2-8c0a-479c-bb1b-8502c8edba07[39m
[35m[HTTP][39m [90m{}[39m
[35m[HTTP][39m [37m<-- GET /wd/hub/session/b51075b2-8c0a-479c-bb1b-8502c8edba07 [39m[32m200[39m [90m69 ms - 1202[39m
[35m[HTTP][39m [90m[39m
[35m[HTTP][39m [37m-->[39m [37mGET[39m [37m/wd/hub/session/b51075b2-8c0a-479c-bb1b-8502c8edba07[39m
[35m[HTTP][39m [90m{}[39m
[35m[HTTP][39m [37m<-- GET /wd/hub/session/b51075b2-8c0a-479c-bb1b-8502c8edba07 [39m[32m200[39m [90m33 ms - 1202[39m
[35m[HTTP][39m [90m[39m
[35m[HTTP][39m [37m-->[39m [37mGET[39m [37m/wd/hub/session/b51075b2-8c0a-479c-bb1b-8502c8edba07[39m
[35m[HTTP][39m [90m{}[39m
[35m[HTTP][39m [37m<-- GET /wd/hub/session/b51075b2-8c0a-479c-bb1b-8502c8edba07 [39m[32m200[39m [90m31 ms - 1202[39m
[35m[HTTP][39m [90m[39m
[35m[HTTP][39m [37m-->[39m [37mGET[39m [37m/wd/hub/session/b51075b2-8c0a-479c-bb1b-8502c8edba07/element/eb510730-093b-4f91-96c6-57ee45407795/location[39m
[35m[HTTP][39m [90m{}[39m
[35m[W3C][39m Driver proxy active, passing request on via HTTP proxy
[35m[JSONWP Proxy][39m Replacing sessionId e9aabc9c-78e2-4399-9e46-a81804941878 with b51075b2-8c0a-479c-bb1b-8502c8edba07
[35m[HTTP][39m [37m<-- GET /wd/hub/session/b51075b2-8c0a-479c-bb1b-8502c8edba07/element/eb510730-093b-4f91-96c6-57ee45407795/location [39m[32m200[39m [90m171 ms - 88[39m
[35m[HTTP][39m [90m[39m
[35m[HTTP][39m [37m-->[39m [37mPOST[39m [37m/wd/hub/session/b51075b2-8c0a-479c-bb1b-8502c8edba07/touch/perform[39m
[35m[HTTP][39m [90m{"actions":[{"action":"tap","options":{"element":"eb510730-093b-4f91-96c6-57ee45407795","x":1,"y":1}}]}[39m
[35m[UiAutomator2][39m calling get location: eb510730-093b-4f91-96c6-57ee45407795
[35m[HTTP][39m [37m<-- POST /wd/hub/session/b51075b2-8c0a-479c-bb1b-8502c8edba07/touch/perform [39m[32m200[39m [90m2094 ms - 76[39m
[35m[HTTP][39m [90m[39m
[35m[HTTP][39m [37m-->[39m [37mGET[39m [37m/wd/hub/session/b51075b2-8c0a-479c-bb1b-8502c8edba07/window/current/size[39m
[35m[HTTP][39m [90m{}[39m
[35m[W3C][39m Driver proxy active, passing request on via HTTP proxy
[35m[JSONWP Proxy][39m Replacing sessionId e9aabc9c-78e2-4399-9e46-a81804941878 with b51075b2-8c0a-479c-bb1b-8502c8edba07
[35m[HTTP][39m [37m<-- GET /wd/hub/session/b51075b2-8c0a-479c-bb1b-8502c8edba07/window/current/size [39m[32m200[39m [90m48 ms - 100[39m
[35m[HTTP][39m [90m[39m
[35m[HTTP][39m [37m-->[39m [37mPOST[39m [37m/wd/hub/session/b51075b2-8c0a-479c-bb1b-8502c8edba07/elements[39m
[35m[HTTP][39m [90m{"using":"-android uiautomator","value":"new UiSelector().className(\"android.widget.ImageView\").resourceId(\"com.safeboda.passenger:id/searchImageView\").instance(1)"}[39m
[35m[HTTP][39m [37m<-- POST /wd/hub/session/b51075b2-8c0a-479c-bb1b-8502c8edba07/elements [39m[32m200[39m [90m1909 ms - 124[39m
[35m[HTTP][39m [90m[39m
[35m[HTTP][39m [37m-->[39m [37mGET[39m [37m/wd/hub/session/b51075b2-8c0a-479c-bb1b-8502c8edba07[39m
[35m[HTTP][39m [90m{}[39m
[35m[HTTP][39m [37m<-- GET /wd/hub/session/b51075b2-8c0a-479c-bb1b-8502c8edba07 [39m[32m200[39m [90m30 ms - 1202[39m
[35m[HTTP][39m [90m[39m
[35m[HTTP][39m [37m-->[39m [37mGET[39m [37m/wd/hub/session/b51075b2-8c0a-479c-bb1b-8502c8edba07[39m
[35m[HTTP][39m [90m{}[39m
[35m[HTTP][39m [37m<-- GET /wd/hub/session/b51075b2-8c0a-479c-bb1b-8502c8edba07 [39m[32m200[39m [90m30 ms - 1202[39m
[35m[HTTP][39m [90m[39m
[35m[HTTP][39m [37m-->[39m [37mGET[39m [37m/wd/hub/session/b51075b2-8c0a-479c-bb1b-8502c8edba07[39m
[35m[HTTP][39m [90m{}[39m
[35m[HTTP][39m [37m<-- GET /wd/hub/session/b51075b2-8c0a-479c-bb1b-8502c8edba07 [39m[32m200[39m [90m37 ms - 1202[39m
[35m[HTTP][39m [90m[39m
[35m[HTTP][39m [37m-->[39m [37mGET[39m [37m/wd/hub/session/b51075b2-8c0a-479c-bb1b-8502c8edba07[39m
[35m[HTTP][39m [90m{}[39m
[35m[HTTP][39m [37m<-- GET /wd/hub/session/b51075b2-8c0a-479c-bb1b-8502c8edba07 [39m[32m200[39m [90m38 ms - 1202[39m
[35m[HTTP][39m [90m[39m
[35m[HTTP][39m [37m-->[39m [37mGET[39m [37m/wd/hub/session/b51075b2-8c0a-479c-bb1b-8502c8edba07/element/a04a2174-28fe-4df8-98b9-3563b953a1cf/location[39m
[35m[HTTP][39m [90m{}[39m
[35m[W3C][39m Driver proxy active, passing request on via HTTP proxy
[35m[JSONWP Proxy][39m Replacing sessionId e9aabc9c-78e2-4399-9e46-a81804941878 with b51075b2-8c0a-479c-bb1b-8502c8edba07
[35m[HTTP][39m [37m<-- GET /wd/hub/session/b51075b2-8c0a-479c-bb1b-8502c8edba07/element/a04a2174-28fe-4df8-98b9-3563b953a1cf/location [39m[32m200[39m [90m706 ms - 89[39m
[35m[HTTP][39m [90m[39m
[35m[HTTP][39m [37m-->[39m [37mPOST[39m [37m/wd/hub/session/b51075b2-8c0a-479c-bb1b-8502c8edba07/touch/perform[39m
[35m[HTTP][39m [90m{"actions":[{"action":"tap","options":{"element":"a04a2174-28fe-4df8-98b9-3563b953a1cf","x":1,"y":1}}]}[39m
[35m[UiAutomator2][39m calling get location: a04a2174-28fe-4df8-98b9-3563b953a1cf
[35m[HTTP][39m [37m<-- POST /wd/hub/session/b51075b2-8c0a-479c-bb1b-8502c8edba07/touch/perform [39m[32m200[39m [90m1214 ms - 76[39m
[35m[HTTP][39m [90m[39m
[35m[HTTP][39m [37m-->[39m [37mGET[39m [37m/wd/hub/session/b51075b2-8c0a-479c-bb1b-8502c8edba07/window/current/size[39m
[35m[HTTP][39m [90m{}[39m
[35m[W3C][39m Driver proxy active, passing request on via HTTP proxy
[35m[JSONWP Proxy][39m Replacing sessionId e9aabc9c-78e2-4399-9e46-a81804941878 with b51075b2-8c0a-479c-bb1b-8502c8edba07
[35m[HTTP][39m [37m<-- GET /wd/hub/session/b51075b2-8c0a-479c-bb1b-8502c8edba07/window/current/size [39m[32m200[39m [90m206 ms - 100[39m
[35m[HTTP][39m [90m[39m
[35m[HTTP][39m [37m-->[39m [37mPOST[39m [37m/wd/hub/session/b51075b2-8c0a-479c-bb1b-8502c8edba07/elements[39m
[35m[HTTP][39m [90m{"using":"-android uiautomator","value":"new UiSelector().className(\"android.widget.EditText\").text(\"Search location\").resourceId(\"com.safeboda.passenger:id/locationEditText\").instance(0)"}[39m
[35m[HTTP][39m [37m<-- POST /wd/hub/session/b51075b2-8c0a-479c-bb1b-8502c8edba07/elements [39m[32m200[39m [90m263 ms - 124[39m
[35m[HTTP][39m [90m[39m
[35m[HTTP][39m [37m-->[39m [37mGET[39m [37m/wd/hub/session/b51075b2-8c0a-479c-bb1b-8502c8edba07[39m
[35m[HTTP][39m [90m{}[39m
[35m[HTTP][39m [37m<-- GET /wd/hub/session/b51075b2-8c0a-479c-bb1b-8502c8edba07 [39m[32m200[39m [90m98 ms - 1202[39m
[35m[HTTP][39m [90m[39m
[35m[HTTP][39m [37m-->[39m [37mGET[39m [37m/wd/hub/session/b51075b2-8c0a-479c-bb1b-8502c8edba07[39m
[35m[HTTP][39m [90m{}[39m
[35m[HTTP][39m [37m<-- GET /wd/hub/session/b51075b2-8c0a-479c-bb1b-8502c8edba07 [39m[32m200[39m [90m32 ms - 1202[39m
[35m[HTTP][39m [90m[39m
[35m[HTTP][39m [37m-->[39m [37mGET[39m [37m/wd/hub/session/b51075b2-8c0a-479c-bb1b-8502c8edba07[39m
[35m[HTTP][39m [90m{}[39m
[35m[HTTP][39m [37m<-- GET /wd/hub/session/b51075b2-8c0a-479c-bb1b-8502c8edba07 [39m[32m200[39m [90m52 ms - 1202[39m
[35m[HTTP][39m [90m[39m
[35m[HTTP][39m [37m-->[39m [37mGET[39m [37m/wd/hub/session/b51075b2-8c0a-479c-bb1b-8502c8edba07[39m
[35m[HTTP][39m [90m{}[39m
[35m[HTTP][39m [37m<-- GET /wd/hub/session/b51075b2-8c0a-479c-bb1b-8502c8edba07 [39m[32m200[39m [90m137 ms - 1202[39m
[35m[HTTP][39m [90m[39m
[35m[HTTP][39m [37m-->[39m [37mGET[39m [37m/wd/hub/session/b51075b2-8c0a-479c-bb1b-8502c8edba07/element/f56c77eb-30d8-48dd-8273-a6cf12d9c581/location[39m
[35m[HTTP][39m [90m{}[39m
[35m[W3C][39m Driver proxy active, passing request on via HTTP proxy
[35m[JSONWP Proxy][39m Replacing sessionId e9aabc9c-78e2-4399-9e46-a81804941878 with b51075b2-8c0a-479c-bb1b-8502c8edba07
[35m[HTTP][39m [37m<-- GET /wd/hub/session/b51075b2-8c0a-479c-bb1b-8502c8edba07/element/f56c77eb-30d8-48dd-8273-a6cf12d9c581/location [39m[32m200[39m [90m86 ms - 89[39m
[35m[HTTP][39m [90m[39m
[35m[HTTP][39m [37m-->[39m [37mPOST[39m [37m/wd/hub/session/b51075b2-8c0a-479c-bb1b-8502c8edba07/touch/perform[39m
[35m[HTTP][39m [90m{"actions":[{"action":"tap","options":{"element":"f56c77eb-30d8-48dd-8273-a6cf12d9c581","x":1,"y":1}}]}[39m
[35m[UiAutomator2][39m calling get location: f56c77eb-30d8-48dd-8273-a6cf12d9c581
[35m[HTTP][39m [37m<-- POST /wd/hub/session/b51075b2-8c0a-479c-bb1b-8502c8edba07/touch/perform [39m[32m200[39m [90m1410 ms - 76[39m
[35m[HTTP][39m [90m[39m
[35m[HTTP][39m [37m-->[39m [37mGET[39m [37m/wd/hub/session/b51075b2-8c0a-479c-bb1b-8502c8edba07/window/current/size[39m
[35m[HTTP][39m [90m{}[39m
[35m[W3C][39m Driver proxy active, passing request on via HTTP proxy
[35m[JSONWP Proxy][39m Replacing sessionId e9aabc9c-78e2-4399-9e46-a81804941878 with b51075b2-8c0a-479c-bb1b-8502c8edba07
[35m[HTTP][39m [37m<-- GET /wd/hub/session/b51075b2-8c0a-479c-bb1b-8502c8edba07/window/current/size [39m[32m200[39m [90m166 ms - 100[39m
[35m[HTTP][39m [90m[39m
[35m[HTTP][39m [37m-->[39m [37mPOST[39m [37m/wd/hub/session/b51075b2-8c0a-479c-bb1b-8502c8edba07/elements[39m
[35m[HTTP][39m [90m{"using":"-android uiautomator","value":"new UiSelector().className(\"android.widget.EditText\").text(\"Search location\").resourceId(\"com.safeboda.passenger:id/locationEditText\").instance(0)"}[39m
[35m[HTTP][39m [37m<-- POST /wd/hub/session/b51075b2-8c0a-479c-bb1b-8502c8edba07/elements [39m[32m200[39m [90m190 ms - 124[39m
[35m[HTTP][39m [90m[39m
[35m[HTTP][39m [37m-->[39m [37mGET[39m [37m/wd/hub/session/b51075b2-8c0a-479c-bb1b-8502c8edba07[39m
[35m[HTTP][39m [90m{}[39m
[35m[HTTP][39m [37m<-- GET /wd/hub/session/b51075b2-8c0a-479c-bb1b-8502c8edba07 [39m[32m200[39m [90m71 ms - 1202[39m
[35m[HTTP][39m [90m[39m
[35m[HTTP][39m [37m-->[39m [37mGET[39m [37m/wd/hub/session/b51075b2-8c0a-479c-bb1b-8502c8edba07[39m
[35m[HTTP][39m [90m{}[39m
[35m[HTTP][39m [37m<-- GET /wd/hub/session/b51075b2-8c0a-479c-bb1b-8502c8edba07 [39m[32m200[39m [90m81 ms - 1202[39m
[35m[HTTP][39m [90m[39m
[35m[HTTP][39m [37m-->[39m [37mGET[39m [37m/wd/hub/session/b51075b2-8c0a-479c-bb1b-8502c8edba07[39m
[35m[HTTP][39m [90m{}[39m
[35m[HTTP][39m [37m<-- GET /wd/hub/session/b51075b2-8c0a-479c-bb1b-8502c8edba07 [39m[32m200[39m [90m69 ms - 1202[39m
[35m[HTTP][39m [90m[39m
[35m[HTTP][39m [37m-->[39m [37mGET[39m [37m/wd/hub/session/b51075b2-8c0a-479c-bb1b-8502c8edba07[39m
[35m[HTTP][39m [90m{}[39m
[35m[HTTP][39m [37m<-- GET /wd/hub/session/b51075b2-8c0a-479c-bb1b-8502c8edba07 [39m[32m200[39m [90m38 ms - 1202[39m
[35m[HTTP][39m [90m[39m
[35m[HTTP][39m [37m-->[39m [37mGET[39m [37m/wd/hub/session/b51075b2-8c0a-479c-bb1b-8502c8edba07/element/3daaa7d6-70e6-4b13-a021-fb583b3f61ea/location[39m
[35m[HTTP][39m [90m{}[39m
[35m[W3C][39m Driver proxy active, passing request on via HTTP proxy
[35m[JSONWP Proxy][39m Replacing sessionId e9aabc9c-78e2-4399-9e46-a81804941878 with b51075b2-8c0a-479c-bb1b-8502c8edba07
[35m[HTTP][39m [37m<-- GET /wd/hub/session/b51075b2-8c0a-479c-bb1b-8502c8edba07/element/3daaa7d6-70e6-4b13-a021-fb583b3f61ea/location [39m[32m200[39m [90m59 ms - 89[39m
[35m[HTTP][39m [90m[39m
[35m[HTTP][39m [37m-->[39m [37mPOST[39m [37m/wd/hub/session/b51075b2-8c0a-479c-bb1b-8502c8edba07/touch/perform[39m
[35m[HTTP][39m [90m{"actions":[{"action":"tap","options":{"element":"3daaa7d6-70e6-4b13-a021-fb583b3f61ea","x":1,"y":1}}]}[39m
[35m[UiAutomator2][39m calling get location: 3daaa7d6-70e6-4b13-a021-fb583b3f61ea
[35m[HTTP][39m [37m<-- POST /wd/hub/session/b51075b2-8c0a-479c-bb1b-8502c8edba07/touch/perform [39m[32m200[39m [90m2441 ms - 76[39m
[35m[HTTP][39m [90m[39m
[35m[HTTP][39m [37m-->[39m [37mGET[39m [37m/wd/hub/session/b51075b2-8c0a-479c-bb1b-8502c8edba07/window/current/size[39m
[35m[HTTP][39m [90m{}[39m
[35m[W3C][39m Driver proxy active, passing request on via HTTP proxy
[35m[JSONWP Proxy][39m Replacing sessionId e9aabc9c-78e2-4399-9e46-a81804941878 with b51075b2-8c0a-479c-bb1b-8502c8edba07
[35m[HTTP][39m [37m<-- GET /wd/hub/session/b51075b2-8c0a-479c-bb1b-8502c8edba07/window/current/size [39m[32m200[39m [90m58 ms - 100[39m
[35m[HTTP][39m [90m[39m
[35m[HTTP][39m [37m-->[39m [37mPOST[39m [37m/wd/hub/session/b51075b2-8c0a-479c-bb1b-8502c8edba07/elements[39m
[35m[HTTP][39m [90m{"using":"-android uiautomator","value":"new UiSelector().className(\"android.widget.EditText\").text(\"Search location\").resourceId(\"com.safeboda.passenger:id/locationEditText\").instance(0)"}[39m
[35m[HTTP][39m [37m<-- POST /wd/hub/session/b51075b2-8c0a-479c-bb1b-8502c8edba07/elements [39m[32m200[39m [90m140 ms - 124[39m
[35m[HTTP][39m [90m[39m
[35m[HTTP][39m [37m-->[39m [37mGET[39m [37m/wd/hub/session/b51075b2-8c0a-479c-bb1b-8502c8edba07[39m
[35m[HTTP][39m [90m{}[39m
[35m[HTTP][39m [37m<-- GET /wd/hub/session/b51075b2-8c0a-479c-bb1b-8502c8edba07 [39m[32m200[39m [90m22 ms - 1202[39m
[35m[HTTP][39m [90m[39m
[35m[HTTP][39m [37m-->[39m [37mGET[39m [37m/wd/hub/session/b51075b2-8c0a-479c-bb1b-8502c8edba07[39m
[35m[HTTP][39m [90m{}[39m
[35m[HTTP][39m [37m<-- GET /wd/hub/session/b51075b2-8c0a-479c-bb1b-8502c8edba07 [39m[32m200[39m [90m142 ms - 1202[39m
[35m[HTTP][39m [90m[39m
[35m[HTTP][39m [37m-->[39m [37mGET[39m [37m/wd/hub/session/b51075b2-8c0a-479c-bb1b-8502c8edba07[39m
[35m[HTTP][39m [90m{}[39m
[35m[HTTP][39m [37m<-- GET /wd/hub/session/b51075b2-8c0a-479c-bb1b-8502c8edba07 [39m[32m200[39m [90m28 ms - 1202[39m
[35m[HTTP][39m [90m[39m
[35m[HTTP][39m [37m-->[39m [37mGET[39m [37m/wd/hub/session/b51075b2-8c0a-479c-bb1b-8502c8edba07[39m
[35m[HTTP][39m [90m{}[39m
[35m[HTTP][39m [37m<-- GET /wd/hub/session/b51075b2-8c0a-479c-bb1b-8502c8edba07 [39m[32m200[39m [90m41 ms - 1202[39m
[35m[HTTP][39m [90m[39m
[35m[HTTP][39m [37m-->[39m [37mGET[39m [37m/wd/hub/session/b51075b2-8c0a-479c-bb1b-8502c8edba07/element/eec9c8fb-e7f1-4c1d-9691-73d72b0a5163/location[39m
[35m[HTTP][39m [90m{}[39m
[35m[W3C][39m Driver proxy active, passing request on via HTTP proxy
[35m[JSONWP Proxy][39m Replacing sessionId e9aabc9c-78e2-4399-9e46-a81804941878 with b51075b2-8c0a-479c-bb1b-8502c8edba07
[35m[HTTP][39m [37m<-- GET /wd/hub/session/b51075b2-8c0a-479c-bb1b-8502c8edba07/element/eec9c8fb-e7f1-4c1d-9691-73d72b0a5163/location [39m[32m200[39m [90m53 ms - 89[39m
[35m[HTTP][39m [90m[39m
[35m[HTTP][39m [37m-->[39m [37mPOST[39m [37m/wd/hub/session/b51075b2-8c0a-479c-bb1b-8502c8edba07/element/eec9c8fb-e7f1-4c1d-9691-73d72b0a5163/value[39m
[35m[HTTP][39m [90m{"id":"eec9c8fb-e7f1-4c1d-9691-73d72b0a5163","value":["kama inn"]}[39m
[35m[HTTP][39m [37m<-- POST /wd/hub/session/b51075b2-8c0a-479c-bb1b-8502c8edba07/element/eec9c8fb-e7f1-4c1d-9691-73d72b0a5163/value [39m[32m200[39m [90m1233 ms - 74[39m
[35m[HTTP][39m [90m[39m
[35m[HTTP][39m [37m-->[39m [37mGET[39m [37m/wd/hub/session/b51075b2-8c0a-479c-bb1b-8502c8edba07/window/current/size[39m
[35m[HTTP][39m [90m{}[39m
[35m[W3C][39m Driver proxy active, passing request on via HTTP proxy
[35m[JSONWP Proxy][39m Replacing sessionId e9aabc9c-78e2-4399-9e46-a81804941878 with b51075b2-8c0a-479c-bb1b-8502c8edba07
[35m[HTTP][39m [37m<-- GET /wd/hub/session/b51075b2-8c0a-479c-bb1b-8502c8edba07/window/current/size [39m[32m200[39m [90m91 ms - 100[39m
[35m[HTTP][39m [90m[39m
[35m[HTTP][39m [37m-->[39m [37mPOST[39m [37m/wd/hub/session/b51075b2-8c0a-479c-bb1b-8502c8edba07/elements[39m
[35m[HTTP][39m [90m{"using":"-android uiautomator","value":"new UiSelector().className(\"android.view.ViewGroup\").instance(5)"}[39m
[35m[HTTP][39m [37m<-- POST /wd/hub/session/b51075b2-8c0a-479c-bb1b-8502c8edba07/elements [39m[32m200[39m [90m1957 ms - 124[39m
[35m[HTTP][39m [90m[39m
[35m[HTTP][39m [37m-->[39m [37mGET[39m [37m/wd/hub/session/b51075b2-8c0a-479c-bb1b-8502c8edba07[39m
[35m[HTTP][39m [90m{}[39m
[35m[HTTP][39m [37m<-- GET /wd/hub/session/b51075b2-8c0a-479c-bb1b-8502c8edba07 [39m[32m200[39m [90m38 ms - 1202[39m
[35m[HTTP][39m [90m[39m
[35m[HTTP][39m [37m-->[39m [37mGET[39m [37m/wd/hub/session/b51075b2-8c0a-479c-bb1b-8502c8edba07[39m
[35m[HTTP][39m [90m{}[39m
[35m[HTTP][39m [37m<-- GET /wd/hub/session/b51075b2-8c0a-479c-bb1b-8502c8edba07 [39m[32m200[39m [90m25 ms - 1202[39m
[35m[HTTP][39m [90m[39m
[35m[HTTP][39m [37m-->[39m [37mGET[39m [37m/wd/hub/session/b51075b2-8c0a-479c-bb1b-8502c8edba07[39m
[35m[HTTP][39m [90m{}[39m
[35m[HTTP][39m [37m<-- GET /wd/hub/session/b51075b2-8c0a-479c-bb1b-8502c8edba07 [39m[32m200[39m [90m59 ms - 1202[39m
[35m[HTTP][39m [90m[39m
[35m[HTTP][39m [37m-->[39m [37mGET[39m [37m/wd/hub/session/b51075b2-8c0a-479c-bb1b-8502c8edba07[39m
[35m[HTTP][39m [90m{}[39m
[35m[HTTP][39m [37m<-- GET /wd/hub/session/b51075b2-8c0a-479c-bb1b-8502c8edba07 [39m[32m200[39m [90m158 ms - 1202[39m
[35m[HTTP][39m [90m[39m
[35m[HTTP][39m [37m-->[39m [37mGET[39m [37m/wd/hub/session/b51075b2-8c0a-479c-bb1b-8502c8edba07/element/51780c3f-ac43-4b1e-bf8c-68dcd7a850f6/location[39m
[35m[HTTP][39m [90m{}[39m
[35m[W3C][39m Driver proxy active, passing request on via HTTP proxy
[35m[JSONWP Proxy][39m Replacing sessionId e9aabc9c-78e2-4399-9e46-a81804941878 with b51075b2-8c0a-479c-bb1b-8502c8edba07
[35m[HTTP][39m [37m<-- GET /wd/hub/session/b51075b2-8c0a-479c-bb1b-8502c8edba07/element/51780c3f-ac43-4b1e-bf8c-68dcd7a850f6/location [39m[32m200[39m [90m329 ms - 88[39m
[35m[HTTP][39m [90m[39m
[35m[HTTP][39m [37m-->[39m [37mPOST[39m [37m/wd/hub/session/b51075b2-8c0a-479c-bb1b-8502c8edba07/touch/perform[39m
[35m[HTTP][39m [90m{"actions":[{"action":"tap","options":{"element":"51780c3f-ac43-4b1e-bf8c-68dcd7a850f6","x":1,"y":1}}]}[39m
[35m[UiAutomator2][39m calling get location: 51780c3f-ac43-4b1e-bf8c-68dcd7a850f6
[35m[HTTP][39m [37m<-- POST /wd/hub/session/b51075b2-8c0a-479c-bb1b-8502c8edba07/touch/perform [39m[32m200[39m [90m2833 ms - 76[39m
[35m[HTTP][39m [90m[39m
[35m[HTTP][39m [37m-->[39m [37mGET[39m [37m/wd/hub/session/b51075b2-8c0a-479c-bb1b-8502c8edba07/window/current/size[39m
[35m[HTTP][39m [90m{}[39m
[35m[W3C][39m Driver proxy active, passing request on via HTTP proxy
[35m[JSONWP Proxy][39m Replacing sessionId e9aabc9c-78e2-4399-9e46-a81804941878 with b51075b2-8c0a-479c-bb1b-8502c8edba07
[35m[HTTP][39m [37m<-- GET /wd/hub/session/b51075b2-8c0a-479c-bb1b-8502c8edba07/window/current/size [39m[32m200[39m [90m324 ms - 100[39m
[35m[HTTP][39m [90m[39m
[35m[HTTP][39m [37m-->[39m [37mPOST[39m [37m/wd/hub/session/b51075b2-8c0a-479c-bb1b-8502c8edba07/elements[39m
[35m[HTTP][39m [90m{"using":"-android uiautomator","value":"new UiSelector().className(\"android.widget.RadioButton\").resourceId(\"com.safeboda.passenger:id/cashRadioButton\").instance(1)"}[39m
[35m[HTTP][39m [37m<-- POST /wd/hub/session/b51075b2-8c0a-479c-bb1b-8502c8edba07/elements [39m[32m200[39m [90m224 ms - 124[39m
[35m[HTTP][39m [90m[39m
[35m[HTTP][39m [37m-->[39m [37mGET[39m [37m/wd/hub/session/b51075b2-8c0a-479c-bb1b-8502c8edba07[39m
[35m[HTTP][39m [90m{}[39m
[35m[HTTP][39m [37m<-- GET /wd/hub/session/b51075b2-8c0a-479c-bb1b-8502c8edba07 [39m[32m200[39m [90m41 ms - 1202[39m
[35m[HTTP][39m [90m[39m
[35m[HTTP][39m [37m-->[39m [37mGET[39m [37m/wd/hub/session/b51075b2-8c0a-479c-bb1b-8502c8edba07[39m
[35m[HTTP][39m [90m{}[39m
[35m[HTTP][39m [37m<-- GET /wd/hub/session/b51075b2-8c0a-479c-bb1b-8502c8edba07 [39m[32m200[39m [90m34 ms - 1202[39m
[35m[HTTP][39m [90m[39m
[35m[HTTP][39m [37m-->[39m [37mGET[39m [37m/wd/hub/session/b51075b2-8c0a-479c-bb1b-8502c8edba07[39m
[35m[HTTP][39m [90m{}[39m
[35m[HTTP][39m [37m<-- GET /wd/hub/session/b51075b2-8c0a-479c-bb1b-8502c8edba07 [39m[32m200[39m [90m22 ms - 1202[39m
[35m[HTTP][39m [90m[39m
[35m[HTTP][39m [37m-->[39m [37mGET[39m [37m/wd/hub/session/b51075b2-8c0a-479c-bb1b-8502c8edba07[39m
[35m[HTTP][39m [90m{}[39m
[35m[HTTP][39m [37m<-- GET /wd/hub/session/b51075b2-8c0a-479c-bb1b-8502c8edba07 [39m[32m200[39m [90m30 ms - 1202[39m
[35m[HTTP][39m [90m[39m
[35m[HTTP][39m [37m-->[39m [37mGET[39m [37m/wd/hub/session/b51075b2-8c0a-479c-bb1b-8502c8edba07/element/6a07e394-52ce-4ef8-9826-5d0a3f21ae08/location[39m
[35m[HTTP][39m [90m{}[39m
[35m[W3C][39m Driver proxy active, passing request on via HTTP proxy
[35m[JSONWP Proxy][39m Replacing sessionId e9aabc9c-78e2-4399-9e46-a81804941878 with b51075b2-8c0a-479c-bb1b-8502c8edba07
[35m[HTTP][39m [37m<-- GET /wd/hub/session/b51075b2-8c0a-479c-bb1b-8502c8edba07/element/6a07e394-52ce-4ef8-9826-5d0a3f21ae08/location [39m[32m200[39m [90m159 ms - 89[39m
[35m[HTTP][39m [90m[39m
[35m[HTTP][39m [37m-->[39m [37mPOST[39m [37m/wd/hub/session/b51075b2-8c0a-479c-bb1b-8502c8edba07/touch/perform[39m
[35m[HTTP][39m [90m{"actions":[{"action":"tap","options":{"element":"6a07e394-52ce-4ef8-9826-5d0a3f21ae08","x":1,"y":1}}]}[39m
[35m[UiAutomator2][39m calling get location: 6a07e394-52ce-4ef8-9826-5d0a3f21ae08
[35m[HTTP][39m [37m<-- POST /wd/hub/session/b51075b2-8c0a-479c-bb1b-8502c8edba07/touch/perform [39m[32m200[39m [90m1004 ms - 76[39m
[35m[HTTP][39m [90m[39m
[35m[HTTP][39m [37m-->[39m [37mGET[39m [37m/wd/hub/session/b51075b2-8c0a-479c-bb1b-8502c8edba07/window/current/size[39m
[35m[HTTP][39m [90m{}[39m
[35m[W3C][39m Driver proxy active, passing request on via HTTP proxy
[35m[JSONWP Proxy][39m Replacing sessionId e9aabc9c-78e2-4399-9e46-a81804941878 with b51075b2-8c0a-479c-bb1b-8502c8edba07
[35m[HTTP][39m [37m<-- GET /wd/hub/session/b51075b2-8c0a-479c-bb1b-8502c8edba07/window/current/size [39m[32m200[39m [90m62 ms - 100[39m
[35m[HTTP][39m [90m[39m
[35m[HTTP][39m [37m-->[39m [37mPOST[39m [37m/wd/hub/session/b51075b2-8c0a-479c-bb1b-8502c8edba07/elements[39m
[35m[HTTP][39m [90m{"using":"-android uiautomator","value":"new UiSelector().className(\"android.widget.Button\").text(\"REQUEST\").resourceId(\"com.safeboda.passenger:id/requestButton\").instance(0)"}[39m
[35m[HTTP][39m [37m<-- POST /wd/hub/session/b51075b2-8c0a-479c-bb1b-8502c8edba07/elements [39m[32m200[39m [90m230 ms - 124[39m
[35m[HTTP][39m [90m[39m
[35m[HTTP][39m [37m-->[39m [37mGET[39m [37m/wd/hub/session/b51075b2-8c0a-479c-bb1b-8502c8edba07[39m
[35m[HTTP][39m [90m{}[39m
[35m[HTTP][39m [37m<-- GET /wd/hub/session/b51075b2-8c0a-479c-bb1b-8502c8edba07 [39m[32m200[39m [90m44 ms - 1202[39m
[35m[HTTP][39m [90m[39m
[35m[HTTP][39m [37m-->[39m [37mGET[39m [37m/wd/hub/session/b51075b2-8c0a-479c-bb1b-8502c8edba07[39m
[35m[HTTP][39m [90m{}[39m
[35m[HTTP][39m [37m<-- GET /wd/hub/session/b51075b2-8c0a-479c-bb1b-8502c8edba07 [39m[32m200[39m [90m31 ms - 1202[39m
[35m[HTTP][39m [90m[39m
[35m[HTTP][39m [37m-->[39m [37mGET[39m [37m/wd/hub/session/b51075b2-8c0a-479c-bb1b-8502c8edba07[39m
[35m[HTTP][39m [90m{}[39m
[35m[HTTP][39m [37m<-- GET /wd/hub/session/b51075b2-8c0a-479c-bb1b-8502c8edba07 [39m[32m200[39m [90m25 ms - 1202[39m
[35m[HTTP][39m [90m[39m
[35m[HTTP][39m [37m-->[39m [37mGET[39m [37m/wd/hub/session/b51075b2-8c0a-479c-bb1b-8502c8edba07[39m
[35m[HTTP][39m [90m{}[39m
[35m[HTTP][39m [37m<-- GET /wd/hub/session/b51075b2-8c0a-479c-bb1b-8502c8edba07 [39m[32m200[39m [90m38 ms - 1202[39m
[35m[HTTP][39m [90m[39m
[35m[HTTP][39m [37m-->[39m [37mGET[39m [37m/wd/hub/session/b51075b2-8c0a-479c-bb1b-8502c8edba07/element/fa0fd0f9-fdce-48f7-a85d-17f81cbcef73/location[39m
[35m[HTTP][39m [90m{}[39m
[35m[W3C][39m Driver proxy active, passing request on via HTTP proxy
[35m[JSONWP Proxy][39m Replacing sessionId e9aabc9c-78e2-4399-9e46-a81804941878 with b51075b2-8c0a-479c-bb1b-8502c8edba07
[35m[HTTP][39m [37m<-- GET /wd/hub/session/b51075b2-8c0a-479c-bb1b-8502c8edba07/element/fa0fd0f9-fdce-48f7-a85d-17f81cbcef73/location [39m[32m200[39m [90m129 ms - 89[39m
[35m[HTTP][39m [90m[39m
[35m[HTTP][39m [37m-->[39m [37mPOST[39m [37m/wd/hub/session/b51075b2-8c0a-479c-bb1b-8502c8edba07/touch/perform[39m
[35m[HTTP][39m [90m{"actions":[{"action":"tap","options":{"element":"fa0fd0f9-fdce-48f7-a85d-17f81cbcef73","x":1,"y":1}}]}[39m
[35m[UiAutomator2][39m calling get location: fa0fd0f9-fdce-48f7-a85d-17f81cbcef73
[35m[HTTP][39m [37m<-- POST /wd/hub/session/b51075b2-8c0a-479c-bb1b-8502c8edba07/touch/perform [39m[32m200[39m [90m3301 ms - 76[39m
[35m[HTTP][39m [90m[39m
[35m[HTTP][39m [37m-->[39m [37mGET[39m [37m/wd/hub/session/b51075b2-8c0a-479c-bb1b-8502c8edba07/window/current/size[39m
[35m[HTTP][39m [90m{}[39m
[35m[W3C][39m Driver proxy active, passing request on via HTTP proxy
[35m[JSONWP Proxy][39m Replacing sessionId e9aabc9c-78e2-4399-9e46-a81804941878 with b51075b2-8c0a-479c-bb1b-8502c8edba07
[35m[HTTP][39m [37m<-- GET /wd/hub/session/b51075b2-8c0a-479c-bb1b-8502c8edba07/window/current/size [39m[32m200[39m [90m85 ms - 100[39m
[35m[HTTP][39m [90m[39m
[35m[HTTP][39m [37m-->[39m [37mPOST[39m [37m/wd/hub/session/b51075b2-8c0a-479c-bb1b-8502c8edba07/elements[39m
[35m[HTTP][39m [90m{"using":"-android uiautomator","value":"new UiSelector().className(\"android.widget.ImageButton\").instance(0)"}[39m
[35m[HTTP][39m [37m<-- POST /wd/hub/session/b51075b2-8c0a-479c-bb1b-8502c8edba07/elements [39m[32m200[39m [90m134 ms - 124[39m
[35m[HTTP][39m [90m[39m
[35m[HTTP][39m [37m-->[39m [37mGET[39m [37m/wd/hub/session/b51075b2-8c0a-479c-bb1b-8502c8edba07[39m
[35m[HTTP][39m [90m{}[39m
[35m[HTTP][39m [37m<-- GET /wd/hub/session/b51075b2-8c0a-479c-bb1b-8502c8edba07 [39m[32m200[39m [90m28 ms - 1202[39m
[35m[HTTP][39m [90m[39m
[35m[HTTP][39m [37m-->[39m [37mGET[39m [37m/wd/hub/session/b51075b2-8c0a-479c-bb1b-8502c8edba07[39m
[35m[HTTP][39m [90m{}[39m
[35m[HTTP][39m [37m<-- GET /wd/hub/session/b51075b2-8c0a-479c-bb1b-8502c8edba07 [39m[32m200[39m [90m30 ms - 1202[39m
[35m[HTTP][39m [90m[39m
[35m[HTTP][39m [37m-->[39m [37mGET[39m [37m/wd/hub/session/b51075b2-8c0a-479c-bb1b-8502c8edba07[39m
[35m[HTTP][39m [90m{}[39m
[35m[HTTP][39m [37m<-- GET /wd/hub/session/b51075b2-8c0a-479c-bb1b-8502c8edba07 [39m[32m200[39m [90m33 ms - 1202[39m
[35m[HTTP][39m [90m[39m
[35m[HTTP][39m [37m-->[39m [37mGET[39m [37m/wd/hub/session/b51075b2-8c0a-479c-bb1b-8502c8edba07[39m
[35m[HTTP][39m [90m{}[39m
[35m[HTTP][39m [37m<-- GET /wd/hub/session/b51075b2-8c0a-479c-bb1b-8502c8edba07 [39m[32m200[39m [90m27 ms - 1202[39m
[35m[HTTP][39m [90m[39m
[35m[HTTP][39m [37m-->[39m [37mGET[39m [37m/wd/hub/session/b51075b2-8c0a-479c-bb1b-8502c8edba07/element/5d184fe7-2f06-4dd5-bf4f-8142bc507454/location[39m
[35m[HTTP][39m [90m{}[39m
[35m[W3C][39m Driver proxy active, passing request on via HTTP proxy
[35m[JSONWP Proxy][39m Replacing sessionId e9aabc9c-78e2-4399-9e46-a81804941878 with b51075b2-8c0a-479c-bb1b-8502c8edba07
[35m[HTTP][39m [37m<-- GET /wd/hub/session/b51075b2-8c0a-479c-bb1b-8502c8edba07/element/5d184fe7-2f06-4dd5-bf4f-8142bc507454/location [39m[32m200[39m [90m48 ms - 86[39m
[35m[HTTP][39m [90m[39m
[35m[HTTP][39m [37m-->[39m [37mPOST[39m [37m/wd/hub/session/b51075b2-8c0a-479c-bb1b-8502c8edba07/touch/perform[39m
[35m[HTTP][39m [90m{"actions":[{"action":"tap","options":{"element":"5d184fe7-2f06-4dd5-bf4f-8142bc507454","x":1,"y":1}}]}[39m
[35m[UiAutomator2][39m calling get location: 5d184fe7-2f06-4dd5-bf4f-8142bc507454
[35m[HTTP][39m [37m<-- POST /wd/hub/session/b51075b2-8c0a-479c-bb1b-8502c8edba07/touch/perform [39m[32m200[39m [90m875 ms - 76[39m
[35m[HTTP][39m [90m[39m
[35m[HTTP][39m [37m-->[39m [37mDELETE[39m [37m/wd/hub/session/b51075b2-8c0a-479c-bb1b-8502c8edba07[39m
[35m[HTTP][39m [90m{}[39m
[35m[Appium][39m Removing session b51075b2-8c0a-479c-bb1b-8502c8edba07 from our master session list
[35m[HTTP][39m [37m<-- DELETE /wd/hub/session/b51075b2-8c0a-479c-bb1b-8502c8edba07 [39m[32m200[39m [90m1832 ms - 76[39m
[35m[HTTP][39m [90m[39m
