[35m[Appium][39m Welcome to Appium v1.8.1
[35m[Appium][39m Non-default server args:
[35m[Appium][39m   port: 64409
[35m[Appium][39m   loglevel: info
[35m[Appium][39m   chromeDriverPort: 64411
[35m[Appium][39m   tmpDir: C:\Users\denni\AppData\Local\Temp\\Katalon\Appium\Temp1552125459125
[35m[Appium][39m Appium REST http interface listener started on 0.0.0.0:64409
[35m[HTTP][39m [37m-->[39m [37mGET[39m [37m/wd/hub/status[39m
[35m[HTTP][39m [90m{}[39m
[35m[HTTP][39m [37m<-- GET /wd/hub/status [39m[32m200[39m [90m9 ms - 83[39m
[35m[HTTP][39m [90m[39m
[35m[HTTP][39m [37m-->[39m [37mPOST[39m [37m/wd/hub/session[39m
[35m[HTTP][39m [90m{"desiredCapabilities":{"app":"C:\\Users\\denni\\OneDrive\\Desktop\\SafeBoda\\app-passenger.apk","autoGrantPermissions":true,"automationName":"uiautomator2","deviceName":"CUBOT CUBOT NOTE Plus (Android 7.0)","fullReset":false,"newCommandTimeout":1800,"noReset":true,"platform":"ANDROID","platformName":"Android","udid":"C509XXBH81110634"},"capabilities":{"desiredCapabilities":{"app":"C:\\Users\\denni\\OneDrive\\Desktop\\SafeBoda\\app-passenger.apk","autoGrantPermissions":true,"automationName":"uiautomator2","deviceName":"CUBOT CUBOT NOTE Plus (Android 7.0)","fullReset":false,"newCommandTimeout":1800,"noReset":true,"platform":"ANDROID","platformName":"Android","udid":"C509XXBH81110634"},"firstMatch":[{"platformName":"android"}]}}[39m
[35m[Appium][39m Could not parse W3C capabilities: 'deviceName' can't be blank. Falling back to JSONWP protocol.
[35m[Appium][39m The following capabilities were provided in the JSONWP desired capabilities that are missing in W3C capabilities: ["app","autoGrantPermissions","automationName","deviceName","fullReset","newCommandTimeout","noReset","platform","platformName","udid"]. Falling back to JSONWP protocol.
[35m[Appium][39m Creating new AndroidUiautomator2Driver (v1.12.0) session
[35m[Appium][39m Capabilities:
[35m[Appium][39m   app: C:\Users\denni\OneDrive\Desktop\SafeBoda\app-passenger.apk
[35m[Appium][39m   autoGrantPermissions: true
[35m[Appium][39m   automationName: uiautomator2
[35m[Appium][39m   deviceName: CUBOT CUBOT NOTE Plus (Android 7.0)
[35m[Appium][39m   fullReset: false
[35m[Appium][39m   newCommandTimeout: 1800
[35m[Appium][39m   noReset: true
[35m[Appium][39m   platform: ANDROID
[35m[Appium][39m   platformName: Android
[35m[Appium][39m   udid: C509XXBH81110634
[35m[BaseDriver][39m The following capabilities were provided, but are not recognized by appium: platform.
[35m[BaseDriver][39m Session created with session id: ac9e2951-2d3c-4c4b-842f-90345662a99d
[35m[BaseDriver][39m Using local app 'C:\Users\denni\OneDrive\Desktop\SafeBoda\app-passenger.apk'
[35m[AndroidDriver][39m Java version is: 1.8.0_181
[35m[ADB][39m Checking whether adb is present
[35m[ADB][39m Found 1 'build-tools' folders under 'C:\Users\denni\.katalon\tools\android_sdk' (newest first):
[35m[ADB][39m     C:/Users/denni/.katalon/tools/android_sdk/build-tools/28.0.3
[35m[ADB][39m Using adb.exe from C:\Users\denni\.katalon\tools\android_sdk\platform-tools\adb.exe
[35m[AndroidDriver][39m Retrieving device list
[35m[AndroidDriver][39m Using device: C509XXBH81110634
[35m[ADB][39m Using the alternative activity name detection method because of: Could not find apkanalyzer.bat in C:\Users\denni\.katalon\tools\android_sdk\platform-tools\apkanalyzer.bat,C:\Users\denni\.katalon\tools\android_sdk\emulator\apkanalyzer.bat,C:\Users\denni\.katalon\tools\android_sdk\tools\apkanalyzer.bat,C:\Users\denni\.katalon\tools\android_sdk\tools\bin\apkanalyzer.bat,C:\Users\denni\.katalon\tools\android_sdk\build-tools\28.0.3\apkanalyzer.bat. Do you have the Android SDK installed at 'C:\Users\denni\.katalon\tools\android_sdk'?
[35m[ADB][39m Checking whether aapt is present
[35m[ADB][39m Using aapt.exe from C:\Users\denni\.katalon\tools\android_sdk\build-tools\28.0.3\aapt.exe
[35m[ADB][39m Extracting package and launch activity from manifest
[35m[ADB][39m Package name: 'com.safeboda.passenger'
[35m[ADB][39m Main activity name: 'com.safeboda.passenger.start.StartActivity'
[35m[ADB][39m Getting device platform version
[35m[ADB][39m Using apksigner.bat from C:\Users\denni\.katalon\tools\android_sdk\build-tools\28.0.3\apksigner.bat
[35m[ADB][39m Checking whether zipalign is present
[35m[ADB][39m Using zipalign.exe from C:\Users\denni\.katalon\tools\android_sdk\build-tools\28.0.3\zipalign.exe
[35m[ADB][39m io.appium.uiautomator2.server was successfully uninstalled
[35m[ADB][39m io.appium.uiautomator2.server.test was successfully uninstalled
[35m[AndroidDriver][39m setDeviceLanguageCountry requires language or country.
[35m[AndroidDriver][39m Got language: 'null' and country: 'null'
[35m[ADB][39m Successfully extracted 678 strings from 'C:\Users\denni\OneDrive\Desktop\SafeBoda\app-passenger.apk' resources for '(default)' configuration
[35m[UiAutomator2][39m Starting uiautomator2 server 1.12.0
[35m[UiAutomator2][39m Using UIAutomator2 server from 'C:\Users\denni\AppData\Roaming\npm\node_modules\appium\node_modules\appium-uiautomator2-server\apks\appium-uiautomator2-server-v1.12.0.apk' and test from 'C:\Users\denni\AppData\Roaming\npm\node_modules\appium\node_modules\appium-uiautomator2-server\apks\appium-uiautomator2-server-debug-androidTest.apk'
[35m[UiAutomator2][39m Running command: 'adb -s C509XXBH81110634 shell am instrument -w io.appium.uiautomator2.server.test/android.support.test.runner.AndroidJUnitRunner'
[35m[UiAutomator2][39m Waiting up to 20000ms for UiAutomator2 to be online...
[35m[AndroidDriver][39m Screen already unlocked, doing nothing
[35m[UiAutomator2][39m UiAutomator2 did not start the activity we were waiting for, 'com.safeboda.passenger/com.safeboda.passenger.start.StartActivity'. Starting it ourselves
[35m[Appium][39m New AndroidUiautomator2Driver session created successfully, session ac9e2951-2d3c-4c4b-842f-90345662a99d added to master session list
[35m[HTTP][39m [37m<-- POST /wd/hub/session [39m[32m200[39m [90m35867 ms - 1200[39m
[35m[HTTP][39m [90m[39m
[35m[HTTP][39m [37m-->[39m [37mGET[39m [37m/wd/hub/status[39m
[35m[HTTP][39m [90m{}[39m
[35m[HTTP][39m [37m<-- GET /wd/hub/status [39m[32m200[39m [90m5 ms - 55[39m
[35m[HTTP][39m [90m[39m
[35m[HTTP][39m [37m-->[39m [37mPOST[39m [37m/wd/hub/session/ac9e2951-2d3c-4c4b-842f-90345662a99d/timeouts[39m
[35m[HTTP][39m [90m{"type":"implicit","ms":30000}[39m
[35m[HTTP][39m [37m<-- POST /wd/hub/session/ac9e2951-2d3c-4c4b-842f-90345662a99d/timeouts [39m[33m400[39m [90m20 ms - 5204[39m
[35m[HTTP][39m [90m[39m
[35m[HTTP][39m [37m-->[39m [37mGET[39m [37m/wd/hub/session/ac9e2951-2d3c-4c4b-842f-90345662a99d/window/current/size[39m
[35m[HTTP][39m [90m{}[39m
[35m[W3C][39m Driver proxy active, passing request on via HTTP proxy
[35m[JSONWP Proxy][39m Replacing sessionId e237d12a-7b15-41f1-afc0-b110b1723846 with ac9e2951-2d3c-4c4b-842f-90345662a99d
[35m[HTTP][39m [37m<-- GET /wd/hub/session/ac9e2951-2d3c-4c4b-842f-90345662a99d/window/current/size [39m[32m200[39m [90m169 ms - 100[39m
[35m[HTTP][39m [90m[39m
[35m[HTTP][39m [37m-->[39m [37mPOST[39m [37m/wd/hub/session/ac9e2951-2d3c-4c4b-842f-90345662a99d/elements[39m
[35m[HTTP][39m [90m{"using":"-android uiautomator","value":"new UiSelector().className(\"android.widget.EditText\").text(\"Search location\").resourceId(\"com.safeboda.passenger:id/locationEditText\").instance(0)"}[39m
[35m[HTTP][39m [37m<-- POST /wd/hub/session/ac9e2951-2d3c-4c4b-842f-90345662a99d/elements [39m[32m200[39m [90m262 ms - 74[39m
[35m[HTTP][39m [90m[39m
[35m[HTTP][39m [37m-->[39m [37mPOST[39m [37m/wd/hub/session/ac9e2951-2d3c-4c4b-842f-90345662a99d/elements[39m
[35m[HTTP][39m [90m{"using":"-android uiautomator","value":"new UiSelector().className(\"android.widget.EditText\").text(\"Search location\").resourceId(\"com.safeboda.passenger:id/locationEditText\").instance(0)"}[39m
[35m[HTTP][39m [37m<-- POST /wd/hub/session/ac9e2951-2d3c-4c4b-842f-90345662a99d/elements [39m[32m200[39m [90m2748 ms - 124[39m
[35m[HTTP][39m [90m[39m
[35m[HTTP][39m [37m-->[39m [37mGET[39m [37m/wd/hub/session/ac9e2951-2d3c-4c4b-842f-90345662a99d[39m
[35m[HTTP][39m [90m{}[39m
[35m[HTTP][39m [37m<-- GET /wd/hub/session/ac9e2951-2d3c-4c4b-842f-90345662a99d [39m[32m200[39m [90m23 ms - 1200[39m
[35m[HTTP][39m [90m[39m
[35m[HTTP][39m [37m-->[39m [37mGET[39m [37m/wd/hub/session/ac9e2951-2d3c-4c4b-842f-90345662a99d[39m
[35m[HTTP][39m [90m{}[39m
[35m[HTTP][39m [37m<-- GET /wd/hub/session/ac9e2951-2d3c-4c4b-842f-90345662a99d [39m[32m200[39m [90m30 ms - 1200[39m
[35m[HTTP][39m [90m[39m
[35m[HTTP][39m [37m-->[39m [37mGET[39m [37m/wd/hub/session/ac9e2951-2d3c-4c4b-842f-90345662a99d[39m
[35m[HTTP][39m [90m{}[39m
[35m[HTTP][39m [37m<-- GET /wd/hub/session/ac9e2951-2d3c-4c4b-842f-90345662a99d [39m[32m200[39m [90m19 ms - 1200[39m
[35m[HTTP][39m [90m[39m
[35m[HTTP][39m [37m-->[39m [37mGET[39m [37m/wd/hub/session/ac9e2951-2d3c-4c4b-842f-90345662a99d[39m
[35m[HTTP][39m [90m{}[39m
[35m[HTTP][39m [37m<-- GET /wd/hub/session/ac9e2951-2d3c-4c4b-842f-90345662a99d [39m[32m200[39m [90m23 ms - 1200[39m
[35m[HTTP][39m [90m[39m
[35m[HTTP][39m [37m-->[39m [37mGET[39m [37m/wd/hub/session/ac9e2951-2d3c-4c4b-842f-90345662a99d/element/2991e995-fca6-4ce5-a1e9-b0235d86b518/location[39m
[35m[HTTP][39m [90m{}[39m
[35m[W3C][39m Driver proxy active, passing request on via HTTP proxy
[35m[JSONWP Proxy][39m Replacing sessionId e237d12a-7b15-41f1-afc0-b110b1723846 with ac9e2951-2d3c-4c4b-842f-90345662a99d
[35m[HTTP][39m [37m<-- GET /wd/hub/session/ac9e2951-2d3c-4c4b-842f-90345662a99d/element/2991e995-fca6-4ce5-a1e9-b0235d86b518/location [39m[32m200[39m [90m49 ms - 89[39m
[35m[HTTP][39m [90m[39m
[35m[HTTP][39m [37m-->[39m [37mPOST[39m [37m/wd/hub/session/ac9e2951-2d3c-4c4b-842f-90345662a99d/touch/perform[39m
[35m[HTTP][39m [90m{"actions":[{"action":"tap","options":{"element":"2991e995-fca6-4ce5-a1e9-b0235d86b518","x":1,"y":1}}]}[39m
[35m[UiAutomator2][39m calling get location: 2991e995-fca6-4ce5-a1e9-b0235d86b518
[35m[HTTP][39m [37m<-- POST /wd/hub/session/ac9e2951-2d3c-4c4b-842f-90345662a99d/touch/perform [39m[32m200[39m [90m1155 ms - 76[39m
[35m[HTTP][39m [90m[39m
[35m[HTTP][39m [37m-->[39m [37mGET[39m [37m/wd/hub/session/ac9e2951-2d3c-4c4b-842f-90345662a99d/window/current/size[39m
[35m[HTTP][39m [90m{}[39m
[35m[W3C][39m Driver proxy active, passing request on via HTTP proxy
[35m[JSONWP Proxy][39m Replacing sessionId e237d12a-7b15-41f1-afc0-b110b1723846 with ac9e2951-2d3c-4c4b-842f-90345662a99d
[35m[HTTP][39m [37m<-- GET /wd/hub/session/ac9e2951-2d3c-4c4b-842f-90345662a99d/window/current/size [39m[32m200[39m [90m42 ms - 100[39m
[35m[HTTP][39m [90m[39m
[35m[HTTP][39m [37m-->[39m [37mPOST[39m [37m/wd/hub/session/ac9e2951-2d3c-4c4b-842f-90345662a99d/elements[39m
[35m[HTTP][39m [90m{"using":"-android uiautomator","value":"new UiSelector().className(\"android.widget.EditText\").text(\"Search location\").resourceId(\"com.safeboda.passenger:id/locationEditText\").instance(0)"}[39m
[35m[HTTP][39m [37m<-- POST /wd/hub/session/ac9e2951-2d3c-4c4b-842f-90345662a99d/elements [39m[32m200[39m [90m123 ms - 124[39m
[35m[HTTP][39m [90m[39m
[35m[HTTP][39m [37m-->[39m [37mGET[39m [37m/wd/hub/session/ac9e2951-2d3c-4c4b-842f-90345662a99d[39m
[35m[HTTP][39m [90m{}[39m
[35m[HTTP][39m [37m<-- GET /wd/hub/session/ac9e2951-2d3c-4c4b-842f-90345662a99d [39m[32m200[39m [90m20 ms - 1200[39m
[35m[HTTP][39m [90m[39m
[35m[HTTP][39m [37m-->[39m [37mGET[39m [37m/wd/hub/session/ac9e2951-2d3c-4c4b-842f-90345662a99d[39m
[35m[HTTP][39m [90m{}[39m
[35m[HTTP][39m [37m<-- GET /wd/hub/session/ac9e2951-2d3c-4c4b-842f-90345662a99d [39m[32m200[39m [90m26 ms - 1200[39m
[35m[HTTP][39m [90m[39m
[35m[HTTP][39m [37m-->[39m [37mGET[39m [37m/wd/hub/session/ac9e2951-2d3c-4c4b-842f-90345662a99d[39m
[35m[HTTP][39m [90m{}[39m
[35m[HTTP][39m [37m<-- GET /wd/hub/session/ac9e2951-2d3c-4c4b-842f-90345662a99d [39m[32m200[39m [90m18 ms - 1200[39m
[35m[HTTP][39m [90m[39m
[35m[HTTP][39m [37m-->[39m [37mGET[39m [37m/wd/hub/session/ac9e2951-2d3c-4c4b-842f-90345662a99d[39m
[35m[HTTP][39m [90m{}[39m
[35m[HTTP][39m [37m<-- GET /wd/hub/session/ac9e2951-2d3c-4c4b-842f-90345662a99d [39m[32m200[39m [90m21 ms - 1200[39m
[35m[HTTP][39m [90m[39m
[35m[HTTP][39m [37m-->[39m [37mGET[39m [37m/wd/hub/session/ac9e2951-2d3c-4c4b-842f-90345662a99d/element/6b89f31b-db4c-41c2-90bf-a6fc8da45f90/location[39m
[35m[HTTP][39m [90m{}[39m
[35m[W3C][39m Driver proxy active, passing request on via HTTP proxy
[35m[JSONWP Proxy][39m Replacing sessionId e237d12a-7b15-41f1-afc0-b110b1723846 with ac9e2951-2d3c-4c4b-842f-90345662a99d
[35m[HTTP][39m [37m<-- GET /wd/hub/session/ac9e2951-2d3c-4c4b-842f-90345662a99d/element/6b89f31b-db4c-41c2-90bf-a6fc8da45f90/location [39m[32m200[39m [90m53 ms - 89[39m
[35m[HTTP][39m [90m[39m
[35m[HTTP][39m [37m-->[39m [37mPOST[39m [37m/wd/hub/session/ac9e2951-2d3c-4c4b-842f-90345662a99d/touch/perform[39m
[35m[HTTP][39m [90m{"actions":[{"action":"tap","options":{"element":"6b89f31b-db4c-41c2-90bf-a6fc8da45f90","x":1,"y":1}}]}[39m
[35m[UiAutomator2][39m calling get location: 6b89f31b-db4c-41c2-90bf-a6fc8da45f90
[35m[HTTP][39m [37m<-- POST /wd/hub/session/ac9e2951-2d3c-4c4b-842f-90345662a99d/touch/perform [39m[32m200[39m [90m3192 ms - 76[39m
[35m[HTTP][39m [90m[39m
[35m[HTTP][39m [37m-->[39m [37mGET[39m [37m/wd/hub/session/ac9e2951-2d3c-4c4b-842f-90345662a99d/window/current/size[39m
[35m[HTTP][39m [90m{}[39m
[35m[W3C][39m Driver proxy active, passing request on via HTTP proxy
[35m[JSONWP Proxy][39m Replacing sessionId e237d12a-7b15-41f1-afc0-b110b1723846 with ac9e2951-2d3c-4c4b-842f-90345662a99d
[35m[HTTP][39m [37m<-- GET /wd/hub/session/ac9e2951-2d3c-4c4b-842f-90345662a99d/window/current/size [39m[32m200[39m [90m27 ms - 100[39m
[35m[HTTP][39m [90m[39m
[35m[HTTP][39m [37m-->[39m [37mPOST[39m [37m/wd/hub/session/ac9e2951-2d3c-4c4b-842f-90345662a99d/elements[39m
[35m[HTTP][39m [90m{"using":"-android uiautomator","value":"new UiSelector().className(\"android.widget.EditText\").text(\"Search location\").resourceId(\"com.safeboda.passenger:id/locationEditText\").instance(0)"}[39m
[35m[HTTP][39m [37m<-- POST /wd/hub/session/ac9e2951-2d3c-4c4b-842f-90345662a99d/elements [39m[32m200[39m [90m122 ms - 124[39m
[35m[HTTP][39m [90m[39m
[35m[HTTP][39m [37m-->[39m [37mGET[39m [37m/wd/hub/session/ac9e2951-2d3c-4c4b-842f-90345662a99d[39m
[35m[HTTP][39m [90m{}[39m
[35m[HTTP][39m [37m<-- GET /wd/hub/session/ac9e2951-2d3c-4c4b-842f-90345662a99d [39m[32m200[39m [90m18 ms - 1200[39m
[35m[HTTP][39m [90m[39m
[35m[HTTP][39m [37m-->[39m [37mGET[39m [37m/wd/hub/session/ac9e2951-2d3c-4c4b-842f-90345662a99d[39m
[35m[HTTP][39m [90m{}[39m
[35m[HTTP][39m [37m<-- GET /wd/hub/session/ac9e2951-2d3c-4c4b-842f-90345662a99d [39m[32m200[39m [90m17 ms - 1200[39m
[35m[HTTP][39m [90m[39m
[35m[HTTP][39m [37m-->[39m [37mGET[39m [37m/wd/hub/session/ac9e2951-2d3c-4c4b-842f-90345662a99d[39m
[35m[HTTP][39m [90m{}[39m
[35m[HTTP][39m [37m<-- GET /wd/hub/session/ac9e2951-2d3c-4c4b-842f-90345662a99d [39m[32m200[39m [90m20 ms - 1200[39m
[35m[HTTP][39m [90m[39m
[35m[HTTP][39m [37m-->[39m [37mGET[39m [37m/wd/hub/session/ac9e2951-2d3c-4c4b-842f-90345662a99d[39m
[35m[HTTP][39m [90m{}[39m
[35m[HTTP][39m [37m<-- GET /wd/hub/session/ac9e2951-2d3c-4c4b-842f-90345662a99d [39m[32m200[39m [90m17 ms - 1200[39m
[35m[HTTP][39m [90m[39m
[35m[HTTP][39m [37m-->[39m [37mGET[39m [37m/wd/hub/session/ac9e2951-2d3c-4c4b-842f-90345662a99d/element/10cbbe40-e92d-4728-a565-6a9317d3c9da/location[39m
[35m[HTTP][39m [90m{}[39m
[35m[W3C][39m Driver proxy active, passing request on via HTTP proxy
[35m[JSONWP Proxy][39m Replacing sessionId e237d12a-7b15-41f1-afc0-b110b1723846 with ac9e2951-2d3c-4c4b-842f-90345662a99d
[35m[HTTP][39m [37m<-- GET /wd/hub/session/ac9e2951-2d3c-4c4b-842f-90345662a99d/element/10cbbe40-e92d-4728-a565-6a9317d3c9da/location [39m[32m200[39m [90m485 ms - 89[39m
[35m[HTTP][39m [90m[39m
[35m[HTTP][39m [37m-->[39m [37mPOST[39m [37m/wd/hub/session/ac9e2951-2d3c-4c4b-842f-90345662a99d/element/10cbbe40-e92d-4728-a565-6a9317d3c9da/value[39m
[35m[HTTP][39m [90m{"id":"10cbbe40-e92d-4728-a565-6a9317d3c9da","value":["Sheraton Kampala Hotel"]}[39m
[35m[HTTP][39m [37m<-- POST /wd/hub/session/ac9e2951-2d3c-4c4b-842f-90345662a99d/element/10cbbe40-e92d-4728-a565-6a9317d3c9da/value [39m[32m200[39m [90m1462 ms - 74[39m
[35m[HTTP][39m [90m[39m
[35m[HTTP][39m [37m-->[39m [37mGET[39m [37m/wd/hub/session/ac9e2951-2d3c-4c4b-842f-90345662a99d/window/current/size[39m
[35m[HTTP][39m [90m{}[39m
[35m[W3C][39m Driver proxy active, passing request on via HTTP proxy
[35m[JSONWP Proxy][39m Replacing sessionId e237d12a-7b15-41f1-afc0-b110b1723846 with ac9e2951-2d3c-4c4b-842f-90345662a99d
[35m[HTTP][39m [37m<-- GET /wd/hub/session/ac9e2951-2d3c-4c4b-842f-90345662a99d/window/current/size [39m[32m200[39m [90m18 ms - 100[39m
[35m[HTTP][39m [90m[39m
[35m[HTTP][39m [37m-->[39m [37mPOST[39m [37m/wd/hub/session/ac9e2951-2d3c-4c4b-842f-90345662a99d/elements[39m
[35m[HTTP][39m [90m{"using":"-android uiautomator","value":"new UiSelector().className(\"android.view.ViewGroup\").instance(5)"}[39m
[35m[HTTP][39m [37m<-- POST /wd/hub/session/ac9e2951-2d3c-4c4b-842f-90345662a99d/elements [39m[32m200[39m [90m1738 ms - 124[39m
[35m[HTTP][39m [90m[39m
[35m[HTTP][39m [37m-->[39m [37mGET[39m [37m/wd/hub/session/ac9e2951-2d3c-4c4b-842f-90345662a99d[39m
[35m[HTTP][39m [90m{}[39m
[35m[HTTP][39m [37m<-- GET /wd/hub/session/ac9e2951-2d3c-4c4b-842f-90345662a99d [39m[32m200[39m [90m20 ms - 1200[39m
[35m[HTTP][39m [90m[39m
[35m[HTTP][39m [37m-->[39m [37mGET[39m [37m/wd/hub/session/ac9e2951-2d3c-4c4b-842f-90345662a99d[39m
[35m[HTTP][39m [90m{}[39m
[35m[HTTP][39m [37m<-- GET /wd/hub/session/ac9e2951-2d3c-4c4b-842f-90345662a99d [39m[32m200[39m [90m17 ms - 1200[39m
[35m[HTTP][39m [90m[39m
[35m[HTTP][39m [37m-->[39m [37mGET[39m [37m/wd/hub/session/ac9e2951-2d3c-4c4b-842f-90345662a99d[39m
[35m[HTTP][39m [90m{}[39m
[35m[HTTP][39m [37m<-- GET /wd/hub/session/ac9e2951-2d3c-4c4b-842f-90345662a99d [39m[32m200[39m [90m17 ms - 1200[39m
[35m[HTTP][39m [90m[39m
[35m[HTTP][39m [37m-->[39m [37mGET[39m [37m/wd/hub/session/ac9e2951-2d3c-4c4b-842f-90345662a99d[39m
[35m[HTTP][39m [90m{}[39m
[35m[HTTP][39m [37m<-- GET /wd/hub/session/ac9e2951-2d3c-4c4b-842f-90345662a99d [39m[32m200[39m [90m18 ms - 1200[39m
[35m[HTTP][39m [90m[39m
[35m[HTTP][39m [37m-->[39m [37mGET[39m [37m/wd/hub/session/ac9e2951-2d3c-4c4b-842f-90345662a99d/element/25eba1c9-6c9d-487a-93a1-2b6bd8cda5db/location[39m
[35m[HTTP][39m [90m{}[39m
[35m[W3C][39m Driver proxy active, passing request on via HTTP proxy
[35m[JSONWP Proxy][39m Replacing sessionId e237d12a-7b15-41f1-afc0-b110b1723846 with ac9e2951-2d3c-4c4b-842f-90345662a99d
[35m[HTTP][39m [37m<-- GET /wd/hub/session/ac9e2951-2d3c-4c4b-842f-90345662a99d/element/25eba1c9-6c9d-487a-93a1-2b6bd8cda5db/location [39m[32m200[39m [90m41 ms - 88[39m
[35m[HTTP][39m [90m[39m
[35m[HTTP][39m [37m-->[39m [37mPOST[39m [37m/wd/hub/session/ac9e2951-2d3c-4c4b-842f-90345662a99d/touch/perform[39m
[35m[HTTP][39m [90m{"actions":[{"action":"tap","options":{"element":"25eba1c9-6c9d-487a-93a1-2b6bd8cda5db","x":1,"y":1}}]}[39m
[35m[UiAutomator2][39m calling get location: 25eba1c9-6c9d-487a-93a1-2b6bd8cda5db
[35m[HTTP][39m [37m<-- POST /wd/hub/session/ac9e2951-2d3c-4c4b-842f-90345662a99d/touch/perform [39m[32m200[39m [90m1776 ms - 76[39m
[35m[HTTP][39m [90m[39m
[35m[HTTP][39m [37m-->[39m [37mGET[39m [37m/wd/hub/session/ac9e2951-2d3c-4c4b-842f-90345662a99d/window/current/size[39m
[35m[HTTP][39m [90m{}[39m
[35m[W3C][39m Driver proxy active, passing request on via HTTP proxy
[35m[JSONWP Proxy][39m Replacing sessionId e237d12a-7b15-41f1-afc0-b110b1723846 with ac9e2951-2d3c-4c4b-842f-90345662a99d
[35m[HTTP][39m [37m<-- GET /wd/hub/session/ac9e2951-2d3c-4c4b-842f-90345662a99d/window/current/size [39m[32m200[39m [90m39 ms - 100[39m
[35m[HTTP][39m [90m[39m
[35m[HTTP][39m [37m-->[39m [37mPOST[39m [37m/wd/hub/session/ac9e2951-2d3c-4c4b-842f-90345662a99d/elements[39m
[35m[HTTP][39m [90m{"using":"-android uiautomator","value":"new UiSelector().className(\"android.widget.ImageView\").resourceId(\"com.safeboda.passenger:id/searchImageView\").instance(1)"}[39m
[35m[HTTP][39m [37m<-- POST /wd/hub/session/ac9e2951-2d3c-4c4b-842f-90345662a99d/elements [39m[32m200[39m [90m71 ms - 124[39m
[35m[HTTP][39m [90m[39m
[35m[HTTP][39m [37m-->[39m [37mGET[39m [37m/wd/hub/session/ac9e2951-2d3c-4c4b-842f-90345662a99d[39m
[35m[HTTP][39m [90m{}[39m
[35m[HTTP][39m [37m<-- GET /wd/hub/session/ac9e2951-2d3c-4c4b-842f-90345662a99d [39m[32m200[39m [90m16 ms - 1200[39m
[35m[HTTP][39m [90m[39m
[35m[HTTP][39m [37m-->[39m [37mGET[39m [37m/wd/hub/session/ac9e2951-2d3c-4c4b-842f-90345662a99d[39m
[35m[HTTP][39m [90m{}[39m
[35m[HTTP][39m [37m<-- GET /wd/hub/session/ac9e2951-2d3c-4c4b-842f-90345662a99d [39m[32m200[39m [90m13 ms - 1200[39m
[35m[HTTP][39m [90m[39m
[35m[HTTP][39m [37m-->[39m [37mGET[39m [37m/wd/hub/session/ac9e2951-2d3c-4c4b-842f-90345662a99d[39m
[35m[HTTP][39m [90m{}[39m
[35m[HTTP][39m [37m<-- GET /wd/hub/session/ac9e2951-2d3c-4c4b-842f-90345662a99d [39m[32m200[39m [90m14 ms - 1200[39m
[35m[HTTP][39m [90m[39m
[35m[HTTP][39m [37m-->[39m [37mGET[39m [37m/wd/hub/session/ac9e2951-2d3c-4c4b-842f-90345662a99d[39m
[35m[HTTP][39m [90m{}[39m
[35m[HTTP][39m [37m<-- GET /wd/hub/session/ac9e2951-2d3c-4c4b-842f-90345662a99d [39m[32m200[39m [90m16 ms - 1200[39m
[35m[HTTP][39m [90m[39m
[35m[HTTP][39m [37m-->[39m [37mGET[39m [37m/wd/hub/session/ac9e2951-2d3c-4c4b-842f-90345662a99d/element/bf68aa85-fdb2-45da-a9f0-b4bae87c0877/location[39m
[35m[HTTP][39m [90m{}[39m
[35m[W3C][39m Driver proxy active, passing request on via HTTP proxy
[35m[JSONWP Proxy][39m Replacing sessionId e237d12a-7b15-41f1-afc0-b110b1723846 with ac9e2951-2d3c-4c4b-842f-90345662a99d
[35m[HTTP][39m [37m<-- GET /wd/hub/session/ac9e2951-2d3c-4c4b-842f-90345662a99d/element/bf68aa85-fdb2-45da-a9f0-b4bae87c0877/location [39m[32m200[39m [90m31 ms - 89[39m
[35m[HTTP][39m [90m[39m
[35m[HTTP][39m [37m-->[39m [37mPOST[39m [37m/wd/hub/session/ac9e2951-2d3c-4c4b-842f-90345662a99d/touch/perform[39m
[35m[HTTP][39m [90m{"actions":[{"action":"tap","options":{"element":"bf68aa85-fdb2-45da-a9f0-b4bae87c0877","x":1,"y":1}}]}[39m
[35m[UiAutomator2][39m calling get location: bf68aa85-fdb2-45da-a9f0-b4bae87c0877
[35m[HTTP][39m [37m<-- POST /wd/hub/session/ac9e2951-2d3c-4c4b-842f-90345662a99d/touch/perform [39m[32m200[39m [90m816 ms - 76[39m
[35m[HTTP][39m [90m[39m
[35m[HTTP][39m [37m-->[39m [37mGET[39m [37m/wd/hub/session/ac9e2951-2d3c-4c4b-842f-90345662a99d/window/current/size[39m
[35m[HTTP][39m [90m{}[39m
[35m[W3C][39m Driver proxy active, passing request on via HTTP proxy
[35m[JSONWP Proxy][39m Replacing sessionId e237d12a-7b15-41f1-afc0-b110b1723846 with ac9e2951-2d3c-4c4b-842f-90345662a99d
[35m[HTTP][39m [37m<-- GET /wd/hub/session/ac9e2951-2d3c-4c4b-842f-90345662a99d/window/current/size [39m[32m200[39m [90m32 ms - 100[39m
[35m[HTTP][39m [90m[39m
[35m[HTTP][39m [37m-->[39m [37mPOST[39m [37m/wd/hub/session/ac9e2951-2d3c-4c4b-842f-90345662a99d/elements[39m
[35m[HTTP][39m [90m{"using":"-android uiautomator","value":"new UiSelector().className(\"android.widget.EditText\").text(\"Search location\").resourceId(\"com.safeboda.passenger:id/locationEditText\").instance(0)"}[39m
[35m[HTTP][39m [37m<-- POST /wd/hub/session/ac9e2951-2d3c-4c4b-842f-90345662a99d/elements [39m[32m200[39m [90m66 ms - 124[39m
[35m[HTTP][39m [90m[39m
[35m[HTTP][39m [37m-->[39m [37mGET[39m [37m/wd/hub/session/ac9e2951-2d3c-4c4b-842f-90345662a99d[39m
[35m[HTTP][39m [90m{}[39m
[35m[HTTP][39m [37m<-- GET /wd/hub/session/ac9e2951-2d3c-4c4b-842f-90345662a99d [39m[32m200[39m [90m16 ms - 1200[39m
[35m[HTTP][39m [90m[39m
[35m[HTTP][39m [37m-->[39m [37mGET[39m [37m/wd/hub/session/ac9e2951-2d3c-4c4b-842f-90345662a99d[39m
[35m[HTTP][39m [90m{}[39m
[35m[HTTP][39m [37m<-- GET /wd/hub/session/ac9e2951-2d3c-4c4b-842f-90345662a99d [39m[32m200[39m [90m17 ms - 1200[39m
[35m[HTTP][39m [90m[39m
[35m[HTTP][39m [37m-->[39m [37mGET[39m [37m/wd/hub/session/ac9e2951-2d3c-4c4b-842f-90345662a99d[39m
[35m[HTTP][39m [90m{}[39m
[35m[HTTP][39m [37m<-- GET /wd/hub/session/ac9e2951-2d3c-4c4b-842f-90345662a99d [39m[32m200[39m [90m17 ms - 1200[39m
[35m[HTTP][39m [90m[39m
[35m[HTTP][39m [37m-->[39m [37mGET[39m [37m/wd/hub/session/ac9e2951-2d3c-4c4b-842f-90345662a99d[39m
[35m[HTTP][39m [90m{}[39m
[35m[HTTP][39m [37m<-- GET /wd/hub/session/ac9e2951-2d3c-4c4b-842f-90345662a99d [39m[32m200[39m [90m15 ms - 1200[39m
[35m[HTTP][39m [90m[39m
[35m[HTTP][39m [37m-->[39m [37mGET[39m [37m/wd/hub/session/ac9e2951-2d3c-4c4b-842f-90345662a99d/element/344468ee-33ae-4433-a59c-260b12f07ca2/location[39m
[35m[HTTP][39m [90m{}[39m
[35m[W3C][39m Driver proxy active, passing request on via HTTP proxy
[35m[JSONWP Proxy][39m Replacing sessionId e237d12a-7b15-41f1-afc0-b110b1723846 with ac9e2951-2d3c-4c4b-842f-90345662a99d
[35m[HTTP][39m [37m<-- GET /wd/hub/session/ac9e2951-2d3c-4c4b-842f-90345662a99d/element/344468ee-33ae-4433-a59c-260b12f07ca2/location [39m[32m200[39m [90m29 ms - 89[39m
[35m[HTTP][39m [90m[39m
[35m[HTTP][39m [37m-->[39m [37mPOST[39m [37m/wd/hub/session/ac9e2951-2d3c-4c4b-842f-90345662a99d/touch/perform[39m
[35m[HTTP][39m [90m{"actions":[{"action":"tap","options":{"element":"344468ee-33ae-4433-a59c-260b12f07ca2","x":1,"y":1}}]}[39m
[35m[UiAutomator2][39m calling get location: 344468ee-33ae-4433-a59c-260b12f07ca2
[35m[HTTP][39m [37m<-- POST /wd/hub/session/ac9e2951-2d3c-4c4b-842f-90345662a99d/touch/perform [39m[32m200[39m [90m1159 ms - 76[39m
[35m[HTTP][39m [90m[39m
[35m[HTTP][39m [37m-->[39m [37mGET[39m [37m/wd/hub/session/ac9e2951-2d3c-4c4b-842f-90345662a99d/window/current/size[39m
[35m[HTTP][39m [90m{}[39m
[35m[W3C][39m Driver proxy active, passing request on via HTTP proxy
[35m[JSONWP Proxy][39m Replacing sessionId e237d12a-7b15-41f1-afc0-b110b1723846 with ac9e2951-2d3c-4c4b-842f-90345662a99d
[35m[HTTP][39m [37m<-- GET /wd/hub/session/ac9e2951-2d3c-4c4b-842f-90345662a99d/window/current/size [39m[32m200[39m [90m18 ms - 100[39m
[35m[HTTP][39m [90m[39m
[35m[HTTP][39m [37m-->[39m [37mPOST[39m [37m/wd/hub/session/ac9e2951-2d3c-4c4b-842f-90345662a99d/elements[39m
[35m[HTTP][39m [90m{"using":"-android uiautomator","value":"new UiSelector().className(\"android.widget.EditText\").text(\"Search location\").resourceId(\"com.safeboda.passenger:id/locationEditText\").instance(0)"}[39m
[35m[HTTP][39m [37m<-- POST /wd/hub/session/ac9e2951-2d3c-4c4b-842f-90345662a99d/elements [39m[32m200[39m [90m90 ms - 124[39m
[35m[HTTP][39m [90m[39m
[35m[HTTP][39m [37m-->[39m [37mGET[39m [37m/wd/hub/session/ac9e2951-2d3c-4c4b-842f-90345662a99d[39m
[35m[HTTP][39m [90m{}[39m
[35m[HTTP][39m [37m<-- GET /wd/hub/session/ac9e2951-2d3c-4c4b-842f-90345662a99d [39m[32m200[39m [90m14 ms - 1200[39m
[35m[HTTP][39m [90m[39m
[35m[HTTP][39m [37m-->[39m [37mGET[39m [37m/wd/hub/session/ac9e2951-2d3c-4c4b-842f-90345662a99d[39m
[35m[HTTP][39m [90m{}[39m
[35m[HTTP][39m [37m<-- GET /wd/hub/session/ac9e2951-2d3c-4c4b-842f-90345662a99d [39m[32m200[39m [90m13 ms - 1200[39m
[35m[HTTP][39m [90m[39m
[35m[HTTP][39m [37m-->[39m [37mGET[39m [37m/wd/hub/session/ac9e2951-2d3c-4c4b-842f-90345662a99d[39m
[35m[HTTP][39m [90m{}[39m
[35m[HTTP][39m [37m<-- GET /wd/hub/session/ac9e2951-2d3c-4c4b-842f-90345662a99d [39m[32m200[39m [90m12 ms - 1200[39m
[35m[HTTP][39m [90m[39m
[35m[HTTP][39m [37m-->[39m [37mGET[39m [37m/wd/hub/session/ac9e2951-2d3c-4c4b-842f-90345662a99d[39m
[35m[HTTP][39m [90m{}[39m
[35m[HTTP][39m [37m<-- GET /wd/hub/session/ac9e2951-2d3c-4c4b-842f-90345662a99d [39m[32m200[39m [90m12 ms - 1200[39m
[35m[HTTP][39m [90m[39m
[35m[HTTP][39m [37m-->[39m [37mGET[39m [37m/wd/hub/session/ac9e2951-2d3c-4c4b-842f-90345662a99d/element/d5252b98-dc3a-4ae7-a3c3-e6cc653ff342/location[39m
[35m[HTTP][39m [90m{}[39m
[35m[W3C][39m Driver proxy active, passing request on via HTTP proxy
[35m[JSONWP Proxy][39m Replacing sessionId e237d12a-7b15-41f1-afc0-b110b1723846 with ac9e2951-2d3c-4c4b-842f-90345662a99d
[35m[HTTP][39m [37m<-- GET /wd/hub/session/ac9e2951-2d3c-4c4b-842f-90345662a99d/element/d5252b98-dc3a-4ae7-a3c3-e6cc653ff342/location [39m[32m200[39m [90m25 ms - 89[39m
[35m[HTTP][39m [90m[39m
[35m[HTTP][39m [37m-->[39m [37mPOST[39m [37m/wd/hub/session/ac9e2951-2d3c-4c4b-842f-90345662a99d/touch/perform[39m
[35m[HTTP][39m [90m{"actions":[{"action":"tap","options":{"element":"d5252b98-dc3a-4ae7-a3c3-e6cc653ff342","x":1,"y":1}}]}[39m
[35m[UiAutomator2][39m calling get location: d5252b98-dc3a-4ae7-a3c3-e6cc653ff342
[35m[HTTP][39m [37m<-- POST /wd/hub/session/ac9e2951-2d3c-4c4b-842f-90345662a99d/touch/perform [39m[32m200[39m [90m2155 ms - 76[39m
[35m[HTTP][39m [90m[39m
[35m[HTTP][39m [37m-->[39m [37mGET[39m [37m/wd/hub/session/ac9e2951-2d3c-4c4b-842f-90345662a99d/window/current/size[39m
[35m[HTTP][39m [90m{}[39m
[35m[W3C][39m Driver proxy active, passing request on via HTTP proxy
[35m[JSONWP Proxy][39m Replacing sessionId e237d12a-7b15-41f1-afc0-b110b1723846 with ac9e2951-2d3c-4c4b-842f-90345662a99d
[35m[HTTP][39m [37m<-- GET /wd/hub/session/ac9e2951-2d3c-4c4b-842f-90345662a99d/window/current/size [39m[32m200[39m [90m37 ms - 100[39m
[35m[HTTP][39m [90m[39m
[35m[HTTP][39m [37m-->[39m [37mPOST[39m [37m/wd/hub/session/ac9e2951-2d3c-4c4b-842f-90345662a99d/elements[39m
[35m[HTTP][39m [90m{"using":"-android uiautomator","value":"new UiSelector().className(\"android.widget.EditText\").text(\"Search location\").resourceId(\"com.safeboda.passenger:id/locationEditText\").instance(0)"}[39m
[35m[HTTP][39m [37m<-- POST /wd/hub/session/ac9e2951-2d3c-4c4b-842f-90345662a99d/elements [39m[32m200[39m [90m59 ms - 124[39m
[35m[HTTP][39m [90m[39m
[35m[HTTP][39m [37m-->[39m [37mGET[39m [37m/wd/hub/session/ac9e2951-2d3c-4c4b-842f-90345662a99d[39m
[35m[HTTP][39m [90m{}[39m
[35m[HTTP][39m [37m<-- GET /wd/hub/session/ac9e2951-2d3c-4c4b-842f-90345662a99d [39m[32m200[39m [90m13 ms - 1200[39m
[35m[HTTP][39m [90m[39m
[35m[HTTP][39m [37m-->[39m [37mGET[39m [37m/wd/hub/session/ac9e2951-2d3c-4c4b-842f-90345662a99d[39m
[35m[HTTP][39m [90m{}[39m
[35m[HTTP][39m [37m<-- GET /wd/hub/session/ac9e2951-2d3c-4c4b-842f-90345662a99d [39m[32m200[39m [90m12 ms - 1200[39m
[35m[HTTP][39m [90m[39m
[35m[HTTP][39m [37m-->[39m [37mGET[39m [37m/wd/hub/session/ac9e2951-2d3c-4c4b-842f-90345662a99d[39m
[35m[HTTP][39m [90m{}[39m
[35m[HTTP][39m [37m<-- GET /wd/hub/session/ac9e2951-2d3c-4c4b-842f-90345662a99d [39m[32m200[39m [90m12 ms - 1200[39m
[35m[HTTP][39m [90m[39m
[35m[HTTP][39m [37m-->[39m [37mGET[39m [37m/wd/hub/session/ac9e2951-2d3c-4c4b-842f-90345662a99d[39m
[35m[HTTP][39m [90m{}[39m
[35m[HTTP][39m [37m<-- GET /wd/hub/session/ac9e2951-2d3c-4c4b-842f-90345662a99d [39m[32m200[39m [90m18 ms - 1200[39m
[35m[HTTP][39m [90m[39m
[35m[HTTP][39m [37m-->[39m [37mGET[39m [37m/wd/hub/session/ac9e2951-2d3c-4c4b-842f-90345662a99d/element/7c7c0275-525d-4fbe-882b-05c11beff4c6/location[39m
[35m[HTTP][39m [90m{}[39m
[35m[W3C][39m Driver proxy active, passing request on via HTTP proxy
[35m[JSONWP Proxy][39m Replacing sessionId e237d12a-7b15-41f1-afc0-b110b1723846 with ac9e2951-2d3c-4c4b-842f-90345662a99d
[35m[HTTP][39m [37m<-- GET /wd/hub/session/ac9e2951-2d3c-4c4b-842f-90345662a99d/element/7c7c0275-525d-4fbe-882b-05c11beff4c6/location [39m[32m200[39m [90m37 ms - 89[39m
[35m[HTTP][39m [90m[39m
[35m[HTTP][39m [37m-->[39m [37mPOST[39m [37m/wd/hub/session/ac9e2951-2d3c-4c4b-842f-90345662a99d/element/7c7c0275-525d-4fbe-882b-05c11beff4c6/value[39m
[35m[HTTP][39m [90m{"id":"7c7c0275-525d-4fbe-882b-05c11beff4c6","value":["kama inn"]}[39m
[35m[HTTP][39m [37m<-- POST /wd/hub/session/ac9e2951-2d3c-4c4b-842f-90345662a99d/element/7c7c0275-525d-4fbe-882b-05c11beff4c6/value [39m[32m200[39m [90m1358 ms - 74[39m
[35m[HTTP][39m [90m[39m
[35m[HTTP][39m [37m-->[39m [37mGET[39m [37m/wd/hub/session/ac9e2951-2d3c-4c4b-842f-90345662a99d/window/current/size[39m
[35m[HTTP][39m [90m{}[39m
[35m[W3C][39m Driver proxy active, passing request on via HTTP proxy
[35m[JSONWP Proxy][39m Replacing sessionId e237d12a-7b15-41f1-afc0-b110b1723846 with ac9e2951-2d3c-4c4b-842f-90345662a99d
[35m[HTTP][39m [37m<-- GET /wd/hub/session/ac9e2951-2d3c-4c4b-842f-90345662a99d/window/current/size [39m[32m200[39m [90m16 ms - 100[39m
[35m[HTTP][39m [90m[39m
[35m[HTTP][39m [37m-->[39m [37mPOST[39m [37m/wd/hub/session/ac9e2951-2d3c-4c4b-842f-90345662a99d/elements[39m
[35m[HTTP][39m [90m{"using":"-android uiautomator","value":"new UiSelector().className(\"android.view.ViewGroup\").instance(5)"}[39m
[35m[HTTP][39m [37m<-- POST /wd/hub/session/ac9e2951-2d3c-4c4b-842f-90345662a99d/elements [39m[32m200[39m [90m1700 ms - 124[39m
[35m[HTTP][39m [90m[39m
[35m[HTTP][39m [37m-->[39m [37mGET[39m [37m/wd/hub/session/ac9e2951-2d3c-4c4b-842f-90345662a99d[39m
[35m[HTTP][39m [90m{}[39m
[35m[HTTP][39m [37m<-- GET /wd/hub/session/ac9e2951-2d3c-4c4b-842f-90345662a99d [39m[32m200[39m [90m15 ms - 1200[39m
[35m[HTTP][39m [90m[39m
[35m[HTTP][39m [37m-->[39m [37mGET[39m [37m/wd/hub/session/ac9e2951-2d3c-4c4b-842f-90345662a99d[39m
[35m[HTTP][39m [90m{}[39m
[35m[HTTP][39m [37m<-- GET /wd/hub/session/ac9e2951-2d3c-4c4b-842f-90345662a99d [39m[32m200[39m [90m17 ms - 1200[39m
[35m[HTTP][39m [90m[39m
[35m[HTTP][39m [37m-->[39m [37mGET[39m [37m/wd/hub/session/ac9e2951-2d3c-4c4b-842f-90345662a99d[39m
[35m[HTTP][39m [90m{}[39m
[35m[HTTP][39m [37m<-- GET /wd/hub/session/ac9e2951-2d3c-4c4b-842f-90345662a99d [39m[32m200[39m [90m46 ms - 1200[39m
[35m[HTTP][39m [90m[39m
[35m[HTTP][39m [37m-->[39m [37mGET[39m [37m/wd/hub/session/ac9e2951-2d3c-4c4b-842f-90345662a99d[39m
[35m[HTTP][39m [90m{}[39m
[35m[HTTP][39m [37m<-- GET /wd/hub/session/ac9e2951-2d3c-4c4b-842f-90345662a99d [39m[32m200[39m [90m20 ms - 1200[39m
[35m[HTTP][39m [90m[39m
[35m[HTTP][39m [37m-->[39m [37mGET[39m [37m/wd/hub/session/ac9e2951-2d3c-4c4b-842f-90345662a99d/element/53d25e83-9cd5-467f-a788-acd9d847ae49/location[39m
[35m[HTTP][39m [90m{}[39m
[35m[W3C][39m Driver proxy active, passing request on via HTTP proxy
[35m[JSONWP Proxy][39m Replacing sessionId e237d12a-7b15-41f1-afc0-b110b1723846 with ac9e2951-2d3c-4c4b-842f-90345662a99d
[35m[HTTP][39m [37m<-- GET /wd/hub/session/ac9e2951-2d3c-4c4b-842f-90345662a99d/element/53d25e83-9cd5-467f-a788-acd9d847ae49/location [39m[32m200[39m [90m36 ms - 88[39m
[35m[HTTP][39m [90m[39m
[35m[HTTP][39m [37m-->[39m [37mPOST[39m [37m/wd/hub/session/ac9e2951-2d3c-4c4b-842f-90345662a99d/touch/perform[39m
[35m[HTTP][39m [90m{"actions":[{"action":"tap","options":{"element":"53d25e83-9cd5-467f-a788-acd9d847ae49","x":1,"y":1}}]}[39m
[35m[UiAutomator2][39m calling get location: 53d25e83-9cd5-467f-a788-acd9d847ae49
[35m[HTTP][39m [37m<-- POST /wd/hub/session/ac9e2951-2d3c-4c4b-842f-90345662a99d/touch/perform [39m[32m200[39m [90m2057 ms - 76[39m
[35m[HTTP][39m [90m[39m
[35m[HTTP][39m [37m-->[39m [37mGET[39m [37m/wd/hub/session/ac9e2951-2d3c-4c4b-842f-90345662a99d/window/current/size[39m
[35m[HTTP][39m [90m{}[39m
[35m[W3C][39m Driver proxy active, passing request on via HTTP proxy
[35m[JSONWP Proxy][39m Replacing sessionId e237d12a-7b15-41f1-afc0-b110b1723846 with ac9e2951-2d3c-4c4b-842f-90345662a99d
[35m[HTTP][39m [37m<-- GET /wd/hub/session/ac9e2951-2d3c-4c4b-842f-90345662a99d/window/current/size [39m[32m200[39m [90m19 ms - 100[39m
[35m[HTTP][39m [90m[39m
[35m[HTTP][39m [37m-->[39m [37mPOST[39m [37m/wd/hub/session/ac9e2951-2d3c-4c4b-842f-90345662a99d/elements[39m
[35m[HTTP][39m [90m{"using":"-android uiautomator","value":"new UiSelector().className(\"android.widget.RadioButton\").resourceId(\"com.safeboda.passenger:id/cashRadioButton\").instance(1)"}[39m
[35m[HTTP][39m [37m<-- POST /wd/hub/session/ac9e2951-2d3c-4c4b-842f-90345662a99d/elements [39m[32m200[39m [90m95 ms - 124[39m
[35m[HTTP][39m [90m[39m
[35m[HTTP][39m [37m-->[39m [37mGET[39m [37m/wd/hub/session/ac9e2951-2d3c-4c4b-842f-90345662a99d[39m
[35m[HTTP][39m [90m{}[39m
[35m[HTTP][39m [37m<-- GET /wd/hub/session/ac9e2951-2d3c-4c4b-842f-90345662a99d [39m[32m200[39m [90m16 ms - 1200[39m
[35m[HTTP][39m [90m[39m
[35m[HTTP][39m [37m-->[39m [37mGET[39m [37m/wd/hub/session/ac9e2951-2d3c-4c4b-842f-90345662a99d[39m
[35m[HTTP][39m [90m{}[39m
[35m[HTTP][39m [37m<-- GET /wd/hub/session/ac9e2951-2d3c-4c4b-842f-90345662a99d [39m[32m200[39m [90m13 ms - 1200[39m
[35m[HTTP][39m [90m[39m
[35m[HTTP][39m [37m-->[39m [37mGET[39m [37m/wd/hub/session/ac9e2951-2d3c-4c4b-842f-90345662a99d[39m
[35m[HTTP][39m [90m{}[39m
[35m[HTTP][39m [37m<-- GET /wd/hub/session/ac9e2951-2d3c-4c4b-842f-90345662a99d [39m[32m200[39m [90m22 ms - 1200[39m
[35m[HTTP][39m [90m[39m
[35m[HTTP][39m [37m-->[39m [37mGET[39m [37m/wd/hub/session/ac9e2951-2d3c-4c4b-842f-90345662a99d[39m
[35m[HTTP][39m [90m{}[39m
[35m[HTTP][39m [37m<-- GET /wd/hub/session/ac9e2951-2d3c-4c4b-842f-90345662a99d [39m[32m200[39m [90m29 ms - 1200[39m
[35m[HTTP][39m [90m[39m
[35m[HTTP][39m [37m-->[39m [37mGET[39m [37m/wd/hub/session/ac9e2951-2d3c-4c4b-842f-90345662a99d/element/865896ab-3745-4347-ad0a-693f6eea438d/location[39m
[35m[HTTP][39m [90m{}[39m
[35m[W3C][39m Driver proxy active, passing request on via HTTP proxy
[35m[JSONWP Proxy][39m Replacing sessionId e237d12a-7b15-41f1-afc0-b110b1723846 with ac9e2951-2d3c-4c4b-842f-90345662a99d
[35m[HTTP][39m [37m<-- GET /wd/hub/session/ac9e2951-2d3c-4c4b-842f-90345662a99d/element/865896ab-3745-4347-ad0a-693f6eea438d/location [39m[32m200[39m [90m45 ms - 89[39m
[35m[HTTP][39m [90m[39m
[35m[HTTP][39m [37m-->[39m [37mPOST[39m [37m/wd/hub/session/ac9e2951-2d3c-4c4b-842f-90345662a99d/touch/perform[39m
[35m[HTTP][39m [90m{"actions":[{"action":"tap","options":{"element":"865896ab-3745-4347-ad0a-693f6eea438d","x":1,"y":1}}]}[39m
[35m[UiAutomator2][39m calling get location: 865896ab-3745-4347-ad0a-693f6eea438d
[35m[HTTP][39m [37m<-- POST /wd/hub/session/ac9e2951-2d3c-4c4b-842f-90345662a99d/touch/perform [39m[32m200[39m [90m856 ms - 76[39m
[35m[HTTP][39m [90m[39m
[35m[HTTP][39m [37m-->[39m [37mGET[39m [37m/wd/hub/session/ac9e2951-2d3c-4c4b-842f-90345662a99d/window/current/size[39m
[35m[HTTP][39m [90m{}[39m
[35m[W3C][39m Driver proxy active, passing request on via HTTP proxy
[35m[JSONWP Proxy][39m Replacing sessionId e237d12a-7b15-41f1-afc0-b110b1723846 with ac9e2951-2d3c-4c4b-842f-90345662a99d
[35m[HTTP][39m [37m<-- GET /wd/hub/session/ac9e2951-2d3c-4c4b-842f-90345662a99d/window/current/size [39m[32m200[39m [90m20 ms - 100[39m
[35m[HTTP][39m [90m[39m
[35m[HTTP][39m [37m-->[39m [37mPOST[39m [37m/wd/hub/session/ac9e2951-2d3c-4c4b-842f-90345662a99d/elements[39m
[35m[HTTP][39m [90m{"using":"-android uiautomator","value":"new UiSelector().className(\"android.widget.Button\").text(\"REQUEST\").resourceId(\"com.safeboda.passenger:id/requestButton\").instance(0)"}[39m
[35m[HTTP][39m [37m<-- POST /wd/hub/session/ac9e2951-2d3c-4c4b-842f-90345662a99d/elements [39m[32m200[39m [90m107 ms - 124[39m
[35m[HTTP][39m [90m[39m
[35m[HTTP][39m [37m-->[39m [37mGET[39m [37m/wd/hub/session/ac9e2951-2d3c-4c4b-842f-90345662a99d[39m
[35m[HTTP][39m [90m{}[39m
[35m[HTTP][39m [37m<-- GET /wd/hub/session/ac9e2951-2d3c-4c4b-842f-90345662a99d [39m[32m200[39m [90m16 ms - 1200[39m
[35m[HTTP][39m [90m[39m
[35m[HTTP][39m [37m-->[39m [37mGET[39m [37m/wd/hub/session/ac9e2951-2d3c-4c4b-842f-90345662a99d[39m
[35m[HTTP][39m [90m{}[39m
[35m[HTTP][39m [37m<-- GET /wd/hub/session/ac9e2951-2d3c-4c4b-842f-90345662a99d [39m[32m200[39m [90m17 ms - 1200[39m
[35m[HTTP][39m [90m[39m
[35m[HTTP][39m [37m-->[39m [37mGET[39m [37m/wd/hub/session/ac9e2951-2d3c-4c4b-842f-90345662a99d[39m
[35m[HTTP][39m [90m{}[39m
[35m[HTTP][39m [37m<-- GET /wd/hub/session/ac9e2951-2d3c-4c4b-842f-90345662a99d [39m[32m200[39m [90m18 ms - 1200[39m
[35m[HTTP][39m [90m[39m
[35m[HTTP][39m [37m-->[39m [37mGET[39m [37m/wd/hub/session/ac9e2951-2d3c-4c4b-842f-90345662a99d[39m
[35m[HTTP][39m [90m{}[39m
[35m[HTTP][39m [37m<-- GET /wd/hub/session/ac9e2951-2d3c-4c4b-842f-90345662a99d [39m[32m200[39m [90m16 ms - 1200[39m
[35m[HTTP][39m [90m[39m
[35m[HTTP][39m [37m-->[39m [37mGET[39m [37m/wd/hub/session/ac9e2951-2d3c-4c4b-842f-90345662a99d/element/1b36241a-3ef4-4180-a2ab-b81da462845d/location[39m
[35m[HTTP][39m [90m{}[39m
[35m[W3C][39m Driver proxy active, passing request on via HTTP proxy
[35m[JSONWP Proxy][39m Replacing sessionId e237d12a-7b15-41f1-afc0-b110b1723846 with ac9e2951-2d3c-4c4b-842f-90345662a99d
[35m[HTTP][39m [37m<-- GET /wd/hub/session/ac9e2951-2d3c-4c4b-842f-90345662a99d/element/1b36241a-3ef4-4180-a2ab-b81da462845d/location [39m[32m200[39m [90m34 ms - 89[39m
[35m[HTTP][39m [90m[39m
[35m[HTTP][39m [37m-->[39m [37mPOST[39m [37m/wd/hub/session/ac9e2951-2d3c-4c4b-842f-90345662a99d/touch/perform[39m
[35m[HTTP][39m [90m{"actions":[{"action":"tap","options":{"element":"1b36241a-3ef4-4180-a2ab-b81da462845d","x":1,"y":1}}]}[39m
[35m[UiAutomator2][39m calling get location: 1b36241a-3ef4-4180-a2ab-b81da462845d
[35m[HTTP][39m [37m<-- POST /wd/hub/session/ac9e2951-2d3c-4c4b-842f-90345662a99d/touch/perform [39m[32m200[39m [90m3166 ms - 76[39m
[35m[HTTP][39m [90m[39m
[35m[HTTP][39m [37m-->[39m [37mGET[39m [37m/wd/hub/session/ac9e2951-2d3c-4c4b-842f-90345662a99d/window/current/size[39m
[35m[HTTP][39m [90m{}[39m
[35m[W3C][39m Driver proxy active, passing request on via HTTP proxy
[35m[JSONWP Proxy][39m Replacing sessionId e237d12a-7b15-41f1-afc0-b110b1723846 with ac9e2951-2d3c-4c4b-842f-90345662a99d
[35m[HTTP][39m [37m<-- GET /wd/hub/session/ac9e2951-2d3c-4c4b-842f-90345662a99d/window/current/size [39m[32m200[39m [90m38 ms - 100[39m
[35m[HTTP][39m [90m[39m
[35m[HTTP][39m [37m-->[39m [37mPOST[39m [37m/wd/hub/session/ac9e2951-2d3c-4c4b-842f-90345662a99d/elements[39m
[35m[HTTP][39m [90m{"using":"-android uiautomator","value":"new UiSelector().className(\"android.widget.ImageButton\").instance(0)"}[39m
[35m[HTTP][39m [37m<-- POST /wd/hub/session/ac9e2951-2d3c-4c4b-842f-90345662a99d/elements [39m[32m200[39m [90m115 ms - 124[39m
[35m[HTTP][39m [90m[39m
[35m[HTTP][39m [37m-->[39m [37mGET[39m [37m/wd/hub/session/ac9e2951-2d3c-4c4b-842f-90345662a99d[39m
[35m[HTTP][39m [90m{}[39m
[35m[HTTP][39m [37m<-- GET /wd/hub/session/ac9e2951-2d3c-4c4b-842f-90345662a99d [39m[32m200[39m [90m23 ms - 1200[39m
[35m[HTTP][39m [90m[39m
[35m[HTTP][39m [37m-->[39m [37mGET[39m [37m/wd/hub/session/ac9e2951-2d3c-4c4b-842f-90345662a99d[39m
[35m[HTTP][39m [90m{}[39m
[35m[HTTP][39m [37m<-- GET /wd/hub/session/ac9e2951-2d3c-4c4b-842f-90345662a99d [39m[32m200[39m [90m98 ms - 1200[39m
[35m[HTTP][39m [90m[39m
[35m[HTTP][39m [37m-->[39m [37mGET[39m [37m/wd/hub/session/ac9e2951-2d3c-4c4b-842f-90345662a99d[39m
[35m[HTTP][39m [90m{}[39m
[35m[HTTP][39m [37m<-- GET /wd/hub/session/ac9e2951-2d3c-4c4b-842f-90345662a99d [39m[32m200[39m [90m135 ms - 1200[39m
[35m[HTTP][39m [90m[39m
[35m[HTTP][39m [37m-->[39m [37mGET[39m [37m/wd/hub/session/ac9e2951-2d3c-4c4b-842f-90345662a99d[39m
[35m[HTTP][39m [90m{}[39m
[35m[HTTP][39m [37m<-- GET /wd/hub/session/ac9e2951-2d3c-4c4b-842f-90345662a99d [39m[32m200[39m [90m133 ms - 1200[39m
[35m[HTTP][39m [90m[39m
[35m[HTTP][39m [37m-->[39m [37mGET[39m [37m/wd/hub/session/ac9e2951-2d3c-4c4b-842f-90345662a99d/element/b6afde48-303e-4907-ba7f-1620f0e05305/location[39m
[35m[HTTP][39m [90m{}[39m
[35m[W3C][39m Driver proxy active, passing request on via HTTP proxy
[35m[JSONWP Proxy][39m Replacing sessionId e237d12a-7b15-41f1-afc0-b110b1723846 with ac9e2951-2d3c-4c4b-842f-90345662a99d
[35m[HTTP][39m [37m<-- GET /wd/hub/session/ac9e2951-2d3c-4c4b-842f-90345662a99d/element/b6afde48-303e-4907-ba7f-1620f0e05305/location [39m[32m200[39m [90m212 ms - 86[39m
[35m[HTTP][39m [90m[39m
[35m[HTTP][39m [37m-->[39m [37mPOST[39m [37m/wd/hub/session/ac9e2951-2d3c-4c4b-842f-90345662a99d/touch/perform[39m
[35m[HTTP][39m [90m{"actions":[{"action":"tap","options":{"element":"b6afde48-303e-4907-ba7f-1620f0e05305","x":1,"y":1}}]}[39m
[35m[UiAutomator2][39m calling get location: b6afde48-303e-4907-ba7f-1620f0e05305
[35m[HTTP][39m [37m<-- POST /wd/hub/session/ac9e2951-2d3c-4c4b-842f-90345662a99d/touch/perform [39m[32m200[39m [90m810 ms - 76[39m
[35m[HTTP][39m [90m[39m
[35m[HTTP][39m [37m-->[39m [37mDELETE[39m [37m/wd/hub/session/ac9e2951-2d3c-4c4b-842f-90345662a99d[39m
[35m[HTTP][39m [90m{}[39m
[35m[Appium][39m Removing session ac9e2951-2d3c-4c4b-842f-90345662a99d from our master session list
[35m[HTTP][39m [37m<-- DELETE /wd/hub/session/ac9e2951-2d3c-4c4b-842f-90345662a99d [39m[32m200[39m [90m1304 ms - 76[39m
[35m[HTTP][39m [90m[39m
