[35m[Appium][39m Welcome to Appium v1.8.1
[35m[Appium][39m Non-default server args:
[35m[Appium][39m   port: 56642
[35m[Appium][39m   loglevel: info
[35m[Appium][39m   chromeDriverPort: 56645
[35m[Appium][39m   tmpDir: C:\Users\denni\AppData\Local\Temp\\Katalon\Appium\Temp1552119937673
[35m[Appium][39m Appium REST http interface listener started on 0.0.0.0:56642
[35m[HTTP][39m [37m-->[39m [37mGET[39m [37m/wd/hub/status[39m
[35m[HTTP][39m [90m{}[39m
[35m[HTTP][39m [37m<-- GET /wd/hub/status [39m[32m200[39m [90m11 ms - 83[39m
[35m[HTTP][39m [90m[39m
[35m[HTTP][39m [37m-->[39m [37mPOST[39m [37m/wd/hub/session[39m
[35m[HTTP][39m [90m{"desiredCapabilities":{"app":"C:\\Users\\denni\\OneDrive\\Desktop\\SafeBoda\\app-passenger.apk","autoGrantPermissions":true,"automationName":"uiautomator2","deviceName":"CUBOT CUBOT NOTE Plus (Android 7.0)","fullReset":false,"newCommandTimeout":1800,"noReset":true,"platform":"ANDROID","platformName":"Android","udid":"C509XXBH81110634"},"capabilities":{"desiredCapabilities":{"app":"C:\\Users\\denni\\OneDrive\\Desktop\\SafeBoda\\app-passenger.apk","autoGrantPermissions":true,"automationName":"uiautomator2","deviceName":"CUBOT CUBOT NOTE Plus (Android 7.0)","fullReset":false,"newCommandTimeout":1800,"noReset":true,"platform":"ANDROID","platformName":"Android","udid":"C509XXBH81110634"},"firstMatch":[{"platformName":"android"}]}}[39m
[35m[Appium][39m Could not parse W3C capabilities: 'deviceName' can't be blank. Falling back to JSONWP protocol.
[35m[Appium][39m The following capabilities were provided in the JSONWP desired capabilities that are missing in W3C capabilities: ["app","autoGrantPermissions","automationName","deviceName","fullReset","newCommandTimeout","noReset","platform","platformName","udid"]. Falling back to JSONWP protocol.
[35m[Appium][39m Creating new AndroidUiautomator2Driver (v1.12.0) session
[35m[Appium][39m Capabilities:
[35m[Appium][39m   app: C:\Users\denni\OneDrive\Desktop\SafeBoda\app-passenger.apk
[35m[Appium][39m   autoGrantPermissions: true
[35m[Appium][39m   automationName: uiautomator2
[35m[Appium][39m   deviceName: CUBOT CUBOT NOTE Plus (Android 7.0)
[35m[Appium][39m   fullReset: false
[35m[Appium][39m   newCommandTimeout: 1800
[35m[Appium][39m   noReset: true
[35m[Appium][39m   platform: ANDROID
[35m[Appium][39m   platformName: Android
[35m[Appium][39m   udid: C509XXBH81110634
[35m[BaseDriver][39m The following capabilities were provided, but are not recognized by appium: platform.
[35m[BaseDriver][39m Session created with session id: bab0d315-97bf-45b6-bf95-46f73ac52c25
[35m[BaseDriver][39m Using local app 'C:\Users\denni\OneDrive\Desktop\SafeBoda\app-passenger.apk'
[35m[AndroidDriver][39m Java version is: 1.8.0_181
[35m[ADB][39m Checking whether adb is present
[35m[ADB][39m Found 1 'build-tools' folders under 'C:\Users\denni\.katalon\tools\android_sdk' (newest first):
[35m[ADB][39m     C:/Users/denni/.katalon/tools/android_sdk/build-tools/28.0.3
[35m[ADB][39m Using adb.exe from C:\Users\denni\.katalon\tools\android_sdk\platform-tools\adb.exe
[35m[AndroidDriver][39m Retrieving device list
[35m[AndroidDriver][39m Using device: C509XXBH81110634
[35m[ADB][39m Using the alternative activity name detection method because of: Could not find apkanalyzer.bat in C:\Users\denni\.katalon\tools\android_sdk\platform-tools\apkanalyzer.bat,C:\Users\denni\.katalon\tools\android_sdk\emulator\apkanalyzer.bat,C:\Users\denni\.katalon\tools\android_sdk\tools\apkanalyzer.bat,C:\Users\denni\.katalon\tools\android_sdk\tools\bin\apkanalyzer.bat,C:\Users\denni\.katalon\tools\android_sdk\build-tools\28.0.3\apkanalyzer.bat. Do you have the Android SDK installed at 'C:\Users\denni\.katalon\tools\android_sdk'?
[35m[ADB][39m Checking whether aapt is present
[35m[ADB][39m Using aapt.exe from C:\Users\denni\.katalon\tools\android_sdk\build-tools\28.0.3\aapt.exe
[35m[ADB][39m Extracting package and launch activity from manifest
[35m[ADB][39m Package name: 'com.safeboda.passenger'
[35m[ADB][39m Main activity name: 'com.safeboda.passenger.start.StartActivity'
[35m[ADB][39m Getting device platform version
[35m[ADB][39m Using apksigner.bat from C:\Users\denni\.katalon\tools\android_sdk\build-tools\28.0.3\apksigner.bat
[35m[ADB][39m Checking whether zipalign is present
[35m[ADB][39m Using zipalign.exe from C:\Users\denni\.katalon\tools\android_sdk\build-tools\28.0.3\zipalign.exe
[35m[ADB][39m io.appium.uiautomator2.server was successfully uninstalled
[35m[ADB][39m io.appium.uiautomator2.server.test was successfully uninstalled
[35m[AndroidDriver][39m setDeviceLanguageCountry requires language or country.
[35m[AndroidDriver][39m Got language: 'null' and country: 'null'
[35m[ADB][39m Successfully extracted 678 strings from 'C:\Users\denni\OneDrive\Desktop\SafeBoda\app-passenger.apk' resources for '(default)' configuration
[35m[UiAutomator2][39m Starting uiautomator2 server 1.12.0
[35m[UiAutomator2][39m Using UIAutomator2 server from 'C:\Users\denni\AppData\Roaming\npm\node_modules\appium\node_modules\appium-uiautomator2-server\apks\appium-uiautomator2-server-v1.12.0.apk' and test from 'C:\Users\denni\AppData\Roaming\npm\node_modules\appium\node_modules\appium-uiautomator2-server\apks\appium-uiautomator2-server-debug-androidTest.apk'
[35m[UiAutomator2][39m Running command: 'adb -s C509XXBH81110634 shell am instrument -w io.appium.uiautomator2.server.test/android.support.test.runner.AndroidJUnitRunner'
[35m[UiAutomator2][39m Waiting up to 20000ms for UiAutomator2 to be online...
[35m[AndroidDriver][39m Screen already unlocked, doing nothing
[35m[UiAutomator2][39m UiAutomator2 did not start the activity we were waiting for, 'com.safeboda.passenger/com.safeboda.passenger.start.StartActivity'. Starting it ourselves
[35m[Appium][39m New AndroidUiautomator2Driver session created successfully, session bab0d315-97bf-45b6-bf95-46f73ac52c25 added to master session list
[35m[HTTP][39m [37m<-- POST /wd/hub/session [39m[32m200[39m [90m39507 ms - 1200[39m
[35m[HTTP][39m [90m[39m
[35m[HTTP][39m [37m-->[39m [37mGET[39m [37m/wd/hub/status[39m
[35m[HTTP][39m [90m{}[39m
[35m[HTTP][39m [37m<-- GET /wd/hub/status [39m[32m200[39m [90m5 ms - 55[39m
[35m[HTTP][39m [90m[39m
[35m[HTTP][39m [37m-->[39m [37mPOST[39m [37m/wd/hub/session/bab0d315-97bf-45b6-bf95-46f73ac52c25/timeouts[39m
[35m[HTTP][39m [90m{"type":"implicit","ms":30000}[39m
[35m[HTTP][39m [37m<-- POST /wd/hub/session/bab0d315-97bf-45b6-bf95-46f73ac52c25/timeouts [39m[33m400[39m [90m21 ms - 5204[39m
[35m[HTTP][39m [90m[39m
[35m[HTTP][39m [37m-->[39m [37mGET[39m [37m/wd/hub/session/bab0d315-97bf-45b6-bf95-46f73ac52c25/window/current/size[39m
[35m[HTTP][39m [90m{}[39m
[35m[W3C][39m Driver proxy active, passing request on via HTTP proxy
[35m[JSONWP Proxy][39m Replacing sessionId 2d8096b8-47a2-4924-a020-562363df5dd1 with bab0d315-97bf-45b6-bf95-46f73ac52c25
[35m[HTTP][39m [37m<-- GET /wd/hub/session/bab0d315-97bf-45b6-bf95-46f73ac52c25/window/current/size [39m[32m200[39m [90m99 ms - 100[39m
[35m[HTTP][39m [90m[39m
[35m[HTTP][39m [37m-->[39m [37mPOST[39m [37m/wd/hub/session/bab0d315-97bf-45b6-bf95-46f73ac52c25/elements[39m
[35m[HTTP][39m [90m{"using":"-android uiautomator","value":"new UiSelector().className(\"android.widget.EditText\").text(\"Search location\").resourceId(\"com.safeboda.passenger:id/locationEditText\").instance(0)"}[39m
[35m[HTTP][39m [37m<-- POST /wd/hub/session/bab0d315-97bf-45b6-bf95-46f73ac52c25/elements [39m[32m200[39m [90m63 ms - 74[39m
[35m[HTTP][39m [90m[39m
[35m[HTTP][39m [37m-->[39m [37mPOST[39m [37m/wd/hub/session/bab0d315-97bf-45b6-bf95-46f73ac52c25/elements[39m
[35m[HTTP][39m [90m{"using":"-android uiautomator","value":"new UiSelector().className(\"android.widget.EditText\").text(\"Search location\").resourceId(\"com.safeboda.passenger:id/locationEditText\").instance(0)"}[39m
[35m[HTTP][39m [37m<-- POST /wd/hub/session/bab0d315-97bf-45b6-bf95-46f73ac52c25/elements [39m[32m200[39m [90m157 ms - 74[39m
[35m[HTTP][39m [90m[39m
[35m[HTTP][39m [37m-->[39m [37mPOST[39m [37m/wd/hub/session/bab0d315-97bf-45b6-bf95-46f73ac52c25/elements[39m
[35m[HTTP][39m [90m{"using":"-android uiautomator","value":"new UiSelector().className(\"android.widget.EditText\").text(\"Search location\").resourceId(\"com.safeboda.passenger:id/locationEditText\").instance(0)"}[39m
[35m[HTTP][39m [37m<-- POST /wd/hub/session/bab0d315-97bf-45b6-bf95-46f73ac52c25/elements [39m[32m200[39m [90m1657 ms - 74[39m
[35m[HTTP][39m [90m[39m
[35m[HTTP][39m [37m-->[39m [37mPOST[39m [37m/wd/hub/session/bab0d315-97bf-45b6-bf95-46f73ac52c25/elements[39m
[35m[HTTP][39m [90m{"using":"-android uiautomator","value":"new UiSelector().className(\"android.widget.EditText\").text(\"Search location\").resourceId(\"com.safeboda.passenger:id/locationEditText\").instance(0)"}[39m
[35m[HTTP][39m [37m<-- POST /wd/hub/session/bab0d315-97bf-45b6-bf95-46f73ac52c25/elements [39m[32m200[39m [90m1415 ms - 124[39m
[35m[HTTP][39m [90m[39m
[35m[HTTP][39m [37m-->[39m [37mGET[39m [37m/wd/hub/session/bab0d315-97bf-45b6-bf95-46f73ac52c25[39m
[35m[HTTP][39m [90m{}[39m
[35m[HTTP][39m [37m<-- GET /wd/hub/session/bab0d315-97bf-45b6-bf95-46f73ac52c25 [39m[32m200[39m [90m20 ms - 1200[39m
[35m[HTTP][39m [90m[39m
[35m[HTTP][39m [37m-->[39m [37mGET[39m [37m/wd/hub/session/bab0d315-97bf-45b6-bf95-46f73ac52c25[39m
[35m[HTTP][39m [90m{}[39m
[35m[HTTP][39m [37m<-- GET /wd/hub/session/bab0d315-97bf-45b6-bf95-46f73ac52c25 [39m[32m200[39m [90m19 ms - 1200[39m
[35m[HTTP][39m [90m[39m
[35m[HTTP][39m [37m-->[39m [37mGET[39m [37m/wd/hub/session/bab0d315-97bf-45b6-bf95-46f73ac52c25[39m
[35m[HTTP][39m [90m{}[39m
[35m[HTTP][39m [37m<-- GET /wd/hub/session/bab0d315-97bf-45b6-bf95-46f73ac52c25 [39m[32m200[39m [90m19 ms - 1200[39m
[35m[HTTP][39m [90m[39m
[35m[HTTP][39m [37m-->[39m [37mGET[39m [37m/wd/hub/session/bab0d315-97bf-45b6-bf95-46f73ac52c25[39m
[35m[HTTP][39m [90m{}[39m
[35m[HTTP][39m [37m<-- GET /wd/hub/session/bab0d315-97bf-45b6-bf95-46f73ac52c25 [39m[32m200[39m [90m17 ms - 1200[39m
[35m[HTTP][39m [90m[39m
[35m[HTTP][39m [37m-->[39m [37mGET[39m [37m/wd/hub/session/bab0d315-97bf-45b6-bf95-46f73ac52c25/element/8a71df16-20a2-4fd1-aa6e-196d93b42b55/location[39m
[35m[HTTP][39m [90m{}[39m
[35m[W3C][39m Driver proxy active, passing request on via HTTP proxy
[35m[JSONWP Proxy][39m Replacing sessionId 2d8096b8-47a2-4924-a020-562363df5dd1 with bab0d315-97bf-45b6-bf95-46f73ac52c25
[35m[HTTP][39m [37m<-- GET /wd/hub/session/bab0d315-97bf-45b6-bf95-46f73ac52c25/element/8a71df16-20a2-4fd1-aa6e-196d93b42b55/location [39m[32m200[39m [90m40 ms - 89[39m
[35m[HTTP][39m [90m[39m
[35m[HTTP][39m [37m-->[39m [37mPOST[39m [37m/wd/hub/session/bab0d315-97bf-45b6-bf95-46f73ac52c25/touch/perform[39m
[35m[HTTP][39m [90m{"actions":[{"action":"tap","options":{"element":"8a71df16-20a2-4fd1-aa6e-196d93b42b55","x":1,"y":1}}]}[39m
[35m[UiAutomator2][39m calling get location: 8a71df16-20a2-4fd1-aa6e-196d93b42b55
[35m[HTTP][39m [37m<-- POST /wd/hub/session/bab0d315-97bf-45b6-bf95-46f73ac52c25/touch/perform [39m[32m200[39m [90m1428 ms - 76[39m
[35m[HTTP][39m [90m[39m
[35m[HTTP][39m [37m-->[39m [37mGET[39m [37m/wd/hub/session/bab0d315-97bf-45b6-bf95-46f73ac52c25/window/current/size[39m
[35m[HTTP][39m [90m{}[39m
[35m[W3C][39m Driver proxy active, passing request on via HTTP proxy
[35m[JSONWP Proxy][39m Replacing sessionId 2d8096b8-47a2-4924-a020-562363df5dd1 with bab0d315-97bf-45b6-bf95-46f73ac52c25
[35m[HTTP][39m [37m<-- GET /wd/hub/session/bab0d315-97bf-45b6-bf95-46f73ac52c25/window/current/size [39m[32m200[39m [90m53 ms - 100[39m
[35m[HTTP][39m [90m[39m
[35m[HTTP][39m [37m-->[39m [37mPOST[39m [37m/wd/hub/session/bab0d315-97bf-45b6-bf95-46f73ac52c25/elements[39m
[35m[HTTP][39m [90m{"using":"-android uiautomator","value":"new UiSelector().className(\"android.widget.EditText\").text(\"Search location\").resourceId(\"com.safeboda.passenger:id/locationEditText\").instance(0)"}[39m
[35m[HTTP][39m [37m<-- POST /wd/hub/session/bab0d315-97bf-45b6-bf95-46f73ac52c25/elements [39m[32m200[39m [90m144 ms - 124[39m
[35m[HTTP][39m [90m[39m
[35m[HTTP][39m [37m-->[39m [37mGET[39m [37m/wd/hub/session/bab0d315-97bf-45b6-bf95-46f73ac52c25[39m
[35m[HTTP][39m [90m{}[39m
[35m[HTTP][39m [37m<-- GET /wd/hub/session/bab0d315-97bf-45b6-bf95-46f73ac52c25 [39m[32m200[39m [90m17 ms - 1200[39m
[35m[HTTP][39m [90m[39m
[35m[HTTP][39m [37m-->[39m [37mGET[39m [37m/wd/hub/session/bab0d315-97bf-45b6-bf95-46f73ac52c25[39m
[35m[HTTP][39m [90m{}[39m
[35m[HTTP][39m [37m<-- GET /wd/hub/session/bab0d315-97bf-45b6-bf95-46f73ac52c25 [39m[32m200[39m [90m22 ms - 1200[39m
[35m[HTTP][39m [90m[39m
[35m[HTTP][39m [37m-->[39m [37mGET[39m [37m/wd/hub/session/bab0d315-97bf-45b6-bf95-46f73ac52c25[39m
[35m[HTTP][39m [90m{}[39m
[35m[HTTP][39m [37m<-- GET /wd/hub/session/bab0d315-97bf-45b6-bf95-46f73ac52c25 [39m[32m200[39m [90m19 ms - 1200[39m
[35m[HTTP][39m [90m[39m
[35m[HTTP][39m [37m-->[39m [37mGET[39m [37m/wd/hub/session/bab0d315-97bf-45b6-bf95-46f73ac52c25[39m
[35m[HTTP][39m [90m{}[39m
[35m[HTTP][39m [37m<-- GET /wd/hub/session/bab0d315-97bf-45b6-bf95-46f73ac52c25 [39m[32m200[39m [90m22 ms - 1200[39m
[35m[HTTP][39m [90m[39m
[35m[HTTP][39m [37m-->[39m [37mGET[39m [37m/wd/hub/session/bab0d315-97bf-45b6-bf95-46f73ac52c25/element/fe88a2c6-c7c7-4c6f-b997-da62e5a2dffb/location[39m
[35m[HTTP][39m [90m{}[39m
[35m[W3C][39m Driver proxy active, passing request on via HTTP proxy
[35m[JSONWP Proxy][39m Replacing sessionId 2d8096b8-47a2-4924-a020-562363df5dd1 with bab0d315-97bf-45b6-bf95-46f73ac52c25
[35m[HTTP][39m [37m<-- GET /wd/hub/session/bab0d315-97bf-45b6-bf95-46f73ac52c25/element/fe88a2c6-c7c7-4c6f-b997-da62e5a2dffb/location [39m[32m200[39m [90m45 ms - 89[39m
[35m[HTTP][39m [90m[39m
[35m[HTTP][39m [37m-->[39m [37mPOST[39m [37m/wd/hub/session/bab0d315-97bf-45b6-bf95-46f73ac52c25/touch/perform[39m
[35m[HTTP][39m [90m{"actions":[{"action":"tap","options":{"element":"fe88a2c6-c7c7-4c6f-b997-da62e5a2dffb","x":1,"y":1}}]}[39m
[35m[UiAutomator2][39m calling get location: fe88a2c6-c7c7-4c6f-b997-da62e5a2dffb
[35m[HTTP][39m [37m<-- POST /wd/hub/session/bab0d315-97bf-45b6-bf95-46f73ac52c25/touch/perform [39m[32m200[39m [90m3277 ms - 76[39m
[35m[HTTP][39m [90m[39m
[35m[HTTP][39m [37m-->[39m [37mGET[39m [37m/wd/hub/session/bab0d315-97bf-45b6-bf95-46f73ac52c25/window/current/size[39m
[35m[HTTP][39m [90m{}[39m
[35m[W3C][39m Driver proxy active, passing request on via HTTP proxy
[35m[JSONWP Proxy][39m Replacing sessionId 2d8096b8-47a2-4924-a020-562363df5dd1 with bab0d315-97bf-45b6-bf95-46f73ac52c25
[35m[HTTP][39m [37m<-- GET /wd/hub/session/bab0d315-97bf-45b6-bf95-46f73ac52c25/window/current/size [39m[32m200[39m [90m54 ms - 100[39m
[35m[HTTP][39m [90m[39m
[35m[HTTP][39m [37m-->[39m [37mPOST[39m [37m/wd/hub/session/bab0d315-97bf-45b6-bf95-46f73ac52c25/elements[39m
[35m[HTTP][39m [90m{"using":"-android uiautomator","value":"new UiSelector().className(\"android.widget.EditText\").text(\"Search location\").resourceId(\"com.safeboda.passenger:id/locationEditText\").instance(0)"}[39m
[35m[HTTP][39m [37m<-- POST /wd/hub/session/bab0d315-97bf-45b6-bf95-46f73ac52c25/elements [39m[32m200[39m [90m145 ms - 124[39m
[35m[HTTP][39m [90m[39m
[35m[HTTP][39m [37m-->[39m [37mGET[39m [37m/wd/hub/session/bab0d315-97bf-45b6-bf95-46f73ac52c25[39m
[35m[HTTP][39m [90m{}[39m
[35m[HTTP][39m [37m<-- GET /wd/hub/session/bab0d315-97bf-45b6-bf95-46f73ac52c25 [39m[32m200[39m [90m19 ms - 1200[39m
[35m[HTTP][39m [90m[39m
[35m[HTTP][39m [37m-->[39m [37mGET[39m [37m/wd/hub/session/bab0d315-97bf-45b6-bf95-46f73ac52c25[39m
[35m[HTTP][39m [90m{}[39m
[35m[HTTP][39m [37m<-- GET /wd/hub/session/bab0d315-97bf-45b6-bf95-46f73ac52c25 [39m[32m200[39m [90m21 ms - 1200[39m
[35m[HTTP][39m [90m[39m
[35m[HTTP][39m [37m-->[39m [37mGET[39m [37m/wd/hub/session/bab0d315-97bf-45b6-bf95-46f73ac52c25[39m
[35m[HTTP][39m [90m{}[39m
[35m[HTTP][39m [37m<-- GET /wd/hub/session/bab0d315-97bf-45b6-bf95-46f73ac52c25 [39m[32m200[39m [90m24 ms - 1200[39m
[35m[HTTP][39m [90m[39m
[35m[HTTP][39m [37m-->[39m [37mGET[39m [37m/wd/hub/session/bab0d315-97bf-45b6-bf95-46f73ac52c25[39m
[35m[HTTP][39m [90m{}[39m
[35m[HTTP][39m [37m<-- GET /wd/hub/session/bab0d315-97bf-45b6-bf95-46f73ac52c25 [39m[32m200[39m [90m19 ms - 1200[39m
[35m[HTTP][39m [90m[39m
[35m[HTTP][39m [37m-->[39m [37mGET[39m [37m/wd/hub/session/bab0d315-97bf-45b6-bf95-46f73ac52c25/element/a9a77e6d-d775-4c41-adc0-010fb0e3c52d/location[39m
[35m[HTTP][39m [90m{}[39m
[35m[W3C][39m Driver proxy active, passing request on via HTTP proxy
[35m[JSONWP Proxy][39m Replacing sessionId 2d8096b8-47a2-4924-a020-562363df5dd1 with bab0d315-97bf-45b6-bf95-46f73ac52c25
[35m[HTTP][39m [37m<-- GET /wd/hub/session/bab0d315-97bf-45b6-bf95-46f73ac52c25/element/a9a77e6d-d775-4c41-adc0-010fb0e3c52d/location [39m[32m200[39m [90m469 ms - 89[39m
[35m[HTTP][39m [90m[39m
[35m[HTTP][39m [37m-->[39m [37mPOST[39m [37m/wd/hub/session/bab0d315-97bf-45b6-bf95-46f73ac52c25/element/a9a77e6d-d775-4c41-adc0-010fb0e3c52d/value[39m
[35m[HTTP][39m [90m{"id":"a9a77e6d-d775-4c41-adc0-010fb0e3c52d","value":["Sheraton Kampala Hotel"]}[39m
[35m[HTTP][39m [37m<-- POST /wd/hub/session/bab0d315-97bf-45b6-bf95-46f73ac52c25/element/a9a77e6d-d775-4c41-adc0-010fb0e3c52d/value [39m[32m200[39m [90m987 ms - 74[39m
[35m[HTTP][39m [90m[39m
[35m[HTTP][39m [37m-->[39m [37mGET[39m [37m/wd/hub/session/bab0d315-97bf-45b6-bf95-46f73ac52c25/window/current/size[39m
[35m[HTTP][39m [90m{}[39m
[35m[W3C][39m Driver proxy active, passing request on via HTTP proxy
[35m[JSONWP Proxy][39m Replacing sessionId 2d8096b8-47a2-4924-a020-562363df5dd1 with bab0d315-97bf-45b6-bf95-46f73ac52c25
[35m[HTTP][39m [37m<-- GET /wd/hub/session/bab0d315-97bf-45b6-bf95-46f73ac52c25/window/current/size [39m[32m200[39m [90m22 ms - 100[39m
[35m[HTTP][39m [90m[39m
[35m[HTTP][39m [37m-->[39m [37mPOST[39m [37m/wd/hub/session/bab0d315-97bf-45b6-bf95-46f73ac52c25/elements[39m
[35m[HTTP][39m [90m{"using":"-android uiautomator","value":"new UiSelector().className(\"android.view.ViewGroup\").instance(5)"}[39m
[35m[HTTP][39m [37m<-- POST /wd/hub/session/bab0d315-97bf-45b6-bf95-46f73ac52c25/elements [39m[32m200[39m [90m1880 ms - 124[39m
[35m[HTTP][39m [90m[39m
[35m[HTTP][39m [37m-->[39m [37mGET[39m [37m/wd/hub/session/bab0d315-97bf-45b6-bf95-46f73ac52c25[39m
[35m[HTTP][39m [90m{}[39m
[35m[HTTP][39m [37m<-- GET /wd/hub/session/bab0d315-97bf-45b6-bf95-46f73ac52c25 [39m[32m200[39m [90m23 ms - 1200[39m
[35m[HTTP][39m [90m[39m
[35m[HTTP][39m [37m-->[39m [37mGET[39m [37m/wd/hub/session/bab0d315-97bf-45b6-bf95-46f73ac52c25[39m
[35m[HTTP][39m [90m{}[39m
[35m[HTTP][39m [37m<-- GET /wd/hub/session/bab0d315-97bf-45b6-bf95-46f73ac52c25 [39m[32m200[39m [90m16 ms - 1200[39m
[35m[HTTP][39m [90m[39m
[35m[HTTP][39m [37m-->[39m [37mGET[39m [37m/wd/hub/session/bab0d315-97bf-45b6-bf95-46f73ac52c25[39m
[35m[HTTP][39m [90m{}[39m
[35m[HTTP][39m [37m<-- GET /wd/hub/session/bab0d315-97bf-45b6-bf95-46f73ac52c25 [39m[32m200[39m [90m21 ms - 1200[39m
[35m[HTTP][39m [90m[39m
[35m[HTTP][39m [37m-->[39m [37mGET[39m [37m/wd/hub/session/bab0d315-97bf-45b6-bf95-46f73ac52c25[39m
[35m[HTTP][39m [90m{}[39m
[35m[HTTP][39m [37m<-- GET /wd/hub/session/bab0d315-97bf-45b6-bf95-46f73ac52c25 [39m[32m200[39m [90m37 ms - 1200[39m
[35m[HTTP][39m [90m[39m
[35m[HTTP][39m [37m-->[39m [37mGET[39m [37m/wd/hub/session/bab0d315-97bf-45b6-bf95-46f73ac52c25/element/16252955-367d-4bd5-b578-c8ead5662f39/location[39m
[35m[HTTP][39m [90m{}[39m
[35m[W3C][39m Driver proxy active, passing request on via HTTP proxy
[35m[JSONWP Proxy][39m Replacing sessionId 2d8096b8-47a2-4924-a020-562363df5dd1 with bab0d315-97bf-45b6-bf95-46f73ac52c25
[35m[HTTP][39m [37m<-- GET /wd/hub/session/bab0d315-97bf-45b6-bf95-46f73ac52c25/element/16252955-367d-4bd5-b578-c8ead5662f39/location [39m[32m200[39m [90m99 ms - 88[39m
[35m[HTTP][39m [90m[39m
[35m[HTTP][39m [37m-->[39m [37mPOST[39m [37m/wd/hub/session/bab0d315-97bf-45b6-bf95-46f73ac52c25/touch/perform[39m
[35m[HTTP][39m [90m{"actions":[{"action":"tap","options":{"element":"16252955-367d-4bd5-b578-c8ead5662f39","x":1,"y":1}}]}[39m
[35m[UiAutomator2][39m calling get location: 16252955-367d-4bd5-b578-c8ead5662f39
[35m[HTTP][39m [37m<-- POST /wd/hub/session/bab0d315-97bf-45b6-bf95-46f73ac52c25/touch/perform [39m[32m200[39m [90m2218 ms - 76[39m
[35m[HTTP][39m [90m[39m
[35m[HTTP][39m [37m-->[39m [37mGET[39m [37m/wd/hub/session/bab0d315-97bf-45b6-bf95-46f73ac52c25/window/current/size[39m
[35m[HTTP][39m [90m{}[39m
[35m[W3C][39m Driver proxy active, passing request on via HTTP proxy
[35m[JSONWP Proxy][39m Replacing sessionId 2d8096b8-47a2-4924-a020-562363df5dd1 with bab0d315-97bf-45b6-bf95-46f73ac52c25
[35m[HTTP][39m [37m<-- GET /wd/hub/session/bab0d315-97bf-45b6-bf95-46f73ac52c25/window/current/size [39m[32m200[39m [90m47 ms - 100[39m
[35m[HTTP][39m [90m[39m
[35m[HTTP][39m [37m-->[39m [37mPOST[39m [37m/wd/hub/session/bab0d315-97bf-45b6-bf95-46f73ac52c25/elements[39m
[35m[HTTP][39m [90m{"using":"-android uiautomator","value":"new UiSelector().className(\"android.widget.ImageView\").resourceId(\"com.safeboda.passenger:id/searchImageView\").instance(1)"}[39m
[35m[HTTP][39m [37m<-- POST /wd/hub/session/bab0d315-97bf-45b6-bf95-46f73ac52c25/elements [39m[32m200[39m [90m116 ms - 124[39m
[35m[HTTP][39m [90m[39m
[35m[HTTP][39m [37m-->[39m [37mGET[39m [37m/wd/hub/session/bab0d315-97bf-45b6-bf95-46f73ac52c25[39m
[35m[HTTP][39m [90m{}[39m
[35m[HTTP][39m [37m<-- GET /wd/hub/session/bab0d315-97bf-45b6-bf95-46f73ac52c25 [39m[32m200[39m [90m25 ms - 1200[39m
[35m[HTTP][39m [90m[39m
[35m[HTTP][39m [37m-->[39m [37mGET[39m [37m/wd/hub/session/bab0d315-97bf-45b6-bf95-46f73ac52c25[39m
[35m[HTTP][39m [90m{}[39m
[35m[HTTP][39m [37m<-- GET /wd/hub/session/bab0d315-97bf-45b6-bf95-46f73ac52c25 [39m[32m200[39m [90m24 ms - 1200[39m
[35m[HTTP][39m [90m[39m
[35m[HTTP][39m [37m-->[39m [37mGET[39m [37m/wd/hub/session/bab0d315-97bf-45b6-bf95-46f73ac52c25[39m
[35m[HTTP][39m [90m{}[39m
[35m[HTTP][39m [37m<-- GET /wd/hub/session/bab0d315-97bf-45b6-bf95-46f73ac52c25 [39m[32m200[39m [90m35 ms - 1200[39m
[35m[HTTP][39m [90m[39m
[35m[HTTP][39m [37m-->[39m [37mGET[39m [37m/wd/hub/session/bab0d315-97bf-45b6-bf95-46f73ac52c25[39m
[35m[HTTP][39m [90m{}[39m
[35m[HTTP][39m [37m<-- GET /wd/hub/session/bab0d315-97bf-45b6-bf95-46f73ac52c25 [39m[32m200[39m [90m18 ms - 1200[39m
[35m[HTTP][39m [90m[39m
[35m[HTTP][39m [37m-->[39m [37mGET[39m [37m/wd/hub/session/bab0d315-97bf-45b6-bf95-46f73ac52c25/element/47edb55f-8821-44cf-88de-6ef5b1a5eb7d/location[39m
[35m[HTTP][39m [90m{}[39m
[35m[W3C][39m Driver proxy active, passing request on via HTTP proxy
[35m[JSONWP Proxy][39m Replacing sessionId 2d8096b8-47a2-4924-a020-562363df5dd1 with bab0d315-97bf-45b6-bf95-46f73ac52c25
[35m[HTTP][39m [37m<-- GET /wd/hub/session/bab0d315-97bf-45b6-bf95-46f73ac52c25/element/47edb55f-8821-44cf-88de-6ef5b1a5eb7d/location [39m[32m200[39m [90m58 ms - 89[39m
[35m[HTTP][39m [90m[39m
[35m[HTTP][39m [37m-->[39m [37mPOST[39m [37m/wd/hub/session/bab0d315-97bf-45b6-bf95-46f73ac52c25/touch/perform[39m
[35m[HTTP][39m [90m{"actions":[{"action":"tap","options":{"element":"47edb55f-8821-44cf-88de-6ef5b1a5eb7d","x":1,"y":1}}]}[39m
[35m[UiAutomator2][39m calling get location: 47edb55f-8821-44cf-88de-6ef5b1a5eb7d
[35m[HTTP][39m [37m<-- POST /wd/hub/session/bab0d315-97bf-45b6-bf95-46f73ac52c25/touch/perform [39m[32m200[39m [90m1044 ms - 76[39m
[35m[HTTP][39m [90m[39m
[35m[HTTP][39m [37m-->[39m [37mGET[39m [37m/wd/hub/session/bab0d315-97bf-45b6-bf95-46f73ac52c25/window/current/size[39m
[35m[HTTP][39m [90m{}[39m
[35m[W3C][39m Driver proxy active, passing request on via HTTP proxy
[35m[JSONWP Proxy][39m Replacing sessionId 2d8096b8-47a2-4924-a020-562363df5dd1 with bab0d315-97bf-45b6-bf95-46f73ac52c25
[35m[HTTP][39m [37m<-- GET /wd/hub/session/bab0d315-97bf-45b6-bf95-46f73ac52c25/window/current/size [39m[32m200[39m [90m119 ms - 100[39m
[35m[HTTP][39m [90m[39m
[35m[HTTP][39m [37m-->[39m [37mPOST[39m [37m/wd/hub/session/bab0d315-97bf-45b6-bf95-46f73ac52c25/elements[39m
[35m[HTTP][39m [90m{"using":"-android uiautomator","value":"new UiSelector().className(\"android.widget.EditText\").text(\"Search location\").resourceId(\"com.safeboda.passenger:id/locationEditText\").instance(0)"}[39m
[35m[HTTP][39m [37m<-- POST /wd/hub/session/bab0d315-97bf-45b6-bf95-46f73ac52c25/elements [39m[32m200[39m [90m196 ms - 124[39m
[35m[HTTP][39m [90m[39m
[35m[HTTP][39m [37m-->[39m [37mGET[39m [37m/wd/hub/session/bab0d315-97bf-45b6-bf95-46f73ac52c25[39m
[35m[HTTP][39m [90m{}[39m
[35m[HTTP][39m [37m<-- GET /wd/hub/session/bab0d315-97bf-45b6-bf95-46f73ac52c25 [39m[32m200[39m [90m21 ms - 1200[39m
[35m[HTTP][39m [90m[39m
[35m[HTTP][39m [37m-->[39m [37mGET[39m [37m/wd/hub/session/bab0d315-97bf-45b6-bf95-46f73ac52c25[39m
[35m[HTTP][39m [90m{}[39m
[35m[HTTP][39m [37m<-- GET /wd/hub/session/bab0d315-97bf-45b6-bf95-46f73ac52c25 [39m[32m200[39m [90m21 ms - 1200[39m
[35m[HTTP][39m [90m[39m
[35m[HTTP][39m [37m-->[39m [37mGET[39m [37m/wd/hub/session/bab0d315-97bf-45b6-bf95-46f73ac52c25[39m
[35m[HTTP][39m [90m{}[39m
[35m[HTTP][39m [37m<-- GET /wd/hub/session/bab0d315-97bf-45b6-bf95-46f73ac52c25 [39m[32m200[39m [90m27 ms - 1200[39m
[35m[HTTP][39m [90m[39m
[35m[HTTP][39m [37m-->[39m [37mGET[39m [37m/wd/hub/session/bab0d315-97bf-45b6-bf95-46f73ac52c25[39m
[35m[HTTP][39m [90m{}[39m
[35m[HTTP][39m [37m<-- GET /wd/hub/session/bab0d315-97bf-45b6-bf95-46f73ac52c25 [39m[32m200[39m [90m20 ms - 1200[39m
[35m[HTTP][39m [90m[39m
[35m[HTTP][39m [37m-->[39m [37mGET[39m [37m/wd/hub/session/bab0d315-97bf-45b6-bf95-46f73ac52c25/element/1acc8ce6-300e-4638-ad8e-6d910abd6ce0/location[39m
[35m[HTTP][39m [90m{}[39m
[35m[W3C][39m Driver proxy active, passing request on via HTTP proxy
[35m[JSONWP Proxy][39m Replacing sessionId 2d8096b8-47a2-4924-a020-562363df5dd1 with bab0d315-97bf-45b6-bf95-46f73ac52c25
[35m[HTTP][39m [37m<-- GET /wd/hub/session/bab0d315-97bf-45b6-bf95-46f73ac52c25/element/1acc8ce6-300e-4638-ad8e-6d910abd6ce0/location [39m[32m200[39m [90m40 ms - 89[39m
[35m[HTTP][39m [90m[39m
[35m[HTTP][39m [37m-->[39m [37mPOST[39m [37m/wd/hub/session/bab0d315-97bf-45b6-bf95-46f73ac52c25/touch/perform[39m
[35m[HTTP][39m [90m{"actions":[{"action":"tap","options":{"element":"1acc8ce6-300e-4638-ad8e-6d910abd6ce0","x":1,"y":1}}]}[39m
[35m[UiAutomator2][39m calling get location: 1acc8ce6-300e-4638-ad8e-6d910abd6ce0
[35m[HTTP][39m [37m<-- POST /wd/hub/session/bab0d315-97bf-45b6-bf95-46f73ac52c25/touch/perform [39m[32m200[39m [90m1496 ms - 76[39m
[35m[HTTP][39m [90m[39m
[35m[HTTP][39m [37m-->[39m [37mGET[39m [37m/wd/hub/session/bab0d315-97bf-45b6-bf95-46f73ac52c25/window/current/size[39m
[35m[HTTP][39m [90m{}[39m
[35m[W3C][39m Driver proxy active, passing request on via HTTP proxy
[35m[JSONWP Proxy][39m Replacing sessionId 2d8096b8-47a2-4924-a020-562363df5dd1 with bab0d315-97bf-45b6-bf95-46f73ac52c25
[35m[HTTP][39m [37m<-- GET /wd/hub/session/bab0d315-97bf-45b6-bf95-46f73ac52c25/window/current/size [39m[32m200[39m [90m68 ms - 100[39m
[35m[HTTP][39m [90m[39m
[35m[HTTP][39m [37m-->[39m [37mPOST[39m [37m/wd/hub/session/bab0d315-97bf-45b6-bf95-46f73ac52c25/elements[39m
[35m[HTTP][39m [90m{"using":"-android uiautomator","value":"new UiSelector().className(\"android.widget.EditText\").text(\"Search location\").resourceId(\"com.safeboda.passenger:id/locationEditText\").instance(0)"}[39m
[35m[HTTP][39m [37m<-- POST /wd/hub/session/bab0d315-97bf-45b6-bf95-46f73ac52c25/elements [39m[32m200[39m [90m159 ms - 124[39m
[35m[HTTP][39m [90m[39m
[35m[HTTP][39m [37m-->[39m [37mGET[39m [37m/wd/hub/session/bab0d315-97bf-45b6-bf95-46f73ac52c25[39m
[35m[HTTP][39m [90m{}[39m
[35m[HTTP][39m [37m<-- GET /wd/hub/session/bab0d315-97bf-45b6-bf95-46f73ac52c25 [39m[32m200[39m [90m20 ms - 1200[39m
[35m[HTTP][39m [90m[39m
[35m[HTTP][39m [37m-->[39m [37mGET[39m [37m/wd/hub/session/bab0d315-97bf-45b6-bf95-46f73ac52c25[39m
[35m[HTTP][39m [90m{}[39m
[35m[HTTP][39m [37m<-- GET /wd/hub/session/bab0d315-97bf-45b6-bf95-46f73ac52c25 [39m[32m200[39m [90m23 ms - 1200[39m
[35m[HTTP][39m [90m[39m
[35m[HTTP][39m [37m-->[39m [37mGET[39m [37m/wd/hub/session/bab0d315-97bf-45b6-bf95-46f73ac52c25[39m
[35m[HTTP][39m [90m{}[39m
[35m[HTTP][39m [37m<-- GET /wd/hub/session/bab0d315-97bf-45b6-bf95-46f73ac52c25 [39m[32m200[39m [90m38 ms - 1200[39m
[35m[HTTP][39m [90m[39m
[35m[HTTP][39m [37m-->[39m [37mGET[39m [37m/wd/hub/session/bab0d315-97bf-45b6-bf95-46f73ac52c25[39m
[35m[HTTP][39m [90m{}[39m
[35m[HTTP][39m [37m<-- GET /wd/hub/session/bab0d315-97bf-45b6-bf95-46f73ac52c25 [39m[32m200[39m [90m29 ms - 1200[39m
[35m[HTTP][39m [90m[39m
[35m[HTTP][39m [37m-->[39m [37mGET[39m [37m/wd/hub/session/bab0d315-97bf-45b6-bf95-46f73ac52c25/element/fde5f0de-6346-42e6-a6aa-4da9188a15e6/location[39m
[35m[HTTP][39m [90m{}[39m
[35m[W3C][39m Driver proxy active, passing request on via HTTP proxy
[35m[JSONWP Proxy][39m Replacing sessionId 2d8096b8-47a2-4924-a020-562363df5dd1 with bab0d315-97bf-45b6-bf95-46f73ac52c25
[35m[HTTP][39m [37m<-- GET /wd/hub/session/bab0d315-97bf-45b6-bf95-46f73ac52c25/element/fde5f0de-6346-42e6-a6aa-4da9188a15e6/location [39m[32m200[39m [90m51 ms - 89[39m
[35m[HTTP][39m [90m[39m
[35m[HTTP][39m [37m-->[39m [37mPOST[39m [37m/wd/hub/session/bab0d315-97bf-45b6-bf95-46f73ac52c25/touch/perform[39m
[35m[HTTP][39m [90m{"actions":[{"action":"tap","options":{"element":"fde5f0de-6346-42e6-a6aa-4da9188a15e6","x":1,"y":1}}]}[39m
[35m[UiAutomator2][39m calling get location: fde5f0de-6346-42e6-a6aa-4da9188a15e6
[35m[HTTP][39m [37m<-- POST /wd/hub/session/bab0d315-97bf-45b6-bf95-46f73ac52c25/touch/perform [39m[32m200[39m [90m1089 ms - 76[39m
[35m[HTTP][39m [90m[39m
[35m[HTTP][39m [37m-->[39m [37mGET[39m [37m/wd/hub/session/bab0d315-97bf-45b6-bf95-46f73ac52c25/window/current/size[39m
[35m[HTTP][39m [90m{}[39m
[35m[W3C][39m Driver proxy active, passing request on via HTTP proxy
[35m[JSONWP Proxy][39m Replacing sessionId 2d8096b8-47a2-4924-a020-562363df5dd1 with bab0d315-97bf-45b6-bf95-46f73ac52c25
[35m[HTTP][39m [37m<-- GET /wd/hub/session/bab0d315-97bf-45b6-bf95-46f73ac52c25/window/current/size [39m[32m200[39m [90m31 ms - 100[39m
[35m[HTTP][39m [90m[39m
[35m[HTTP][39m [37m-->[39m [37mPOST[39m [37m/wd/hub/session/bab0d315-97bf-45b6-bf95-46f73ac52c25/elements[39m
[35m[HTTP][39m [90m{"using":"-android uiautomator","value":"new UiSelector().className(\"android.widget.EditText\").text(\"Search location\").resourceId(\"com.safeboda.passenger:id/locationEditText\").instance(0)"}[39m
[35m[HTTP][39m [37m<-- POST /wd/hub/session/bab0d315-97bf-45b6-bf95-46f73ac52c25/elements [39m[32m200[39m [90m162 ms - 124[39m
[35m[HTTP][39m [90m[39m
[35m[HTTP][39m [37m-->[39m [37mGET[39m [37m/wd/hub/session/bab0d315-97bf-45b6-bf95-46f73ac52c25[39m
[35m[HTTP][39m [90m{}[39m
[35m[HTTP][39m [37m<-- GET /wd/hub/session/bab0d315-97bf-45b6-bf95-46f73ac52c25 [39m[32m200[39m [90m24 ms - 1200[39m
[35m[HTTP][39m [90m[39m
[35m[HTTP][39m [37m-->[39m [37mGET[39m [37m/wd/hub/session/bab0d315-97bf-45b6-bf95-46f73ac52c25[39m
[35m[HTTP][39m [90m{}[39m
[35m[HTTP][39m [37m<-- GET /wd/hub/session/bab0d315-97bf-45b6-bf95-46f73ac52c25 [39m[32m200[39m [90m17 ms - 1200[39m
[35m[HTTP][39m [90m[39m
[35m[HTTP][39m [37m-->[39m [37mGET[39m [37m/wd/hub/session/bab0d315-97bf-45b6-bf95-46f73ac52c25[39m
[35m[HTTP][39m [90m{}[39m
[35m[HTTP][39m [37m<-- GET /wd/hub/session/bab0d315-97bf-45b6-bf95-46f73ac52c25 [39m[32m200[39m [90m17 ms - 1200[39m
[35m[HTTP][39m [90m[39m
[35m[HTTP][39m [37m-->[39m [37mGET[39m [37m/wd/hub/session/bab0d315-97bf-45b6-bf95-46f73ac52c25[39m
[35m[HTTP][39m [90m{}[39m
[35m[HTTP][39m [37m<-- GET /wd/hub/session/bab0d315-97bf-45b6-bf95-46f73ac52c25 [39m[32m200[39m [90m43 ms - 1200[39m
[35m[HTTP][39m [90m[39m
[35m[HTTP][39m [37m-->[39m [37mGET[39m [37m/wd/hub/session/bab0d315-97bf-45b6-bf95-46f73ac52c25/element/ffe595d0-5990-48ea-82ad-2833e27b3b2a/location[39m
[35m[HTTP][39m [90m{}[39m
[35m[W3C][39m Driver proxy active, passing request on via HTTP proxy
[35m[JSONWP Proxy][39m Replacing sessionId 2d8096b8-47a2-4924-a020-562363df5dd1 with bab0d315-97bf-45b6-bf95-46f73ac52c25
[35m[HTTP][39m [37m<-- GET /wd/hub/session/bab0d315-97bf-45b6-bf95-46f73ac52c25/element/ffe595d0-5990-48ea-82ad-2833e27b3b2a/location [39m[32m200[39m [90m96 ms - 89[39m
[35m[HTTP][39m [90m[39m
[35m[HTTP][39m [37m-->[39m [37mPOST[39m [37m/wd/hub/session/bab0d315-97bf-45b6-bf95-46f73ac52c25/element/ffe595d0-5990-48ea-82ad-2833e27b3b2a/value[39m
[35m[HTTP][39m [90m{"id":"ffe595d0-5990-48ea-82ad-2833e27b3b2a","value":["kama inn"]}[39m
[35m[HTTP][39m [37m<-- POST /wd/hub/session/bab0d315-97bf-45b6-bf95-46f73ac52c25/element/ffe595d0-5990-48ea-82ad-2833e27b3b2a/value [39m[32m200[39m [90m1195 ms - 74[39m
[35m[HTTP][39m [90m[39m
[35m[HTTP][39m [37m-->[39m [37mGET[39m [37m/wd/hub/session/bab0d315-97bf-45b6-bf95-46f73ac52c25/window/current/size[39m
[35m[HTTP][39m [90m{}[39m
[35m[W3C][39m Driver proxy active, passing request on via HTTP proxy
[35m[JSONWP Proxy][39m Replacing sessionId 2d8096b8-47a2-4924-a020-562363df5dd1 with bab0d315-97bf-45b6-bf95-46f73ac52c25
[35m[HTTP][39m [37m<-- GET /wd/hub/session/bab0d315-97bf-45b6-bf95-46f73ac52c25/window/current/size [39m[32m200[39m [90m42 ms - 100[39m
[35m[HTTP][39m [90m[39m
[35m[HTTP][39m [37m-->[39m [37mPOST[39m [37m/wd/hub/session/bab0d315-97bf-45b6-bf95-46f73ac52c25/elements[39m
[35m[HTTP][39m [90m{"using":"-android uiautomator","value":"new UiSelector().className(\"android.view.ViewGroup\").instance(5)"}[39m
[35m[HTTP][39m [37m<-- POST /wd/hub/session/bab0d315-97bf-45b6-bf95-46f73ac52c25/elements [39m[32m200[39m [90m1939 ms - 124[39m
[35m[HTTP][39m [90m[39m
[35m[HTTP][39m [37m-->[39m [37mGET[39m [37m/wd/hub/session/bab0d315-97bf-45b6-bf95-46f73ac52c25[39m
[35m[HTTP][39m [90m{}[39m
[35m[HTTP][39m [37m<-- GET /wd/hub/session/bab0d315-97bf-45b6-bf95-46f73ac52c25 [39m[31m500[39m [90m19 ms - 251[39m
[35m[HTTP][39m [90m[39m
[35m[HTTP][39m [37m-->[39m [37mGET[39m [37m/wd/hub/session/bab0d315-97bf-45b6-bf95-46f73ac52c25/context[39m
[35m[HTTP][39m [90m{}[39m
[35m[HTTP][39m [37m<-- GET /wd/hub/session/bab0d315-97bf-45b6-bf95-46f73ac52c25/context [39m[32m200[39m [90m2 ms - 84[39m
[35m[HTTP][39m [90m[39m
[35m[HTTP][39m [37m-->[39m [37mGET[39m [37m/wd/hub/session/bab0d315-97bf-45b6-bf95-46f73ac52c25/contexts[39m
[35m[HTTP][39m [90m{}[39m
[35m[HTTP][39m [37m<-- GET /wd/hub/session/bab0d315-97bf-45b6-bf95-46f73ac52c25/contexts [39m[32m200[39m [90m223 ms - 86[39m
[35m[HTTP][39m [90m[39m
[35m[HTTP][39m [37m-->[39m [37mPOST[39m [37m/wd/hub/session/bab0d315-97bf-45b6-bf95-46f73ac52c25/context[39m
[35m[HTTP][39m [90m{"name":"NATIVE_APP"}[39m
[35m[HTTP][39m [37m<-- POST /wd/hub/session/bab0d315-97bf-45b6-bf95-46f73ac52c25/context [39m[32m200[39m [90m103 ms - 76[39m
[35m[HTTP][39m [90m[39m
[35m[HTTP][39m [37m-->[39m [37mGET[39m [37m/wd/hub/session/bab0d315-97bf-45b6-bf95-46f73ac52c25/screenshot[39m
[35m[HTTP][39m [90m{}[39m
[35m[HTTP][39m [37m<-- GET /wd/hub/session/bab0d315-97bf-45b6-bf95-46f73ac52c25/screenshot [39m[31m500[39m [90m10 ms - 251[39m
[35m[HTTP][39m [90m[39m
[35m[HTTP][39m [37m-->[39m [37mPOST[39m [37m/wd/hub/session/bab0d315-97bf-45b6-bf95-46f73ac52c25/context[39m
[35m[HTTP][39m [90m{"name":"NATIVE_APP"}[39m
[35m[HTTP][39m [37m<-- POST /wd/hub/session/bab0d315-97bf-45b6-bf95-46f73ac52c25/context [39m[32m200[39m [90m68 ms - 76[39m
[35m[HTTP][39m [90m[39m
[35m[HTTP][39m [37m-->[39m [37mDELETE[39m [37m/wd/hub/session/bab0d315-97bf-45b6-bf95-46f73ac52c25[39m
[35m[HTTP][39m [90m{}[39m
[35m[Appium][39m Removing session bab0d315-97bf-45b6-bf95-46f73ac52c25 from our master session list
[35m[UiAutomator2][39m Did not get confirmation UiAutomator2 deleteSession worked; Error was: ProxyRequestError: Could not proxy command to remote server. Original error: Error: read ECONNRESET
[35m[HTTP][39m [37m<-- DELETE /wd/hub/session/bab0d315-97bf-45b6-bf95-46f73ac52c25 [39m[32m200[39m [90m2508 ms - 76[39m
[35m[HTTP][39m [90m[39m
