[35m[Appium][39m Welcome to Appium v1.8.1
[35m[Appium][39m Non-default server args:
[35m[Appium][39m   port: 50589
[35m[Appium][39m   loglevel: info
[35m[Appium][39m   chromeDriverPort: 50590
[35m[Appium][39m   tmpDir: C:\Users\denni\AppData\Local\Temp\\Katalon\Appium\Temp1551991893019
[35m[Appium][39m Appium REST http interface listener started on 0.0.0.0:50589
[35m[HTTP][39m [37m-->[39m [37mGET[39m [37m/wd/hub/status[39m
[35m[HTTP][39m [90m{}[39m
[35m[HTTP][39m [37m<-- GET /wd/hub/status [39m[32m200[39m [90m11 ms - 83[39m
[35m[HTTP][39m [90m[39m
[35m[HTTP][39m [37m-->[39m [37mPOST[39m [37m/wd/hub/session[39m
[35m[HTTP][39m [90m{"desiredCapabilities":{"app":"C:\\Users\\denni\\OneDrive\\Desktop\\SafeBoda\\app-driver.apk","autoGrantPermissions":true,"automationName":"uiautomator2","deviceName":"CUBOT CUBOT NOTE Plus (Android 7.0)","fullReset":false,"newCommandTimeout":1800,"noReset":true,"platform":"ANDROID","platformName":"Android","udid":"C509XXBH81110634"},"capabilities":{"desiredCapabilities":{"app":"C:\\Users\\denni\\OneDrive\\Desktop\\SafeBoda\\app-driver.apk","autoGrantPermissions":true,"automationName":"uiautomator2","deviceName":"CUBOT CUBOT NOTE Plus (Android 7.0)","fullReset":false,"newCommandTimeout":1800,"noReset":true,"platform":"ANDROID","platformName":"Android","udid":"C509XXBH81110634"},"firstMatch":[{"platformName":"android"}]}}[39m
[35m[Appium][39m Could not parse W3C capabilities: 'deviceName' can't be blank. Falling back to JSONWP protocol.
[35m[Appium][39m The following capabilities were provided in the JSONWP desired capabilities that are missing in W3C capabilities: ["app","autoGrantPermissions","automationName","deviceName","fullReset","newCommandTimeout","noReset","platform","platformName","udid"]. Falling back to JSONWP protocol.
[35m[Appium][39m Creating new AndroidUiautomator2Driver (v1.12.0) session
[35m[Appium][39m Capabilities:
[35m[Appium][39m   app: C:\Users\denni\OneDrive\Desktop\SafeBoda\app-driver.apk
[35m[Appium][39m   autoGrantPermissions: true
[35m[Appium][39m   automationName: uiautomator2
[35m[Appium][39m   deviceName: CUBOT CUBOT NOTE Plus (Android 7.0)
[35m[Appium][39m   fullReset: false
[35m[Appium][39m   newCommandTimeout: 1800
[35m[Appium][39m   noReset: true
[35m[Appium][39m   platform: ANDROID
[35m[Appium][39m   platformName: Android
[35m[Appium][39m   udid: C509XXBH81110634
[35m[BaseDriver][39m The following capabilities were provided, but are not recognized by appium: platform.
[35m[BaseDriver][39m Session created with session id: 2c6e3589-6c5c-47c5-82ad-7360f414e498
[35m[BaseDriver][39m Using local app 'C:\Users\denni\OneDrive\Desktop\SafeBoda\app-driver.apk'
[35m[AndroidDriver][39m Java version is: 1.8.0_181
[35m[ADB][39m Checking whether adb is present
[35m[ADB][39m Found 1 'build-tools' folders under 'C:\Users\denni\.katalon\tools\android_sdk' (newest first):
[35m[ADB][39m     C:/Users/denni/.katalon/tools/android_sdk/build-tools/28.0.3
[35m[ADB][39m Using adb.exe from C:\Users\denni\.katalon\tools\android_sdk\platform-tools\adb.exe
[35m[AndroidDriver][39m Retrieving device list
[35m[AndroidDriver][39m Using device: C509XXBH81110634
[35m[ADB][39m Using the alternative activity name detection method because of: Could not find apkanalyzer.bat in C:\Users\denni\.katalon\tools\android_sdk\platform-tools\apkanalyzer.bat,C:\Users\denni\.katalon\tools\android_sdk\emulator\apkanalyzer.bat,C:\Users\denni\.katalon\tools\android_sdk\tools\apkanalyzer.bat,C:\Users\denni\.katalon\tools\android_sdk\tools\bin\apkanalyzer.bat,C:\Users\denni\.katalon\tools\android_sdk\build-tools\28.0.3\apkanalyzer.bat. Do you have the Android SDK installed at 'C:\Users\denni\.katalon\tools\android_sdk'?
[35m[ADB][39m Checking whether aapt is present
[35m[ADB][39m Using aapt.exe from C:\Users\denni\.katalon\tools\android_sdk\build-tools\28.0.3\aapt.exe
[35m[ADB][39m Extracting package and launch activity from manifest
[35m[ADB][39m Package name: 'com.safeboda.driver'
[35m[ADB][39m Main activity name: 'com.safeboda.driver.presentation.start.StartActivity'
[35m[ADB][39m Getting device platform version
[35m[ADB][39m Using apksigner.bat from C:\Users\denni\.katalon\tools\android_sdk\build-tools\28.0.3\apksigner.bat
[35m[ADB][39m Checking whether zipalign is present
[35m[ADB][39m Using zipalign.exe from C:\Users\denni\.katalon\tools\android_sdk\build-tools\28.0.3\zipalign.exe
[35m[ADB][39m io.appium.uiautomator2.server was successfully uninstalled
[35m[ADB][39m io.appium.uiautomator2.server.test was successfully uninstalled
[35m[AndroidDriver][39m setDeviceLanguageCountry requires language or country.
[35m[AndroidDriver][39m Got language: 'null' and country: 'null'
[35m[ADB][39m Successfully extracted 523 strings from 'C:\Users\denni\OneDrive\Desktop\SafeBoda\app-driver.apk' resources for '(default)' configuration
[35m[UiAutomator2][39m Starting uiautomator2 server 1.12.0
[35m[UiAutomator2][39m Using UIAutomator2 server from 'C:\Users\denni\AppData\Roaming\npm\node_modules\appium\node_modules\appium-uiautomator2-server\apks\appium-uiautomator2-server-v1.12.0.apk' and test from 'C:\Users\denni\AppData\Roaming\npm\node_modules\appium\node_modules\appium-uiautomator2-server\apks\appium-uiautomator2-server-debug-androidTest.apk'
[35m[UiAutomator2][39m Running command: 'adb -s C509XXBH81110634 shell am instrument -w io.appium.uiautomator2.server.test/android.support.test.runner.AndroidJUnitRunner'
[35m[UiAutomator2][39m Waiting up to 20000ms for UiAutomator2 to be online...
[35m[AndroidDriver][39m Screen already unlocked, doing nothing
[35m[UiAutomator2][39m UiAutomator2 did not start the activity we were waiting for, 'com.safeboda.driver/com.safeboda.driver.presentation.start.StartActivity'. Starting it ourselves
[35m[Appium][39m New AndroidUiautomator2Driver session created successfully, session 2c6e3589-6c5c-47c5-82ad-7360f414e498 added to master session list
[35m[HTTP][39m [37m<-- POST /wd/hub/session [39m[32m200[39m [90m35634 ms - 1191[39m
[35m[HTTP][39m [90m[39m
[35m[HTTP][39m [37m-->[39m [37mGET[39m [37m/wd/hub/status[39m
[35m[HTTP][39m [90m{}[39m
[35m[HTTP][39m [37m<-- GET /wd/hub/status [39m[32m200[39m [90m4 ms - 55[39m
[35m[HTTP][39m [90m[39m
[35m[HTTP][39m [37m-->[39m [37mPOST[39m [37m/wd/hub/session/2c6e3589-6c5c-47c5-82ad-7360f414e498/timeouts[39m
[35m[HTTP][39m [90m{"type":"implicit","ms":30000}[39m
[35m[HTTP][39m [37m<-- POST /wd/hub/session/2c6e3589-6c5c-47c5-82ad-7360f414e498/timeouts [39m[33m400[39m [90m13 ms - 5204[39m
[35m[HTTP][39m [90m[39m
[35m[HTTP][39m [37m-->[39m [37mGET[39m [37m/wd/hub/session/2c6e3589-6c5c-47c5-82ad-7360f414e498/window/current/size[39m
[35m[HTTP][39m [90m{}[39m
[35m[W3C][39m Driver proxy active, passing request on via HTTP proxy
[35m[JSONWP Proxy][39m Replacing sessionId 2533bedf-d600-463a-9721-0613fa22a192 with 2c6e3589-6c5c-47c5-82ad-7360f414e498
[35m[HTTP][39m [37m<-- GET /wd/hub/session/2c6e3589-6c5c-47c5-82ad-7360f414e498/window/current/size [39m[32m200[39m [90m49 ms - 100[39m
[35m[HTTP][39m [90m[39m
[35m[HTTP][39m [37m-->[39m [37mPOST[39m [37m/wd/hub/session/2c6e3589-6c5c-47c5-82ad-7360f414e498/elements[39m
[35m[HTTP][39m [90m{"using":"-android uiautomator","value":"new UiSelector().className(\"android.widget.Button\").text(\"Continue with Google\").resourceId(\"com.safeboda.driver:id/googleSignInButton\").instance(0)"}[39m
[35m[HTTP][39m [37m<-- POST /wd/hub/session/2c6e3589-6c5c-47c5-82ad-7360f414e498/elements [39m[32m200[39m [90m1187 ms - 124[39m
[35m[HTTP][39m [90m[39m
[35m[HTTP][39m [37m-->[39m [37mGET[39m [37m/wd/hub/session/2c6e3589-6c5c-47c5-82ad-7360f414e498[39m
[35m[HTTP][39m [90m{}[39m
[35m[HTTP][39m [37m<-- GET /wd/hub/session/2c6e3589-6c5c-47c5-82ad-7360f414e498 [39m[32m200[39m [90m20 ms - 1191[39m
[35m[HTTP][39m [90m[39m
[35m[HTTP][39m [37m-->[39m [37mGET[39m [37m/wd/hub/session/2c6e3589-6c5c-47c5-82ad-7360f414e498[39m
[35m[HTTP][39m [90m{}[39m
[35m[HTTP][39m [37m<-- GET /wd/hub/session/2c6e3589-6c5c-47c5-82ad-7360f414e498 [39m[32m200[39m [90m16 ms - 1191[39m
[35m[HTTP][39m [90m[39m
[35m[HTTP][39m [37m-->[39m [37mGET[39m [37m/wd/hub/session/2c6e3589-6c5c-47c5-82ad-7360f414e498[39m
[35m[HTTP][39m [90m{}[39m
[35m[HTTP][39m [37m<-- GET /wd/hub/session/2c6e3589-6c5c-47c5-82ad-7360f414e498 [39m[32m200[39m [90m18 ms - 1191[39m
[35m[HTTP][39m [90m[39m
[35m[HTTP][39m [37m-->[39m [37mGET[39m [37m/wd/hub/session/2c6e3589-6c5c-47c5-82ad-7360f414e498[39m
[35m[HTTP][39m [90m{}[39m
[35m[HTTP][39m [37m<-- GET /wd/hub/session/2c6e3589-6c5c-47c5-82ad-7360f414e498 [39m[32m200[39m [90m17 ms - 1191[39m
[35m[HTTP][39m [90m[39m
[35m[HTTP][39m [37m-->[39m [37mGET[39m [37m/wd/hub/session/2c6e3589-6c5c-47c5-82ad-7360f414e498/element/728c41aa-15f6-47cc-82ad-28122d93de04/location[39m
[35m[HTTP][39m [90m{}[39m
[35m[W3C][39m Driver proxy active, passing request on via HTTP proxy
[35m[JSONWP Proxy][39m Replacing sessionId 2533bedf-d600-463a-9721-0613fa22a192 with 2c6e3589-6c5c-47c5-82ad-7360f414e498
[35m[HTTP][39m [37m<-- GET /wd/hub/session/2c6e3589-6c5c-47c5-82ad-7360f414e498/element/728c41aa-15f6-47cc-82ad-28122d93de04/location [39m[32m200[39m [90m29 ms - 90[39m
[35m[HTTP][39m [90m[39m
[35m[HTTP][39m [37m-->[39m [37mPOST[39m [37m/wd/hub/session/2c6e3589-6c5c-47c5-82ad-7360f414e498/touch/perform[39m
[35m[HTTP][39m [90m{"actions":[{"action":"tap","options":{"element":"728c41aa-15f6-47cc-82ad-28122d93de04","x":1,"y":1}}]}[39m
[35m[UiAutomator2][39m calling get location: 728c41aa-15f6-47cc-82ad-28122d93de04
[35m[HTTP][39m [37m<-- POST /wd/hub/session/2c6e3589-6c5c-47c5-82ad-7360f414e498/touch/perform [39m[32m200[39m [90m1831 ms - 76[39m
[35m[HTTP][39m [90m[39m
[35m[HTTP][39m [37m-->[39m [37mGET[39m [37m/wd/hub/session/2c6e3589-6c5c-47c5-82ad-7360f414e498/window/current/size[39m
[35m[HTTP][39m [90m{}[39m
[35m[W3C][39m Driver proxy active, passing request on via HTTP proxy
[35m[JSONWP Proxy][39m Replacing sessionId 2533bedf-d600-463a-9721-0613fa22a192 with 2c6e3589-6c5c-47c5-82ad-7360f414e498
[35m[HTTP][39m [37m<-- GET /wd/hub/session/2c6e3589-6c5c-47c5-82ad-7360f414e498/window/current/size [39m[32m200[39m [90m53 ms - 100[39m
[35m[HTTP][39m [90m[39m
[35m[HTTP][39m [37m-->[39m [37mPOST[39m [37m/wd/hub/session/2c6e3589-6c5c-47c5-82ad-7360f414e498/elements[39m
[35m[HTTP][39m [90m{"using":"-android uiautomator","value":"new UiSelector().className(\"android.widget.LinearLayout\").instance(3)"}[39m
[35m[HTTP][39m [37m<-- POST /wd/hub/session/2c6e3589-6c5c-47c5-82ad-7360f414e498/elements [39m[32m200[39m [90m62 ms - 124[39m
[35m[HTTP][39m [90m[39m
[35m[HTTP][39m [37m-->[39m [37mGET[39m [37m/wd/hub/session/2c6e3589-6c5c-47c5-82ad-7360f414e498[39m
[35m[HTTP][39m [90m{}[39m
[35m[HTTP][39m [37m<-- GET /wd/hub/session/2c6e3589-6c5c-47c5-82ad-7360f414e498 [39m[32m200[39m [90m22 ms - 1191[39m
[35m[HTTP][39m [90m[39m
[35m[HTTP][39m [37m-->[39m [37mGET[39m [37m/wd/hub/session/2c6e3589-6c5c-47c5-82ad-7360f414e498[39m
[35m[HTTP][39m [90m{}[39m
[35m[HTTP][39m [37m<-- GET /wd/hub/session/2c6e3589-6c5c-47c5-82ad-7360f414e498 [39m[32m200[39m [90m23 ms - 1191[39m
[35m[HTTP][39m [90m[39m
[35m[HTTP][39m [37m-->[39m [37mGET[39m [37m/wd/hub/session/2c6e3589-6c5c-47c5-82ad-7360f414e498[39m
[35m[HTTP][39m [90m{}[39m
[35m[HTTP][39m [37m<-- GET /wd/hub/session/2c6e3589-6c5c-47c5-82ad-7360f414e498 [39m[32m200[39m [90m21 ms - 1191[39m
[35m[HTTP][39m [90m[39m
[35m[HTTP][39m [37m-->[39m [37mGET[39m [37m/wd/hub/session/2c6e3589-6c5c-47c5-82ad-7360f414e498[39m
[35m[HTTP][39m [90m{}[39m
[35m[HTTP][39m [37m<-- GET /wd/hub/session/2c6e3589-6c5c-47c5-82ad-7360f414e498 [39m[32m200[39m [90m19 ms - 1191[39m
[35m[HTTP][39m [90m[39m
[35m[HTTP][39m [37m-->[39m [37mGET[39m [37m/wd/hub/session/2c6e3589-6c5c-47c5-82ad-7360f414e498/element/d2671952-59ed-4aaf-8260-ef9ec255637b/location[39m
[35m[HTTP][39m [90m{}[39m
[35m[W3C][39m Driver proxy active, passing request on via HTTP proxy
[35m[JSONWP Proxy][39m Replacing sessionId 2533bedf-d600-463a-9721-0613fa22a192 with 2c6e3589-6c5c-47c5-82ad-7360f414e498
[35m[HTTP][39m [37m<-- GET /wd/hub/session/2c6e3589-6c5c-47c5-82ad-7360f414e498/element/d2671952-59ed-4aaf-8260-ef9ec255637b/location [39m[32m200[39m [90m39 ms - 89[39m
[35m[HTTP][39m [90m[39m
[35m[HTTP][39m [37m-->[39m [37mPOST[39m [37m/wd/hub/session/2c6e3589-6c5c-47c5-82ad-7360f414e498/touch/perform[39m
[35m[HTTP][39m [90m{"actions":[{"action":"tap","options":{"element":"d2671952-59ed-4aaf-8260-ef9ec255637b","x":1,"y":1}}]}[39m
[35m[UiAutomator2][39m calling get location: d2671952-59ed-4aaf-8260-ef9ec255637b
[35m[HTTP][39m [37m<-- POST /wd/hub/session/2c6e3589-6c5c-47c5-82ad-7360f414e498/touch/perform [39m[32m200[39m [90m1563 ms - 76[39m
[35m[HTTP][39m [90m[39m
[35m[HTTP][39m [37m-->[39m [37mGET[39m [37m/wd/hub/session/2c6e3589-6c5c-47c5-82ad-7360f414e498/window/current/size[39m
[35m[HTTP][39m [90m{}[39m
[35m[W3C][39m Driver proxy active, passing request on via HTTP proxy
[35m[JSONWP Proxy][39m Replacing sessionId 2533bedf-d600-463a-9721-0613fa22a192 with 2c6e3589-6c5c-47c5-82ad-7360f414e498
[35m[HTTP][39m [37m<-- GET /wd/hub/session/2c6e3589-6c5c-47c5-82ad-7360f414e498/window/current/size [39m[32m200[39m [90m21 ms - 100[39m
[35m[HTTP][39m [90m[39m
[35m[HTTP][39m [37m-->[39m [37mPOST[39m [37m/wd/hub/session/2c6e3589-6c5c-47c5-82ad-7360f414e498/elements[39m
[35m[HTTP][39m [90m{"using":"-android uiautomator","value":"new UiSelector().className(\"android.widget.ImageButton\").instance(0)"}[39m
[35m[HTTP][39m [37m<-- POST /wd/hub/session/2c6e3589-6c5c-47c5-82ad-7360f414e498/elements [39m[32m200[39m [90m330 ms - 124[39m
[35m[HTTP][39m [90m[39m
[35m[HTTP][39m [37m-->[39m [37mGET[39m [37m/wd/hub/session/2c6e3589-6c5c-47c5-82ad-7360f414e498[39m
[35m[HTTP][39m [90m{}[39m
[35m[HTTP][39m [37m<-- GET /wd/hub/session/2c6e3589-6c5c-47c5-82ad-7360f414e498 [39m[32m200[39m [90m25 ms - 1191[39m
[35m[HTTP][39m [90m[39m
[35m[HTTP][39m [37m-->[39m [37mGET[39m [37m/wd/hub/session/2c6e3589-6c5c-47c5-82ad-7360f414e498[39m
[35m[HTTP][39m [90m{}[39m
[35m[HTTP][39m [37m<-- GET /wd/hub/session/2c6e3589-6c5c-47c5-82ad-7360f414e498 [39m[32m200[39m [90m27 ms - 1191[39m
[35m[HTTP][39m [90m[39m
[35m[HTTP][39m [37m-->[39m [37mGET[39m [37m/wd/hub/session/2c6e3589-6c5c-47c5-82ad-7360f414e498[39m
[35m[HTTP][39m [90m{}[39m
[35m[HTTP][39m [37m<-- GET /wd/hub/session/2c6e3589-6c5c-47c5-82ad-7360f414e498 [39m[32m200[39m [90m22 ms - 1191[39m
[35m[HTTP][39m [90m[39m
[35m[HTTP][39m [37m-->[39m [37mGET[39m [37m/wd/hub/session/2c6e3589-6c5c-47c5-82ad-7360f414e498[39m
[35m[HTTP][39m [90m{}[39m
[35m[HTTP][39m [37m<-- GET /wd/hub/session/2c6e3589-6c5c-47c5-82ad-7360f414e498 [39m[32m200[39m [90m20 ms - 1191[39m
[35m[HTTP][39m [90m[39m
[35m[HTTP][39m [37m-->[39m [37mGET[39m [37m/wd/hub/session/2c6e3589-6c5c-47c5-82ad-7360f414e498/element/510aa8d3-5eaa-40cb-8672-0dbc0ec9c992/location[39m
[35m[HTTP][39m [90m{}[39m
[35m[W3C][39m Driver proxy active, passing request on via HTTP proxy
[35m[JSONWP Proxy][39m Replacing sessionId 2533bedf-d600-463a-9721-0613fa22a192 with 2c6e3589-6c5c-47c5-82ad-7360f414e498
[35m[HTTP][39m [37m<-- GET /wd/hub/session/2c6e3589-6c5c-47c5-82ad-7360f414e498/element/510aa8d3-5eaa-40cb-8672-0dbc0ec9c992/location [39m[32m200[39m [90m39 ms - 86[39m
[35m[HTTP][39m [90m[39m
[35m[HTTP][39m [37m-->[39m [37mPOST[39m [37m/wd/hub/session/2c6e3589-6c5c-47c5-82ad-7360f414e498/touch/perform[39m
[35m[HTTP][39m [90m{"actions":[{"action":"tap","options":{"element":"510aa8d3-5eaa-40cb-8672-0dbc0ec9c992","x":1,"y":1}}]}[39m
[35m[UiAutomator2][39m calling get location: 510aa8d3-5eaa-40cb-8672-0dbc0ec9c992
[35m[HTTP][39m [37m<-- POST /wd/hub/session/2c6e3589-6c5c-47c5-82ad-7360f414e498/touch/perform [39m[32m200[39m [90m1178 ms - 76[39m
[35m[HTTP][39m [90m[39m
[35m[HTTP][39m [37m-->[39m [37mGET[39m [37m/wd/hub/session/2c6e3589-6c5c-47c5-82ad-7360f414e498/window/current/size[39m
[35m[HTTP][39m [90m{}[39m
[35m[W3C][39m Driver proxy active, passing request on via HTTP proxy
[35m[JSONWP Proxy][39m Replacing sessionId 2533bedf-d600-463a-9721-0613fa22a192 with 2c6e3589-6c5c-47c5-82ad-7360f414e498
[35m[HTTP][39m [37m<-- GET /wd/hub/session/2c6e3589-6c5c-47c5-82ad-7360f414e498/window/current/size [39m[32m200[39m [90m14 ms - 100[39m
[35m[HTTP][39m [90m[39m
[35m[HTTP][39m [37m-->[39m [37mPOST[39m [37m/wd/hub/session/2c6e3589-6c5c-47c5-82ad-7360f414e498/elements[39m
[35m[HTTP][39m [90m{"using":"-android uiautomator","value":"new UiSelector().className(\"android.widget.RelativeLayout\").resourceId(\"com.safeboda.driver:id/statusSwitchView\").instance(0)"}[39m
[35m[HTTP][39m [37m<-- POST /wd/hub/session/2c6e3589-6c5c-47c5-82ad-7360f414e498/elements [39m[32m200[39m [90m71 ms - 124[39m
[35m[HTTP][39m [90m[39m
[35m[HTTP][39m [37m-->[39m [37mGET[39m [37m/wd/hub/session/2c6e3589-6c5c-47c5-82ad-7360f414e498[39m
[35m[HTTP][39m [90m{}[39m
[35m[HTTP][39m [37m<-- GET /wd/hub/session/2c6e3589-6c5c-47c5-82ad-7360f414e498 [39m[32m200[39m [90m12 ms - 1191[39m
[35m[HTTP][39m [90m[39m
[35m[HTTP][39m [37m-->[39m [37mGET[39m [37m/wd/hub/session/2c6e3589-6c5c-47c5-82ad-7360f414e498[39m
[35m[HTTP][39m [90m{}[39m
[35m[HTTP][39m [37m<-- GET /wd/hub/session/2c6e3589-6c5c-47c5-82ad-7360f414e498 [39m[32m200[39m [90m13 ms - 1191[39m
[35m[HTTP][39m [90m[39m
[35m[HTTP][39m [37m-->[39m [37mGET[39m [37m/wd/hub/session/2c6e3589-6c5c-47c5-82ad-7360f414e498[39m
[35m[HTTP][39m [90m{}[39m
[35m[HTTP][39m [37m<-- GET /wd/hub/session/2c6e3589-6c5c-47c5-82ad-7360f414e498 [39m[32m200[39m [90m12 ms - 1191[39m
[35m[HTTP][39m [90m[39m
[35m[HTTP][39m [37m-->[39m [37mGET[39m [37m/wd/hub/session/2c6e3589-6c5c-47c5-82ad-7360f414e498[39m
[35m[HTTP][39m [90m{}[39m
[35m[HTTP][39m [37m<-- GET /wd/hub/session/2c6e3589-6c5c-47c5-82ad-7360f414e498 [39m[32m200[39m [90m13 ms - 1191[39m
[35m[HTTP][39m [90m[39m
[35m[HTTP][39m [37m-->[39m [37mGET[39m [37m/wd/hub/session/2c6e3589-6c5c-47c5-82ad-7360f414e498/element/d88a0578-53ed-4363-af3e-90ed276b9c04/location[39m
[35m[HTTP][39m [90m{}[39m
[35m[W3C][39m Driver proxy active, passing request on via HTTP proxy
[35m[JSONWP Proxy][39m Replacing sessionId 2533bedf-d600-463a-9721-0613fa22a192 with 2c6e3589-6c5c-47c5-82ad-7360f414e498
[35m[HTTP][39m [37m<-- GET /wd/hub/session/2c6e3589-6c5c-47c5-82ad-7360f414e498/element/d88a0578-53ed-4363-af3e-90ed276b9c04/location [39m[32m200[39m [90m28 ms - 89[39m
[35m[HTTP][39m [90m[39m
[35m[HTTP][39m [37m-->[39m [37mPOST[39m [37m/wd/hub/session/2c6e3589-6c5c-47c5-82ad-7360f414e498/touch/perform[39m
[35m[HTTP][39m [90m{"actions":[{"action":"tap","options":{"element":"d88a0578-53ed-4363-af3e-90ed276b9c04","x":1,"y":1}}]}[39m
[35m[UiAutomator2][39m calling get location: d88a0578-53ed-4363-af3e-90ed276b9c04
[35m[HTTP][39m [37m<-- POST /wd/hub/session/2c6e3589-6c5c-47c5-82ad-7360f414e498/touch/perform [39m[32m200[39m [90m1686 ms - 76[39m
[35m[HTTP][39m [90m[39m
[35m[HTTP][39m [37m-->[39m [37mDELETE[39m [37m/wd/hub/session/2c6e3589-6c5c-47c5-82ad-7360f414e498[39m
[35m[HTTP][39m [90m{}[39m
[35m[Appium][39m Removing session 2c6e3589-6c5c-47c5-82ad-7360f414e498 from our master session list
[35m[HTTP][39m [37m<-- DELETE /wd/hub/session/2c6e3589-6c5c-47c5-82ad-7360f414e498 [39m[32m200[39m [90m1494 ms - 76[39m
[35m[HTTP][39m [90m[39m
