[35m[Appium][39m Welcome to Appium v1.8.1
[35m[Appium][39m Non-default server args:
[35m[Appium][39m   port: 62086
[35m[Appium][39m   loglevel: info
[35m[Appium][39m   chromeDriverPort: 62087
[35m[Appium][39m   tmpDir: C:\Users\denni\AppData\Local\Temp\\Katalon\Appium\Temp1552125072644
[35m[Appium][39m Appium REST http interface listener started on 0.0.0.0:62086
[35m[HTTP][39m [37m-->[39m [37mGET[39m [37m/wd/hub/status[39m
[35m[HTTP][39m [90m{}[39m
[35m[HTTP][39m [37m<-- GET /wd/hub/status [39m[32m200[39m [90m15 ms - 83[39m
[35m[HTTP][39m [90m[39m
[35m[HTTP][39m [37m-->[39m [37mPOST[39m [37m/wd/hub/session[39m
[35m[HTTP][39m [90m{"desiredCapabilities":{"app":"C:\\Users\\denni\\OneDrive\\Desktop\\SafeBoda\\app-driver.apk","autoGrantPermissions":true,"automationName":"uiautomator2","deviceName":"CUBOT CUBOT NOTE Plus (Android 7.0)","fullReset":false,"newCommandTimeout":1800,"noReset":true,"platform":"ANDROID","platformName":"Android","udid":"C509XXBH81110634"},"capabilities":{"desiredCapabilities":{"app":"C:\\Users\\denni\\OneDrive\\Desktop\\SafeBoda\\app-driver.apk","autoGrantPermissions":true,"automationName":"uiautomator2","deviceName":"CUBOT CUBOT NOTE Plus (Android 7.0)","fullReset":false,"newCommandTimeout":1800,"noReset":true,"platform":"ANDROID","platformName":"Android","udid":"C509XXBH81110634"},"firstMatch":[{"platformName":"android"}]}}[39m
[35m[Appium][39m Could not parse W3C capabilities: 'deviceName' can't be blank. Falling back to JSONWP protocol.
[35m[Appium][39m The following capabilities were provided in the JSONWP desired capabilities that are missing in W3C capabilities: ["app","autoGrantPermissions","automationName","deviceName","fullReset","newCommandTimeout","noReset","platform","platformName","udid"]. Falling back to JSONWP protocol.
[35m[Appium][39m Creating new AndroidUiautomator2Driver (v1.12.0) session
[35m[Appium][39m Capabilities:
[35m[Appium][39m   app: C:\Users\denni\OneDrive\Desktop\SafeBoda\app-driver.apk
[35m[Appium][39m   autoGrantPermissions: true
[35m[Appium][39m   automationName: uiautomator2
[35m[Appium][39m   deviceName: CUBOT CUBOT NOTE Plus (Android 7.0)
[35m[Appium][39m   fullReset: false
[35m[Appium][39m   newCommandTimeout: 1800
[35m[Appium][39m   noReset: true
[35m[Appium][39m   platform: ANDROID
[35m[Appium][39m   platformName: Android
[35m[Appium][39m   udid: C509XXBH81110634
[35m[BaseDriver][39m The following capabilities were provided, but are not recognized by appium: platform.
[35m[BaseDriver][39m Session created with session id: 6288cdb0-bdde-475b-90e6-66f85fc905b3
[35m[BaseDriver][39m Using local app 'C:\Users\denni\OneDrive\Desktop\SafeBoda\app-driver.apk'
[35m[AndroidDriver][39m Java version is: 1.8.0_181
[35m[ADB][39m Checking whether adb is present
[35m[ADB][39m Found 1 'build-tools' folders under 'C:\Users\denni\.katalon\tools\android_sdk' (newest first):
[35m[ADB][39m     C:/Users/denni/.katalon/tools/android_sdk/build-tools/28.0.3
[35m[ADB][39m Using adb.exe from C:\Users\denni\.katalon\tools\android_sdk\platform-tools\adb.exe
[35m[AndroidDriver][39m Retrieving device list
[35m[AndroidDriver][39m Using device: C509XXBH81110634
[35m[ADB][39m Using the alternative activity name detection method because of: Could not find apkanalyzer.bat in C:\Users\denni\.katalon\tools\android_sdk\platform-tools\apkanalyzer.bat,C:\Users\denni\.katalon\tools\android_sdk\emulator\apkanalyzer.bat,C:\Users\denni\.katalon\tools\android_sdk\tools\apkanalyzer.bat,C:\Users\denni\.katalon\tools\android_sdk\tools\bin\apkanalyzer.bat,C:\Users\denni\.katalon\tools\android_sdk\build-tools\28.0.3\apkanalyzer.bat. Do you have the Android SDK installed at 'C:\Users\denni\.katalon\tools\android_sdk'?
[35m[ADB][39m Checking whether aapt is present
[35m[ADB][39m Using aapt.exe from C:\Users\denni\.katalon\tools\android_sdk\build-tools\28.0.3\aapt.exe
[35m[ADB][39m Extracting package and launch activity from manifest
[35m[ADB][39m Package name: 'com.safeboda.driver'
[35m[ADB][39m Main activity name: 'com.safeboda.driver.presentation.start.StartActivity'
[35m[ADB][39m Getting device platform version
[35m[ADB][39m Using apksigner.bat from C:\Users\denni\.katalon\tools\android_sdk\build-tools\28.0.3\apksigner.bat
[35m[ADB][39m Checking whether zipalign is present
[35m[ADB][39m Using zipalign.exe from C:\Users\denni\.katalon\tools\android_sdk\build-tools\28.0.3\zipalign.exe
[35m[ADB][39m io.appium.uiautomator2.server was successfully uninstalled
[35m[ADB][39m io.appium.uiautomator2.server.test was successfully uninstalled
[35m[AndroidDriver][39m setDeviceLanguageCountry requires language or country.
[35m[AndroidDriver][39m Got language: 'null' and country: 'null'
[35m[ADB][39m Successfully extracted 523 strings from 'C:\Users\denni\OneDrive\Desktop\SafeBoda\app-driver.apk' resources for '(default)' configuration
[35m[UiAutomator2][39m Starting uiautomator2 server 1.12.0
[35m[UiAutomator2][39m Using UIAutomator2 server from 'C:\Users\denni\AppData\Roaming\npm\node_modules\appium\node_modules\appium-uiautomator2-server\apks\appium-uiautomator2-server-v1.12.0.apk' and test from 'C:\Users\denni\AppData\Roaming\npm\node_modules\appium\node_modules\appium-uiautomator2-server\apks\appium-uiautomator2-server-debug-androidTest.apk'
[35m[UiAutomator2][39m Running command: 'adb -s C509XXBH81110634 shell am instrument -w io.appium.uiautomator2.server.test/android.support.test.runner.AndroidJUnitRunner'
[35m[UiAutomator2][39m Waiting up to 20000ms for UiAutomator2 to be online...
[35m[AndroidDriver][39m Screen already unlocked, doing nothing
[35m[UiAutomator2][39m UiAutomator2 did not start the activity we were waiting for, 'com.safeboda.driver/com.safeboda.driver.presentation.start.StartActivity'. Starting it ourselves
[35m[Appium][39m New AndroidUiautomator2Driver session created successfully, session 6288cdb0-bdde-475b-90e6-66f85fc905b3 added to master session list
[35m[HTTP][39m [37m<-- POST /wd/hub/session [39m[32m200[39m [90m35959 ms - 1191[39m
[35m[HTTP][39m [90m[39m
[35m[HTTP][39m [37m-->[39m [37mGET[39m [37m/wd/hub/status[39m
[35m[HTTP][39m [90m{}[39m
[35m[HTTP][39m [37m<-- GET /wd/hub/status [39m[32m200[39m [90m6 ms - 55[39m
[35m[HTTP][39m [90m[39m
[35m[HTTP][39m [37m-->[39m [37mPOST[39m [37m/wd/hub/session/6288cdb0-bdde-475b-90e6-66f85fc905b3/timeouts[39m
[35m[HTTP][39m [90m{"type":"implicit","ms":30000}[39m
[35m[HTTP][39m [37m<-- POST /wd/hub/session/6288cdb0-bdde-475b-90e6-66f85fc905b3/timeouts [39m[33m400[39m [90m20 ms - 5204[39m
[35m[HTTP][39m [90m[39m
[35m[HTTP][39m [37m-->[39m [37mGET[39m [37m/wd/hub/session/6288cdb0-bdde-475b-90e6-66f85fc905b3/window/current/size[39m
[35m[HTTP][39m [90m{}[39m
[35m[W3C][39m Driver proxy active, passing request on via HTTP proxy
[35m[JSONWP Proxy][39m Replacing sessionId 6dca23fd-6337-4ee9-905f-4e6d1224b009 with 6288cdb0-bdde-475b-90e6-66f85fc905b3
[35m[HTTP][39m [37m<-- GET /wd/hub/session/6288cdb0-bdde-475b-90e6-66f85fc905b3/window/current/size [39m[32m200[39m [90m68 ms - 100[39m
[35m[HTTP][39m [90m[39m
[35m[HTTP][39m [37m-->[39m [37mPOST[39m [37m/wd/hub/session/6288cdb0-bdde-475b-90e6-66f85fc905b3/elements[39m
[35m[HTTP][39m [90m{"using":"-android uiautomator","value":"new UiSelector().className(\"android.widget.Button\").text(\"Continue with Google\").resourceId(\"com.safeboda.driver:id/googleSignInButton\").instance(0)"}[39m
[35m[HTTP][39m [37m<-- POST /wd/hub/session/6288cdb0-bdde-475b-90e6-66f85fc905b3/elements [39m[32m200[39m [90m201 ms - 124[39m
[35m[HTTP][39m [90m[39m
[35m[HTTP][39m [37m-->[39m [37mGET[39m [37m/wd/hub/session/6288cdb0-bdde-475b-90e6-66f85fc905b3[39m
[35m[HTTP][39m [90m{}[39m
[35m[HTTP][39m [37m<-- GET /wd/hub/session/6288cdb0-bdde-475b-90e6-66f85fc905b3 [39m[32m200[39m [90m23 ms - 1191[39m
[35m[HTTP][39m [90m[39m
[35m[HTTP][39m [37m-->[39m [37mGET[39m [37m/wd/hub/session/6288cdb0-bdde-475b-90e6-66f85fc905b3[39m
[35m[HTTP][39m [90m{}[39m
[35m[HTTP][39m [37m<-- GET /wd/hub/session/6288cdb0-bdde-475b-90e6-66f85fc905b3 [39m[32m200[39m [90m25 ms - 1191[39m
[35m[HTTP][39m [90m[39m
[35m[HTTP][39m [37m-->[39m [37mGET[39m [37m/wd/hub/session/6288cdb0-bdde-475b-90e6-66f85fc905b3[39m
[35m[HTTP][39m [90m{}[39m
[35m[HTTP][39m [37m<-- GET /wd/hub/session/6288cdb0-bdde-475b-90e6-66f85fc905b3 [39m[32m200[39m [90m30 ms - 1191[39m
[35m[HTTP][39m [90m[39m
[35m[HTTP][39m [37m-->[39m [37mGET[39m [37m/wd/hub/session/6288cdb0-bdde-475b-90e6-66f85fc905b3[39m
[35m[HTTP][39m [90m{}[39m
[35m[HTTP][39m [37m<-- GET /wd/hub/session/6288cdb0-bdde-475b-90e6-66f85fc905b3 [39m[32m200[39m [90m22 ms - 1191[39m
[35m[HTTP][39m [90m[39m
[35m[HTTP][39m [37m-->[39m [37mGET[39m [37m/wd/hub/session/6288cdb0-bdde-475b-90e6-66f85fc905b3/element/c1e9c6d7-1d96-4a03-943b-2996979c12e7/location[39m
[35m[HTTP][39m [90m{}[39m
[35m[W3C][39m Driver proxy active, passing request on via HTTP proxy
[35m[JSONWP Proxy][39m Replacing sessionId 6dca23fd-6337-4ee9-905f-4e6d1224b009 with 6288cdb0-bdde-475b-90e6-66f85fc905b3
[35m[HTTP][39m [37m<-- GET /wd/hub/session/6288cdb0-bdde-475b-90e6-66f85fc905b3/element/c1e9c6d7-1d96-4a03-943b-2996979c12e7/location [39m[32m200[39m [90m38 ms - 90[39m
[35m[HTTP][39m [90m[39m
[35m[HTTP][39m [37m-->[39m [37mPOST[39m [37m/wd/hub/session/6288cdb0-bdde-475b-90e6-66f85fc905b3/touch/perform[39m
[35m[HTTP][39m [90m{"actions":[{"action":"tap","options":{"element":"c1e9c6d7-1d96-4a03-943b-2996979c12e7","x":1,"y":1}}]}[39m
[35m[UiAutomator2][39m calling get location: c1e9c6d7-1d96-4a03-943b-2996979c12e7
[35m[HTTP][39m [37m<-- POST /wd/hub/session/6288cdb0-bdde-475b-90e6-66f85fc905b3/touch/perform [39m[32m200[39m [90m1855 ms - 76[39m
[35m[HTTP][39m [90m[39m
[35m[HTTP][39m [37m-->[39m [37mGET[39m [37m/wd/hub/session/6288cdb0-bdde-475b-90e6-66f85fc905b3/window/current/size[39m
[35m[HTTP][39m [90m{}[39m
[35m[W3C][39m Driver proxy active, passing request on via HTTP proxy
[35m[JSONWP Proxy][39m Replacing sessionId 6dca23fd-6337-4ee9-905f-4e6d1224b009 with 6288cdb0-bdde-475b-90e6-66f85fc905b3
[35m[HTTP][39m [37m<-- GET /wd/hub/session/6288cdb0-bdde-475b-90e6-66f85fc905b3/window/current/size [39m[32m200[39m [90m54 ms - 100[39m
[35m[HTTP][39m [90m[39m
[35m[HTTP][39m [37m-->[39m [37mPOST[39m [37m/wd/hub/session/6288cdb0-bdde-475b-90e6-66f85fc905b3/elements[39m
[35m[HTTP][39m [90m{"using":"-android uiautomator","value":"new UiSelector().className(\"android.widget.LinearLayout\").instance(3)"}[39m
[35m[HTTP][39m [37m<-- POST /wd/hub/session/6288cdb0-bdde-475b-90e6-66f85fc905b3/elements [39m[32m200[39m [90m75 ms - 124[39m
[35m[HTTP][39m [90m[39m
[35m[HTTP][39m [37m-->[39m [37mGET[39m [37m/wd/hub/session/6288cdb0-bdde-475b-90e6-66f85fc905b3[39m
[35m[HTTP][39m [90m{}[39m
[35m[HTTP][39m [37m<-- GET /wd/hub/session/6288cdb0-bdde-475b-90e6-66f85fc905b3 [39m[32m200[39m [90m21 ms - 1191[39m
[35m[HTTP][39m [90m[39m
[35m[HTTP][39m [37m-->[39m [37mGET[39m [37m/wd/hub/session/6288cdb0-bdde-475b-90e6-66f85fc905b3[39m
[35m[HTTP][39m [90m{}[39m
[35m[HTTP][39m [37m<-- GET /wd/hub/session/6288cdb0-bdde-475b-90e6-66f85fc905b3 [39m[32m200[39m [90m22 ms - 1191[39m
[35m[HTTP][39m [90m[39m
[35m[HTTP][39m [37m-->[39m [37mGET[39m [37m/wd/hub/session/6288cdb0-bdde-475b-90e6-66f85fc905b3[39m
[35m[HTTP][39m [90m{}[39m
[35m[HTTP][39m [37m<-- GET /wd/hub/session/6288cdb0-bdde-475b-90e6-66f85fc905b3 [39m[32m200[39m [90m18 ms - 1191[39m
[35m[HTTP][39m [90m[39m
[35m[HTTP][39m [37m-->[39m [37mGET[39m [37m/wd/hub/session/6288cdb0-bdde-475b-90e6-66f85fc905b3[39m
[35m[HTTP][39m [90m{}[39m
[35m[HTTP][39m [37m<-- GET /wd/hub/session/6288cdb0-bdde-475b-90e6-66f85fc905b3 [39m[32m200[39m [90m23 ms - 1191[39m
[35m[HTTP][39m [90m[39m
[35m[HTTP][39m [37m-->[39m [37mGET[39m [37m/wd/hub/session/6288cdb0-bdde-475b-90e6-66f85fc905b3/element/aac50ee7-213d-4f0a-8080-beac74bf371d/location[39m
[35m[HTTP][39m [90m{}[39m
[35m[W3C][39m Driver proxy active, passing request on via HTTP proxy
[35m[JSONWP Proxy][39m Replacing sessionId 6dca23fd-6337-4ee9-905f-4e6d1224b009 with 6288cdb0-bdde-475b-90e6-66f85fc905b3
[35m[HTTP][39m [37m<-- GET /wd/hub/session/6288cdb0-bdde-475b-90e6-66f85fc905b3/element/aac50ee7-213d-4f0a-8080-beac74bf371d/location [39m[32m200[39m [90m37 ms - 89[39m
[35m[HTTP][39m [90m[39m
[35m[HTTP][39m [37m-->[39m [37mPOST[39m [37m/wd/hub/session/6288cdb0-bdde-475b-90e6-66f85fc905b3/touch/perform[39m
[35m[HTTP][39m [90m{"actions":[{"action":"tap","options":{"element":"aac50ee7-213d-4f0a-8080-beac74bf371d","x":1,"y":1}}]}[39m
[35m[UiAutomator2][39m calling get location: aac50ee7-213d-4f0a-8080-beac74bf371d
[35m[HTTP][39m [37m<-- POST /wd/hub/session/6288cdb0-bdde-475b-90e6-66f85fc905b3/touch/perform [39m[32m200[39m [90m792 ms - 76[39m
[35m[HTTP][39m [90m[39m
[35m[HTTP][39m [37m-->[39m [37mGET[39m [37m/wd/hub/session/6288cdb0-bdde-475b-90e6-66f85fc905b3/window/current/size[39m
[35m[HTTP][39m [90m{}[39m
[35m[W3C][39m Driver proxy active, passing request on via HTTP proxy
[35m[JSONWP Proxy][39m Replacing sessionId 6dca23fd-6337-4ee9-905f-4e6d1224b009 with 6288cdb0-bdde-475b-90e6-66f85fc905b3
[35m[HTTP][39m [37m<-- GET /wd/hub/session/6288cdb0-bdde-475b-90e6-66f85fc905b3/window/current/size [39m[32m200[39m [90m16 ms - 100[39m
[35m[HTTP][39m [90m[39m
[35m[HTTP][39m [37m-->[39m [37mPOST[39m [37m/wd/hub/session/6288cdb0-bdde-475b-90e6-66f85fc905b3/elements[39m
[35m[HTTP][39m [90m{"using":"-android uiautomator","value":"new UiSelector().className(\"android.widget.ImageButton\").instance(0)"}[39m
[35m[HTTP][39m [37m<-- POST /wd/hub/session/6288cdb0-bdde-475b-90e6-66f85fc905b3/elements [39m[32m200[39m [90m445 ms - 124[39m
[35m[HTTP][39m [90m[39m
[35m[HTTP][39m [37m-->[39m [37mGET[39m [37m/wd/hub/session/6288cdb0-bdde-475b-90e6-66f85fc905b3[39m
[35m[HTTP][39m [90m{}[39m
[35m[HTTP][39m [37m<-- GET /wd/hub/session/6288cdb0-bdde-475b-90e6-66f85fc905b3 [39m[32m200[39m [90m15 ms - 1191[39m
[35m[HTTP][39m [90m[39m
[35m[HTTP][39m [37m-->[39m [37mGET[39m [37m/wd/hub/session/6288cdb0-bdde-475b-90e6-66f85fc905b3[39m
[35m[HTTP][39m [90m{}[39m
[35m[HTTP][39m [37m<-- GET /wd/hub/session/6288cdb0-bdde-475b-90e6-66f85fc905b3 [39m[32m200[39m [90m30 ms - 1191[39m
[35m[HTTP][39m [90m[39m
[35m[HTTP][39m [37m-->[39m [37mGET[39m [37m/wd/hub/session/6288cdb0-bdde-475b-90e6-66f85fc905b3[39m
[35m[HTTP][39m [90m{}[39m
[35m[HTTP][39m [37m<-- GET /wd/hub/session/6288cdb0-bdde-475b-90e6-66f85fc905b3 [39m[32m200[39m [90m104 ms - 1191[39m
[35m[HTTP][39m [90m[39m
[35m[HTTP][39m [37m-->[39m [37mGET[39m [37m/wd/hub/session/6288cdb0-bdde-475b-90e6-66f85fc905b3[39m
[35m[HTTP][39m [90m{}[39m
[35m[HTTP][39m [37m<-- GET /wd/hub/session/6288cdb0-bdde-475b-90e6-66f85fc905b3 [39m[32m200[39m [90m62 ms - 1191[39m
[35m[HTTP][39m [90m[39m
[35m[HTTP][39m [37m-->[39m [37mGET[39m [37m/wd/hub/session/6288cdb0-bdde-475b-90e6-66f85fc905b3/element/0b8d8637-1f86-429e-a87b-838b28d2167e/location[39m
[35m[HTTP][39m [90m{}[39m
[35m[W3C][39m Driver proxy active, passing request on via HTTP proxy
[35m[JSONWP Proxy][39m Replacing sessionId 6dca23fd-6337-4ee9-905f-4e6d1224b009 with 6288cdb0-bdde-475b-90e6-66f85fc905b3
[35m[HTTP][39m [37m<-- GET /wd/hub/session/6288cdb0-bdde-475b-90e6-66f85fc905b3/element/0b8d8637-1f86-429e-a87b-838b28d2167e/location [39m[32m200[39m [90m34 ms - 86[39m
[35m[HTTP][39m [90m[39m
[35m[HTTP][39m [37m-->[39m [37mPOST[39m [37m/wd/hub/session/6288cdb0-bdde-475b-90e6-66f85fc905b3/touch/perform[39m
[35m[HTTP][39m [90m{"actions":[{"action":"tap","options":{"element":"0b8d8637-1f86-429e-a87b-838b28d2167e","x":1,"y":1}}]}[39m
[35m[UiAutomator2][39m calling get location: 0b8d8637-1f86-429e-a87b-838b28d2167e
[35m[HTTP][39m [37m<-- POST /wd/hub/session/6288cdb0-bdde-475b-90e6-66f85fc905b3/touch/perform [39m[32m200[39m [90m1165 ms - 76[39m
[35m[HTTP][39m [90m[39m
[35m[HTTP][39m [37m-->[39m [37mGET[39m [37m/wd/hub/session/6288cdb0-bdde-475b-90e6-66f85fc905b3/window/current/size[39m
[35m[HTTP][39m [90m{}[39m
[35m[W3C][39m Driver proxy active, passing request on via HTTP proxy
[35m[JSONWP Proxy][39m Replacing sessionId 6dca23fd-6337-4ee9-905f-4e6d1224b009 with 6288cdb0-bdde-475b-90e6-66f85fc905b3
[35m[HTTP][39m [37m<-- GET /wd/hub/session/6288cdb0-bdde-475b-90e6-66f85fc905b3/window/current/size [39m[32m200[39m [90m25 ms - 100[39m
[35m[HTTP][39m [90m[39m
[35m[HTTP][39m [37m-->[39m [37mPOST[39m [37m/wd/hub/session/6288cdb0-bdde-475b-90e6-66f85fc905b3/elements[39m
[35m[HTTP][39m [90m{"using":"-android uiautomator","value":"new UiSelector().className(\"android.widget.RelativeLayout\").resourceId(\"com.safeboda.driver:id/statusSwitchView\").instance(0)"}[39m
[35m[HTTP][39m [37m<-- POST /wd/hub/session/6288cdb0-bdde-475b-90e6-66f85fc905b3/elements [39m[32m200[39m [90m102 ms - 124[39m
[35m[HTTP][39m [90m[39m
[35m[HTTP][39m [37m-->[39m [37mGET[39m [37m/wd/hub/session/6288cdb0-bdde-475b-90e6-66f85fc905b3[39m
[35m[HTTP][39m [90m{}[39m
[35m[HTTP][39m [37m<-- GET /wd/hub/session/6288cdb0-bdde-475b-90e6-66f85fc905b3 [39m[32m200[39m [90m28 ms - 1191[39m
[35m[HTTP][39m [90m[39m
[35m[HTTP][39m [37m-->[39m [37mGET[39m [37m/wd/hub/session/6288cdb0-bdde-475b-90e6-66f85fc905b3[39m
[35m[HTTP][39m [90m{}[39m
[35m[HTTP][39m [37m<-- GET /wd/hub/session/6288cdb0-bdde-475b-90e6-66f85fc905b3 [39m[32m200[39m [90m19 ms - 1191[39m
[35m[HTTP][39m [90m[39m
[35m[HTTP][39m [37m-->[39m [37mGET[39m [37m/wd/hub/session/6288cdb0-bdde-475b-90e6-66f85fc905b3[39m
[35m[HTTP][39m [90m{}[39m
[35m[HTTP][39m [37m<-- GET /wd/hub/session/6288cdb0-bdde-475b-90e6-66f85fc905b3 [39m[32m200[39m [90m21 ms - 1191[39m
[35m[HTTP][39m [90m[39m
[35m[HTTP][39m [37m-->[39m [37mGET[39m [37m/wd/hub/session/6288cdb0-bdde-475b-90e6-66f85fc905b3[39m
[35m[HTTP][39m [90m{}[39m
[35m[HTTP][39m [37m<-- GET /wd/hub/session/6288cdb0-bdde-475b-90e6-66f85fc905b3 [39m[32m200[39m [90m18 ms - 1191[39m
[35m[HTTP][39m [90m[39m
[35m[HTTP][39m [37m-->[39m [37mGET[39m [37m/wd/hub/session/6288cdb0-bdde-475b-90e6-66f85fc905b3/element/f8a42ad9-0546-4f68-8839-1fa7d377c409/location[39m
[35m[HTTP][39m [90m{}[39m
[35m[W3C][39m Driver proxy active, passing request on via HTTP proxy
[35m[JSONWP Proxy][39m Replacing sessionId 6dca23fd-6337-4ee9-905f-4e6d1224b009 with 6288cdb0-bdde-475b-90e6-66f85fc905b3
[35m[HTTP][39m [37m<-- GET /wd/hub/session/6288cdb0-bdde-475b-90e6-66f85fc905b3/element/f8a42ad9-0546-4f68-8839-1fa7d377c409/location [39m[32m200[39m [90m37 ms - 89[39m
[35m[HTTP][39m [90m[39m
[35m[HTTP][39m [37m-->[39m [37mPOST[39m [37m/wd/hub/session/6288cdb0-bdde-475b-90e6-66f85fc905b3/touch/perform[39m
[35m[HTTP][39m [90m{"actions":[{"action":"tap","options":{"element":"f8a42ad9-0546-4f68-8839-1fa7d377c409","x":1,"y":1}}]}[39m
[35m[UiAutomator2][39m calling get location: f8a42ad9-0546-4f68-8839-1fa7d377c409
[35m[HTTP][39m [37m<-- POST /wd/hub/session/6288cdb0-bdde-475b-90e6-66f85fc905b3/touch/perform [39m[32m200[39m [90m1684 ms - 76[39m
[35m[HTTP][39m [90m[39m
[35m[HTTP][39m [37m-->[39m [37mDELETE[39m [37m/wd/hub/session/6288cdb0-bdde-475b-90e6-66f85fc905b3[39m
[35m[HTTP][39m [90m{}[39m
[35m[Appium][39m Removing session 6288cdb0-bdde-475b-90e6-66f85fc905b3 from our master session list
[35m[HTTP][39m [37m<-- DELETE /wd/hub/session/6288cdb0-bdde-475b-90e6-66f85fc905b3 [39m[32m200[39m [90m1351 ms - 76[39m
[35m[HTTP][39m [90m[39m
