[35m[Appium][39m Welcome to Appium v1.8.1
[35m[Appium][39m Non-default server args:
[35m[Appium][39m   port: 57356
[35m[Appium][39m   loglevel: info
[35m[Appium][39m   chromeDriverPort: 57357
[35m[Appium][39m   tmpDir: C:\Users\denni\AppData\Local\Temp\\Katalon\Appium\Temp1552120169044
[35m[Appium][39m Appium REST http interface listener started on 0.0.0.0:57356
[35m[HTTP][39m [37m-->[39m [37mGET[39m [37m/wd/hub/status[39m
[35m[HTTP][39m [90m{}[39m
[35m[HTTP][39m [37m<-- GET /wd/hub/status [39m[32m200[39m [90m13 ms - 83[39m
[35m[HTTP][39m [90m[39m
[35m[HTTP][39m [37m-->[39m [37mPOST[39m [37m/wd/hub/session[39m
[35m[HTTP][39m [90m{"desiredCapabilities":{"app":"C:\\Users\\denni\\OneDrive\\Desktop\\SafeBoda\\app-passenger.apk","autoGrantPermissions":true,"automationName":"uiautomator2","deviceName":"CUBOT CUBOT NOTE Plus (Android 7.0)","fullReset":false,"newCommandTimeout":1800,"noReset":true,"platform":"ANDROID","platformName":"Android","udid":"C509XXBH81110634"},"capabilities":{"desiredCapabilities":{"app":"C:\\Users\\denni\\OneDrive\\Desktop\\SafeBoda\\app-passenger.apk","autoGrantPermissions":true,"automationName":"uiautomator2","deviceName":"CUBOT CUBOT NOTE Plus (Android 7.0)","fullReset":false,"newCommandTimeout":1800,"noReset":true,"platform":"ANDROID","platformName":"Android","udid":"C509XXBH81110634"},"firstMatch":[{"platformName":"android"}]}}[39m
[35m[Appium][39m Could not parse W3C capabilities: 'deviceName' can't be blank. Falling back to JSONWP protocol.
[35m[Appium][39m The following capabilities were provided in the JSONWP desired capabilities that are missing in W3C capabilities: ["app","autoGrantPermissions","automationName","deviceName","fullReset","newCommandTimeout","noReset","platform","platformName","udid"]. Falling back to JSONWP protocol.
[35m[Appium][39m Creating new AndroidUiautomator2Driver (v1.12.0) session
[35m[Appium][39m Capabilities:
[35m[Appium][39m   app: C:\Users\denni\OneDrive\Desktop\SafeBoda\app-passenger.apk
[35m[Appium][39m   autoGrantPermissions: true
[35m[Appium][39m   automationName: uiautomator2
[35m[Appium][39m   deviceName: CUBOT CUBOT NOTE Plus (Android 7.0)
[35m[Appium][39m   fullReset: false
[35m[Appium][39m   newCommandTimeout: 1800
[35m[Appium][39m   noReset: true
[35m[Appium][39m   platform: ANDROID
[35m[Appium][39m   platformName: Android
[35m[Appium][39m   udid: C509XXBH81110634
[35m[BaseDriver][39m The following capabilities were provided, but are not recognized by appium: platform.
[35m[BaseDriver][39m Session created with session id: db3abcf3-3766-4047-aea2-978c620cce90
[35m[BaseDriver][39m Using local app 'C:\Users\denni\OneDrive\Desktop\SafeBoda\app-passenger.apk'
[35m[AndroidDriver][39m Java version is: 1.8.0_181
[35m[ADB][39m Checking whether adb is present
[35m[ADB][39m Found 1 'build-tools' folders under 'C:\Users\denni\.katalon\tools\android_sdk' (newest first):
[35m[ADB][39m     C:/Users/denni/.katalon/tools/android_sdk/build-tools/28.0.3
[35m[ADB][39m Using adb.exe from C:\Users\denni\.katalon\tools\android_sdk\platform-tools\adb.exe
[35m[AndroidDriver][39m Retrieving device list
[35m[AndroidDriver][39m Using device: C509XXBH81110634
[35m[ADB][39m Using the alternative activity name detection method because of: Could not find apkanalyzer.bat in C:\Users\denni\.katalon\tools\android_sdk\platform-tools\apkanalyzer.bat,C:\Users\denni\.katalon\tools\android_sdk\emulator\apkanalyzer.bat,C:\Users\denni\.katalon\tools\android_sdk\tools\apkanalyzer.bat,C:\Users\denni\.katalon\tools\android_sdk\tools\bin\apkanalyzer.bat,C:\Users\denni\.katalon\tools\android_sdk\build-tools\28.0.3\apkanalyzer.bat. Do you have the Android SDK installed at 'C:\Users\denni\.katalon\tools\android_sdk'?
[35m[ADB][39m Checking whether aapt is present
[35m[ADB][39m Using aapt.exe from C:\Users\denni\.katalon\tools\android_sdk\build-tools\28.0.3\aapt.exe
[35m[ADB][39m Extracting package and launch activity from manifest
[35m[ADB][39m Package name: 'com.safeboda.passenger'
[35m[ADB][39m Main activity name: 'com.safeboda.passenger.start.StartActivity'
[35m[ADB][39m Getting device platform version
[35m[ADB][39m Using apksigner.bat from C:\Users\denni\.katalon\tools\android_sdk\build-tools\28.0.3\apksigner.bat
[35m[ADB][39m Checking whether zipalign is present
[35m[ADB][39m Using zipalign.exe from C:\Users\denni\.katalon\tools\android_sdk\build-tools\28.0.3\zipalign.exe
[35m[ADB][39m io.appium.uiautomator2.server was successfully uninstalled
[35m[ADB][39m io.appium.uiautomator2.server.test was successfully uninstalled
[35m[AndroidDriver][39m setDeviceLanguageCountry requires language or country.
[35m[AndroidDriver][39m Got language: 'null' and country: 'null'
[35m[ADB][39m Successfully extracted 678 strings from 'C:\Users\denni\OneDrive\Desktop\SafeBoda\app-passenger.apk' resources for '(default)' configuration
[35m[UiAutomator2][39m Starting uiautomator2 server 1.12.0
[35m[UiAutomator2][39m Using UIAutomator2 server from 'C:\Users\denni\AppData\Roaming\npm\node_modules\appium\node_modules\appium-uiautomator2-server\apks\appium-uiautomator2-server-v1.12.0.apk' and test from 'C:\Users\denni\AppData\Roaming\npm\node_modules\appium\node_modules\appium-uiautomator2-server\apks\appium-uiautomator2-server-debug-androidTest.apk'
[35m[UiAutomator2][39m Running command: 'adb -s C509XXBH81110634 shell am instrument -w io.appium.uiautomator2.server.test/android.support.test.runner.AndroidJUnitRunner'
[35m[UiAutomator2][39m Waiting up to 20000ms for UiAutomator2 to be online...
[35m[AndroidDriver][39m Screen already unlocked, doing nothing
[35m[UiAutomator2][39m UiAutomator2 did not start the activity we were waiting for, 'com.safeboda.passenger/com.safeboda.passenger.start.StartActivity'. Starting it ourselves
[35m[Appium][39m New AndroidUiautomator2Driver session created successfully, session db3abcf3-3766-4047-aea2-978c620cce90 added to master session list
[35m[HTTP][39m [37m<-- POST /wd/hub/session [39m[32m200[39m [90m40797 ms - 1200[39m
[35m[HTTP][39m [90m[39m
[35m[HTTP][39m [37m-->[39m [37mGET[39m [37m/wd/hub/status[39m
[35m[HTTP][39m [90m{}[39m
[35m[HTTP][39m [37m<-- GET /wd/hub/status [39m[32m200[39m [90m6 ms - 55[39m
[35m[HTTP][39m [90m[39m
[35m[HTTP][39m [37m-->[39m [37mPOST[39m [37m/wd/hub/session/db3abcf3-3766-4047-aea2-978c620cce90/timeouts[39m
[35m[HTTP][39m [90m{"type":"implicit","ms":30000}[39m
[35m[HTTP][39m [37m<-- POST /wd/hub/session/db3abcf3-3766-4047-aea2-978c620cce90/timeouts [39m[33m400[39m [90m20 ms - 5204[39m
[35m[HTTP][39m [90m[39m
[35m[HTTP][39m [37m-->[39m [37mGET[39m [37m/wd/hub/session/db3abcf3-3766-4047-aea2-978c620cce90/window/current/size[39m
[35m[HTTP][39m [90m{}[39m
[35m[W3C][39m Driver proxy active, passing request on via HTTP proxy
[35m[JSONWP Proxy][39m Replacing sessionId a27cf535-b2bd-48cb-a870-0d117dac0a9e with db3abcf3-3766-4047-aea2-978c620cce90
[35m[HTTP][39m [37m<-- GET /wd/hub/session/db3abcf3-3766-4047-aea2-978c620cce90/window/current/size [39m[32m200[39m [90m508 ms - 100[39m
[35m[HTTP][39m [90m[39m
[35m[HTTP][39m [37m-->[39m [37mPOST[39m [37m/wd/hub/session/db3abcf3-3766-4047-aea2-978c620cce90/elements[39m
[35m[HTTP][39m [90m{"using":"-android uiautomator","value":"new UiSelector().className(\"android.widget.EditText\").text(\"Search location\").resourceId(\"com.safeboda.passenger:id/locationEditText\").instance(0)"}[39m
[35m[HTTP][39m [37m<-- POST /wd/hub/session/db3abcf3-3766-4047-aea2-978c620cce90/elements [39m[32m200[39m [90m1421 ms - 74[39m
[35m[HTTP][39m [90m[39m
[35m[HTTP][39m [37m-->[39m [37mPOST[39m [37m/wd/hub/session/db3abcf3-3766-4047-aea2-978c620cce90/elements[39m
[35m[HTTP][39m [90m{"using":"-android uiautomator","value":"new UiSelector().className(\"android.widget.EditText\").text(\"Search location\").resourceId(\"com.safeboda.passenger:id/locationEditText\").instance(0)"}[39m
[35m[HTTP][39m [37m<-- POST /wd/hub/session/db3abcf3-3766-4047-aea2-978c620cce90/elements [39m[32m200[39m [90m529 ms - 74[39m
[35m[HTTP][39m [90m[39m
[35m[HTTP][39m [37m-->[39m [37mPOST[39m [37m/wd/hub/session/db3abcf3-3766-4047-aea2-978c620cce90/elements[39m
[35m[HTTP][39m [90m{"using":"-android uiautomator","value":"new UiSelector().className(\"android.widget.EditText\").text(\"Search location\").resourceId(\"com.safeboda.passenger:id/locationEditText\").instance(0)"}[39m
[35m[HTTP][39m [37m<-- POST /wd/hub/session/db3abcf3-3766-4047-aea2-978c620cce90/elements [39m[32m200[39m [90m81 ms - 74[39m
[35m[HTTP][39m [90m[39m
[35m[HTTP][39m [37m-->[39m [37mPOST[39m [37m/wd/hub/session/db3abcf3-3766-4047-aea2-978c620cce90/elements[39m
[35m[HTTP][39m [90m{"using":"-android uiautomator","value":"new UiSelector().className(\"android.widget.EditText\").text(\"Search location\").resourceId(\"com.safeboda.passenger:id/locationEditText\").instance(0)"}[39m
[35m[HTTP][39m [37m<-- POST /wd/hub/session/db3abcf3-3766-4047-aea2-978c620cce90/elements [39m[32m200[39m [90m92 ms - 74[39m
[35m[HTTP][39m [90m[39m
[35m[HTTP][39m [37m-->[39m [37mPOST[39m [37m/wd/hub/session/db3abcf3-3766-4047-aea2-978c620cce90/elements[39m
[35m[HTTP][39m [90m{"using":"-android uiautomator","value":"new UiSelector().className(\"android.widget.EditText\").text(\"Search location\").resourceId(\"com.safeboda.passenger:id/locationEditText\").instance(0)"}[39m
[35m[HTTP][39m [37m<-- POST /wd/hub/session/db3abcf3-3766-4047-aea2-978c620cce90/elements [39m[32m200[39m [90m92 ms - 74[39m
[35m[HTTP][39m [90m[39m
[35m[HTTP][39m [37m-->[39m [37mPOST[39m [37m/wd/hub/session/db3abcf3-3766-4047-aea2-978c620cce90/elements[39m
[35m[HTTP][39m [90m{"using":"-android uiautomator","value":"new UiSelector().className(\"android.widget.EditText\").text(\"Search location\").resourceId(\"com.safeboda.passenger:id/locationEditText\").instance(0)"}[39m
[35m[HTTP][39m [37m<-- POST /wd/hub/session/db3abcf3-3766-4047-aea2-978c620cce90/elements [39m[32m200[39m [90m161 ms - 74[39m
[35m[HTTP][39m [90m[39m
[35m[HTTP][39m [37m-->[39m [37mPOST[39m [37m/wd/hub/session/db3abcf3-3766-4047-aea2-978c620cce90/elements[39m
[35m[HTTP][39m [90m{"using":"-android uiautomator","value":"new UiSelector().className(\"android.widget.EditText\").text(\"Search location\").resourceId(\"com.safeboda.passenger:id/locationEditText\").instance(0)"}[39m
[35m[HTTP][39m [37m<-- POST /wd/hub/session/db3abcf3-3766-4047-aea2-978c620cce90/elements [39m[32m200[39m [90m129 ms - 74[39m
[35m[HTTP][39m [90m[39m
[35m[HTTP][39m [37m-->[39m [37mPOST[39m [37m/wd/hub/session/db3abcf3-3766-4047-aea2-978c620cce90/elements[39m
[35m[HTTP][39m [90m{"using":"-android uiautomator","value":"new UiSelector().className(\"android.widget.EditText\").text(\"Search location\").resourceId(\"com.safeboda.passenger:id/locationEditText\").instance(0)"}[39m
[35m[HTTP][39m [37m<-- POST /wd/hub/session/db3abcf3-3766-4047-aea2-978c620cce90/elements [39m[32m200[39m [90m122 ms - 74[39m
[35m[HTTP][39m [90m[39m
[35m[HTTP][39m [37m-->[39m [37mPOST[39m [37m/wd/hub/session/db3abcf3-3766-4047-aea2-978c620cce90/elements[39m
[35m[HTTP][39m [90m{"using":"-android uiautomator","value":"new UiSelector().className(\"android.widget.EditText\").text(\"Search location\").resourceId(\"com.safeboda.passenger:id/locationEditText\").instance(0)"}[39m
[35m[HTTP][39m [37m<-- POST /wd/hub/session/db3abcf3-3766-4047-aea2-978c620cce90/elements [39m[32m200[39m [90m166 ms - 74[39m
[35m[HTTP][39m [90m[39m
[35m[HTTP][39m [37m-->[39m [37mPOST[39m [37m/wd/hub/session/db3abcf3-3766-4047-aea2-978c620cce90/elements[39m
[35m[HTTP][39m [90m{"using":"-android uiautomator","value":"new UiSelector().className(\"android.widget.EditText\").text(\"Search location\").resourceId(\"com.safeboda.passenger:id/locationEditText\").instance(0)"}[39m
[35m[HTTP][39m [37m<-- POST /wd/hub/session/db3abcf3-3766-4047-aea2-978c620cce90/elements [39m[32m200[39m [90m662 ms - 74[39m
[35m[HTTP][39m [90m[39m
[35m[HTTP][39m [37m-->[39m [37mPOST[39m [37m/wd/hub/session/db3abcf3-3766-4047-aea2-978c620cce90/elements[39m
[35m[HTTP][39m [90m{"using":"-android uiautomator","value":"new UiSelector().className(\"android.widget.EditText\").text(\"Search location\").resourceId(\"com.safeboda.passenger:id/locationEditText\").instance(0)"}[39m
[35m[HTTP][39m [37m<-- POST /wd/hub/session/db3abcf3-3766-4047-aea2-978c620cce90/elements [39m[32m200[39m [90m52 ms - 74[39m
[35m[HTTP][39m [90m[39m
[35m[HTTP][39m [37m-->[39m [37mPOST[39m [37m/wd/hub/session/db3abcf3-3766-4047-aea2-978c620cce90/elements[39m
[35m[HTTP][39m [90m{"using":"-android uiautomator","value":"new UiSelector().className(\"android.widget.EditText\").text(\"Search location\").resourceId(\"com.safeboda.passenger:id/locationEditText\").instance(0)"}[39m
[35m[HTTP][39m [37m<-- POST /wd/hub/session/db3abcf3-3766-4047-aea2-978c620cce90/elements [39m[32m200[39m [90m46 ms - 74[39m
[35m[HTTP][39m [90m[39m
[35m[HTTP][39m [37m-->[39m [37mPOST[39m [37m/wd/hub/session/db3abcf3-3766-4047-aea2-978c620cce90/elements[39m
[35m[HTTP][39m [90m{"using":"-android uiautomator","value":"new UiSelector().className(\"android.widget.EditText\").text(\"Search location\").resourceId(\"com.safeboda.passenger:id/locationEditText\").instance(0)"}[39m
[35m[HTTP][39m [37m<-- POST /wd/hub/session/db3abcf3-3766-4047-aea2-978c620cce90/elements [39m[32m200[39m [90m55 ms - 74[39m
[35m[HTTP][39m [90m[39m
[35m[HTTP][39m [37m-->[39m [37mPOST[39m [37m/wd/hub/session/db3abcf3-3766-4047-aea2-978c620cce90/elements[39m
[35m[HTTP][39m [90m{"using":"-android uiautomator","value":"new UiSelector().className(\"android.widget.EditText\").text(\"Search location\").resourceId(\"com.safeboda.passenger:id/locationEditText\").instance(0)"}[39m
[35m[HTTP][39m [37m<-- POST /wd/hub/session/db3abcf3-3766-4047-aea2-978c620cce90/elements [39m[32m200[39m [90m48 ms - 74[39m
[35m[HTTP][39m [90m[39m
[35m[HTTP][39m [37m-->[39m [37mPOST[39m [37m/wd/hub/session/db3abcf3-3766-4047-aea2-978c620cce90/elements[39m
[35m[HTTP][39m [90m{"using":"-android uiautomator","value":"new UiSelector().className(\"android.widget.EditText\").text(\"Search location\").resourceId(\"com.safeboda.passenger:id/locationEditText\").instance(0)"}[39m
[35m[HTTP][39m [37m<-- POST /wd/hub/session/db3abcf3-3766-4047-aea2-978c620cce90/elements [39m[32m200[39m [90m42 ms - 74[39m
[35m[HTTP][39m [90m[39m
[35m[HTTP][39m [37m-->[39m [37mPOST[39m [37m/wd/hub/session/db3abcf3-3766-4047-aea2-978c620cce90/elements[39m
[35m[HTTP][39m [90m{"using":"-android uiautomator","value":"new UiSelector().className(\"android.widget.EditText\").text(\"Search location\").resourceId(\"com.safeboda.passenger:id/locationEditText\").instance(0)"}[39m
[35m[HTTP][39m [37m<-- POST /wd/hub/session/db3abcf3-3766-4047-aea2-978c620cce90/elements [39m[32m200[39m [90m43 ms - 74[39m
[35m[HTTP][39m [90m[39m
[35m[HTTP][39m [37m-->[39m [37mPOST[39m [37m/wd/hub/session/db3abcf3-3766-4047-aea2-978c620cce90/elements[39m
[35m[HTTP][39m [90m{"using":"-android uiautomator","value":"new UiSelector().className(\"android.widget.EditText\").text(\"Search location\").resourceId(\"com.safeboda.passenger:id/locationEditText\").instance(0)"}[39m
[35m[HTTP][39m [37m<-- POST /wd/hub/session/db3abcf3-3766-4047-aea2-978c620cce90/elements [39m[32m200[39m [90m45 ms - 74[39m
[35m[HTTP][39m [90m[39m
[35m[HTTP][39m [37m-->[39m [37mPOST[39m [37m/wd/hub/session/db3abcf3-3766-4047-aea2-978c620cce90/elements[39m
[35m[HTTP][39m [90m{"using":"-android uiautomator","value":"new UiSelector().className(\"android.widget.EditText\").text(\"Search location\").resourceId(\"com.safeboda.passenger:id/locationEditText\").instance(0)"}[39m
[35m[HTTP][39m [37m<-- POST /wd/hub/session/db3abcf3-3766-4047-aea2-978c620cce90/elements [39m[32m200[39m [90m45 ms - 74[39m
[35m[HTTP][39m [90m[39m
[35m[HTTP][39m [37m-->[39m [37mPOST[39m [37m/wd/hub/session/db3abcf3-3766-4047-aea2-978c620cce90/elements[39m
[35m[HTTP][39m [90m{"using":"-android uiautomator","value":"new UiSelector().className(\"android.widget.EditText\").text(\"Search location\").resourceId(\"com.safeboda.passenger:id/locationEditText\").instance(0)"}[39m
[35m[HTTP][39m [37m<-- POST /wd/hub/session/db3abcf3-3766-4047-aea2-978c620cce90/elements [39m[32m200[39m [90m71 ms - 74[39m
[35m[HTTP][39m [90m[39m
[35m[HTTP][39m [37m-->[39m [37mPOST[39m [37m/wd/hub/session/db3abcf3-3766-4047-aea2-978c620cce90/elements[39m
[35m[HTTP][39m [90m{"using":"-android uiautomator","value":"new UiSelector().className(\"android.widget.EditText\").text(\"Search location\").resourceId(\"com.safeboda.passenger:id/locationEditText\").instance(0)"}[39m
[35m[HTTP][39m [37m<-- POST /wd/hub/session/db3abcf3-3766-4047-aea2-978c620cce90/elements [39m[32m200[39m [90m143 ms - 74[39m
[35m[HTTP][39m [90m[39m
[35m[HTTP][39m [37m-->[39m [37mPOST[39m [37m/wd/hub/session/db3abcf3-3766-4047-aea2-978c620cce90/elements[39m
[35m[HTTP][39m [90m{"using":"-android uiautomator","value":"new UiSelector().className(\"android.widget.EditText\").text(\"Search location\").resourceId(\"com.safeboda.passenger:id/locationEditText\").instance(0)"}[39m
[35m[HTTP][39m [37m<-- POST /wd/hub/session/db3abcf3-3766-4047-aea2-978c620cce90/elements [39m[32m200[39m [90m170 ms - 74[39m
[35m[HTTP][39m [90m[39m
[35m[HTTP][39m [37m-->[39m [37mPOST[39m [37m/wd/hub/session/db3abcf3-3766-4047-aea2-978c620cce90/elements[39m
[35m[HTTP][39m [90m{"using":"-android uiautomator","value":"new UiSelector().className(\"android.widget.EditText\").text(\"Search location\").resourceId(\"com.safeboda.passenger:id/locationEditText\").instance(0)"}[39m
[35m[HTTP][39m [37m<-- POST /wd/hub/session/db3abcf3-3766-4047-aea2-978c620cce90/elements [39m[32m200[39m [90m192 ms - 74[39m
[35m[HTTP][39m [90m[39m
[35m[HTTP][39m [37m-->[39m [37mPOST[39m [37m/wd/hub/session/db3abcf3-3766-4047-aea2-978c620cce90/elements[39m
[35m[HTTP][39m [90m{"using":"-android uiautomator","value":"new UiSelector().className(\"android.widget.EditText\").text(\"Search location\").resourceId(\"com.safeboda.passenger:id/locationEditText\").instance(0)"}[39m
[35m[HTTP][39m [37m<-- POST /wd/hub/session/db3abcf3-3766-4047-aea2-978c620cce90/elements [39m[32m200[39m [90m165 ms - 74[39m
[35m[HTTP][39m [90m[39m
[35m[HTTP][39m [37m-->[39m [37mPOST[39m [37m/wd/hub/session/db3abcf3-3766-4047-aea2-978c620cce90/elements[39m
[35m[HTTP][39m [90m{"using":"-android uiautomator","value":"new UiSelector().className(\"android.widget.EditText\").text(\"Search location\").resourceId(\"com.safeboda.passenger:id/locationEditText\").instance(0)"}[39m
[35m[HTTP][39m [37m<-- POST /wd/hub/session/db3abcf3-3766-4047-aea2-978c620cce90/elements [39m[32m200[39m [90m44 ms - 74[39m
[35m[HTTP][39m [90m[39m
[35m[HTTP][39m [37m-->[39m [37mPOST[39m [37m/wd/hub/session/db3abcf3-3766-4047-aea2-978c620cce90/elements[39m
[35m[HTTP][39m [90m{"using":"-android uiautomator","value":"new UiSelector().className(\"android.widget.EditText\").text(\"Search location\").resourceId(\"com.safeboda.passenger:id/locationEditText\").instance(0)"}[39m
[35m[HTTP][39m [37m<-- POST /wd/hub/session/db3abcf3-3766-4047-aea2-978c620cce90/elements [39m[32m200[39m [90m43 ms - 74[39m
[35m[HTTP][39m [90m[39m
[35m[HTTP][39m [37m-->[39m [37mPOST[39m [37m/wd/hub/session/db3abcf3-3766-4047-aea2-978c620cce90/elements[39m
[35m[HTTP][39m [90m{"using":"-android uiautomator","value":"new UiSelector().className(\"android.widget.EditText\").text(\"Search location\").resourceId(\"com.safeboda.passenger:id/locationEditText\").instance(0)"}[39m
[35m[HTTP][39m [37m<-- POST /wd/hub/session/db3abcf3-3766-4047-aea2-978c620cce90/elements [39m[32m200[39m [90m48 ms - 74[39m
[35m[HTTP][39m [90m[39m
[35m[HTTP][39m [37m-->[39m [37mPOST[39m [37m/wd/hub/session/db3abcf3-3766-4047-aea2-978c620cce90/elements[39m
[35m[HTTP][39m [90m{"using":"-android uiautomator","value":"new UiSelector().className(\"android.widget.EditText\").text(\"Search location\").resourceId(\"com.safeboda.passenger:id/locationEditText\").instance(0)"}[39m
[35m[HTTP][39m [37m<-- POST /wd/hub/session/db3abcf3-3766-4047-aea2-978c620cce90/elements [39m[32m200[39m [90m38 ms - 74[39m
[35m[HTTP][39m [90m[39m
[35m[HTTP][39m [37m-->[39m [37mPOST[39m [37m/wd/hub/session/db3abcf3-3766-4047-aea2-978c620cce90/elements[39m
[35m[HTTP][39m [90m{"using":"-android uiautomator","value":"new UiSelector().className(\"android.widget.EditText\").text(\"Search location\").resourceId(\"com.safeboda.passenger:id/locationEditText\").instance(0)"}[39m
[35m[HTTP][39m [37m<-- POST /wd/hub/session/db3abcf3-3766-4047-aea2-978c620cce90/elements [39m[32m200[39m [90m48 ms - 74[39m
[35m[HTTP][39m [90m[39m
[35m[HTTP][39m [37m-->[39m [37mPOST[39m [37m/wd/hub/session/db3abcf3-3766-4047-aea2-978c620cce90/elements[39m
[35m[HTTP][39m [90m{"using":"-android uiautomator","value":"new UiSelector().className(\"android.widget.EditText\").text(\"Search location\").resourceId(\"com.safeboda.passenger:id/locationEditText\").instance(0)"}[39m
[35m[HTTP][39m [37m<-- POST /wd/hub/session/db3abcf3-3766-4047-aea2-978c620cce90/elements [39m[32m200[39m [90m45 ms - 74[39m
[35m[HTTP][39m [90m[39m
[35m[HTTP][39m [37m-->[39m [37mPOST[39m [37m/wd/hub/session/db3abcf3-3766-4047-aea2-978c620cce90/elements[39m
[35m[HTTP][39m [90m{"using":"-android uiautomator","value":"new UiSelector().className(\"android.widget.EditText\").text(\"Search location\").resourceId(\"com.safeboda.passenger:id/locationEditText\").instance(0)"}[39m
[35m[HTTP][39m [37m<-- POST /wd/hub/session/db3abcf3-3766-4047-aea2-978c620cce90/elements [39m[32m200[39m [90m43 ms - 74[39m
[35m[HTTP][39m [90m[39m
[35m[HTTP][39m [37m-->[39m [37mPOST[39m [37m/wd/hub/session/db3abcf3-3766-4047-aea2-978c620cce90/elements[39m
[35m[HTTP][39m [90m{"using":"-android uiautomator","value":"new UiSelector().className(\"android.widget.EditText\").text(\"Search location\").resourceId(\"com.safeboda.passenger:id/locationEditText\").instance(0)"}[39m
[35m[HTTP][39m [37m<-- POST /wd/hub/session/db3abcf3-3766-4047-aea2-978c620cce90/elements [39m[32m200[39m [90m48 ms - 74[39m
[35m[HTTP][39m [90m[39m
[35m[HTTP][39m [37m-->[39m [37mPOST[39m [37m/wd/hub/session/db3abcf3-3766-4047-aea2-978c620cce90/elements[39m
[35m[HTTP][39m [90m{"using":"-android uiautomator","value":"new UiSelector().className(\"android.widget.EditText\").text(\"Search location\").resourceId(\"com.safeboda.passenger:id/locationEditText\").instance(0)"}[39m
[35m[HTTP][39m [37m<-- POST /wd/hub/session/db3abcf3-3766-4047-aea2-978c620cce90/elements [39m[32m200[39m [90m44 ms - 74[39m
[35m[HTTP][39m [90m[39m
[35m[HTTP][39m [37m-->[39m [37mPOST[39m [37m/wd/hub/session/db3abcf3-3766-4047-aea2-978c620cce90/elements[39m
[35m[HTTP][39m [90m{"using":"-android uiautomator","value":"new UiSelector().className(\"android.widget.EditText\").text(\"Search location\").resourceId(\"com.safeboda.passenger:id/locationEditText\").instance(0)"}[39m
[35m[HTTP][39m [37m<-- POST /wd/hub/session/db3abcf3-3766-4047-aea2-978c620cce90/elements [39m[32m200[39m [90m48 ms - 74[39m
[35m[HTTP][39m [90m[39m
[35m[HTTP][39m [37m-->[39m [37mPOST[39m [37m/wd/hub/session/db3abcf3-3766-4047-aea2-978c620cce90/elements[39m
[35m[HTTP][39m [90m{"using":"-android uiautomator","value":"new UiSelector().className(\"android.widget.EditText\").text(\"Search location\").resourceId(\"com.safeboda.passenger:id/locationEditText\").instance(0)"}[39m
[35m[HTTP][39m [37m<-- POST /wd/hub/session/db3abcf3-3766-4047-aea2-978c620cce90/elements [39m[32m200[39m [90m41 ms - 74[39m
[35m[HTTP][39m [90m[39m
[35m[HTTP][39m [37m-->[39m [37mPOST[39m [37m/wd/hub/session/db3abcf3-3766-4047-aea2-978c620cce90/elements[39m
[35m[HTTP][39m [90m{"using":"-android uiautomator","value":"new UiSelector().className(\"android.widget.EditText\").text(\"Search location\").resourceId(\"com.safeboda.passenger:id/locationEditText\").instance(0)"}[39m
[35m[HTTP][39m [37m<-- POST /wd/hub/session/db3abcf3-3766-4047-aea2-978c620cce90/elements [39m[32m200[39m [90m45 ms - 74[39m
[35m[HTTP][39m [90m[39m
[35m[HTTP][39m [37m-->[39m [37mPOST[39m [37m/wd/hub/session/db3abcf3-3766-4047-aea2-978c620cce90/elements[39m
[35m[HTTP][39m [90m{"using":"-android uiautomator","value":"new UiSelector().className(\"android.widget.EditText\").text(\"Search location\").resourceId(\"com.safeboda.passenger:id/locationEditText\").instance(0)"}[39m
[35m[HTTP][39m [37m<-- POST /wd/hub/session/db3abcf3-3766-4047-aea2-978c620cce90/elements [39m[32m200[39m [90m60 ms - 74[39m
[35m[HTTP][39m [90m[39m
[35m[HTTP][39m [37m-->[39m [37mPOST[39m [37m/wd/hub/session/db3abcf3-3766-4047-aea2-978c620cce90/elements[39m
[35m[HTTP][39m [90m{"using":"-android uiautomator","value":"new UiSelector().className(\"android.widget.EditText\").text(\"Search location\").resourceId(\"com.safeboda.passenger:id/locationEditText\").instance(0)"}[39m
[35m[HTTP][39m [37m<-- POST /wd/hub/session/db3abcf3-3766-4047-aea2-978c620cce90/elements [39m[32m200[39m [90m61 ms - 74[39m
[35m[HTTP][39m [90m[39m
[35m[HTTP][39m [37m-->[39m [37mPOST[39m [37m/wd/hub/session/db3abcf3-3766-4047-aea2-978c620cce90/elements[39m
[35m[HTTP][39m [90m{"using":"-android uiautomator","value":"new UiSelector().className(\"android.widget.EditText\").text(\"Search location\").resourceId(\"com.safeboda.passenger:id/locationEditText\").instance(0)"}[39m
[35m[HTTP][39m [37m<-- POST /wd/hub/session/db3abcf3-3766-4047-aea2-978c620cce90/elements [39m[32m200[39m [90m47 ms - 74[39m
[35m[HTTP][39m [90m[39m
[35m[HTTP][39m [37m-->[39m [37mPOST[39m [37m/wd/hub/session/db3abcf3-3766-4047-aea2-978c620cce90/elements[39m
[35m[HTTP][39m [90m{"using":"-android uiautomator","value":"new UiSelector().className(\"android.widget.EditText\").text(\"Search location\").resourceId(\"com.safeboda.passenger:id/locationEditText\").instance(0)"}[39m
[35m[HTTP][39m [37m<-- POST /wd/hub/session/db3abcf3-3766-4047-aea2-978c620cce90/elements [39m[32m200[39m [90m44 ms - 74[39m
[35m[HTTP][39m [90m[39m
[35m[HTTP][39m [37m-->[39m [37mPOST[39m [37m/wd/hub/session/db3abcf3-3766-4047-aea2-978c620cce90/elements[39m
[35m[HTTP][39m [90m{"using":"-android uiautomator","value":"new UiSelector().className(\"android.widget.EditText\").text(\"Search location\").resourceId(\"com.safeboda.passenger:id/locationEditText\").instance(0)"}[39m
[35m[HTTP][39m [37m<-- POST /wd/hub/session/db3abcf3-3766-4047-aea2-978c620cce90/elements [39m[32m200[39m [90m44 ms - 74[39m
[35m[HTTP][39m [90m[39m
[35m[HTTP][39m [37m-->[39m [37mPOST[39m [37m/wd/hub/session/db3abcf3-3766-4047-aea2-978c620cce90/elements[39m
[35m[HTTP][39m [90m{"using":"-android uiautomator","value":"new UiSelector().className(\"android.widget.EditText\").text(\"Search location\").resourceId(\"com.safeboda.passenger:id/locationEditText\").instance(0)"}[39m
[35m[HTTP][39m [37m<-- POST /wd/hub/session/db3abcf3-3766-4047-aea2-978c620cce90/elements [39m[32m200[39m [90m46 ms - 74[39m
[35m[HTTP][39m [90m[39m
[35m[HTTP][39m [37m-->[39m [37mPOST[39m [37m/wd/hub/session/db3abcf3-3766-4047-aea2-978c620cce90/elements[39m
[35m[HTTP][39m [90m{"using":"-android uiautomator","value":"new UiSelector().className(\"android.widget.EditText\").text(\"Search location\").resourceId(\"com.safeboda.passenger:id/locationEditText\").instance(0)"}[39m
[35m[HTTP][39m [37m<-- POST /wd/hub/session/db3abcf3-3766-4047-aea2-978c620cce90/elements [39m[32m200[39m [90m42 ms - 74[39m
[35m[HTTP][39m [90m[39m
[35m[HTTP][39m [37m-->[39m [37mPOST[39m [37m/wd/hub/session/db3abcf3-3766-4047-aea2-978c620cce90/elements[39m
[35m[HTTP][39m [90m{"using":"-android uiautomator","value":"new UiSelector().className(\"android.widget.EditText\").text(\"Search location\").resourceId(\"com.safeboda.passenger:id/locationEditText\").instance(0)"}[39m
[35m[HTTP][39m [37m<-- POST /wd/hub/session/db3abcf3-3766-4047-aea2-978c620cce90/elements [39m[32m200[39m [90m45 ms - 74[39m
[35m[HTTP][39m [90m[39m
[35m[HTTP][39m [37m-->[39m [37mPOST[39m [37m/wd/hub/session/db3abcf3-3766-4047-aea2-978c620cce90/elements[39m
[35m[HTTP][39m [90m{"using":"-android uiautomator","value":"new UiSelector().className(\"android.widget.EditText\").text(\"Search location\").resourceId(\"com.safeboda.passenger:id/locationEditText\").instance(0)"}[39m
[35m[HTTP][39m [37m<-- POST /wd/hub/session/db3abcf3-3766-4047-aea2-978c620cce90/elements [39m[32m200[39m [90m59 ms - 74[39m
[35m[HTTP][39m [90m[39m
[35m[HTTP][39m [37m-->[39m [37mPOST[39m [37m/wd/hub/session/db3abcf3-3766-4047-aea2-978c620cce90/elements[39m
[35m[HTTP][39m [90m{"using":"-android uiautomator","value":"new UiSelector().className(\"android.widget.EditText\").text(\"Search location\").resourceId(\"com.safeboda.passenger:id/locationEditText\").instance(0)"}[39m
[35m[HTTP][39m [37m<-- POST /wd/hub/session/db3abcf3-3766-4047-aea2-978c620cce90/elements [39m[32m200[39m [90m61 ms - 74[39m
[35m[HTTP][39m [90m[39m
[35m[HTTP][39m [37m-->[39m [37mPOST[39m [37m/wd/hub/session/db3abcf3-3766-4047-aea2-978c620cce90/elements[39m
[35m[HTTP][39m [90m{"using":"-android uiautomator","value":"new UiSelector().className(\"android.widget.EditText\").text(\"Search location\").resourceId(\"com.safeboda.passenger:id/locationEditText\").instance(0)"}[39m
[35m[HTTP][39m [37m<-- POST /wd/hub/session/db3abcf3-3766-4047-aea2-978c620cce90/elements [39m[32m200[39m [90m42 ms - 74[39m
[35m[HTTP][39m [90m[39m
[35m[HTTP][39m [37m-->[39m [37mPOST[39m [37m/wd/hub/session/db3abcf3-3766-4047-aea2-978c620cce90/elements[39m
[35m[HTTP][39m [90m{"using":"-android uiautomator","value":"new UiSelector().className(\"android.widget.EditText\").text(\"Search location\").resourceId(\"com.safeboda.passenger:id/locationEditText\").instance(0)"}[39m
[35m[HTTP][39m [37m<-- POST /wd/hub/session/db3abcf3-3766-4047-aea2-978c620cce90/elements [39m[32m200[39m [90m42 ms - 74[39m
[35m[HTTP][39m [90m[39m
[35m[HTTP][39m [37m-->[39m [37mPOST[39m [37m/wd/hub/session/db3abcf3-3766-4047-aea2-978c620cce90/elements[39m
[35m[HTTP][39m [90m{"using":"-android uiautomator","value":"new UiSelector().className(\"android.widget.EditText\").text(\"Search location\").resourceId(\"com.safeboda.passenger:id/locationEditText\").instance(0)"}[39m
[35m[HTTP][39m [37m<-- POST /wd/hub/session/db3abcf3-3766-4047-aea2-978c620cce90/elements [39m[32m200[39m [90m36 ms - 74[39m
[35m[HTTP][39m [90m[39m
[35m[HTTP][39m [37m-->[39m [37mPOST[39m [37m/wd/hub/session/db3abcf3-3766-4047-aea2-978c620cce90/elements[39m
[35m[HTTP][39m [90m{"using":"-android uiautomator","value":"new UiSelector().className(\"android.widget.EditText\").text(\"Search location\").resourceId(\"com.safeboda.passenger:id/locationEditText\").instance(0)"}[39m
[35m[HTTP][39m [37m<-- POST /wd/hub/session/db3abcf3-3766-4047-aea2-978c620cce90/elements [39m[32m200[39m [90m41 ms - 74[39m
[35m[HTTP][39m [90m[39m
[35m[HTTP][39m [37m-->[39m [37mPOST[39m [37m/wd/hub/session/db3abcf3-3766-4047-aea2-978c620cce90/elements[39m
[35m[HTTP][39m [90m{"using":"-android uiautomator","value":"new UiSelector().className(\"android.widget.EditText\").text(\"Search location\").resourceId(\"com.safeboda.passenger:id/locationEditText\").instance(0)"}[39m
[35m[HTTP][39m [37m<-- POST /wd/hub/session/db3abcf3-3766-4047-aea2-978c620cce90/elements [39m[32m200[39m [90m45 ms - 74[39m
[35m[HTTP][39m [90m[39m
[35m[HTTP][39m [37m-->[39m [37mPOST[39m [37m/wd/hub/session/db3abcf3-3766-4047-aea2-978c620cce90/elements[39m
[35m[HTTP][39m [90m{"using":"-android uiautomator","value":"new UiSelector().className(\"android.widget.EditText\").text(\"Search location\").resourceId(\"com.safeboda.passenger:id/locationEditText\").instance(0)"}[39m
[35m[HTTP][39m [37m<-- POST /wd/hub/session/db3abcf3-3766-4047-aea2-978c620cce90/elements [39m[32m200[39m [90m41 ms - 74[39m
[35m[HTTP][39m [90m[39m
[35m[HTTP][39m [37m-->[39m [37mPOST[39m [37m/wd/hub/session/db3abcf3-3766-4047-aea2-978c620cce90/elements[39m
[35m[HTTP][39m [90m{"using":"-android uiautomator","value":"new UiSelector().className(\"android.widget.EditText\").text(\"Search location\").resourceId(\"com.safeboda.passenger:id/locationEditText\").instance(0)"}[39m
[35m[HTTP][39m [37m<-- POST /wd/hub/session/db3abcf3-3766-4047-aea2-978c620cce90/elements [39m[32m200[39m [90m49 ms - 74[39m
[35m[HTTP][39m [90m[39m
[35m[HTTP][39m [37m-->[39m [37mPOST[39m [37m/wd/hub/session/db3abcf3-3766-4047-aea2-978c620cce90/elements[39m
[35m[HTTP][39m [90m{"using":"-android uiautomator","value":"new UiSelector().className(\"android.widget.EditText\").text(\"Search location\").resourceId(\"com.safeboda.passenger:id/locationEditText\").instance(0)"}[39m
[35m[HTTP][39m [37m<-- POST /wd/hub/session/db3abcf3-3766-4047-aea2-978c620cce90/elements [39m[32m200[39m [90m44 ms - 74[39m
[35m[HTTP][39m [90m[39m
[35m[HTTP][39m [37m-->[39m [37mPOST[39m [37m/wd/hub/session/db3abcf3-3766-4047-aea2-978c620cce90/elements[39m
[35m[HTTP][39m [90m{"using":"-android uiautomator","value":"new UiSelector().className(\"android.widget.EditText\").text(\"Search location\").resourceId(\"com.safeboda.passenger:id/locationEditText\").instance(0)"}[39m
[35m[HTTP][39m [37m<-- POST /wd/hub/session/db3abcf3-3766-4047-aea2-978c620cce90/elements [39m[32m200[39m [90m80 ms - 74[39m
[35m[HTTP][39m [90m[39m
[35m[HTTP][39m [37m-->[39m [37mPOST[39m [37m/wd/hub/session/db3abcf3-3766-4047-aea2-978c620cce90/elements[39m
[35m[HTTP][39m [90m{"using":"-android uiautomator","value":"new UiSelector().className(\"android.widget.EditText\").text(\"Search location\").resourceId(\"com.safeboda.passenger:id/locationEditText\").instance(0)"}[39m
[35m[HTTP][39m [37m<-- POST /wd/hub/session/db3abcf3-3766-4047-aea2-978c620cce90/elements [39m[32m200[39m [90m123 ms - 74[39m
[35m[HTTP][39m [90m[39m
[35m[HTTP][39m [37m-->[39m [37mPOST[39m [37m/wd/hub/session/db3abcf3-3766-4047-aea2-978c620cce90/elements[39m
[35m[HTTP][39m [90m{"using":"-android uiautomator","value":"new UiSelector().className(\"android.widget.EditText\").text(\"Search location\").resourceId(\"com.safeboda.passenger:id/locationEditText\").instance(0)"}[39m
[35m[HTTP][39m [37m<-- POST /wd/hub/session/db3abcf3-3766-4047-aea2-978c620cce90/elements [39m[32m200[39m [90m48 ms - 74[39m
[35m[HTTP][39m [90m[39m
[35m[HTTP][39m [37m-->[39m [37mPOST[39m [37m/wd/hub/session/db3abcf3-3766-4047-aea2-978c620cce90/elements[39m
[35m[HTTP][39m [90m{"using":"-android uiautomator","value":"new UiSelector().className(\"android.widget.EditText\").text(\"Search location\").resourceId(\"com.safeboda.passenger:id/locationEditText\").instance(0)"}[39m
[35m[HTTP][39m [37m<-- POST /wd/hub/session/db3abcf3-3766-4047-aea2-978c620cce90/elements [39m[32m200[39m [90m44 ms - 74[39m
[35m[HTTP][39m [90m[39m
[35m[HTTP][39m [37m-->[39m [37mPOST[39m [37m/wd/hub/session/db3abcf3-3766-4047-aea2-978c620cce90/elements[39m
[35m[HTTP][39m [90m{"using":"-android uiautomator","value":"new UiSelector().className(\"android.widget.EditText\").text(\"Search location\").resourceId(\"com.safeboda.passenger:id/locationEditText\").instance(0)"}[39m
[35m[HTTP][39m [37m<-- POST /wd/hub/session/db3abcf3-3766-4047-aea2-978c620cce90/elements [39m[32m200[39m [90m45 ms - 74[39m
[35m[HTTP][39m [90m[39m
[35m[HTTP][39m [37m-->[39m [37mPOST[39m [37m/wd/hub/session/db3abcf3-3766-4047-aea2-978c620cce90/elements[39m
[35m[HTTP][39m [90m{"using":"-android uiautomator","value":"new UiSelector().className(\"android.widget.EditText\").text(\"Search location\").resourceId(\"com.safeboda.passenger:id/locationEditText\").instance(0)"}[39m
[35m[HTTP][39m [37m<-- POST /wd/hub/session/db3abcf3-3766-4047-aea2-978c620cce90/elements [39m[32m200[39m [90m60 ms - 74[39m
[35m[HTTP][39m [90m[39m
[35m[HTTP][39m [37m-->[39m [37mPOST[39m [37m/wd/hub/session/db3abcf3-3766-4047-aea2-978c620cce90/elements[39m
[35m[HTTP][39m [90m{"using":"-android uiautomator","value":"new UiSelector().className(\"android.widget.EditText\").text(\"Search location\").resourceId(\"com.safeboda.passenger:id/locationEditText\").instance(0)"}[39m
[35m[HTTP][39m [37m<-- POST /wd/hub/session/db3abcf3-3766-4047-aea2-978c620cce90/elements [39m[32m200[39m [90m61 ms - 74[39m
[35m[HTTP][39m [90m[39m
[35m[HTTP][39m [37m-->[39m [37mPOST[39m [37m/wd/hub/session/db3abcf3-3766-4047-aea2-978c620cce90/elements[39m
[35m[HTTP][39m [90m{"using":"-android uiautomator","value":"new UiSelector().className(\"android.widget.EditText\").text(\"Search location\").resourceId(\"com.safeboda.passenger:id/locationEditText\").instance(0)"}[39m
[35m[HTTP][39m [37m<-- POST /wd/hub/session/db3abcf3-3766-4047-aea2-978c620cce90/elements [39m[32m200[39m [90m43 ms - 74[39m
[35m[HTTP][39m [90m[39m
[35m[HTTP][39m [37m-->[39m [37mPOST[39m [37m/wd/hub/session/db3abcf3-3766-4047-aea2-978c620cce90/elements[39m
[35m[HTTP][39m [90m{"using":"-android uiautomator","value":"new UiSelector().className(\"android.widget.EditText\").text(\"Search location\").resourceId(\"com.safeboda.passenger:id/locationEditText\").instance(0)"}[39m
[35m[HTTP][39m [37m<-- POST /wd/hub/session/db3abcf3-3766-4047-aea2-978c620cce90/elements [39m[32m200[39m [90m45 ms - 74[39m
[35m[HTTP][39m [90m[39m
[35m[HTTP][39m [37m-->[39m [37mPOST[39m [37m/wd/hub/session/db3abcf3-3766-4047-aea2-978c620cce90/elements[39m
[35m[HTTP][39m [90m{"using":"-android uiautomator","value":"new UiSelector().className(\"android.widget.EditText\").text(\"Search location\").resourceId(\"com.safeboda.passenger:id/locationEditText\").instance(0)"}[39m
[35m[HTTP][39m [37m<-- POST /wd/hub/session/db3abcf3-3766-4047-aea2-978c620cce90/elements [39m[32m200[39m [90m67 ms - 74[39m
[35m[HTTP][39m [90m[39m
[35m[HTTP][39m [37m-->[39m [37mPOST[39m [37m/wd/hub/session/db3abcf3-3766-4047-aea2-978c620cce90/elements[39m
[35m[HTTP][39m [90m{"using":"-android uiautomator","value":"new UiSelector().className(\"android.widget.EditText\").text(\"Search location\").resourceId(\"com.safeboda.passenger:id/locationEditText\").instance(0)"}[39m
[35m[HTTP][39m [37m<-- POST /wd/hub/session/db3abcf3-3766-4047-aea2-978c620cce90/elements [39m[32m200[39m [90m42 ms - 74[39m
[35m[HTTP][39m [90m[39m
[35m[HTTP][39m [37m-->[39m [37mPOST[39m [37m/wd/hub/session/db3abcf3-3766-4047-aea2-978c620cce90/elements[39m
[35m[HTTP][39m [90m{"using":"-android uiautomator","value":"new UiSelector().className(\"android.widget.EditText\").text(\"Search location\").resourceId(\"com.safeboda.passenger:id/locationEditText\").instance(0)"}[39m
[35m[HTTP][39m [37m<-- POST /wd/hub/session/db3abcf3-3766-4047-aea2-978c620cce90/elements [39m[32m200[39m [90m43 ms - 74[39m
[35m[HTTP][39m [90m[39m
[35m[HTTP][39m [37m-->[39m [37mPOST[39m [37m/wd/hub/session/db3abcf3-3766-4047-aea2-978c620cce90/elements[39m
[35m[HTTP][39m [90m{"using":"-android uiautomator","value":"new UiSelector().className(\"android.widget.EditText\").text(\"Search location\").resourceId(\"com.safeboda.passenger:id/locationEditText\").instance(0)"}[39m
[35m[HTTP][39m [37m<-- POST /wd/hub/session/db3abcf3-3766-4047-aea2-978c620cce90/elements [39m[32m200[39m [90m44 ms - 74[39m
[35m[HTTP][39m [90m[39m
[35m[HTTP][39m [37m-->[39m [37mPOST[39m [37m/wd/hub/session/db3abcf3-3766-4047-aea2-978c620cce90/elements[39m
[35m[HTTP][39m [90m{"using":"-android uiautomator","value":"new UiSelector().className(\"android.widget.EditText\").text(\"Search location\").resourceId(\"com.safeboda.passenger:id/locationEditText\").instance(0)"}[39m
[35m[HTTP][39m [37m<-- POST /wd/hub/session/db3abcf3-3766-4047-aea2-978c620cce90/elements [39m[32m200[39m [90m44 ms - 74[39m
[35m[HTTP][39m [90m[39m
[35m[HTTP][39m [37m-->[39m [37mPOST[39m [37m/wd/hub/session/db3abcf3-3766-4047-aea2-978c620cce90/elements[39m
[35m[HTTP][39m [90m{"using":"-android uiautomator","value":"new UiSelector().className(\"android.widget.EditText\").text(\"Search location\").resourceId(\"com.safeboda.passenger:id/locationEditText\").instance(0)"}[39m
[35m[HTTP][39m [37m<-- POST /wd/hub/session/db3abcf3-3766-4047-aea2-978c620cce90/elements [39m[32m200[39m [90m59 ms - 74[39m
[35m[HTTP][39m [90m[39m
[35m[HTTP][39m [37m-->[39m [37mPOST[39m [37m/wd/hub/session/db3abcf3-3766-4047-aea2-978c620cce90/elements[39m
[35m[HTTP][39m [90m{"using":"-android uiautomator","value":"new UiSelector().className(\"android.widget.EditText\").text(\"Search location\").resourceId(\"com.safeboda.passenger:id/locationEditText\").instance(0)"}[39m
[35m[HTTP][39m [37m<-- POST /wd/hub/session/db3abcf3-3766-4047-aea2-978c620cce90/elements [39m[32m200[39m [90m48 ms - 74[39m
[35m[HTTP][39m [90m[39m
[35m[HTTP][39m [37m-->[39m [37mPOST[39m [37m/wd/hub/session/db3abcf3-3766-4047-aea2-978c620cce90/elements[39m
[35m[HTTP][39m [90m{"using":"-android uiautomator","value":"new UiSelector().className(\"android.widget.EditText\").text(\"Search location\").resourceId(\"com.safeboda.passenger:id/locationEditText\").instance(0)"}[39m
[35m[HTTP][39m [37m<-- POST /wd/hub/session/db3abcf3-3766-4047-aea2-978c620cce90/elements [39m[32m200[39m [90m82 ms - 74[39m
[35m[HTTP][39m [90m[39m
[35m[HTTP][39m [37m-->[39m [37mPOST[39m [37m/wd/hub/session/db3abcf3-3766-4047-aea2-978c620cce90/elements[39m
[35m[HTTP][39m [90m{"using":"-android uiautomator","value":"new UiSelector().className(\"android.widget.EditText\").text(\"Search location\").resourceId(\"com.safeboda.passenger:id/locationEditText\").instance(0)"}[39m
[35m[HTTP][39m [37m<-- POST /wd/hub/session/db3abcf3-3766-4047-aea2-978c620cce90/elements [39m[32m200[39m [90m174 ms - 74[39m
[35m[HTTP][39m [90m[39m
[35m[HTTP][39m [37m-->[39m [37mPOST[39m [37m/wd/hub/session/db3abcf3-3766-4047-aea2-978c620cce90/elements[39m
[35m[HTTP][39m [90m{"using":"-android uiautomator","value":"new UiSelector().className(\"android.widget.EditText\").text(\"Search location\").resourceId(\"com.safeboda.passenger:id/locationEditText\").instance(0)"}[39m
[35m[HTTP][39m [37m<-- POST /wd/hub/session/db3abcf3-3766-4047-aea2-978c620cce90/elements [39m[32m200[39m [90m163 ms - 74[39m
[35m[HTTP][39m [90m[39m
[35m[HTTP][39m [37m-->[39m [37mPOST[39m [37m/wd/hub/session/db3abcf3-3766-4047-aea2-978c620cce90/elements[39m
[35m[HTTP][39m [90m{"using":"-android uiautomator","value":"new UiSelector().className(\"android.widget.EditText\").text(\"Search location\").resourceId(\"com.safeboda.passenger:id/locationEditText\").instance(0)"}[39m
[35m[HTTP][39m [37m<-- POST /wd/hub/session/db3abcf3-3766-4047-aea2-978c620cce90/elements [39m[32m200[39m [90m166 ms - 74[39m
[35m[HTTP][39m [90m[39m
[35m[HTTP][39m [37m-->[39m [37mPOST[39m [37m/wd/hub/session/db3abcf3-3766-4047-aea2-978c620cce90/elements[39m
[35m[HTTP][39m [90m{"using":"-android uiautomator","value":"new UiSelector().className(\"android.widget.EditText\").text(\"Search location\").resourceId(\"com.safeboda.passenger:id/locationEditText\").instance(0)"}[39m
[35m[HTTP][39m [37m<-- POST /wd/hub/session/db3abcf3-3766-4047-aea2-978c620cce90/elements [39m[32m200[39m [90m857 ms - 124[39m
[35m[HTTP][39m [90m[39m
[35m[HTTP][39m [37m-->[39m [37mGET[39m [37m/wd/hub/session/db3abcf3-3766-4047-aea2-978c620cce90[39m
[35m[HTTP][39m [90m{}[39m
[35m[HTTP][39m [37m<-- GET /wd/hub/session/db3abcf3-3766-4047-aea2-978c620cce90 [39m[32m200[39m [90m24 ms - 1200[39m
[35m[HTTP][39m [90m[39m
[35m[HTTP][39m [37m-->[39m [37mGET[39m [37m/wd/hub/session/db3abcf3-3766-4047-aea2-978c620cce90[39m
[35m[HTTP][39m [90m{}[39m
[35m[HTTP][39m [37m<-- GET /wd/hub/session/db3abcf3-3766-4047-aea2-978c620cce90 [39m[32m200[39m [90m41 ms - 1200[39m
[35m[HTTP][39m [90m[39m
[35m[HTTP][39m [37m-->[39m [37mGET[39m [37m/wd/hub/session/db3abcf3-3766-4047-aea2-978c620cce90[39m
[35m[HTTP][39m [90m{}[39m
[35m[HTTP][39m [37m<-- GET /wd/hub/session/db3abcf3-3766-4047-aea2-978c620cce90 [39m[32m200[39m [90m43 ms - 1200[39m
[35m[HTTP][39m [90m[39m
[35m[HTTP][39m [37m-->[39m [37mGET[39m [37m/wd/hub/session/db3abcf3-3766-4047-aea2-978c620cce90[39m
[35m[HTTP][39m [90m{}[39m
[35m[HTTP][39m [37m<-- GET /wd/hub/session/db3abcf3-3766-4047-aea2-978c620cce90 [39m[32m200[39m [90m25 ms - 1200[39m
[35m[HTTP][39m [90m[39m
[35m[HTTP][39m [37m-->[39m [37mGET[39m [37m/wd/hub/session/db3abcf3-3766-4047-aea2-978c620cce90/element/c8a7b1b1-17dc-4311-885b-3f06d9611720/location[39m
[35m[HTTP][39m [90m{}[39m
[35m[W3C][39m Driver proxy active, passing request on via HTTP proxy
[35m[JSONWP Proxy][39m Replacing sessionId a27cf535-b2bd-48cb-a870-0d117dac0a9e with db3abcf3-3766-4047-aea2-978c620cce90
[35m[HTTP][39m [37m<-- GET /wd/hub/session/db3abcf3-3766-4047-aea2-978c620cce90/element/c8a7b1b1-17dc-4311-885b-3f06d9611720/location [39m[32m200[39m [90m46 ms - 89[39m
[35m[HTTP][39m [90m[39m
[35m[HTTP][39m [37m-->[39m [37mPOST[39m [37m/wd/hub/session/db3abcf3-3766-4047-aea2-978c620cce90/touch/perform[39m
[35m[HTTP][39m [90m{"actions":[{"action":"tap","options":{"element":"c8a7b1b1-17dc-4311-885b-3f06d9611720","x":1,"y":1}}]}[39m
[35m[UiAutomator2][39m calling get location: c8a7b1b1-17dc-4311-885b-3f06d9611720
[35m[HTTP][39m [37m<-- POST /wd/hub/session/db3abcf3-3766-4047-aea2-978c620cce90/touch/perform [39m[32m200[39m [90m1267 ms - 76[39m
[35m[HTTP][39m [90m[39m
[35m[HTTP][39m [37m-->[39m [37mGET[39m [37m/wd/hub/session/db3abcf3-3766-4047-aea2-978c620cce90/window/current/size[39m
[35m[HTTP][39m [90m{}[39m
[35m[W3C][39m Driver proxy active, passing request on via HTTP proxy
[35m[JSONWP Proxy][39m Replacing sessionId a27cf535-b2bd-48cb-a870-0d117dac0a9e with db3abcf3-3766-4047-aea2-978c620cce90
[35m[HTTP][39m [37m<-- GET /wd/hub/session/db3abcf3-3766-4047-aea2-978c620cce90/window/current/size [39m[32m200[39m [90m105 ms - 100[39m
[35m[HTTP][39m [90m[39m
[35m[HTTP][39m [37m-->[39m [37mPOST[39m [37m/wd/hub/session/db3abcf3-3766-4047-aea2-978c620cce90/elements[39m
[35m[HTTP][39m [90m{"using":"-android uiautomator","value":"new UiSelector().className(\"android.widget.EditText\").text(\"Search location\").resourceId(\"com.safeboda.passenger:id/locationEditText\").instance(0)"}[39m
[35m[HTTP][39m [37m<-- POST /wd/hub/session/db3abcf3-3766-4047-aea2-978c620cce90/elements [39m[32m200[39m [90m273 ms - 124[39m
[35m[HTTP][39m [90m[39m
[35m[HTTP][39m [37m-->[39m [37mGET[39m [37m/wd/hub/session/db3abcf3-3766-4047-aea2-978c620cce90[39m
[35m[HTTP][39m [90m{}[39m
[35m[HTTP][39m [37m<-- GET /wd/hub/session/db3abcf3-3766-4047-aea2-978c620cce90 [39m[32m200[39m [90m133 ms - 1200[39m
[35m[HTTP][39m [90m[39m
[35m[HTTP][39m [37m-->[39m [37mGET[39m [37m/wd/hub/session/db3abcf3-3766-4047-aea2-978c620cce90[39m
[35m[HTTP][39m [90m{}[39m
[35m[HTTP][39m [37m<-- GET /wd/hub/session/db3abcf3-3766-4047-aea2-978c620cce90 [39m[32m200[39m [90m151 ms - 1200[39m
[35m[HTTP][39m [90m[39m
[35m[HTTP][39m [37m-->[39m [37mGET[39m [37m/wd/hub/session/db3abcf3-3766-4047-aea2-978c620cce90[39m
[35m[HTTP][39m [90m{}[39m
[35m[HTTP][39m [37m<-- GET /wd/hub/session/db3abcf3-3766-4047-aea2-978c620cce90 [39m[32m200[39m [90m184 ms - 1200[39m
[35m[HTTP][39m [90m[39m
[35m[HTTP][39m [37m-->[39m [37mGET[39m [37m/wd/hub/session/db3abcf3-3766-4047-aea2-978c620cce90[39m
[35m[HTTP][39m [90m{}[39m
[35m[HTTP][39m [37m<-- GET /wd/hub/session/db3abcf3-3766-4047-aea2-978c620cce90 [39m[32m200[39m [90m185 ms - 1200[39m
[35m[HTTP][39m [90m[39m
[35m[HTTP][39m [37m-->[39m [37mGET[39m [37m/wd/hub/session/db3abcf3-3766-4047-aea2-978c620cce90/element/9216ded4-fb5d-450f-87c6-037eb052b6a1/location[39m
[35m[HTTP][39m [90m{}[39m
[35m[W3C][39m Driver proxy active, passing request on via HTTP proxy
[35m[JSONWP Proxy][39m Replacing sessionId a27cf535-b2bd-48cb-a870-0d117dac0a9e with db3abcf3-3766-4047-aea2-978c620cce90
[35m[HTTP][39m [37m<-- GET /wd/hub/session/db3abcf3-3766-4047-aea2-978c620cce90/element/9216ded4-fb5d-450f-87c6-037eb052b6a1/location [39m[32m200[39m [90m71 ms - 89[39m
[35m[HTTP][39m [90m[39m
[35m[HTTP][39m [37m-->[39m [37mPOST[39m [37m/wd/hub/session/db3abcf3-3766-4047-aea2-978c620cce90/touch/perform[39m
[35m[HTTP][39m [90m{"actions":[{"action":"tap","options":{"element":"9216ded4-fb5d-450f-87c6-037eb052b6a1","x":1,"y":1}}]}[39m
[35m[UiAutomator2][39m calling get location: 9216ded4-fb5d-450f-87c6-037eb052b6a1
[35m[HTTP][39m [37m<-- POST /wd/hub/session/db3abcf3-3766-4047-aea2-978c620cce90/touch/perform [39m[32m200[39m [90m3216 ms - 76[39m
[35m[HTTP][39m [90m[39m
[35m[HTTP][39m [37m-->[39m [37mGET[39m [37m/wd/hub/session/db3abcf3-3766-4047-aea2-978c620cce90/window/current/size[39m
[35m[HTTP][39m [90m{}[39m
[35m[W3C][39m Driver proxy active, passing request on via HTTP proxy
[35m[JSONWP Proxy][39m Replacing sessionId a27cf535-b2bd-48cb-a870-0d117dac0a9e with db3abcf3-3766-4047-aea2-978c620cce90
[35m[HTTP][39m [37m<-- GET /wd/hub/session/db3abcf3-3766-4047-aea2-978c620cce90/window/current/size [39m[32m200[39m [90m53 ms - 100[39m
[35m[HTTP][39m [90m[39m
[35m[HTTP][39m [37m-->[39m [37mPOST[39m [37m/wd/hub/session/db3abcf3-3766-4047-aea2-978c620cce90/elements[39m
[35m[HTTP][39m [90m{"using":"-android uiautomator","value":"new UiSelector().className(\"android.widget.EditText\").text(\"Search location\").resourceId(\"com.safeboda.passenger:id/locationEditText\").instance(0)"}[39m
[35m[HTTP][39m [37m<-- POST /wd/hub/session/db3abcf3-3766-4047-aea2-978c620cce90/elements [39m[32m200[39m [90m104 ms - 124[39m
[35m[HTTP][39m [90m[39m
[35m[HTTP][39m [37m-->[39m [37mGET[39m [37m/wd/hub/session/db3abcf3-3766-4047-aea2-978c620cce90[39m
[35m[HTTP][39m [90m{}[39m
[35m[HTTP][39m [37m<-- GET /wd/hub/session/db3abcf3-3766-4047-aea2-978c620cce90 [39m[32m200[39m [90m33 ms - 1200[39m
[35m[HTTP][39m [90m[39m
[35m[HTTP][39m [37m-->[39m [37mGET[39m [37m/wd/hub/session/db3abcf3-3766-4047-aea2-978c620cce90[39m
[35m[HTTP][39m [90m{}[39m
[35m[HTTP][39m [37m<-- GET /wd/hub/session/db3abcf3-3766-4047-aea2-978c620cce90 [39m[32m200[39m [90m24 ms - 1200[39m
[35m[HTTP][39m [90m[39m
[35m[HTTP][39m [37m-->[39m [37mGET[39m [37m/wd/hub/session/db3abcf3-3766-4047-aea2-978c620cce90[39m
[35m[HTTP][39m [90m{}[39m
[35m[HTTP][39m [37m<-- GET /wd/hub/session/db3abcf3-3766-4047-aea2-978c620cce90 [39m[32m200[39m [90m14 ms - 1200[39m
[35m[HTTP][39m [90m[39m
[35m[HTTP][39m [37m-->[39m [37mGET[39m [37m/wd/hub/session/db3abcf3-3766-4047-aea2-978c620cce90[39m
[35m[HTTP][39m [90m{}[39m
[35m[HTTP][39m [37m<-- GET /wd/hub/session/db3abcf3-3766-4047-aea2-978c620cce90 [39m[32m200[39m [90m18 ms - 1200[39m
[35m[HTTP][39m [90m[39m
[35m[HTTP][39m [37m-->[39m [37mGET[39m [37m/wd/hub/session/db3abcf3-3766-4047-aea2-978c620cce90/element/e99a345c-9613-4ed6-afcb-ae02fd510da7/location[39m
[35m[HTTP][39m [90m{}[39m
[35m[W3C][39m Driver proxy active, passing request on via HTTP proxy
[35m[JSONWP Proxy][39m Replacing sessionId a27cf535-b2bd-48cb-a870-0d117dac0a9e with db3abcf3-3766-4047-aea2-978c620cce90
[35m[HTTP][39m [37m<-- GET /wd/hub/session/db3abcf3-3766-4047-aea2-978c620cce90/element/e99a345c-9613-4ed6-afcb-ae02fd510da7/location [39m[32m200[39m [90m61 ms - 89[39m
[35m[HTTP][39m [90m[39m
[35m[HTTP][39m [37m-->[39m [37mPOST[39m [37m/wd/hub/session/db3abcf3-3766-4047-aea2-978c620cce90/element/e99a345c-9613-4ed6-afcb-ae02fd510da7/value[39m
[35m[HTTP][39m [90m{"id":"e99a345c-9613-4ed6-afcb-ae02fd510da7","value":["Sheraton Kampala Hotel"]}[39m
[35m[HTTP][39m [37m<-- POST /wd/hub/session/db3abcf3-3766-4047-aea2-978c620cce90/element/e99a345c-9613-4ed6-afcb-ae02fd510da7/value [39m[32m200[39m [90m1011 ms - 74[39m
[35m[HTTP][39m [90m[39m
[35m[HTTP][39m [37m-->[39m [37mGET[39m [37m/wd/hub/session/db3abcf3-3766-4047-aea2-978c620cce90/window/current/size[39m
[35m[HTTP][39m [90m{}[39m
[35m[W3C][39m Driver proxy active, passing request on via HTTP proxy
[35m[JSONWP Proxy][39m Replacing sessionId a27cf535-b2bd-48cb-a870-0d117dac0a9e with db3abcf3-3766-4047-aea2-978c620cce90
[35m[HTTP][39m [37m<-- GET /wd/hub/session/db3abcf3-3766-4047-aea2-978c620cce90/window/current/size [39m[32m200[39m [90m76 ms - 100[39m
[35m[HTTP][39m [90m[39m
[35m[HTTP][39m [37m-->[39m [37mPOST[39m [37m/wd/hub/session/db3abcf3-3766-4047-aea2-978c620cce90/elements[39m
[35m[HTTP][39m [90m{"using":"-android uiautomator","value":"new UiSelector().className(\"android.view.ViewGroup\").instance(5)"}[39m
[35m[HTTP][39m [37m<-- POST /wd/hub/session/db3abcf3-3766-4047-aea2-978c620cce90/elements [39m[32m200[39m [90m1798 ms - 124[39m
[35m[HTTP][39m [90m[39m
[35m[HTTP][39m [37m-->[39m [37mGET[39m [37m/wd/hub/session/db3abcf3-3766-4047-aea2-978c620cce90[39m
[35m[HTTP][39m [90m{}[39m
[35m[HTTP][39m [37m<-- GET /wd/hub/session/db3abcf3-3766-4047-aea2-978c620cce90 [39m[32m200[39m [90m39 ms - 1200[39m
[35m[HTTP][39m [90m[39m
[35m[HTTP][39m [37m-->[39m [37mGET[39m [37m/wd/hub/session/db3abcf3-3766-4047-aea2-978c620cce90[39m
[35m[HTTP][39m [90m{}[39m
[35m[HTTP][39m [37m<-- GET /wd/hub/session/db3abcf3-3766-4047-aea2-978c620cce90 [39m[32m200[39m [90m40 ms - 1200[39m
[35m[HTTP][39m [90m[39m
[35m[HTTP][39m [37m-->[39m [37mGET[39m [37m/wd/hub/session/db3abcf3-3766-4047-aea2-978c620cce90[39m
[35m[HTTP][39m [90m{}[39m
[35m[HTTP][39m [37m<-- GET /wd/hub/session/db3abcf3-3766-4047-aea2-978c620cce90 [39m[32m200[39m [90m34 ms - 1200[39m
[35m[HTTP][39m [90m[39m
[35m[HTTP][39m [37m-->[39m [37mGET[39m [37m/wd/hub/session/db3abcf3-3766-4047-aea2-978c620cce90[39m
[35m[HTTP][39m [90m{}[39m
[35m[HTTP][39m [37m<-- GET /wd/hub/session/db3abcf3-3766-4047-aea2-978c620cce90 [39m[32m200[39m [90m20 ms - 1200[39m
[35m[HTTP][39m [90m[39m
[35m[HTTP][39m [37m-->[39m [37mGET[39m [37m/wd/hub/session/db3abcf3-3766-4047-aea2-978c620cce90/element/0a4410f6-a814-4d1f-bdf2-62746f67b9c4/location[39m
[35m[HTTP][39m [90m{}[39m
[35m[W3C][39m Driver proxy active, passing request on via HTTP proxy
[35m[JSONWP Proxy][39m Replacing sessionId a27cf535-b2bd-48cb-a870-0d117dac0a9e with db3abcf3-3766-4047-aea2-978c620cce90
[35m[HTTP][39m [37m<-- GET /wd/hub/session/db3abcf3-3766-4047-aea2-978c620cce90/element/0a4410f6-a814-4d1f-bdf2-62746f67b9c4/location [39m[32m200[39m [90m39 ms - 88[39m
[35m[HTTP][39m [90m[39m
[35m[HTTP][39m [37m-->[39m [37mPOST[39m [37m/wd/hub/session/db3abcf3-3766-4047-aea2-978c620cce90/touch/perform[39m
[35m[HTTP][39m [90m{"actions":[{"action":"tap","options":{"element":"0a4410f6-a814-4d1f-bdf2-62746f67b9c4","x":1,"y":1}}]}[39m
[35m[UiAutomator2][39m calling get location: 0a4410f6-a814-4d1f-bdf2-62746f67b9c4
[35m[HTTP][39m [37m<-- POST /wd/hub/session/db3abcf3-3766-4047-aea2-978c620cce90/touch/perform [39m[32m200[39m [90m1314 ms - 76[39m
[35m[HTTP][39m [90m[39m
[35m[HTTP][39m [37m-->[39m [37mGET[39m [37m/wd/hub/session/db3abcf3-3766-4047-aea2-978c620cce90/window/current/size[39m
[35m[HTTP][39m [90m{}[39m
[35m[W3C][39m Driver proxy active, passing request on via HTTP proxy
[35m[JSONWP Proxy][39m Replacing sessionId a27cf535-b2bd-48cb-a870-0d117dac0a9e with db3abcf3-3766-4047-aea2-978c620cce90
[35m[HTTP][39m [37m<-- GET /wd/hub/session/db3abcf3-3766-4047-aea2-978c620cce90/window/current/size [39m[32m200[39m [90m68 ms - 100[39m
[35m[HTTP][39m [90m[39m
[35m[HTTP][39m [37m-->[39m [37mPOST[39m [37m/wd/hub/session/db3abcf3-3766-4047-aea2-978c620cce90/elements[39m
[35m[HTTP][39m [90m{"using":"-android uiautomator","value":"new UiSelector().className(\"android.widget.ImageView\").resourceId(\"com.safeboda.passenger:id/searchImageView\").instance(1)"}[39m
[35m[HTTP][39m [37m<-- POST /wd/hub/session/db3abcf3-3766-4047-aea2-978c620cce90/elements [39m[32m200[39m [90m74 ms - 74[39m
[35m[HTTP][39m [90m[39m
[35m[HTTP][39m [37m-->[39m [37mPOST[39m [37m/wd/hub/session/db3abcf3-3766-4047-aea2-978c620cce90/elements[39m
[35m[HTTP][39m [90m{"using":"-android uiautomator","value":"new UiSelector().className(\"android.widget.ImageView\").resourceId(\"com.safeboda.passenger:id/searchImageView\").instance(1)"}[39m
[35m[HTTP][39m [37m<-- POST /wd/hub/session/db3abcf3-3766-4047-aea2-978c620cce90/elements [39m[32m200[39m [90m87 ms - 74[39m
[35m[HTTP][39m [90m[39m
[35m[HTTP][39m [37m-->[39m [37mPOST[39m [37m/wd/hub/session/db3abcf3-3766-4047-aea2-978c620cce90/elements[39m
[35m[HTTP][39m [90m{"using":"-android uiautomator","value":"new UiSelector().className(\"android.widget.ImageView\").resourceId(\"com.safeboda.passenger:id/searchImageView\").instance(1)"}[39m
[35m[HTTP][39m [37m<-- POST /wd/hub/session/db3abcf3-3766-4047-aea2-978c620cce90/elements [39m[32m200[39m [90m3945 ms - 124[39m
[35m[HTTP][39m [90m[39m
[35m[HTTP][39m [37m-->[39m [37mGET[39m [37m/wd/hub/session/db3abcf3-3766-4047-aea2-978c620cce90[39m
[35m[HTTP][39m [90m{}[39m
[35m[HTTP][39m [37m<-- GET /wd/hub/session/db3abcf3-3766-4047-aea2-978c620cce90 [39m[32m200[39m [90m32 ms - 1200[39m
[35m[HTTP][39m [90m[39m
[35m[HTTP][39m [37m-->[39m [37mGET[39m [37m/wd/hub/session/db3abcf3-3766-4047-aea2-978c620cce90[39m
[35m[HTTP][39m [90m{}[39m
[35m[HTTP][39m [37m<-- GET /wd/hub/session/db3abcf3-3766-4047-aea2-978c620cce90 [39m[32m200[39m [90m24 ms - 1200[39m
[35m[HTTP][39m [90m[39m
[35m[HTTP][39m [37m-->[39m [37mGET[39m [37m/wd/hub/session/db3abcf3-3766-4047-aea2-978c620cce90[39m
[35m[HTTP][39m [90m{}[39m
[35m[HTTP][39m [37m<-- GET /wd/hub/session/db3abcf3-3766-4047-aea2-978c620cce90 [39m[32m200[39m [90m19 ms - 1200[39m
[35m[HTTP][39m [90m[39m
[35m[HTTP][39m [37m-->[39m [37mGET[39m [37m/wd/hub/session/db3abcf3-3766-4047-aea2-978c620cce90[39m
[35m[HTTP][39m [90m{}[39m
[35m[HTTP][39m [37m<-- GET /wd/hub/session/db3abcf3-3766-4047-aea2-978c620cce90 [39m[32m200[39m [90m15 ms - 1200[39m
[35m[HTTP][39m [90m[39m
[35m[HTTP][39m [37m-->[39m [37mGET[39m [37m/wd/hub/session/db3abcf3-3766-4047-aea2-978c620cce90/element/83882ebf-0644-4ebd-8929-c637a3caffec/location[39m
[35m[HTTP][39m [90m{}[39m
[35m[W3C][39m Driver proxy active, passing request on via HTTP proxy
[35m[JSONWP Proxy][39m Replacing sessionId a27cf535-b2bd-48cb-a870-0d117dac0a9e with db3abcf3-3766-4047-aea2-978c620cce90
[35m[HTTP][39m [37m<-- GET /wd/hub/session/db3abcf3-3766-4047-aea2-978c620cce90/element/83882ebf-0644-4ebd-8929-c637a3caffec/location [39m[32m200[39m [90m47 ms - 89[39m
[35m[HTTP][39m [90m[39m
[35m[HTTP][39m [37m-->[39m [37mPOST[39m [37m/wd/hub/session/db3abcf3-3766-4047-aea2-978c620cce90/touch/perform[39m
[35m[HTTP][39m [90m{"actions":[{"action":"tap","options":{"element":"83882ebf-0644-4ebd-8929-c637a3caffec","x":1,"y":1}}]}[39m
[35m[UiAutomator2][39m calling get location: 83882ebf-0644-4ebd-8929-c637a3caffec
[35m[HTTP][39m [37m<-- POST /wd/hub/session/db3abcf3-3766-4047-aea2-978c620cce90/touch/perform [39m[32m200[39m [90m858 ms - 76[39m
[35m[HTTP][39m [90m[39m
[35m[HTTP][39m [37m-->[39m [37mGET[39m [37m/wd/hub/session/db3abcf3-3766-4047-aea2-978c620cce90/window/current/size[39m
[35m[HTTP][39m [90m{}[39m
[35m[W3C][39m Driver proxy active, passing request on via HTTP proxy
[35m[JSONWP Proxy][39m Replacing sessionId a27cf535-b2bd-48cb-a870-0d117dac0a9e with db3abcf3-3766-4047-aea2-978c620cce90
[35m[HTTP][39m [37m<-- GET /wd/hub/session/db3abcf3-3766-4047-aea2-978c620cce90/window/current/size [39m[32m200[39m [90m32 ms - 100[39m
[35m[HTTP][39m [90m[39m
[35m[HTTP][39m [37m-->[39m [37mPOST[39m [37m/wd/hub/session/db3abcf3-3766-4047-aea2-978c620cce90/elements[39m
[35m[HTTP][39m [90m{"using":"-android uiautomator","value":"new UiSelector().className(\"android.widget.EditText\").text(\"Search location\").resourceId(\"com.safeboda.passenger:id/locationEditText\").instance(0)"}[39m
[35m[HTTP][39m [37m<-- POST /wd/hub/session/db3abcf3-3766-4047-aea2-978c620cce90/elements [39m[32m200[39m [90m160 ms - 124[39m
[35m[HTTP][39m [90m[39m
[35m[HTTP][39m [37m-->[39m [37mGET[39m [37m/wd/hub/session/db3abcf3-3766-4047-aea2-978c620cce90[39m
[35m[HTTP][39m [90m{}[39m
[35m[HTTP][39m [37m<-- GET /wd/hub/session/db3abcf3-3766-4047-aea2-978c620cce90 [39m[32m200[39m [90m16 ms - 1200[39m
[35m[HTTP][39m [90m[39m
[35m[HTTP][39m [37m-->[39m [37mGET[39m [37m/wd/hub/session/db3abcf3-3766-4047-aea2-978c620cce90[39m
[35m[HTTP][39m [90m{}[39m
[35m[HTTP][39m [37m<-- GET /wd/hub/session/db3abcf3-3766-4047-aea2-978c620cce90 [39m[32m200[39m [90m19 ms - 1200[39m
[35m[HTTP][39m [90m[39m
[35m[HTTP][39m [37m-->[39m [37mGET[39m [37m/wd/hub/session/db3abcf3-3766-4047-aea2-978c620cce90[39m
[35m[HTTP][39m [90m{}[39m
[35m[HTTP][39m [37m<-- GET /wd/hub/session/db3abcf3-3766-4047-aea2-978c620cce90 [39m[32m200[39m [90m19 ms - 1200[39m
[35m[HTTP][39m [90m[39m
[35m[HTTP][39m [37m-->[39m [37mGET[39m [37m/wd/hub/session/db3abcf3-3766-4047-aea2-978c620cce90[39m
[35m[HTTP][39m [90m{}[39m
[35m[HTTP][39m [37m<-- GET /wd/hub/session/db3abcf3-3766-4047-aea2-978c620cce90 [39m[32m200[39m [90m33 ms - 1200[39m
[35m[HTTP][39m [90m[39m
[35m[HTTP][39m [37m-->[39m [37mGET[39m [37m/wd/hub/session/db3abcf3-3766-4047-aea2-978c620cce90/element/99fa0717-31ed-4f9c-97dd-017d8dd4b8fb/location[39m
[35m[HTTP][39m [90m{}[39m
[35m[W3C][39m Driver proxy active, passing request on via HTTP proxy
[35m[JSONWP Proxy][39m Replacing sessionId a27cf535-b2bd-48cb-a870-0d117dac0a9e with db3abcf3-3766-4047-aea2-978c620cce90
[35m[HTTP][39m [37m<-- GET /wd/hub/session/db3abcf3-3766-4047-aea2-978c620cce90/element/99fa0717-31ed-4f9c-97dd-017d8dd4b8fb/location [39m[32m200[39m [90m36 ms - 89[39m
[35m[HTTP][39m [90m[39m
[35m[HTTP][39m [37m-->[39m [37mPOST[39m [37m/wd/hub/session/db3abcf3-3766-4047-aea2-978c620cce90/touch/perform[39m
[35m[HTTP][39m [90m{"actions":[{"action":"tap","options":{"element":"99fa0717-31ed-4f9c-97dd-017d8dd4b8fb","x":1,"y":1}}]}[39m
[35m[UiAutomator2][39m calling get location: 99fa0717-31ed-4f9c-97dd-017d8dd4b8fb
[35m[HTTP][39m [37m<-- POST /wd/hub/session/db3abcf3-3766-4047-aea2-978c620cce90/touch/perform [39m[32m200[39m [90m1383 ms - 76[39m
[35m[HTTP][39m [90m[39m
[35m[HTTP][39m [37m-->[39m [37mGET[39m [37m/wd/hub/session/db3abcf3-3766-4047-aea2-978c620cce90/window/current/size[39m
[35m[HTTP][39m [90m{}[39m
[35m[W3C][39m Driver proxy active, passing request on via HTTP proxy
[35m[JSONWP Proxy][39m Replacing sessionId a27cf535-b2bd-48cb-a870-0d117dac0a9e with db3abcf3-3766-4047-aea2-978c620cce90
[35m[HTTP][39m [37m<-- GET /wd/hub/session/db3abcf3-3766-4047-aea2-978c620cce90/window/current/size [39m[32m200[39m [90m127 ms - 100[39m
[35m[HTTP][39m [90m[39m
[35m[HTTP][39m [37m-->[39m [37mPOST[39m [37m/wd/hub/session/db3abcf3-3766-4047-aea2-978c620cce90/elements[39m
[35m[HTTP][39m [90m{"using":"-android uiautomator","value":"new UiSelector().className(\"android.widget.EditText\").text(\"Search location\").resourceId(\"com.safeboda.passenger:id/locationEditText\").instance(0)"}[39m
[35m[HTTP][39m [37m<-- POST /wd/hub/session/db3abcf3-3766-4047-aea2-978c620cce90/elements [39m[32m200[39m [90m99 ms - 124[39m
[35m[HTTP][39m [90m[39m
[35m[HTTP][39m [37m-->[39m [37mGET[39m [37m/wd/hub/session/db3abcf3-3766-4047-aea2-978c620cce90[39m
[35m[HTTP][39m [90m{}[39m
[35m[HTTP][39m [37m<-- GET /wd/hub/session/db3abcf3-3766-4047-aea2-978c620cce90 [39m[32m200[39m [90m20 ms - 1200[39m
[35m[HTTP][39m [90m[39m
[35m[HTTP][39m [37m-->[39m [37mGET[39m [37m/wd/hub/session/db3abcf3-3766-4047-aea2-978c620cce90[39m
[35m[HTTP][39m [90m{}[39m
[35m[HTTP][39m [37m<-- GET /wd/hub/session/db3abcf3-3766-4047-aea2-978c620cce90 [39m[32m200[39m [90m42 ms - 1200[39m
[35m[HTTP][39m [90m[39m
[35m[HTTP][39m [37m-->[39m [37mGET[39m [37m/wd/hub/session/db3abcf3-3766-4047-aea2-978c620cce90[39m
[35m[HTTP][39m [90m{}[39m
[35m[HTTP][39m [37m<-- GET /wd/hub/session/db3abcf3-3766-4047-aea2-978c620cce90 [39m[32m200[39m [90m40 ms - 1200[39m
[35m[HTTP][39m [90m[39m
[35m[HTTP][39m [37m-->[39m [37mGET[39m [37m/wd/hub/session/db3abcf3-3766-4047-aea2-978c620cce90[39m
[35m[HTTP][39m [90m{}[39m
[35m[HTTP][39m [37m<-- GET /wd/hub/session/db3abcf3-3766-4047-aea2-978c620cce90 [39m[32m200[39m [90m28 ms - 1200[39m
[35m[HTTP][39m [90m[39m
[35m[HTTP][39m [37m-->[39m [37mGET[39m [37m/wd/hub/session/db3abcf3-3766-4047-aea2-978c620cce90/element/d3f218a5-ce92-468b-922f-37607d290ff2/location[39m
[35m[HTTP][39m [90m{}[39m
[35m[W3C][39m Driver proxy active, passing request on via HTTP proxy
[35m[JSONWP Proxy][39m Replacing sessionId a27cf535-b2bd-48cb-a870-0d117dac0a9e with db3abcf3-3766-4047-aea2-978c620cce90
[35m[HTTP][39m [37m<-- GET /wd/hub/session/db3abcf3-3766-4047-aea2-978c620cce90/element/d3f218a5-ce92-468b-922f-37607d290ff2/location [39m[32m200[39m [90m77 ms - 89[39m
[35m[HTTP][39m [90m[39m
[35m[HTTP][39m [37m-->[39m [37mPOST[39m [37m/wd/hub/session/db3abcf3-3766-4047-aea2-978c620cce90/touch/perform[39m
[35m[HTTP][39m [90m{"actions":[{"action":"tap","options":{"element":"d3f218a5-ce92-468b-922f-37607d290ff2","x":1,"y":1}}]}[39m
[35m[UiAutomator2][39m calling get location: d3f218a5-ce92-468b-922f-37607d290ff2
[35m[HTTP][39m [37m<-- POST /wd/hub/session/db3abcf3-3766-4047-aea2-978c620cce90/touch/perform [39m[32m200[39m [90m790 ms - 76[39m
[35m[HTTP][39m [90m[39m
[35m[HTTP][39m [37m-->[39m [37mGET[39m [37m/wd/hub/session/db3abcf3-3766-4047-aea2-978c620cce90/window/current/size[39m
[35m[HTTP][39m [90m{}[39m
[35m[W3C][39m Driver proxy active, passing request on via HTTP proxy
[35m[JSONWP Proxy][39m Replacing sessionId a27cf535-b2bd-48cb-a870-0d117dac0a9e with db3abcf3-3766-4047-aea2-978c620cce90
[35m[HTTP][39m [37m<-- GET /wd/hub/session/db3abcf3-3766-4047-aea2-978c620cce90/window/current/size [39m[32m200[39m [90m47 ms - 100[39m
[35m[HTTP][39m [90m[39m
[35m[HTTP][39m [37m-->[39m [37mPOST[39m [37m/wd/hub/session/db3abcf3-3766-4047-aea2-978c620cce90/elements[39m
[35m[HTTP][39m [90m{"using":"-android uiautomator","value":"new UiSelector().className(\"android.widget.EditText\").text(\"Search location\").resourceId(\"com.safeboda.passenger:id/locationEditText\").instance(0)"}[39m
[35m[HTTP][39m [37m<-- POST /wd/hub/session/db3abcf3-3766-4047-aea2-978c620cce90/elements [39m[32m200[39m [90m110 ms - 124[39m
[35m[HTTP][39m [90m[39m
[35m[HTTP][39m [37m-->[39m [37mGET[39m [37m/wd/hub/session/db3abcf3-3766-4047-aea2-978c620cce90[39m
[35m[HTTP][39m [90m{}[39m
[35m[HTTP][39m [37m<-- GET /wd/hub/session/db3abcf3-3766-4047-aea2-978c620cce90 [39m[32m200[39m [90m28 ms - 1200[39m
[35m[HTTP][39m [90m[39m
[35m[HTTP][39m [37m-->[39m [37mGET[39m [37m/wd/hub/session/db3abcf3-3766-4047-aea2-978c620cce90[39m
[35m[HTTP][39m [90m{}[39m
[35m[HTTP][39m [37m<-- GET /wd/hub/session/db3abcf3-3766-4047-aea2-978c620cce90 [39m[32m200[39m [90m38 ms - 1200[39m
[35m[HTTP][39m [90m[39m
[35m[HTTP][39m [37m-->[39m [37mGET[39m [37m/wd/hub/session/db3abcf3-3766-4047-aea2-978c620cce90[39m
[35m[HTTP][39m [90m{}[39m
[35m[HTTP][39m [37m<-- GET /wd/hub/session/db3abcf3-3766-4047-aea2-978c620cce90 [39m[32m200[39m [90m26 ms - 1200[39m
[35m[HTTP][39m [90m[39m
[35m[HTTP][39m [37m-->[39m [37mGET[39m [37m/wd/hub/session/db3abcf3-3766-4047-aea2-978c620cce90[39m
[35m[HTTP][39m [90m{}[39m
[35m[HTTP][39m [37m<-- GET /wd/hub/session/db3abcf3-3766-4047-aea2-978c620cce90 [39m[32m200[39m [90m20 ms - 1200[39m
[35m[HTTP][39m [90m[39m
[35m[HTTP][39m [37m-->[39m [37mGET[39m [37m/wd/hub/session/db3abcf3-3766-4047-aea2-978c620cce90/element/b0bf1a91-efb9-4778-8199-5bbbe1153d68/location[39m
[35m[HTTP][39m [90m{}[39m
[35m[W3C][39m Driver proxy active, passing request on via HTTP proxy
[35m[JSONWP Proxy][39m Replacing sessionId a27cf535-b2bd-48cb-a870-0d117dac0a9e with db3abcf3-3766-4047-aea2-978c620cce90
[35m[HTTP][39m [37m<-- GET /wd/hub/session/db3abcf3-3766-4047-aea2-978c620cce90/element/b0bf1a91-efb9-4778-8199-5bbbe1153d68/location [39m[32m200[39m [90m44 ms - 89[39m
[35m[HTTP][39m [90m[39m
[35m[HTTP][39m [37m-->[39m [37mPOST[39m [37m/wd/hub/session/db3abcf3-3766-4047-aea2-978c620cce90/element/b0bf1a91-efb9-4778-8199-5bbbe1153d68/value[39m
[35m[HTTP][39m [90m{"id":"b0bf1a91-efb9-4778-8199-5bbbe1153d68","value":["kama inn"]}[39m
[35m[HTTP][39m [37m<-- POST /wd/hub/session/db3abcf3-3766-4047-aea2-978c620cce90/element/b0bf1a91-efb9-4778-8199-5bbbe1153d68/value [39m[32m200[39m [90m1238 ms - 74[39m
[35m[HTTP][39m [90m[39m
[35m[HTTP][39m [37m-->[39m [37mGET[39m [37m/wd/hub/session/db3abcf3-3766-4047-aea2-978c620cce90/window/current/size[39m
[35m[HTTP][39m [90m{}[39m
[35m[W3C][39m Driver proxy active, passing request on via HTTP proxy
[35m[JSONWP Proxy][39m Replacing sessionId a27cf535-b2bd-48cb-a870-0d117dac0a9e with db3abcf3-3766-4047-aea2-978c620cce90
[35m[HTTP][39m [37m<-- GET /wd/hub/session/db3abcf3-3766-4047-aea2-978c620cce90/window/current/size [39m[32m200[39m [90m124 ms - 100[39m
[35m[HTTP][39m [90m[39m
[35m[HTTP][39m [37m-->[39m [37mPOST[39m [37m/wd/hub/session/db3abcf3-3766-4047-aea2-978c620cce90/elements[39m
[35m[HTTP][39m [90m{"using":"-android uiautomator","value":"new UiSelector().className(\"android.view.ViewGroup\").instance(5)"}[39m
[35m[HTTP][39m [37m<-- POST /wd/hub/session/db3abcf3-3766-4047-aea2-978c620cce90/elements [39m[32m200[39m [90m1618 ms - 124[39m
[35m[HTTP][39m [90m[39m
[35m[HTTP][39m [37m-->[39m [37mGET[39m [37m/wd/hub/session/db3abcf3-3766-4047-aea2-978c620cce90[39m
[35m[HTTP][39m [90m{}[39m
[35m[HTTP][39m [37m<-- GET /wd/hub/session/db3abcf3-3766-4047-aea2-978c620cce90 [39m[32m200[39m [90m25 ms - 1200[39m
[35m[HTTP][39m [90m[39m
[35m[HTTP][39m [37m-->[39m [37mGET[39m [37m/wd/hub/session/db3abcf3-3766-4047-aea2-978c620cce90[39m
[35m[HTTP][39m [90m{}[39m
[35m[HTTP][39m [37m<-- GET /wd/hub/session/db3abcf3-3766-4047-aea2-978c620cce90 [39m[32m200[39m [90m23 ms - 1200[39m
[35m[HTTP][39m [90m[39m
[35m[HTTP][39m [37m-->[39m [37mGET[39m [37m/wd/hub/session/db3abcf3-3766-4047-aea2-978c620cce90[39m
[35m[HTTP][39m [90m{}[39m
[35m[HTTP][39m [37m<-- GET /wd/hub/session/db3abcf3-3766-4047-aea2-978c620cce90 [39m[32m200[39m [90m24 ms - 1200[39m
[35m[HTTP][39m [90m[39m
[35m[HTTP][39m [37m-->[39m [37mGET[39m [37m/wd/hub/session/db3abcf3-3766-4047-aea2-978c620cce90[39m
[35m[HTTP][39m [90m{}[39m
[35m[HTTP][39m [37m<-- GET /wd/hub/session/db3abcf3-3766-4047-aea2-978c620cce90 [39m[32m200[39m [90m37 ms - 1200[39m
[35m[HTTP][39m [90m[39m
[35m[HTTP][39m [37m-->[39m [37mGET[39m [37m/wd/hub/session/db3abcf3-3766-4047-aea2-978c620cce90/element/5f9f397f-9672-4005-ae48-fd5004bab64a/location[39m
[35m[HTTP][39m [90m{}[39m
[35m[W3C][39m Driver proxy active, passing request on via HTTP proxy
[35m[JSONWP Proxy][39m Replacing sessionId a27cf535-b2bd-48cb-a870-0d117dac0a9e with db3abcf3-3766-4047-aea2-978c620cce90
[35m[HTTP][39m [37m<-- GET /wd/hub/session/db3abcf3-3766-4047-aea2-978c620cce90/element/5f9f397f-9672-4005-ae48-fd5004bab64a/location [39m[32m200[39m [90m43 ms - 88[39m
[35m[HTTP][39m [90m[39m
[35m[HTTP][39m [37m-->[39m [37mPOST[39m [37m/wd/hub/session/db3abcf3-3766-4047-aea2-978c620cce90/touch/perform[39m
[35m[HTTP][39m [90m{"actions":[{"action":"tap","options":{"element":"5f9f397f-9672-4005-ae48-fd5004bab64a","x":1,"y":1}}]}[39m
[35m[UiAutomator2][39m calling get location: 5f9f397f-9672-4005-ae48-fd5004bab64a
[35m[HTTP][39m [37m<-- POST /wd/hub/session/db3abcf3-3766-4047-aea2-978c620cce90/touch/perform [39m[32m200[39m [90m2071 ms - 76[39m
[35m[HTTP][39m [90m[39m
[35m[HTTP][39m [37m-->[39m [37mGET[39m [37m/wd/hub/session/db3abcf3-3766-4047-aea2-978c620cce90/window/current/size[39m
[35m[HTTP][39m [90m{}[39m
[35m[W3C][39m Driver proxy active, passing request on via HTTP proxy
[35m[JSONWP Proxy][39m Replacing sessionId a27cf535-b2bd-48cb-a870-0d117dac0a9e with db3abcf3-3766-4047-aea2-978c620cce90
[35m[HTTP][39m [37m<-- GET /wd/hub/session/db3abcf3-3766-4047-aea2-978c620cce90/window/current/size [39m[32m200[39m [90m141 ms - 100[39m
[35m[HTTP][39m [90m[39m
[35m[HTTP][39m [37m-->[39m [37mPOST[39m [37m/wd/hub/session/db3abcf3-3766-4047-aea2-978c620cce90/elements[39m
[35m[HTTP][39m [90m{"using":"-android uiautomator","value":"new UiSelector().className(\"android.widget.RadioButton\").resourceId(\"com.safeboda.passenger:id/cashRadioButton\").instance(1)"}[39m
[35m[HTTP][39m [37m<-- POST /wd/hub/session/db3abcf3-3766-4047-aea2-978c620cce90/elements [39m[32m200[39m [90m136 ms - 124[39m
[35m[HTTP][39m [90m[39m
[35m[HTTP][39m [37m-->[39m [37mGET[39m [37m/wd/hub/session/db3abcf3-3766-4047-aea2-978c620cce90[39m
[35m[HTTP][39m [90m{}[39m
[35m[HTTP][39m [37m<-- GET /wd/hub/session/db3abcf3-3766-4047-aea2-978c620cce90 [39m[32m200[39m [90m22 ms - 1200[39m
[35m[HTTP][39m [90m[39m
[35m[HTTP][39m [37m-->[39m [37mGET[39m [37m/wd/hub/session/db3abcf3-3766-4047-aea2-978c620cce90[39m
[35m[HTTP][39m [90m{}[39m
[35m[HTTP][39m [37m<-- GET /wd/hub/session/db3abcf3-3766-4047-aea2-978c620cce90 [39m[32m200[39m [90m39 ms - 1200[39m
[35m[HTTP][39m [90m[39m
[35m[HTTP][39m [37m-->[39m [37mGET[39m [37m/wd/hub/session/db3abcf3-3766-4047-aea2-978c620cce90[39m
[35m[HTTP][39m [90m{}[39m
[35m[HTTP][39m [37m<-- GET /wd/hub/session/db3abcf3-3766-4047-aea2-978c620cce90 [39m[32m200[39m [90m25 ms - 1200[39m
[35m[HTTP][39m [90m[39m
[35m[HTTP][39m [37m-->[39m [37mGET[39m [37m/wd/hub/session/db3abcf3-3766-4047-aea2-978c620cce90[39m
[35m[HTTP][39m [90m{}[39m
[35m[HTTP][39m [37m<-- GET /wd/hub/session/db3abcf3-3766-4047-aea2-978c620cce90 [39m[32m200[39m [90m27 ms - 1200[39m
[35m[HTTP][39m [90m[39m
[35m[HTTP][39m [37m-->[39m [37mGET[39m [37m/wd/hub/session/db3abcf3-3766-4047-aea2-978c620cce90/element/b3b16f14-e664-45cd-842a-f04e2695a7ae/location[39m
[35m[HTTP][39m [90m{}[39m
[35m[W3C][39m Driver proxy active, passing request on via HTTP proxy
[35m[JSONWP Proxy][39m Replacing sessionId a27cf535-b2bd-48cb-a870-0d117dac0a9e with db3abcf3-3766-4047-aea2-978c620cce90
[35m[HTTP][39m [37m<-- GET /wd/hub/session/db3abcf3-3766-4047-aea2-978c620cce90/element/b3b16f14-e664-45cd-842a-f04e2695a7ae/location [39m[32m200[39m [90m60 ms - 89[39m
[35m[HTTP][39m [90m[39m
[35m[HTTP][39m [37m-->[39m [37mPOST[39m [37m/wd/hub/session/db3abcf3-3766-4047-aea2-978c620cce90/touch/perform[39m
[35m[HTTP][39m [90m{"actions":[{"action":"tap","options":{"element":"b3b16f14-e664-45cd-842a-f04e2695a7ae","x":1,"y":1}}]}[39m
[35m[UiAutomator2][39m calling get location: b3b16f14-e664-45cd-842a-f04e2695a7ae
[35m[HTTP][39m [37m<-- POST /wd/hub/session/db3abcf3-3766-4047-aea2-978c620cce90/touch/perform [39m[32m200[39m [90m914 ms - 76[39m
[35m[HTTP][39m [90m[39m
[35m[HTTP][39m [37m-->[39m [37mGET[39m [37m/wd/hub/session/db3abcf3-3766-4047-aea2-978c620cce90/window/current/size[39m
[35m[HTTP][39m [90m{}[39m
[35m[W3C][39m Driver proxy active, passing request on via HTTP proxy
[35m[JSONWP Proxy][39m Replacing sessionId a27cf535-b2bd-48cb-a870-0d117dac0a9e with db3abcf3-3766-4047-aea2-978c620cce90
[35m[HTTP][39m [37m<-- GET /wd/hub/session/db3abcf3-3766-4047-aea2-978c620cce90/window/current/size [39m[32m200[39m [90m25 ms - 100[39m
[35m[HTTP][39m [90m[39m
[35m[HTTP][39m [37m-->[39m [37mPOST[39m [37m/wd/hub/session/db3abcf3-3766-4047-aea2-978c620cce90/elements[39m
[35m[HTTP][39m [90m{"using":"-android uiautomator","value":"new UiSelector().className(\"android.widget.Button\").text(\"REQUEST\").resourceId(\"com.safeboda.passenger:id/requestButton\").instance(0)"}[39m
[35m[HTTP][39m [37m<-- POST /wd/hub/session/db3abcf3-3766-4047-aea2-978c620cce90/elements [39m[32m200[39m [90m184 ms - 124[39m
[35m[HTTP][39m [90m[39m
[35m[HTTP][39m [37m-->[39m [37mGET[39m [37m/wd/hub/session/db3abcf3-3766-4047-aea2-978c620cce90[39m
[35m[HTTP][39m [90m{}[39m
[35m[HTTP][39m [37m<-- GET /wd/hub/session/db3abcf3-3766-4047-aea2-978c620cce90 [39m[32m200[39m [90m31 ms - 1200[39m
[35m[HTTP][39m [90m[39m
[35m[HTTP][39m [37m-->[39m [37mGET[39m [37m/wd/hub/session/db3abcf3-3766-4047-aea2-978c620cce90[39m
[35m[HTTP][39m [90m{}[39m
[35m[HTTP][39m [37m<-- GET /wd/hub/session/db3abcf3-3766-4047-aea2-978c620cce90 [39m[32m200[39m [90m29 ms - 1200[39m
[35m[HTTP][39m [90m[39m
[35m[HTTP][39m [37m-->[39m [37mGET[39m [37m/wd/hub/session/db3abcf3-3766-4047-aea2-978c620cce90[39m
[35m[HTTP][39m [90m{}[39m
[35m[HTTP][39m [37m<-- GET /wd/hub/session/db3abcf3-3766-4047-aea2-978c620cce90 [39m[32m200[39m [90m35 ms - 1200[39m
[35m[HTTP][39m [90m[39m
[35m[HTTP][39m [37m-->[39m [37mGET[39m [37m/wd/hub/session/db3abcf3-3766-4047-aea2-978c620cce90[39m
[35m[HTTP][39m [90m{}[39m
[35m[HTTP][39m [37m<-- GET /wd/hub/session/db3abcf3-3766-4047-aea2-978c620cce90 [39m[32m200[39m [90m85 ms - 1200[39m
[35m[HTTP][39m [90m[39m
[35m[HTTP][39m [37m-->[39m [37mGET[39m [37m/wd/hub/session/db3abcf3-3766-4047-aea2-978c620cce90/element/40879fe0-c4a6-4680-8011-17a3f5ef8552/location[39m
[35m[HTTP][39m [90m{}[39m
[35m[W3C][39m Driver proxy active, passing request on via HTTP proxy
[35m[JSONWP Proxy][39m Replacing sessionId a27cf535-b2bd-48cb-a870-0d117dac0a9e with db3abcf3-3766-4047-aea2-978c620cce90
[35m[HTTP][39m [37m<-- GET /wd/hub/session/db3abcf3-3766-4047-aea2-978c620cce90/element/40879fe0-c4a6-4680-8011-17a3f5ef8552/location [39m[32m200[39m [90m68 ms - 89[39m
[35m[HTTP][39m [90m[39m
[35m[HTTP][39m [37m-->[39m [37mPOST[39m [37m/wd/hub/session/db3abcf3-3766-4047-aea2-978c620cce90/touch/perform[39m
[35m[HTTP][39m [90m{"actions":[{"action":"tap","options":{"element":"40879fe0-c4a6-4680-8011-17a3f5ef8552","x":1,"y":1}}]}[39m
[35m[UiAutomator2][39m calling get location: 40879fe0-c4a6-4680-8011-17a3f5ef8552
[35m[HTTP][39m [37m<-- POST /wd/hub/session/db3abcf3-3766-4047-aea2-978c620cce90/touch/perform [39m[32m200[39m [90m3180 ms - 76[39m
[35m[HTTP][39m [90m[39m
[35m[HTTP][39m [37m-->[39m [37mDELETE[39m [37m/wd/hub/session/db3abcf3-3766-4047-aea2-978c620cce90[39m
[35m[HTTP][39m [90m{}[39m
[35m[Appium][39m Removing session db3abcf3-3766-4047-aea2-978c620cce90 from our master session list
[35m[HTTP][39m [37m<-- DELETE /wd/hub/session/db3abcf3-3766-4047-aea2-978c620cce90 [39m[32m200[39m [90m1387 ms - 76[39m
[35m[HTTP][39m [90m[39m
