[35m[Appium][39m Welcome to Appium v1.8.1
[35m[Appium][39m Non-default server args:
[35m[Appium][39m   port: 50206
[35m[Appium][39m   loglevel: info
[35m[Appium][39m   chromeDriverPort: 50208
[35m[Appium][39m   tmpDir: C:\Users\denni\AppData\Local\Temp\\Katalon\Appium\Temp1551991717682
[35m[Appium][39m Appium REST http interface listener started on 0.0.0.0:50206
[35m[HTTP][39m [37m-->[39m [37mGET[39m [37m/wd/hub/status[39m
[35m[HTTP][39m [90m{}[39m
[35m[HTTP][39m [37m<-- GET /wd/hub/status [39m[32m200[39m [90m12 ms - 83[39m
[35m[HTTP][39m [90m[39m
[35m[HTTP][39m [37m-->[39m [37mPOST[39m [37m/wd/hub/session[39m
[35m[HTTP][39m [90m{"desiredCapabilities":{"app":"C:\\Users\\denni\\OneDrive\\Desktop\\SafeBoda\\app-driver.apk","autoGrantPermissions":true,"automationName":"uiautomator2","deviceName":"CUBOT CUBOT NOTE Plus (Android 7.0)","fullReset":false,"newCommandTimeout":1800,"noReset":true,"platform":"ANDROID","platformName":"Android","udid":"C509XXBH81110634"},"capabilities":{"desiredCapabilities":{"app":"C:\\Users\\denni\\OneDrive\\Desktop\\SafeBoda\\app-driver.apk","autoGrantPermissions":true,"automationName":"uiautomator2","deviceName":"CUBOT CUBOT NOTE Plus (Android 7.0)","fullReset":false,"newCommandTimeout":1800,"noReset":true,"platform":"ANDROID","platformName":"Android","udid":"C509XXBH81110634"},"firstMatch":[{"platformName":"android"}]}}[39m
[35m[Appium][39m Could not parse W3C capabilities: 'deviceName' can't be blank. Falling back to JSONWP protocol.
[35m[Appium][39m The following capabilities were provided in the JSONWP desired capabilities that are missing in W3C capabilities: ["app","autoGrantPermissions","automationName","deviceName","fullReset","newCommandTimeout","noReset","platform","platformName","udid"]. Falling back to JSONWP protocol.
[35m[Appium][39m Creating new AndroidUiautomator2Driver (v1.12.0) session
[35m[Appium][39m Capabilities:
[35m[Appium][39m   app: C:\Users\denni\OneDrive\Desktop\SafeBoda\app-driver.apk
[35m[Appium][39m   autoGrantPermissions: true
[35m[Appium][39m   automationName: uiautomator2
[35m[Appium][39m   deviceName: CUBOT CUBOT NOTE Plus (Android 7.0)
[35m[Appium][39m   fullReset: false
[35m[Appium][39m   newCommandTimeout: 1800
[35m[Appium][39m   noReset: true
[35m[Appium][39m   platform: ANDROID
[35m[Appium][39m   platformName: Android
[35m[Appium][39m   udid: C509XXBH81110634
[35m[BaseDriver][39m The following capabilities were provided, but are not recognized by appium: platform.
[35m[BaseDriver][39m Session created with session id: c808df8c-3637-4404-a8b2-174dea321ec4
[35m[BaseDriver][39m Using local app 'C:\Users\denni\OneDrive\Desktop\SafeBoda\app-driver.apk'
[35m[AndroidDriver][39m Java version is: 1.8.0_181
[35m[ADB][39m Checking whether adb is present
[35m[ADB][39m Found 1 'build-tools' folders under 'C:\Users\denni\.katalon\tools\android_sdk' (newest first):
[35m[ADB][39m     C:/Users/denni/.katalon/tools/android_sdk/build-tools/28.0.3
[35m[ADB][39m Using adb.exe from C:\Users\denni\.katalon\tools\android_sdk\platform-tools\adb.exe
[35m[AndroidDriver][39m Retrieving device list
[35m[AndroidDriver][39m Using device: C509XXBH81110634
[35m[ADB][39m Using the alternative activity name detection method because of: Could not find apkanalyzer.bat in C:\Users\denni\.katalon\tools\android_sdk\platform-tools\apkanalyzer.bat,C:\Users\denni\.katalon\tools\android_sdk\emulator\apkanalyzer.bat,C:\Users\denni\.katalon\tools\android_sdk\tools\apkanalyzer.bat,C:\Users\denni\.katalon\tools\android_sdk\tools\bin\apkanalyzer.bat,C:\Users\denni\.katalon\tools\android_sdk\build-tools\28.0.3\apkanalyzer.bat. Do you have the Android SDK installed at 'C:\Users\denni\.katalon\tools\android_sdk'?
[35m[ADB][39m Checking whether aapt is present
[35m[ADB][39m Using aapt.exe from C:\Users\denni\.katalon\tools\android_sdk\build-tools\28.0.3\aapt.exe
[35m[ADB][39m Extracting package and launch activity from manifest
[35m[ADB][39m Package name: 'com.safeboda.driver'
[35m[ADB][39m Main activity name: 'com.safeboda.driver.presentation.start.StartActivity'
[35m[ADB][39m Getting device platform version
[35m[ADB][39m Using apksigner.bat from C:\Users\denni\.katalon\tools\android_sdk\build-tools\28.0.3\apksigner.bat
[35m[ADB][39m Checking whether zipalign is present
[35m[ADB][39m Using zipalign.exe from C:\Users\denni\.katalon\tools\android_sdk\build-tools\28.0.3\zipalign.exe
[35m[ADB][39m io.appium.uiautomator2.server was successfully uninstalled
[35m[ADB][39m io.appium.uiautomator2.server.test was successfully uninstalled
[35m[AndroidDriver][39m setDeviceLanguageCountry requires language or country.
[35m[AndroidDriver][39m Got language: 'null' and country: 'null'
[35m[ADB][39m Successfully extracted 523 strings from 'C:\Users\denni\OneDrive\Desktop\SafeBoda\app-driver.apk' resources for '(default)' configuration
[35m[UiAutomator2][39m Starting uiautomator2 server 1.12.0
[35m[UiAutomator2][39m Using UIAutomator2 server from 'C:\Users\denni\AppData\Roaming\npm\node_modules\appium\node_modules\appium-uiautomator2-server\apks\appium-uiautomator2-server-v1.12.0.apk' and test from 'C:\Users\denni\AppData\Roaming\npm\node_modules\appium\node_modules\appium-uiautomator2-server\apks\appium-uiautomator2-server-debug-androidTest.apk'
[35m[UiAutomator2][39m Running command: 'adb -s C509XXBH81110634 shell am instrument -w io.appium.uiautomator2.server.test/android.support.test.runner.AndroidJUnitRunner'
[35m[UiAutomator2][39m Waiting up to 20000ms for UiAutomator2 to be online...
[35m[AndroidDriver][39m Screen already unlocked, doing nothing
[35m[UiAutomator2][39m UiAutomator2 did not start the activity we were waiting for, 'com.safeboda.driver/com.safeboda.driver.presentation.start.StartActivity'. Starting it ourselves
[35m[Appium][39m New AndroidUiautomator2Driver session created successfully, session c808df8c-3637-4404-a8b2-174dea321ec4 added to master session list
[35m[HTTP][39m [37m<-- POST /wd/hub/session [39m[32m200[39m [90m36251 ms - 1191[39m
[35m[HTTP][39m [90m[39m
[35m[HTTP][39m [37m-->[39m [37mGET[39m [37m/wd/hub/status[39m
[35m[HTTP][39m [90m{}[39m
[35m[HTTP][39m [37m<-- GET /wd/hub/status [39m[32m200[39m [90m6 ms - 55[39m
[35m[HTTP][39m [90m[39m
[35m[HTTP][39m [37m-->[39m [37mPOST[39m [37m/wd/hub/session/c808df8c-3637-4404-a8b2-174dea321ec4/timeouts[39m
[35m[HTTP][39m [90m{"type":"implicit","ms":30000}[39m
[35m[HTTP][39m [37m<-- POST /wd/hub/session/c808df8c-3637-4404-a8b2-174dea321ec4/timeouts [39m[33m400[39m [90m27 ms - 5204[39m
[35m[HTTP][39m [90m[39m
[35m[HTTP][39m [37m-->[39m [37mGET[39m [37m/wd/hub/session/c808df8c-3637-4404-a8b2-174dea321ec4/window/current/size[39m
[35m[HTTP][39m [90m{}[39m
[35m[W3C][39m Driver proxy active, passing request on via HTTP proxy
[35m[JSONWP Proxy][39m Replacing sessionId 70cc22bc-7b0a-47e3-819e-5b7ea7ccb90d with c808df8c-3637-4404-a8b2-174dea321ec4
[35m[HTTP][39m [37m<-- GET /wd/hub/session/c808df8c-3637-4404-a8b2-174dea321ec4/window/current/size [39m[32m200[39m [90m42 ms - 100[39m
[35m[HTTP][39m [90m[39m
[35m[HTTP][39m [37m-->[39m [37mPOST[39m [37m/wd/hub/session/c808df8c-3637-4404-a8b2-174dea321ec4/elements[39m
[35m[HTTP][39m [90m{"using":"-android uiautomator","value":"new UiSelector().className(\"android.widget.Button\").text(\"Continue with Google\").resourceId(\"com.safeboda.driver:id/googleSignInButton\").instance(0)"}[39m
[35m[HTTP][39m [37m<-- POST /wd/hub/session/c808df8c-3637-4404-a8b2-174dea321ec4/elements [39m[32m200[39m [90m41 ms - 74[39m
[35m[HTTP][39m [90m[39m
[35m[HTTP][39m [37m-->[39m [37mPOST[39m [37m/wd/hub/session/c808df8c-3637-4404-a8b2-174dea321ec4/elements[39m
[35m[HTTP][39m [90m{"using":"-android uiautomator","value":"new UiSelector().className(\"android.widget.Button\").text(\"Continue with Google\").resourceId(\"com.safeboda.driver:id/googleSignInButton\").instance(0)"}[39m
[35m[HTTP][39m [37m<-- POST /wd/hub/session/c808df8c-3637-4404-a8b2-174dea321ec4/elements [39m[32m200[39m [90m37 ms - 74[39m
[35m[HTTP][39m [90m[39m
[35m[HTTP][39m [37m-->[39m [37mPOST[39m [37m/wd/hub/session/c808df8c-3637-4404-a8b2-174dea321ec4/elements[39m
[35m[HTTP][39m [90m{"using":"-android uiautomator","value":"new UiSelector().className(\"android.widget.Button\").text(\"Continue with Google\").resourceId(\"com.safeboda.driver:id/googleSignInButton\").instance(0)"}[39m
[35m[HTTP][39m [37m<-- POST /wd/hub/session/c808df8c-3637-4404-a8b2-174dea321ec4/elements [39m[32m200[39m [90m32 ms - 74[39m
[35m[HTTP][39m [90m[39m
[35m[HTTP][39m [37m-->[39m [37mPOST[39m [37m/wd/hub/session/c808df8c-3637-4404-a8b2-174dea321ec4/elements[39m
[35m[HTTP][39m [90m{"using":"-android uiautomator","value":"new UiSelector().className(\"android.widget.Button\").text(\"Continue with Google\").resourceId(\"com.safeboda.driver:id/googleSignInButton\").instance(0)"}[39m
[35m[HTTP][39m [37m<-- POST /wd/hub/session/c808df8c-3637-4404-a8b2-174dea321ec4/elements [39m[32m200[39m [90m31 ms - 74[39m
[35m[HTTP][39m [90m[39m
[35m[HTTP][39m [37m-->[39m [37mPOST[39m [37m/wd/hub/session/c808df8c-3637-4404-a8b2-174dea321ec4/elements[39m
[35m[HTTP][39m [90m{"using":"-android uiautomator","value":"new UiSelector().className(\"android.widget.Button\").text(\"Continue with Google\").resourceId(\"com.safeboda.driver:id/googleSignInButton\").instance(0)"}[39m
[35m[HTTP][39m [37m<-- POST /wd/hub/session/c808df8c-3637-4404-a8b2-174dea321ec4/elements [39m[32m200[39m [90m31 ms - 74[39m
[35m[HTTP][39m [90m[39m
[35m[HTTP][39m [37m-->[39m [37mPOST[39m [37m/wd/hub/session/c808df8c-3637-4404-a8b2-174dea321ec4/elements[39m
[35m[HTTP][39m [90m{"using":"-android uiautomator","value":"new UiSelector().className(\"android.widget.Button\").text(\"Continue with Google\").resourceId(\"com.safeboda.driver:id/googleSignInButton\").instance(0)"}[39m
[35m[HTTP][39m [37m<-- POST /wd/hub/session/c808df8c-3637-4404-a8b2-174dea321ec4/elements [39m[32m200[39m [90m32 ms - 74[39m
[35m[HTTP][39m [90m[39m
[35m[HTTP][39m [37m-->[39m [37mPOST[39m [37m/wd/hub/session/c808df8c-3637-4404-a8b2-174dea321ec4/elements[39m
[35m[HTTP][39m [90m{"using":"-android uiautomator","value":"new UiSelector().className(\"android.widget.Button\").text(\"Continue with Google\").resourceId(\"com.safeboda.driver:id/googleSignInButton\").instance(0)"}[39m
[35m[HTTP][39m [37m<-- POST /wd/hub/session/c808df8c-3637-4404-a8b2-174dea321ec4/elements [39m[32m200[39m [90m32 ms - 74[39m
[35m[HTTP][39m [90m[39m
[35m[HTTP][39m [37m-->[39m [37mPOST[39m [37m/wd/hub/session/c808df8c-3637-4404-a8b2-174dea321ec4/elements[39m
[35m[HTTP][39m [90m{"using":"-android uiautomator","value":"new UiSelector().className(\"android.widget.Button\").text(\"Continue with Google\").resourceId(\"com.safeboda.driver:id/googleSignInButton\").instance(0)"}[39m
[35m[HTTP][39m [37m<-- POST /wd/hub/session/c808df8c-3637-4404-a8b2-174dea321ec4/elements [39m[32m200[39m [90m30 ms - 74[39m
[35m[HTTP][39m [90m[39m
[35m[HTTP][39m [37m-->[39m [37mPOST[39m [37m/wd/hub/session/c808df8c-3637-4404-a8b2-174dea321ec4/elements[39m
[35m[HTTP][39m [90m{"using":"-android uiautomator","value":"new UiSelector().className(\"android.widget.Button\").text(\"Continue with Google\").resourceId(\"com.safeboda.driver:id/googleSignInButton\").instance(0)"}[39m
[35m[HTTP][39m [37m<-- POST /wd/hub/session/c808df8c-3637-4404-a8b2-174dea321ec4/elements [39m[32m200[39m [90m32 ms - 74[39m
[35m[HTTP][39m [90m[39m
[35m[HTTP][39m [37m-->[39m [37mPOST[39m [37m/wd/hub/session/c808df8c-3637-4404-a8b2-174dea321ec4/elements[39m
[35m[HTTP][39m [90m{"using":"-android uiautomator","value":"new UiSelector().className(\"android.widget.Button\").text(\"Continue with Google\").resourceId(\"com.safeboda.driver:id/googleSignInButton\").instance(0)"}[39m
[35m[HTTP][39m [37m<-- POST /wd/hub/session/c808df8c-3637-4404-a8b2-174dea321ec4/elements [39m[32m200[39m [90m30 ms - 74[39m
[35m[HTTP][39m [90m[39m
[35m[HTTP][39m [37m-->[39m [37mPOST[39m [37m/wd/hub/session/c808df8c-3637-4404-a8b2-174dea321ec4/elements[39m
[35m[HTTP][39m [90m{"using":"-android uiautomator","value":"new UiSelector().className(\"android.widget.Button\").text(\"Continue with Google\").resourceId(\"com.safeboda.driver:id/googleSignInButton\").instance(0)"}[39m
[35m[HTTP][39m [37m<-- POST /wd/hub/session/c808df8c-3637-4404-a8b2-174dea321ec4/elements [39m[32m200[39m [90m35 ms - 74[39m
[35m[HTTP][39m [90m[39m
[35m[HTTP][39m [37m-->[39m [37mPOST[39m [37m/wd/hub/session/c808df8c-3637-4404-a8b2-174dea321ec4/elements[39m
[35m[HTTP][39m [90m{"using":"-android uiautomator","value":"new UiSelector().className(\"android.widget.Button\").text(\"Continue with Google\").resourceId(\"com.safeboda.driver:id/googleSignInButton\").instance(0)"}[39m
[35m[HTTP][39m [37m<-- POST /wd/hub/session/c808df8c-3637-4404-a8b2-174dea321ec4/elements [39m[32m200[39m [90m52 ms - 74[39m
[35m[HTTP][39m [90m[39m
[35m[HTTP][39m [37m-->[39m [37mPOST[39m [37m/wd/hub/session/c808df8c-3637-4404-a8b2-174dea321ec4/elements[39m
[35m[HTTP][39m [90m{"using":"-android uiautomator","value":"new UiSelector().className(\"android.widget.Button\").text(\"Continue with Google\").resourceId(\"com.safeboda.driver:id/googleSignInButton\").instance(0)"}[39m
[35m[HTTP][39m [37m<-- POST /wd/hub/session/c808df8c-3637-4404-a8b2-174dea321ec4/elements [39m[32m200[39m [90m1167 ms - 124[39m
[35m[HTTP][39m [90m[39m
[35m[HTTP][39m [37m-->[39m [37mGET[39m [37m/wd/hub/session/c808df8c-3637-4404-a8b2-174dea321ec4[39m
[35m[HTTP][39m [90m{}[39m
[35m[HTTP][39m [37m<-- GET /wd/hub/session/c808df8c-3637-4404-a8b2-174dea321ec4 [39m[32m200[39m [90m14 ms - 1191[39m
[35m[HTTP][39m [90m[39m
[35m[HTTP][39m [37m-->[39m [37mGET[39m [37m/wd/hub/session/c808df8c-3637-4404-a8b2-174dea321ec4[39m
[35m[HTTP][39m [90m{}[39m
[35m[HTTP][39m [37m<-- GET /wd/hub/session/c808df8c-3637-4404-a8b2-174dea321ec4 [39m[32m200[39m [90m13 ms - 1191[39m
[35m[HTTP][39m [90m[39m
[35m[HTTP][39m [37m-->[39m [37mGET[39m [37m/wd/hub/session/c808df8c-3637-4404-a8b2-174dea321ec4[39m
[35m[HTTP][39m [90m{}[39m
[35m[HTTP][39m [37m<-- GET /wd/hub/session/c808df8c-3637-4404-a8b2-174dea321ec4 [39m[32m200[39m [90m15 ms - 1191[39m
[35m[HTTP][39m [90m[39m
[35m[HTTP][39m [37m-->[39m [37mGET[39m [37m/wd/hub/session/c808df8c-3637-4404-a8b2-174dea321ec4[39m
[35m[HTTP][39m [90m{}[39m
[35m[HTTP][39m [37m<-- GET /wd/hub/session/c808df8c-3637-4404-a8b2-174dea321ec4 [39m[32m200[39m [90m15 ms - 1191[39m
[35m[HTTP][39m [90m[39m
[35m[HTTP][39m [37m-->[39m [37mGET[39m [37m/wd/hub/session/c808df8c-3637-4404-a8b2-174dea321ec4/element/aa1f3170-e264-442a-9c06-d620d8e4092a/location[39m
[35m[HTTP][39m [90m{}[39m
[35m[W3C][39m Driver proxy active, passing request on via HTTP proxy
[35m[JSONWP Proxy][39m Replacing sessionId 70cc22bc-7b0a-47e3-819e-5b7ea7ccb90d with c808df8c-3637-4404-a8b2-174dea321ec4
[35m[HTTP][39m [37m<-- GET /wd/hub/session/c808df8c-3637-4404-a8b2-174dea321ec4/element/aa1f3170-e264-442a-9c06-d620d8e4092a/location [39m[32m200[39m [90m29 ms - 90[39m
[35m[HTTP][39m [90m[39m
[35m[HTTP][39m [37m-->[39m [37mPOST[39m [37m/wd/hub/session/c808df8c-3637-4404-a8b2-174dea321ec4/touch/perform[39m
[35m[HTTP][39m [90m{"actions":[{"action":"tap","options":{"element":"aa1f3170-e264-442a-9c06-d620d8e4092a","x":1,"y":1}}]}[39m
[35m[UiAutomator2][39m calling get location: aa1f3170-e264-442a-9c06-d620d8e4092a
[35m[HTTP][39m [37m<-- POST /wd/hub/session/c808df8c-3637-4404-a8b2-174dea321ec4/touch/perform [39m[32m200[39m [90m1792 ms - 76[39m
[35m[HTTP][39m [90m[39m
[35m[HTTP][39m [37m-->[39m [37mGET[39m [37m/wd/hub/session/c808df8c-3637-4404-a8b2-174dea321ec4/window/current/size[39m
[35m[HTTP][39m [90m{}[39m
[35m[W3C][39m Driver proxy active, passing request on via HTTP proxy
[35m[JSONWP Proxy][39m Replacing sessionId 70cc22bc-7b0a-47e3-819e-5b7ea7ccb90d with c808df8c-3637-4404-a8b2-174dea321ec4
[35m[HTTP][39m [37m<-- GET /wd/hub/session/c808df8c-3637-4404-a8b2-174dea321ec4/window/current/size [39m[32m200[39m [90m48 ms - 100[39m
[35m[HTTP][39m [90m[39m
[35m[HTTP][39m [37m-->[39m [37mPOST[39m [37m/wd/hub/session/c808df8c-3637-4404-a8b2-174dea321ec4/elements[39m
[35m[HTTP][39m [90m{"using":"-android uiautomator","value":"new UiSelector().className(\"android.widget.LinearLayout\").instance(3)"}[39m
[35m[HTTP][39m [37m<-- POST /wd/hub/session/c808df8c-3637-4404-a8b2-174dea321ec4/elements [39m[32m200[39m [90m61 ms - 124[39m
[35m[HTTP][39m [90m[39m
[35m[HTTP][39m [37m-->[39m [37mGET[39m [37m/wd/hub/session/c808df8c-3637-4404-a8b2-174dea321ec4[39m
[35m[HTTP][39m [90m{}[39m
[35m[HTTP][39m [37m<-- GET /wd/hub/session/c808df8c-3637-4404-a8b2-174dea321ec4 [39m[32m200[39m [90m48 ms - 1191[39m
[35m[HTTP][39m [90m[39m
[35m[HTTP][39m [37m-->[39m [37mGET[39m [37m/wd/hub/session/c808df8c-3637-4404-a8b2-174dea321ec4[39m
[35m[HTTP][39m [90m{}[39m
[35m[HTTP][39m [37m<-- GET /wd/hub/session/c808df8c-3637-4404-a8b2-174dea321ec4 [39m[32m200[39m [90m47 ms - 1191[39m
[35m[HTTP][39m [90m[39m
[35m[HTTP][39m [37m-->[39m [37mGET[39m [37m/wd/hub/session/c808df8c-3637-4404-a8b2-174dea321ec4[39m
[35m[HTTP][39m [90m{}[39m
[35m[HTTP][39m [37m<-- GET /wd/hub/session/c808df8c-3637-4404-a8b2-174dea321ec4 [39m[32m200[39m [90m32 ms - 1191[39m
[35m[HTTP][39m [90m[39m
[35m[HTTP][39m [37m-->[39m [37mGET[39m [37m/wd/hub/session/c808df8c-3637-4404-a8b2-174dea321ec4[39m
[35m[HTTP][39m [90m{}[39m
[35m[HTTP][39m [37m<-- GET /wd/hub/session/c808df8c-3637-4404-a8b2-174dea321ec4 [39m[32m200[39m [90m27 ms - 1191[39m
[35m[HTTP][39m [90m[39m
[35m[HTTP][39m [37m-->[39m [37mGET[39m [37m/wd/hub/session/c808df8c-3637-4404-a8b2-174dea321ec4/element/02462fa4-6fd5-4a4e-986b-0ccb65ec8928/location[39m
[35m[HTTP][39m [90m{}[39m
[35m[W3C][39m Driver proxy active, passing request on via HTTP proxy
[35m[JSONWP Proxy][39m Replacing sessionId 70cc22bc-7b0a-47e3-819e-5b7ea7ccb90d with c808df8c-3637-4404-a8b2-174dea321ec4
[35m[HTTP][39m [37m<-- GET /wd/hub/session/c808df8c-3637-4404-a8b2-174dea321ec4/element/02462fa4-6fd5-4a4e-986b-0ccb65ec8928/location [39m[32m200[39m [90m26 ms - 89[39m
[35m[HTTP][39m [90m[39m
[35m[HTTP][39m [37m-->[39m [37mPOST[39m [37m/wd/hub/session/c808df8c-3637-4404-a8b2-174dea321ec4/touch/perform[39m
[35m[HTTP][39m [90m{"actions":[{"action":"tap","options":{"element":"02462fa4-6fd5-4a4e-986b-0ccb65ec8928","x":1,"y":1}}]}[39m
[35m[UiAutomator2][39m calling get location: 02462fa4-6fd5-4a4e-986b-0ccb65ec8928
[35m[HTTP][39m [37m<-- POST /wd/hub/session/c808df8c-3637-4404-a8b2-174dea321ec4/touch/perform [39m[32m200[39m [90m1460 ms - 76[39m
[35m[HTTP][39m [90m[39m
[35m[HTTP][39m [37m-->[39m [37mGET[39m [37m/wd/hub/session/c808df8c-3637-4404-a8b2-174dea321ec4/window/current/size[39m
[35m[HTTP][39m [90m{}[39m
[35m[W3C][39m Driver proxy active, passing request on via HTTP proxy
[35m[JSONWP Proxy][39m Replacing sessionId 70cc22bc-7b0a-47e3-819e-5b7ea7ccb90d with c808df8c-3637-4404-a8b2-174dea321ec4
[35m[HTTP][39m [37m<-- GET /wd/hub/session/c808df8c-3637-4404-a8b2-174dea321ec4/window/current/size [39m[32m200[39m [90m33 ms - 100[39m
[35m[HTTP][39m [90m[39m
[35m[HTTP][39m [37m-->[39m [37mPOST[39m [37m/wd/hub/session/c808df8c-3637-4404-a8b2-174dea321ec4/elements[39m
[35m[HTTP][39m [90m{"using":"-android uiautomator","value":"new UiSelector().className(\"android.widget.ImageButton\").instance(0)"}[39m
[35m[HTTP][39m [37m<-- POST /wd/hub/session/c808df8c-3637-4404-a8b2-174dea321ec4/elements [39m[32m200[39m [90m541 ms - 124[39m
[35m[HTTP][39m [90m[39m
[35m[HTTP][39m [37m-->[39m [37mGET[39m [37m/wd/hub/session/c808df8c-3637-4404-a8b2-174dea321ec4[39m
[35m[HTTP][39m [90m{}[39m
[35m[HTTP][39m [37m<-- GET /wd/hub/session/c808df8c-3637-4404-a8b2-174dea321ec4 [39m[32m200[39m [90m19 ms - 1191[39m
[35m[HTTP][39m [90m[39m
[35m[HTTP][39m [37m-->[39m [37mGET[39m [37m/wd/hub/session/c808df8c-3637-4404-a8b2-174dea321ec4[39m
[35m[HTTP][39m [90m{}[39m
[35m[HTTP][39m [37m<-- GET /wd/hub/session/c808df8c-3637-4404-a8b2-174dea321ec4 [39m[32m200[39m [90m20 ms - 1191[39m
[35m[HTTP][39m [90m[39m
[35m[HTTP][39m [37m-->[39m [37mGET[39m [37m/wd/hub/session/c808df8c-3637-4404-a8b2-174dea321ec4[39m
[35m[HTTP][39m [90m{}[39m
[35m[HTTP][39m [37m<-- GET /wd/hub/session/c808df8c-3637-4404-a8b2-174dea321ec4 [39m[32m200[39m [90m24 ms - 1191[39m
[35m[HTTP][39m [90m[39m
[35m[HTTP][39m [37m-->[39m [37mGET[39m [37m/wd/hub/session/c808df8c-3637-4404-a8b2-174dea321ec4[39m
[35m[HTTP][39m [90m{}[39m
[35m[HTTP][39m [37m<-- GET /wd/hub/session/c808df8c-3637-4404-a8b2-174dea321ec4 [39m[32m200[39m [90m19 ms - 1191[39m
[35m[HTTP][39m [90m[39m
[35m[HTTP][39m [37m-->[39m [37mGET[39m [37m/wd/hub/session/c808df8c-3637-4404-a8b2-174dea321ec4/element/0272b799-b510-432e-a3f8-c9a7d1291bd6/location[39m
[35m[HTTP][39m [90m{}[39m
[35m[W3C][39m Driver proxy active, passing request on via HTTP proxy
[35m[JSONWP Proxy][39m Replacing sessionId 70cc22bc-7b0a-47e3-819e-5b7ea7ccb90d with c808df8c-3637-4404-a8b2-174dea321ec4
[35m[HTTP][39m [37m<-- GET /wd/hub/session/c808df8c-3637-4404-a8b2-174dea321ec4/element/0272b799-b510-432e-a3f8-c9a7d1291bd6/location [39m[32m200[39m [90m39 ms - 86[39m
[35m[HTTP][39m [90m[39m
[35m[HTTP][39m [37m-->[39m [37mPOST[39m [37m/wd/hub/session/c808df8c-3637-4404-a8b2-174dea321ec4/touch/perform[39m
[35m[HTTP][39m [90m{"actions":[{"action":"tap","options":{"element":"0272b799-b510-432e-a3f8-c9a7d1291bd6","x":1,"y":1}}]}[39m
[35m[UiAutomator2][39m calling get location: 0272b799-b510-432e-a3f8-c9a7d1291bd6
[35m[HTTP][39m [37m<-- POST /wd/hub/session/c808df8c-3637-4404-a8b2-174dea321ec4/touch/perform [39m[32m200[39m [90m1207 ms - 76[39m
[35m[HTTP][39m [90m[39m
[35m[HTTP][39m [37m-->[39m [37mGET[39m [37m/wd/hub/session/c808df8c-3637-4404-a8b2-174dea321ec4/window/current/size[39m
[35m[HTTP][39m [90m{}[39m
[35m[W3C][39m Driver proxy active, passing request on via HTTP proxy
[35m[JSONWP Proxy][39m Replacing sessionId 70cc22bc-7b0a-47e3-819e-5b7ea7ccb90d with c808df8c-3637-4404-a8b2-174dea321ec4
[35m[HTTP][39m [37m<-- GET /wd/hub/session/c808df8c-3637-4404-a8b2-174dea321ec4/window/current/size [39m[32m200[39m [90m50 ms - 100[39m
[35m[HTTP][39m [90m[39m
[35m[HTTP][39m [37m-->[39m [37mPOST[39m [37m/wd/hub/session/c808df8c-3637-4404-a8b2-174dea321ec4/elements[39m
[35m[HTTP][39m [90m{"using":"-android uiautomator","value":"new UiSelector().className(\"android.widget.RelativeLayout\").resourceId(\"com.safeboda.driver:id/statusSwitchView\").instance(0)"}[39m
[35m[HTTP][39m [37m<-- POST /wd/hub/session/c808df8c-3637-4404-a8b2-174dea321ec4/elements [39m[32m200[39m [90m101 ms - 124[39m
[35m[HTTP][39m [90m[39m
[35m[HTTP][39m [37m-->[39m [37mGET[39m [37m/wd/hub/session/c808df8c-3637-4404-a8b2-174dea321ec4[39m
[35m[HTTP][39m [90m{}[39m
[35m[HTTP][39m [37m<-- GET /wd/hub/session/c808df8c-3637-4404-a8b2-174dea321ec4 [39m[32m200[39m [90m21 ms - 1191[39m
[35m[HTTP][39m [90m[39m
[35m[HTTP][39m [37m-->[39m [37mGET[39m [37m/wd/hub/session/c808df8c-3637-4404-a8b2-174dea321ec4[39m
[35m[HTTP][39m [90m{}[39m
[35m[HTTP][39m [37m<-- GET /wd/hub/session/c808df8c-3637-4404-a8b2-174dea321ec4 [39m[32m200[39m [90m22 ms - 1191[39m
[35m[HTTP][39m [90m[39m
[35m[HTTP][39m [37m-->[39m [37mGET[39m [37m/wd/hub/session/c808df8c-3637-4404-a8b2-174dea321ec4[39m
[35m[HTTP][39m [90m{}[39m
[35m[HTTP][39m [37m<-- GET /wd/hub/session/c808df8c-3637-4404-a8b2-174dea321ec4 [39m[32m200[39m [90m20 ms - 1191[39m
[35m[HTTP][39m [90m[39m
[35m[HTTP][39m [37m-->[39m [37mGET[39m [37m/wd/hub/session/c808df8c-3637-4404-a8b2-174dea321ec4[39m
[35m[HTTP][39m [90m{}[39m
[35m[HTTP][39m [37m<-- GET /wd/hub/session/c808df8c-3637-4404-a8b2-174dea321ec4 [39m[32m200[39m [90m22 ms - 1191[39m
[35m[HTTP][39m [90m[39m
[35m[HTTP][39m [37m-->[39m [37mGET[39m [37m/wd/hub/session/c808df8c-3637-4404-a8b2-174dea321ec4/element/9d943915-1fef-4a57-9855-6ae61951e6b8/location[39m
[35m[HTTP][39m [90m{}[39m
[35m[W3C][39m Driver proxy active, passing request on via HTTP proxy
[35m[JSONWP Proxy][39m Replacing sessionId 70cc22bc-7b0a-47e3-819e-5b7ea7ccb90d with c808df8c-3637-4404-a8b2-174dea321ec4
[35m[HTTP][39m [37m<-- GET /wd/hub/session/c808df8c-3637-4404-a8b2-174dea321ec4/element/9d943915-1fef-4a57-9855-6ae61951e6b8/location [39m[32m200[39m [90m42 ms - 89[39m
[35m[HTTP][39m [90m[39m
[35m[HTTP][39m [37m-->[39m [37mPOST[39m [37m/wd/hub/session/c808df8c-3637-4404-a8b2-174dea321ec4/touch/perform[39m
[35m[HTTP][39m [90m{"actions":[{"action":"tap","options":{"element":"9d943915-1fef-4a57-9855-6ae61951e6b8","x":1,"y":1}}]}[39m
[35m[UiAutomator2][39m calling get location: 9d943915-1fef-4a57-9855-6ae61951e6b8
[35m[HTTP][39m [37m<-- POST /wd/hub/session/c808df8c-3637-4404-a8b2-174dea321ec4/touch/perform [39m[32m200[39m [90m1713 ms - 76[39m
[35m[HTTP][39m [90m[39m
[35m[HTTP][39m [37m-->[39m [37mDELETE[39m [37m/wd/hub/session/c808df8c-3637-4404-a8b2-174dea321ec4[39m
[35m[HTTP][39m [90m{}[39m
[35m[Appium][39m Removing session c808df8c-3637-4404-a8b2-174dea321ec4 from our master session list
[35m[HTTP][39m [37m<-- DELETE /wd/hub/session/c808df8c-3637-4404-a8b2-174dea321ec4 [39m[32m200[39m [90m1310 ms - 76[39m
[35m[HTTP][39m [90m[39m
