[35m[Appium][39m Welcome to Appium v1.8.1
[35m[Appium][39m Non-default server args:
[35m[Appium][39m   port: 51922
[35m[Appium][39m   loglevel: info
[35m[Appium][39m   chromeDriverPort: 51923
[35m[Appium][39m   tmpDir: C:\Users\denni\AppData\Local\Temp\\Katalon\Appium\Temp1552238617616
[35m[Appium][39m Appium REST http interface listener started on 0.0.0.0:51922
[35m[HTTP][39m [37m-->[39m [37mGET[39m [37m/wd/hub/status[39m
[35m[HTTP][39m [90m{}[39m
[35m[HTTP][39m [37m<-- GET /wd/hub/status [39m[32m200[39m [90m21 ms - 83[39m
[35m[HTTP][39m [90m[39m
[35m[HTTP][39m [37m-->[39m [37mPOST[39m [37m/wd/hub/session[39m
[35m[HTTP][39m [90m{"desiredCapabilities":{"app":"C:\\Users\\denni\\git\\SafeBoda\\SafeBoda Apps\\app-driver.apk","autoGrantPermissions":true,"automationName":"uiautomator2","deviceName":"CUBOT CUBOT NOTE Plus (Android 7.0)","fullReset":false,"newCommandTimeout":1800,"noReset":true,"platform":"ANDROID","platformName":"Android","udid":"C509XXBH81110634"},"capabilities":{"desiredCapabilities":{"app":"C:\\Users\\denni\\git\\SafeBoda\\SafeBoda Apps\\app-driver.apk","autoGrantPermissions":true,"automationName":"uiautomator2","deviceName":"CUBOT CUBOT NOTE Plus (Android 7.0)","fullReset":false,"newCommandTimeout":1800,"noReset":true,"platform":"ANDROID","platformName":"Android","udid":"C509XXBH81110634"},"firstMatch":[{"platformName":"android"}]}}[39m
[35m[Appium][39m Could not parse W3C capabilities: 'deviceName' can't be blank. Falling back to JSONWP protocol.
[35m[Appium][39m The following capabilities were provided in the JSONWP desired capabilities that are missing in W3C capabilities: ["app","autoGrantPermissions","automationName","deviceName","fullReset","newCommandTimeout","noReset","platform","platformName","udid"]. Falling back to JSONWP protocol.
[35m[Appium][39m Creating new AndroidUiautomator2Driver (v1.12.0) session
[35m[Appium][39m Capabilities:
[35m[Appium][39m   app: C:\Users\denni\git\SafeBoda\SafeBoda Apps\app-driver.apk
[35m[Appium][39m   autoGrantPermissions: true
[35m[Appium][39m   automationName: uiautomator2
[35m[Appium][39m   deviceName: CUBOT CUBOT NOTE Plus (Android 7.0)
[35m[Appium][39m   fullReset: false
[35m[Appium][39m   newCommandTimeout: 1800
[35m[Appium][39m   noReset: true
[35m[Appium][39m   platform: ANDROID
[35m[Appium][39m   platformName: Android
[35m[Appium][39m   udid: C509XXBH81110634
[35m[BaseDriver][39m The following capabilities were provided, but are not recognized by appium: platform.
[35m[BaseDriver][39m Session created with session id: 175b564e-0317-4d3e-97f4-018f40069749
[35m[BaseDriver][39m Using local app 'C:\Users\denni\git\SafeBoda\SafeBoda Apps\app-driver.apk'
[35m[AndroidDriver][39m Java version is: 1.8.0_181
[35m[ADB][39m Checking whether adb is present
[35m[ADB][39m Found 1 'build-tools' folders under 'C:\Users\denni\.katalon\tools\android_sdk' (newest first):
[35m[ADB][39m     C:/Users/denni/.katalon/tools/android_sdk/build-tools/28.0.3
[35m[ADB][39m Using adb.exe from C:\Users\denni\.katalon\tools\android_sdk\platform-tools\adb.exe
[35m[AndroidDriver][39m Retrieving device list
[35m[AndroidDriver][39m Using device: C509XXBH81110634
[35m[ADB][39m Using the alternative activity name detection method because of: Could not find apkanalyzer.bat in C:\Users\denni\.katalon\tools\android_sdk\platform-tools\apkanalyzer.bat,C:\Users\denni\.katalon\tools\android_sdk\emulator\apkanalyzer.bat,C:\Users\denni\.katalon\tools\android_sdk\tools\apkanalyzer.bat,C:\Users\denni\.katalon\tools\android_sdk\tools\bin\apkanalyzer.bat,C:\Users\denni\.katalon\tools\android_sdk\build-tools\28.0.3\apkanalyzer.bat. Do you have the Android SDK installed at 'C:\Users\denni\.katalon\tools\android_sdk'?
[35m[ADB][39m Checking whether aapt is present
[35m[ADB][39m Using aapt.exe from C:\Users\denni\.katalon\tools\android_sdk\build-tools\28.0.3\aapt.exe
[35m[ADB][39m Extracting package and launch activity from manifest
[35m[ADB][39m Package name: 'com.safeboda.driver'
[35m[ADB][39m Main activity name: 'com.safeboda.driver.presentation.start.StartActivity'
[35m[ADB][39m Getting device platform version
[35m[ADB][39m Using apksigner.bat from C:\Users\denni\.katalon\tools\android_sdk\build-tools\28.0.3\apksigner.bat
[35m[ADB][39m Checking whether zipalign is present
[35m[ADB][39m Using zipalign.exe from C:\Users\denni\.katalon\tools\android_sdk\build-tools\28.0.3\zipalign.exe
[35m[ADB][39m io.appium.uiautomator2.server was successfully uninstalled
[35m[ADB][39m io.appium.uiautomator2.server.test was successfully uninstalled
[35m[AndroidDriver][39m setDeviceLanguageCountry requires language or country.
[35m[AndroidDriver][39m Got language: 'null' and country: 'null'
[35m[ADB][39m Successfully extracted 523 strings from 'C:\Users\denni\git\SafeBoda\SafeBoda Apps\app-driver.apk' resources for '(default)' configuration
[35m[UiAutomator2][39m Starting uiautomator2 server 1.12.0
[35m[UiAutomator2][39m Using UIAutomator2 server from 'C:\Users\denni\AppData\Roaming\npm\node_modules\appium\node_modules\appium-uiautomator2-server\apks\appium-uiautomator2-server-v1.12.0.apk' and test from 'C:\Users\denni\AppData\Roaming\npm\node_modules\appium\node_modules\appium-uiautomator2-server\apks\appium-uiautomator2-server-debug-androidTest.apk'
[35m[UiAutomator2][39m Running command: 'adb -s C509XXBH81110634 shell am instrument -w io.appium.uiautomator2.server.test/android.support.test.runner.AndroidJUnitRunner'
[35m[UiAutomator2][39m Waiting up to 20000ms for UiAutomator2 to be online...
[35m[AndroidDriver][39m Screen already unlocked, doing nothing
[35m[UiAutomator2][39m UiAutomator2 did not start the activity we were waiting for, 'com.safeboda.driver/com.safeboda.driver.presentation.start.StartActivity'. Starting it ourselves
[35m[Appium][39m New AndroidUiautomator2Driver session created successfully, session 175b564e-0317-4d3e-97f4-018f40069749 added to master session list
[35m[HTTP][39m [37m<-- POST /wd/hub/session [39m[32m200[39m [90m37964 ms - 1193[39m
[35m[HTTP][39m [90m[39m
[35m[HTTP][39m [37m-->[39m [37mGET[39m [37m/wd/hub/status[39m
[35m[HTTP][39m [90m{}[39m
[35m[HTTP][39m [37m<-- GET /wd/hub/status [39m[32m200[39m [90m6 ms - 55[39m
[35m[HTTP][39m [90m[39m
[35m[HTTP][39m [37m-->[39m [37mPOST[39m [37m/wd/hub/session/175b564e-0317-4d3e-97f4-018f40069749/timeouts[39m
[35m[HTTP][39m [90m{"type":"implicit","ms":30000}[39m
[35m[HTTP][39m [37m<-- POST /wd/hub/session/175b564e-0317-4d3e-97f4-018f40069749/timeouts [39m[33m400[39m [90m38 ms - 5204[39m
[35m[HTTP][39m [90m[39m
[35m[HTTP][39m [37m-->[39m [37mGET[39m [37m/wd/hub/session/175b564e-0317-4d3e-97f4-018f40069749/window/current/size[39m
[35m[HTTP][39m [90m{}[39m
[35m[W3C][39m Driver proxy active, passing request on via HTTP proxy
[35m[JSONWP Proxy][39m Replacing sessionId 1bc434bc-13a5-4bc2-848c-d9441ba8aa1b with 175b564e-0317-4d3e-97f4-018f40069749
[35m[HTTP][39m [37m<-- GET /wd/hub/session/175b564e-0317-4d3e-97f4-018f40069749/window/current/size [39m[32m200[39m [90m196 ms - 100[39m
[35m[HTTP][39m [90m[39m
[35m[HTTP][39m [37m-->[39m [37mPOST[39m [37m/wd/hub/session/175b564e-0317-4d3e-97f4-018f40069749/elements[39m
[35m[HTTP][39m [90m{"using":"-android uiautomator","value":"new UiSelector().className(\"android.widget.Button\").text(\"Continue with Google\").resourceId(\"com.safeboda.driver:id/googleSignInButton\").instance(0)"}[39m
[35m[HTTP][39m [37m<-- POST /wd/hub/session/175b564e-0317-4d3e-97f4-018f40069749/elements [39m[32m200[39m [90m190 ms - 74[39m
[35m[HTTP][39m [90m[39m
[35m[HTTP][39m [37m-->[39m [37mPOST[39m [37m/wd/hub/session/175b564e-0317-4d3e-97f4-018f40069749/elements[39m
[35m[HTTP][39m [90m{"using":"-android uiautomator","value":"new UiSelector().className(\"android.widget.Button\").text(\"Continue with Google\").resourceId(\"com.safeboda.driver:id/googleSignInButton\").instance(0)"}[39m
[35m[HTTP][39m [37m<-- POST /wd/hub/session/175b564e-0317-4d3e-97f4-018f40069749/elements [39m[32m200[39m [90m123 ms - 74[39m
[35m[HTTP][39m [90m[39m
[35m[HTTP][39m [37m-->[39m [37mPOST[39m [37m/wd/hub/session/175b564e-0317-4d3e-97f4-018f40069749/elements[39m
[35m[HTTP][39m [90m{"using":"-android uiautomator","value":"new UiSelector().className(\"android.widget.Button\").text(\"Continue with Google\").resourceId(\"com.safeboda.driver:id/googleSignInButton\").instance(0)"}[39m
[35m[HTTP][39m [37m<-- POST /wd/hub/session/175b564e-0317-4d3e-97f4-018f40069749/elements [39m[32m200[39m [90m179 ms - 74[39m
[35m[HTTP][39m [90m[39m
[35m[HTTP][39m [37m-->[39m [37mPOST[39m [37m/wd/hub/session/175b564e-0317-4d3e-97f4-018f40069749/elements[39m
[35m[HTTP][39m [90m{"using":"-android uiautomator","value":"new UiSelector().className(\"android.widget.Button\").text(\"Continue with Google\").resourceId(\"com.safeboda.driver:id/googleSignInButton\").instance(0)"}[39m
[35m[HTTP][39m [37m<-- POST /wd/hub/session/175b564e-0317-4d3e-97f4-018f40069749/elements [39m[32m200[39m [90m136 ms - 74[39m
[35m[HTTP][39m [90m[39m
[35m[HTTP][39m [37m-->[39m [37mPOST[39m [37m/wd/hub/session/175b564e-0317-4d3e-97f4-018f40069749/elements[39m
[35m[HTTP][39m [90m{"using":"-android uiautomator","value":"new UiSelector().className(\"android.widget.Button\").text(\"Continue with Google\").resourceId(\"com.safeboda.driver:id/googleSignInButton\").instance(0)"}[39m
[35m[HTTP][39m [37m<-- POST /wd/hub/session/175b564e-0317-4d3e-97f4-018f40069749/elements [39m[32m200[39m [90m46 ms - 74[39m
[35m[HTTP][39m [90m[39m
[35m[HTTP][39m [37m-->[39m [37mPOST[39m [37m/wd/hub/session/175b564e-0317-4d3e-97f4-018f40069749/elements[39m
[35m[HTTP][39m [90m{"using":"-android uiautomator","value":"new UiSelector().className(\"android.widget.Button\").text(\"Continue with Google\").resourceId(\"com.safeboda.driver:id/googleSignInButton\").instance(0)"}[39m
[35m[HTTP][39m [37m<-- POST /wd/hub/session/175b564e-0317-4d3e-97f4-018f40069749/elements [39m[32m200[39m [90m50 ms - 74[39m
[35m[HTTP][39m [90m[39m
[35m[HTTP][39m [37m-->[39m [37mPOST[39m [37m/wd/hub/session/175b564e-0317-4d3e-97f4-018f40069749/elements[39m
[35m[HTTP][39m [90m{"using":"-android uiautomator","value":"new UiSelector().className(\"android.widget.Button\").text(\"Continue with Google\").resourceId(\"com.safeboda.driver:id/googleSignInButton\").instance(0)"}[39m
[35m[HTTP][39m [37m<-- POST /wd/hub/session/175b564e-0317-4d3e-97f4-018f40069749/elements [39m[32m200[39m [90m47 ms - 74[39m
[35m[HTTP][39m [90m[39m
[35m[HTTP][39m [37m-->[39m [37mPOST[39m [37m/wd/hub/session/175b564e-0317-4d3e-97f4-018f40069749/elements[39m
[35m[HTTP][39m [90m{"using":"-android uiautomator","value":"new UiSelector().className(\"android.widget.Button\").text(\"Continue with Google\").resourceId(\"com.safeboda.driver:id/googleSignInButton\").instance(0)"}[39m
[35m[HTTP][39m [37m<-- POST /wd/hub/session/175b564e-0317-4d3e-97f4-018f40069749/elements [39m[32m200[39m [90m45 ms - 74[39m
[35m[HTTP][39m [90m[39m
[35m[HTTP][39m [37m-->[39m [37mPOST[39m [37m/wd/hub/session/175b564e-0317-4d3e-97f4-018f40069749/elements[39m
[35m[HTTP][39m [90m{"using":"-android uiautomator","value":"new UiSelector().className(\"android.widget.Button\").text(\"Continue with Google\").resourceId(\"com.safeboda.driver:id/googleSignInButton\").instance(0)"}[39m
[35m[HTTP][39m [37m<-- POST /wd/hub/session/175b564e-0317-4d3e-97f4-018f40069749/elements [39m[32m200[39m [90m50 ms - 74[39m
[35m[HTTP][39m [90m[39m
[35m[HTTP][39m [37m-->[39m [37mPOST[39m [37m/wd/hub/session/175b564e-0317-4d3e-97f4-018f40069749/elements[39m
[35m[HTTP][39m [90m{"using":"-android uiautomator","value":"new UiSelector().className(\"android.widget.Button\").text(\"Continue with Google\").resourceId(\"com.safeboda.driver:id/googleSignInButton\").instance(0)"}[39m
[35m[HTTP][39m [37m<-- POST /wd/hub/session/175b564e-0317-4d3e-97f4-018f40069749/elements [39m[32m200[39m [90m37 ms - 74[39m
[35m[HTTP][39m [90m[39m
[35m[HTTP][39m [37m-->[39m [37mPOST[39m [37m/wd/hub/session/175b564e-0317-4d3e-97f4-018f40069749/elements[39m
[35m[HTTP][39m [90m{"using":"-android uiautomator","value":"new UiSelector().className(\"android.widget.Button\").text(\"Continue with Google\").resourceId(\"com.safeboda.driver:id/googleSignInButton\").instance(0)"}[39m
[35m[HTTP][39m [37m<-- POST /wd/hub/session/175b564e-0317-4d3e-97f4-018f40069749/elements [39m[32m200[39m [90m35 ms - 74[39m
[35m[HTTP][39m [90m[39m
[35m[HTTP][39m [37m-->[39m [37mPOST[39m [37m/wd/hub/session/175b564e-0317-4d3e-97f4-018f40069749/elements[39m
[35m[HTTP][39m [90m{"using":"-android uiautomator","value":"new UiSelector().className(\"android.widget.Button\").text(\"Continue with Google\").resourceId(\"com.safeboda.driver:id/googleSignInButton\").instance(0)"}[39m
[35m[HTTP][39m [37m<-- POST /wd/hub/session/175b564e-0317-4d3e-97f4-018f40069749/elements [39m[32m200[39m [90m36 ms - 74[39m
[35m[HTTP][39m [90m[39m
[35m[HTTP][39m [37m-->[39m [37mPOST[39m [37m/wd/hub/session/175b564e-0317-4d3e-97f4-018f40069749/elements[39m
[35m[HTTP][39m [90m{"using":"-android uiautomator","value":"new UiSelector().className(\"android.widget.Button\").text(\"Continue with Google\").resourceId(\"com.safeboda.driver:id/googleSignInButton\").instance(0)"}[39m
[35m[HTTP][39m [37m<-- POST /wd/hub/session/175b564e-0317-4d3e-97f4-018f40069749/elements [39m[32m200[39m [90m31 ms - 74[39m
[35m[HTTP][39m [90m[39m
[35m[HTTP][39m [37m-->[39m [37mPOST[39m [37m/wd/hub/session/175b564e-0317-4d3e-97f4-018f40069749/elements[39m
[35m[HTTP][39m [90m{"using":"-android uiautomator","value":"new UiSelector().className(\"android.widget.Button\").text(\"Continue with Google\").resourceId(\"com.safeboda.driver:id/googleSignInButton\").instance(0)"}[39m
[35m[HTTP][39m [37m<-- POST /wd/hub/session/175b564e-0317-4d3e-97f4-018f40069749/elements [39m[32m200[39m [90m31 ms - 74[39m
[35m[HTTP][39m [90m[39m
[35m[HTTP][39m [37m-->[39m [37mPOST[39m [37m/wd/hub/session/175b564e-0317-4d3e-97f4-018f40069749/elements[39m
[35m[HTTP][39m [90m{"using":"-android uiautomator","value":"new UiSelector().className(\"android.widget.Button\").text(\"Continue with Google\").resourceId(\"com.safeboda.driver:id/googleSignInButton\").instance(0)"}[39m
[35m[HTTP][39m [37m<-- POST /wd/hub/session/175b564e-0317-4d3e-97f4-018f40069749/elements [39m[32m200[39m [90m32 ms - 74[39m
[35m[HTTP][39m [90m[39m
[35m[HTTP][39m [37m-->[39m [37mPOST[39m [37m/wd/hub/session/175b564e-0317-4d3e-97f4-018f40069749/elements[39m
[35m[HTTP][39m [90m{"using":"-android uiautomator","value":"new UiSelector().className(\"android.widget.Button\").text(\"Continue with Google\").resourceId(\"com.safeboda.driver:id/googleSignInButton\").instance(0)"}[39m
[35m[HTTP][39m [37m<-- POST /wd/hub/session/175b564e-0317-4d3e-97f4-018f40069749/elements [39m[32m200[39m [90m34 ms - 74[39m
[35m[HTTP][39m [90m[39m
[35m[HTTP][39m [37m-->[39m [37mPOST[39m [37m/wd/hub/session/175b564e-0317-4d3e-97f4-018f40069749/elements[39m
[35m[HTTP][39m [90m{"using":"-android uiautomator","value":"new UiSelector().className(\"android.widget.Button\").text(\"Continue with Google\").resourceId(\"com.safeboda.driver:id/googleSignInButton\").instance(0)"}[39m
[35m[HTTP][39m [37m<-- POST /wd/hub/session/175b564e-0317-4d3e-97f4-018f40069749/elements [39m[32m200[39m [90m31 ms - 74[39m
[35m[HTTP][39m [90m[39m
[35m[HTTP][39m [37m-->[39m [37mPOST[39m [37m/wd/hub/session/175b564e-0317-4d3e-97f4-018f40069749/elements[39m
[35m[HTTP][39m [90m{"using":"-android uiautomator","value":"new UiSelector().className(\"android.widget.Button\").text(\"Continue with Google\").resourceId(\"com.safeboda.driver:id/googleSignInButton\").instance(0)"}[39m
[35m[HTTP][39m [37m<-- POST /wd/hub/session/175b564e-0317-4d3e-97f4-018f40069749/elements [39m[32m200[39m [90m47 ms - 74[39m
[35m[HTTP][39m [90m[39m
[35m[HTTP][39m [37m-->[39m [37mPOST[39m [37m/wd/hub/session/175b564e-0317-4d3e-97f4-018f40069749/elements[39m
[35m[HTTP][39m [90m{"using":"-android uiautomator","value":"new UiSelector().className(\"android.widget.Button\").text(\"Continue with Google\").resourceId(\"com.safeboda.driver:id/googleSignInButton\").instance(0)"}[39m
[35m[HTTP][39m [37m<-- POST /wd/hub/session/175b564e-0317-4d3e-97f4-018f40069749/elements [39m[32m200[39m [90m59 ms - 74[39m
[35m[HTTP][39m [90m[39m
[35m[HTTP][39m [37m-->[39m [37mPOST[39m [37m/wd/hub/session/175b564e-0317-4d3e-97f4-018f40069749/elements[39m
[35m[HTTP][39m [90m{"using":"-android uiautomator","value":"new UiSelector().className(\"android.widget.Button\").text(\"Continue with Google\").resourceId(\"com.safeboda.driver:id/googleSignInButton\").instance(0)"}[39m
[35m[HTTP][39m [37m<-- POST /wd/hub/session/175b564e-0317-4d3e-97f4-018f40069749/elements [39m[32m200[39m [90m50 ms - 74[39m
[35m[HTTP][39m [90m[39m
[35m[HTTP][39m [37m-->[39m [37mPOST[39m [37m/wd/hub/session/175b564e-0317-4d3e-97f4-018f40069749/elements[39m
[35m[HTTP][39m [90m{"using":"-android uiautomator","value":"new UiSelector().className(\"android.widget.Button\").text(\"Continue with Google\").resourceId(\"com.safeboda.driver:id/googleSignInButton\").instance(0)"}[39m
[35m[HTTP][39m [37m<-- POST /wd/hub/session/175b564e-0317-4d3e-97f4-018f40069749/elements [39m[32m200[39m [90m39 ms - 74[39m
[35m[HTTP][39m [90m[39m
[35m[HTTP][39m [37m-->[39m [37mPOST[39m [37m/wd/hub/session/175b564e-0317-4d3e-97f4-018f40069749/elements[39m
[35m[HTTP][39m [90m{"using":"-android uiautomator","value":"new UiSelector().className(\"android.widget.Button\").text(\"Continue with Google\").resourceId(\"com.safeboda.driver:id/googleSignInButton\").instance(0)"}[39m
[35m[HTTP][39m [37m<-- POST /wd/hub/session/175b564e-0317-4d3e-97f4-018f40069749/elements [39m[32m200[39m [90m31 ms - 74[39m
[35m[HTTP][39m [90m[39m
[35m[HTTP][39m [37m-->[39m [37mPOST[39m [37m/wd/hub/session/175b564e-0317-4d3e-97f4-018f40069749/elements[39m
[35m[HTTP][39m [90m{"using":"-android uiautomator","value":"new UiSelector().className(\"android.widget.Button\").text(\"Continue with Google\").resourceId(\"com.safeboda.driver:id/googleSignInButton\").instance(0)"}[39m
[35m[HTTP][39m [37m<-- POST /wd/hub/session/175b564e-0317-4d3e-97f4-018f40069749/elements [39m[32m200[39m [90m43 ms - 74[39m
[35m[HTTP][39m [90m[39m
[35m[HTTP][39m [37m-->[39m [37mPOST[39m [37m/wd/hub/session/175b564e-0317-4d3e-97f4-018f40069749/elements[39m
[35m[HTTP][39m [90m{"using":"-android uiautomator","value":"new UiSelector().className(\"android.widget.Button\").text(\"Continue with Google\").resourceId(\"com.safeboda.driver:id/googleSignInButton\").instance(0)"}[39m
[35m[HTTP][39m [37m<-- POST /wd/hub/session/175b564e-0317-4d3e-97f4-018f40069749/elements [39m[32m200[39m [90m43 ms - 74[39m
[35m[HTTP][39m [90m[39m
[35m[HTTP][39m [37m-->[39m [37mPOST[39m [37m/wd/hub/session/175b564e-0317-4d3e-97f4-018f40069749/elements[39m
[35m[HTTP][39m [90m{"using":"-android uiautomator","value":"new UiSelector().className(\"android.widget.Button\").text(\"Continue with Google\").resourceId(\"com.safeboda.driver:id/googleSignInButton\").instance(0)"}[39m
[35m[HTTP][39m [37m<-- POST /wd/hub/session/175b564e-0317-4d3e-97f4-018f40069749/elements [39m[32m200[39m [90m38 ms - 74[39m
[35m[HTTP][39m [90m[39m
[35m[HTTP][39m [37m-->[39m [37mGET[39m [37m/wd/hub/session/175b564e-0317-4d3e-97f4-018f40069749/context[39m
[35m[HTTP][39m [90m{}[39m
[35m[HTTP][39m [37m<-- GET /wd/hub/session/175b564e-0317-4d3e-97f4-018f40069749/context [39m[32m200[39m [90m8 ms - 84[39m
[35m[HTTP][39m [90m[39m
[35m[HTTP][39m [37m-->[39m [37mGET[39m [37m/wd/hub/session/175b564e-0317-4d3e-97f4-018f40069749/contexts[39m
[35m[HTTP][39m [90m{}[39m
[35m[HTTP][39m [37m<-- GET /wd/hub/session/175b564e-0317-4d3e-97f4-018f40069749/contexts [39m[32m200[39m [90m105 ms - 103[39m
[35m[HTTP][39m [90m[39m
[35m[HTTP][39m [37m-->[39m [37mPOST[39m [37m/wd/hub/session/175b564e-0317-4d3e-97f4-018f40069749/context[39m
[35m[HTTP][39m [90m{"name":"NATIVE_APP"}[39m
[35m[HTTP][39m [37m<-- POST /wd/hub/session/175b564e-0317-4d3e-97f4-018f40069749/context [39m[32m200[39m [90m82 ms - 76[39m
[35m[HTTP][39m [90m[39m
[35m[HTTP][39m [37m-->[39m [37mGET[39m [37m/wd/hub/session/175b564e-0317-4d3e-97f4-018f40069749/screenshot[39m
[35m[HTTP][39m [90m{}[39m
[35m[HTTP][39m [37m<-- GET /wd/hub/session/175b564e-0317-4d3e-97f4-018f40069749/screenshot [39m[32m200[39m [90m691 ms - 151834[39m
[35m[HTTP][39m [90m[39m
[35m[HTTP][39m [37m-->[39m [37mPOST[39m [37m/wd/hub/session/175b564e-0317-4d3e-97f4-018f40069749/context[39m
[35m[HTTP][39m [90m{"name":"NATIVE_APP"}[39m
[35m[HTTP][39m [37m<-- POST /wd/hub/session/175b564e-0317-4d3e-97f4-018f40069749/context [39m[32m200[39m [90m118 ms - 76[39m
[35m[HTTP][39m [90m[39m
[35m[HTTP][39m [37m-->[39m [37mGET[39m [37m/wd/hub/session/175b564e-0317-4d3e-97f4-018f40069749/context[39m
[35m[HTTP][39m [90m{}[39m
[35m[HTTP][39m [37m<-- GET /wd/hub/session/175b564e-0317-4d3e-97f4-018f40069749/context [39m[32m200[39m [90m3 ms - 84[39m
[35m[HTTP][39m [90m[39m
[35m[HTTP][39m [37m-->[39m [37mGET[39m [37m/wd/hub/session/175b564e-0317-4d3e-97f4-018f40069749/contexts[39m
[35m[HTTP][39m [90m{}[39m
[35m[HTTP][39m [37m<-- GET /wd/hub/session/175b564e-0317-4d3e-97f4-018f40069749/contexts [39m[32m200[39m [90m96 ms - 103[39m
[35m[HTTP][39m [90m[39m
[35m[HTTP][39m [37m-->[39m [37mPOST[39m [37m/wd/hub/session/175b564e-0317-4d3e-97f4-018f40069749/context[39m
[35m[HTTP][39m [90m{"name":"NATIVE_APP"}[39m
[35m[HTTP][39m [37m<-- POST /wd/hub/session/175b564e-0317-4d3e-97f4-018f40069749/context [39m[32m200[39m [90m93 ms - 76[39m
[35m[HTTP][39m [90m[39m
[35m[HTTP][39m [37m-->[39m [37mGET[39m [37m/wd/hub/session/175b564e-0317-4d3e-97f4-018f40069749/screenshot[39m
[35m[HTTP][39m [90m{}[39m
[35m[HTTP][39m [37m<-- GET /wd/hub/session/175b564e-0317-4d3e-97f4-018f40069749/screenshot [39m[32m200[39m [90m721 ms - 151834[39m
[35m[HTTP][39m [90m[39m
[35m[HTTP][39m [37m-->[39m [37mPOST[39m [37m/wd/hub/session/175b564e-0317-4d3e-97f4-018f40069749/context[39m
[35m[HTTP][39m [90m{"name":"NATIVE_APP"}[39m
[35m[HTTP][39m [37m<-- POST /wd/hub/session/175b564e-0317-4d3e-97f4-018f40069749/context [39m[32m200[39m [90m190 ms - 76[39m
[35m[HTTP][39m [90m[39m
[35m[HTTP][39m [37m-->[39m [37mGET[39m [37m/wd/hub/status[39m
[35m[HTTP][39m [90m{}[39m
[35m[HTTP][39m [37m<-- GET /wd/hub/status [39m[32m200[39m [90m6 ms - 55[39m
[35m[HTTP][39m [90m[39m
[35m[HTTP][39m [37m-->[39m [37mPOST[39m [37m/wd/hub/session[39m
[35m[HTTP][39m [90m{"desiredCapabilities":{"app":"C:\\Users\\denni\\git\\SafeBoda\\SafeBoda Apps\\app-passenger.apk","autoGrantPermissions":true,"automationName":"uiautomator2","deviceName":"CUBOT CUBOT NOTE Plus (Android 7.0)","fullReset":false,"newCommandTimeout":1800,"noReset":true,"platform":"ANDROID","platformName":"Android","udid":"C509XXBH81110634"},"capabilities":{"desiredCapabilities":{"app":"C:\\Users\\denni\\git\\SafeBoda\\SafeBoda Apps\\app-passenger.apk","autoGrantPermissions":true,"automationName":"uiautomator2","deviceName":"CUBOT CUBOT NOTE Plus (Android 7.0)","fullReset":false,"newCommandTimeout":1800,"noReset":true,"platform":"ANDROID","platformName":"Android","udid":"C509XXBH81110634"},"firstMatch":[{"platformName":"android"}]}}[39m
[35m[Appium][39m Could not parse W3C capabilities: 'deviceName' can't be blank. Falling back to JSONWP protocol.
[35m[Appium][39m The following capabilities were provided in the JSONWP desired capabilities that are missing in W3C capabilities: ["app","autoGrantPermissions","automationName","deviceName","fullReset","newCommandTimeout","noReset","platform","platformName","udid"]. Falling back to JSONWP protocol.
[35m[Appium][39m Creating new AndroidUiautomator2Driver (v1.12.0) session
[35m[Appium][39m Capabilities:
[35m[Appium][39m   app: C:\Users\denni\git\SafeBoda\SafeBoda Apps\app-passenger.apk
[35m[Appium][39m   autoGrantPermissions: true
[35m[Appium][39m   automationName: uiautomator2
[35m[Appium][39m   deviceName: CUBOT CUBOT NOTE Plus (Android 7.0)
[35m[Appium][39m   fullReset: false
[35m[Appium][39m   newCommandTimeout: 1800
[35m[Appium][39m   noReset: true
[35m[Appium][39m   platform: ANDROID
[35m[Appium][39m   platformName: Android
[35m[Appium][39m   udid: C509XXBH81110634
[35m[BaseDriver][39m The following capabilities were provided, but are not recognized by appium: platform.
[35m[BaseDriver][39m Session created with session id: f9312d62-1e90-46e9-8044-0ecef5493e38
[35m[BaseDriver][39m Using local app 'C:\Users\denni\git\SafeBoda\SafeBoda Apps\app-passenger.apk'
[35m[AndroidDriver][39m Java version is: 1.8.0_181
[35m[AndroidDriver][39m Retrieving device list
[35m[AndroidDriver][39m Using device: C509XXBH81110634
[35m[ADB][39m Using the alternative activity name detection method because of: Could not find apkanalyzer.bat in C:\Users\denni\.katalon\tools\android_sdk\platform-tools\apkanalyzer.bat,C:\Users\denni\.katalon\tools\android_sdk\emulator\apkanalyzer.bat,C:\Users\denni\.katalon\tools\android_sdk\tools\apkanalyzer.bat,C:\Users\denni\.katalon\tools\android_sdk\tools\bin\apkanalyzer.bat,C:\Users\denni\.katalon\tools\android_sdk\build-tools\28.0.3\apkanalyzer.bat. Do you have the Android SDK installed at 'C:\Users\denni\.katalon\tools\android_sdk'?
[35m[ADB][39m Extracting package and launch activity from manifest
[35m[ADB][39m Package name: 'com.safeboda.passenger'
[35m[ADB][39m Main activity name: 'com.safeboda.passenger.start.StartActivity'
[35m[ADB][39m Getting device platform version
[35m[ADB][39m io.appium.uiautomator2.server was successfully uninstalled
[35m[ADB][39m io.appium.uiautomator2.server.test was successfully uninstalled
[35m[AndroidDriver][39m setDeviceLanguageCountry requires language or country.
[35m[AndroidDriver][39m Got language: 'null' and country: 'null'
[35m[ADB][39m Successfully extracted 678 strings from 'C:\Users\denni\git\SafeBoda\SafeBoda Apps\app-passenger.apk' resources for '(default)' configuration
[35m[UiAutomator2][39m Starting uiautomator2 server 1.12.0
[35m[UiAutomator2][39m Using UIAutomator2 server from 'C:\Users\denni\AppData\Roaming\npm\node_modules\appium\node_modules\appium-uiautomator2-server\apks\appium-uiautomator2-server-v1.12.0.apk' and test from 'C:\Users\denni\AppData\Roaming\npm\node_modules\appium\node_modules\appium-uiautomator2-server\apks\appium-uiautomator2-server-debug-androidTest.apk'
[35m[UiAutomator2][39m Running command: 'adb -s C509XXBH81110634 shell am instrument -w io.appium.uiautomator2.server.test/android.support.test.runner.AndroidJUnitRunner'
[35m[UiAutomator2][39m Waiting up to 20000ms for UiAutomator2 to be online...
[35m[AndroidDriver][39m Screen already unlocked, doing nothing
[35m[UiAutomator2][39m UiAutomator2 did not start the activity we were waiting for, 'com.safeboda.passenger/com.safeboda.passenger.start.StartActivity'. Starting it ourselves
[35m[Appium][39m New AndroidUiautomator2Driver session created successfully, session f9312d62-1e90-46e9-8044-0ecef5493e38 added to master session list
[35m[HTTP][39m [37m<-- POST /wd/hub/session [39m[32m200[39m [90m34803 ms - 1202[39m
[35m[HTTP][39m [90m[39m
[35m[HTTP][39m [37m-->[39m [37mGET[39m [37m/wd/hub/status[39m
[35m[HTTP][39m [90m{}[39m
[35m[HTTP][39m [37m<-- GET /wd/hub/status [39m[32m200[39m [90m8 ms - 55[39m
[35m[HTTP][39m [90m[39m
[35m[HTTP][39m [37m-->[39m [37mPOST[39m [37m/wd/hub/session/f9312d62-1e90-46e9-8044-0ecef5493e38/timeouts[39m
[35m[HTTP][39m [90m{"type":"implicit","ms":30000}[39m
[35m[HTTP][39m [37m<-- POST /wd/hub/session/f9312d62-1e90-46e9-8044-0ecef5493e38/timeouts [39m[33m400[39m [90m3 ms - 5204[39m
[35m[HTTP][39m [90m[39m
[35m[HTTP][39m [37m-->[39m [37mGET[39m [37m/wd/hub/session/f9312d62-1e90-46e9-8044-0ecef5493e38/window/current/size[39m
[35m[HTTP][39m [90m{}[39m
[35m[W3C][39m Driver proxy active, passing request on via HTTP proxy
[35m[JSONWP Proxy][39m Replacing sessionId 163e4804-73a5-46dd-9067-2ae7a813732c with f9312d62-1e90-46e9-8044-0ecef5493e38
[35m[HTTP][39m [37m<-- GET /wd/hub/session/f9312d62-1e90-46e9-8044-0ecef5493e38/window/current/size [39m[32m200[39m [90m53 ms - 100[39m
[35m[HTTP][39m [90m[39m
[35m[HTTP][39m [37m-->[39m [37mPOST[39m [37m/wd/hub/session/f9312d62-1e90-46e9-8044-0ecef5493e38/elements[39m
[35m[HTTP][39m [90m{"using":"-android uiautomator","value":"new UiSelector().className(\"android.widget.EditText\").text(\"Search location\").resourceId(\"com.safeboda.passenger:id/locationEditText\").instance(0)"}[39m
[35m[HTTP][39m [37m<-- POST /wd/hub/session/f9312d62-1e90-46e9-8044-0ecef5493e38/elements [39m[32m200[39m [90m199 ms - 74[39m
[35m[HTTP][39m [90m[39m
[35m[HTTP][39m [37m-->[39m [37mPOST[39m [37m/wd/hub/session/f9312d62-1e90-46e9-8044-0ecef5493e38/elements[39m
[35m[HTTP][39m [90m{"using":"-android uiautomator","value":"new UiSelector().className(\"android.widget.EditText\").text(\"Search location\").resourceId(\"com.safeboda.passenger:id/locationEditText\").instance(0)"}[39m
[35m[HTTP][39m [37m<-- POST /wd/hub/session/f9312d62-1e90-46e9-8044-0ecef5493e38/elements [39m[32m200[39m [90m106 ms - 74[39m
[35m[HTTP][39m [90m[39m
[35m[HTTP][39m [37m-->[39m [37mPOST[39m [37m/wd/hub/session/f9312d62-1e90-46e9-8044-0ecef5493e38/elements[39m
[35m[HTTP][39m [90m{"using":"-android uiautomator","value":"new UiSelector().className(\"android.widget.EditText\").text(\"Search location\").resourceId(\"com.safeboda.passenger:id/locationEditText\").instance(0)"}[39m
[35m[HTTP][39m [37m<-- POST /wd/hub/session/f9312d62-1e90-46e9-8044-0ecef5493e38/elements [39m[32m200[39m [90m75 ms - 74[39m
[35m[HTTP][39m [90m[39m
[35m[HTTP][39m [37m-->[39m [37mPOST[39m [37m/wd/hub/session/f9312d62-1e90-46e9-8044-0ecef5493e38/elements[39m
[35m[HTTP][39m [90m{"using":"-android uiautomator","value":"new UiSelector().className(\"android.widget.EditText\").text(\"Search location\").resourceId(\"com.safeboda.passenger:id/locationEditText\").instance(0)"}[39m
[35m[HTTP][39m [37m<-- POST /wd/hub/session/f9312d62-1e90-46e9-8044-0ecef5493e38/elements [39m[32m200[39m [90m61 ms - 74[39m
[35m[HTTP][39m [90m[39m
[35m[HTTP][39m [37m-->[39m [37mPOST[39m [37m/wd/hub/session/f9312d62-1e90-46e9-8044-0ecef5493e38/elements[39m
[35m[HTTP][39m [90m{"using":"-android uiautomator","value":"new UiSelector().className(\"android.widget.EditText\").text(\"Search location\").resourceId(\"com.safeboda.passenger:id/locationEditText\").instance(0)"}[39m
[35m[HTTP][39m [37m<-- POST /wd/hub/session/f9312d62-1e90-46e9-8044-0ecef5493e38/elements [39m[32m200[39m [90m47 ms - 74[39m
[35m[HTTP][39m [90m[39m
[35m[HTTP][39m [37m-->[39m [37mPOST[39m [37m/wd/hub/session/f9312d62-1e90-46e9-8044-0ecef5493e38/elements[39m
[35m[HTTP][39m [90m{"using":"-android uiautomator","value":"new UiSelector().className(\"android.widget.EditText\").text(\"Search location\").resourceId(\"com.safeboda.passenger:id/locationEditText\").instance(0)"}[39m
[35m[HTTP][39m [37m<-- POST /wd/hub/session/f9312d62-1e90-46e9-8044-0ecef5493e38/elements [39m[32m200[39m [90m38 ms - 74[39m
[35m[HTTP][39m [90m[39m
[35m[HTTP][39m [37m-->[39m [37mPOST[39m [37m/wd/hub/session/f9312d62-1e90-46e9-8044-0ecef5493e38/elements[39m
[35m[HTTP][39m [90m{"using":"-android uiautomator","value":"new UiSelector().className(\"android.widget.EditText\").text(\"Search location\").resourceId(\"com.safeboda.passenger:id/locationEditText\").instance(0)"}[39m
[35m[HTTP][39m [37m<-- POST /wd/hub/session/f9312d62-1e90-46e9-8044-0ecef5493e38/elements [39m[32m200[39m [90m123 ms - 74[39m
[35m[HTTP][39m [90m[39m
[35m[HTTP][39m [37m-->[39m [37mPOST[39m [37m/wd/hub/session/f9312d62-1e90-46e9-8044-0ecef5493e38/elements[39m
[35m[HTTP][39m [90m{"using":"-android uiautomator","value":"new UiSelector().className(\"android.widget.EditText\").text(\"Search location\").resourceId(\"com.safeboda.passenger:id/locationEditText\").instance(0)"}[39m
[35m[HTTP][39m [37m<-- POST /wd/hub/session/f9312d62-1e90-46e9-8044-0ecef5493e38/elements [39m[32m200[39m [90m47 ms - 74[39m
[35m[HTTP][39m [90m[39m
[35m[HTTP][39m [37m-->[39m [37mPOST[39m [37m/wd/hub/session/f9312d62-1e90-46e9-8044-0ecef5493e38/elements[39m
[35m[HTTP][39m [90m{"using":"-android uiautomator","value":"new UiSelector().className(\"android.widget.EditText\").text(\"Search location\").resourceId(\"com.safeboda.passenger:id/locationEditText\").instance(0)"}[39m
[35m[HTTP][39m [37m<-- POST /wd/hub/session/f9312d62-1e90-46e9-8044-0ecef5493e38/elements [39m[32m200[39m [90m706 ms - 74[39m
[35m[HTTP][39m [90m[39m
[35m[HTTP][39m [37m-->[39m [37mPOST[39m [37m/wd/hub/session/f9312d62-1e90-46e9-8044-0ecef5493e38/elements[39m
[35m[HTTP][39m [90m{"using":"-android uiautomator","value":"new UiSelector().className(\"android.widget.EditText\").text(\"Search location\").resourceId(\"com.safeboda.passenger:id/locationEditText\").instance(0)"}[39m
[35m[HTTP][39m [37m<-- POST /wd/hub/session/f9312d62-1e90-46e9-8044-0ecef5493e38/elements [39m[32m200[39m [90m3478 ms - 124[39m
[35m[HTTP][39m [90m[39m
[35m[HTTP][39m [37m-->[39m [37mGET[39m [37m/wd/hub/session/f9312d62-1e90-46e9-8044-0ecef5493e38[39m
[35m[HTTP][39m [90m{}[39m
[35m[HTTP][39m [37m<-- GET /wd/hub/session/f9312d62-1e90-46e9-8044-0ecef5493e38 [39m[32m200[39m [90m28 ms - 1202[39m
[35m[HTTP][39m [90m[39m
[35m[HTTP][39m [37m-->[39m [37mGET[39m [37m/wd/hub/session/f9312d62-1e90-46e9-8044-0ecef5493e38[39m
[35m[HTTP][39m [90m{}[39m
[35m[HTTP][39m [37m<-- GET /wd/hub/session/f9312d62-1e90-46e9-8044-0ecef5493e38 [39m[32m200[39m [90m29 ms - 1202[39m
[35m[HTTP][39m [90m[39m
[35m[HTTP][39m [37m-->[39m [37mGET[39m [37m/wd/hub/session/f9312d62-1e90-46e9-8044-0ecef5493e38[39m
[35m[HTTP][39m [90m{}[39m
[35m[HTTP][39m [37m<-- GET /wd/hub/session/f9312d62-1e90-46e9-8044-0ecef5493e38 [39m[32m200[39m [90m45 ms - 1202[39m
[35m[HTTP][39m [90m[39m
[35m[HTTP][39m [37m-->[39m [37mGET[39m [37m/wd/hub/session/f9312d62-1e90-46e9-8044-0ecef5493e38[39m
[35m[HTTP][39m [90m{}[39m
[35m[HTTP][39m [37m<-- GET /wd/hub/session/f9312d62-1e90-46e9-8044-0ecef5493e38 [39m[32m200[39m [90m30 ms - 1202[39m
[35m[HTTP][39m [90m[39m
[35m[HTTP][39m [37m-->[39m [37mGET[39m [37m/wd/hub/session/f9312d62-1e90-46e9-8044-0ecef5493e38/element/94f4de05-72a7-4bbe-95b1-8a8d1be7dfe8/location[39m
[35m[HTTP][39m [90m{}[39m
[35m[W3C][39m Driver proxy active, passing request on via HTTP proxy
[35m[JSONWP Proxy][39m Replacing sessionId 163e4804-73a5-46dd-9067-2ae7a813732c with f9312d62-1e90-46e9-8044-0ecef5493e38
[35m[HTTP][39m [37m<-- GET /wd/hub/session/f9312d62-1e90-46e9-8044-0ecef5493e38/element/94f4de05-72a7-4bbe-95b1-8a8d1be7dfe8/location [39m[32m200[39m [90m73 ms - 89[39m
[35m[HTTP][39m [90m[39m
[35m[HTTP][39m [37m-->[39m [37mPOST[39m [37m/wd/hub/session/f9312d62-1e90-46e9-8044-0ecef5493e38/touch/perform[39m
[35m[HTTP][39m [90m{"actions":[{"action":"tap","options":{"element":"94f4de05-72a7-4bbe-95b1-8a8d1be7dfe8","x":1,"y":1}}]}[39m
[35m[UiAutomator2][39m calling get location: 94f4de05-72a7-4bbe-95b1-8a8d1be7dfe8
[35m[HTTP][39m [37m<-- POST /wd/hub/session/f9312d62-1e90-46e9-8044-0ecef5493e38/touch/perform [39m[32m200[39m [90m1864 ms - 76[39m
[35m[HTTP][39m [90m[39m
[35m[HTTP][39m [37m-->[39m [37mGET[39m [37m/wd/hub/session/f9312d62-1e90-46e9-8044-0ecef5493e38/window/current/size[39m
[35m[HTTP][39m [90m{}[39m
[35m[W3C][39m Driver proxy active, passing request on via HTTP proxy
[35m[JSONWP Proxy][39m Replacing sessionId 163e4804-73a5-46dd-9067-2ae7a813732c with f9312d62-1e90-46e9-8044-0ecef5493e38
[35m[HTTP][39m [37m<-- GET /wd/hub/session/f9312d62-1e90-46e9-8044-0ecef5493e38/window/current/size [39m[32m200[39m [90m89 ms - 100[39m
[35m[HTTP][39m [90m[39m
[35m[HTTP][39m [37m-->[39m [37mPOST[39m [37m/wd/hub/session/f9312d62-1e90-46e9-8044-0ecef5493e38/elements[39m
[35m[HTTP][39m [90m{"using":"-android uiautomator","value":"new UiSelector().className(\"android.widget.EditText\").text(\"Search location\").resourceId(\"com.safeboda.passenger:id/locationEditText\").instance(0)"}[39m
[35m[HTTP][39m [37m<-- POST /wd/hub/session/f9312d62-1e90-46e9-8044-0ecef5493e38/elements [39m[32m200[39m [90m156 ms - 124[39m
[35m[HTTP][39m [90m[39m
[35m[HTTP][39m [37m-->[39m [37mGET[39m [37m/wd/hub/session/f9312d62-1e90-46e9-8044-0ecef5493e38[39m
[35m[HTTP][39m [90m{}[39m
[35m[HTTP][39m [37m<-- GET /wd/hub/session/f9312d62-1e90-46e9-8044-0ecef5493e38 [39m[32m200[39m [90m27 ms - 1202[39m
[35m[HTTP][39m [90m[39m
[35m[HTTP][39m [37m-->[39m [37mGET[39m [37m/wd/hub/session/f9312d62-1e90-46e9-8044-0ecef5493e38[39m
[35m[HTTP][39m [90m{}[39m
[35m[HTTP][39m [37m<-- GET /wd/hub/session/f9312d62-1e90-46e9-8044-0ecef5493e38 [39m[32m200[39m [90m25 ms - 1202[39m
[35m[HTTP][39m [90m[39m
[35m[HTTP][39m [37m-->[39m [37mGET[39m [37m/wd/hub/session/f9312d62-1e90-46e9-8044-0ecef5493e38[39m
[35m[HTTP][39m [90m{}[39m
[35m[HTTP][39m [37m<-- GET /wd/hub/session/f9312d62-1e90-46e9-8044-0ecef5493e38 [39m[32m200[39m [90m27 ms - 1202[39m
[35m[HTTP][39m [90m[39m
[35m[HTTP][39m [37m-->[39m [37mGET[39m [37m/wd/hub/session/f9312d62-1e90-46e9-8044-0ecef5493e38[39m
[35m[HTTP][39m [90m{}[39m
[35m[HTTP][39m [37m<-- GET /wd/hub/session/f9312d62-1e90-46e9-8044-0ecef5493e38 [39m[32m200[39m [90m38 ms - 1202[39m
[35m[HTTP][39m [90m[39m
[35m[HTTP][39m [37m-->[39m [37mGET[39m [37m/wd/hub/session/f9312d62-1e90-46e9-8044-0ecef5493e38/element/70d97af4-590a-4908-b93e-8e432e7853a2/location[39m
[35m[HTTP][39m [90m{}[39m
[35m[W3C][39m Driver proxy active, passing request on via HTTP proxy
[35m[JSONWP Proxy][39m Replacing sessionId 163e4804-73a5-46dd-9067-2ae7a813732c with f9312d62-1e90-46e9-8044-0ecef5493e38
[35m[HTTP][39m [37m<-- GET /wd/hub/session/f9312d62-1e90-46e9-8044-0ecef5493e38/element/70d97af4-590a-4908-b93e-8e432e7853a2/location [39m[32m200[39m [90m55 ms - 89[39m
[35m[HTTP][39m [90m[39m
[35m[HTTP][39m [37m-->[39m [37mPOST[39m [37m/wd/hub/session/f9312d62-1e90-46e9-8044-0ecef5493e38/touch/perform[39m
[35m[HTTP][39m [90m{"actions":[{"action":"tap","options":{"element":"70d97af4-590a-4908-b93e-8e432e7853a2","x":1,"y":1}}]}[39m
[35m[UiAutomator2][39m calling get location: 70d97af4-590a-4908-b93e-8e432e7853a2
[35m[HTTP][39m [37m<-- POST /wd/hub/session/f9312d62-1e90-46e9-8044-0ecef5493e38/touch/perform [39m[32m200[39m [90m1480 ms - 76[39m
[35m[HTTP][39m [90m[39m
[35m[HTTP][39m [37m-->[39m [37mGET[39m [37m/wd/hub/session/f9312d62-1e90-46e9-8044-0ecef5493e38/window/current/size[39m
[35m[HTTP][39m [90m{}[39m
[35m[W3C][39m Driver proxy active, passing request on via HTTP proxy
[35m[JSONWP Proxy][39m Replacing sessionId 163e4804-73a5-46dd-9067-2ae7a813732c with f9312d62-1e90-46e9-8044-0ecef5493e38
[35m[HTTP][39m [37m<-- GET /wd/hub/session/f9312d62-1e90-46e9-8044-0ecef5493e38/window/current/size [39m[32m200[39m [90m27 ms - 100[39m
[35m[HTTP][39m [90m[39m
[35m[HTTP][39m [37m-->[39m [37mPOST[39m [37m/wd/hub/session/f9312d62-1e90-46e9-8044-0ecef5493e38/elements[39m
[35m[HTTP][39m [90m{"using":"-android uiautomator","value":"new UiSelector().className(\"android.widget.EditText\").text(\"Search location\").resourceId(\"com.safeboda.passenger:id/locationEditText\").instance(0)"}[39m
[35m[HTTP][39m [37m<-- POST /wd/hub/session/f9312d62-1e90-46e9-8044-0ecef5493e38/elements [39m[32m200[39m [90m82 ms - 124[39m
[35m[HTTP][39m [90m[39m
[35m[HTTP][39m [37m-->[39m [37mGET[39m [37m/wd/hub/session/f9312d62-1e90-46e9-8044-0ecef5493e38[39m
[35m[HTTP][39m [90m{}[39m
[35m[HTTP][39m [37m<-- GET /wd/hub/session/f9312d62-1e90-46e9-8044-0ecef5493e38 [39m[32m200[39m [90m19 ms - 1202[39m
[35m[HTTP][39m [90m[39m
[35m[HTTP][39m [37m-->[39m [37mGET[39m [37m/wd/hub/session/f9312d62-1e90-46e9-8044-0ecef5493e38[39m
[35m[HTTP][39m [90m{}[39m
[35m[HTTP][39m [37m<-- GET /wd/hub/session/f9312d62-1e90-46e9-8044-0ecef5493e38 [39m[32m200[39m [90m19 ms - 1202[39m
[35m[HTTP][39m [90m[39m
[35m[HTTP][39m [37m-->[39m [37mGET[39m [37m/wd/hub/session/f9312d62-1e90-46e9-8044-0ecef5493e38[39m
[35m[HTTP][39m [90m{}[39m
[35m[HTTP][39m [37m<-- GET /wd/hub/session/f9312d62-1e90-46e9-8044-0ecef5493e38 [39m[32m200[39m [90m20 ms - 1202[39m
[35m[HTTP][39m [90m[39m
[35m[HTTP][39m [37m-->[39m [37mGET[39m [37m/wd/hub/session/f9312d62-1e90-46e9-8044-0ecef5493e38[39m
[35m[HTTP][39m [90m{}[39m
[35m[HTTP][39m [37m<-- GET /wd/hub/session/f9312d62-1e90-46e9-8044-0ecef5493e38 [39m[32m200[39m [90m20 ms - 1202[39m
[35m[HTTP][39m [90m[39m
[35m[HTTP][39m [37m-->[39m [37mGET[39m [37m/wd/hub/session/f9312d62-1e90-46e9-8044-0ecef5493e38/element/6aa071ea-8c7c-4820-b3b6-783d18c2a86c/location[39m
[35m[HTTP][39m [90m{}[39m
[35m[W3C][39m Driver proxy active, passing request on via HTTP proxy
[35m[JSONWP Proxy][39m Replacing sessionId 163e4804-73a5-46dd-9067-2ae7a813732c with f9312d62-1e90-46e9-8044-0ecef5493e38
[35m[HTTP][39m [37m<-- GET /wd/hub/session/f9312d62-1e90-46e9-8044-0ecef5493e38/element/6aa071ea-8c7c-4820-b3b6-783d18c2a86c/location [39m[32m200[39m [90m56 ms - 89[39m
[35m[HTTP][39m [90m[39m
[35m[HTTP][39m [37m-->[39m [37mPOST[39m [37m/wd/hub/session/f9312d62-1e90-46e9-8044-0ecef5493e38/element/6aa071ea-8c7c-4820-b3b6-783d18c2a86c/value[39m
[35m[HTTP][39m [90m{"id":"6aa071ea-8c7c-4820-b3b6-783d18c2a86c","value":["Sheraton Kampala Hotel"]}[39m
[35m[HTTP][39m [37m<-- POST /wd/hub/session/f9312d62-1e90-46e9-8044-0ecef5493e38/element/6aa071ea-8c7c-4820-b3b6-783d18c2a86c/value [39m[32m200[39m [90m1081 ms - 74[39m
[35m[HTTP][39m [90m[39m
[35m[HTTP][39m [37m-->[39m [37mGET[39m [37m/wd/hub/session/f9312d62-1e90-46e9-8044-0ecef5493e38/window/current/size[39m
[35m[HTTP][39m [90m{}[39m
[35m[W3C][39m Driver proxy active, passing request on via HTTP proxy
[35m[JSONWP Proxy][39m Replacing sessionId 163e4804-73a5-46dd-9067-2ae7a813732c with f9312d62-1e90-46e9-8044-0ecef5493e38
[35m[HTTP][39m [37m<-- GET /wd/hub/session/f9312d62-1e90-46e9-8044-0ecef5493e38/window/current/size [39m[32m200[39m [90m59 ms - 100[39m
[35m[HTTP][39m [90m[39m
[35m[HTTP][39m [37m-->[39m [37mPOST[39m [37m/wd/hub/session/f9312d62-1e90-46e9-8044-0ecef5493e38/elements[39m
[35m[HTTP][39m [90m{"using":"-android uiautomator","value":"new UiSelector().className(\"android.view.ViewGroup\").instance(5)"}[39m
[35m[HTTP][39m [37m<-- POST /wd/hub/session/f9312d62-1e90-46e9-8044-0ecef5493e38/elements [39m[32m200[39m [90m1794 ms - 124[39m
[35m[HTTP][39m [90m[39m
[35m[HTTP][39m [37m-->[39m [37mGET[39m [37m/wd/hub/session/f9312d62-1e90-46e9-8044-0ecef5493e38[39m
[35m[HTTP][39m [90m{}[39m
[35m[HTTP][39m [37m<-- GET /wd/hub/session/f9312d62-1e90-46e9-8044-0ecef5493e38 [39m[32m200[39m [90m29 ms - 1202[39m
[35m[HTTP][39m [90m[39m
[35m[HTTP][39m [37m-->[39m [37mGET[39m [37m/wd/hub/session/f9312d62-1e90-46e9-8044-0ecef5493e38[39m
[35m[HTTP][39m [90m{}[39m
[35m[HTTP][39m [37m<-- GET /wd/hub/session/f9312d62-1e90-46e9-8044-0ecef5493e38 [39m[32m200[39m [90m27 ms - 1202[39m
[35m[HTTP][39m [90m[39m
[35m[HTTP][39m [37m-->[39m [37mGET[39m [37m/wd/hub/session/f9312d62-1e90-46e9-8044-0ecef5493e38[39m
[35m[HTTP][39m [90m{}[39m
[35m[HTTP][39m [37m<-- GET /wd/hub/session/f9312d62-1e90-46e9-8044-0ecef5493e38 [39m[32m200[39m [90m33 ms - 1202[39m
[35m[HTTP][39m [90m[39m
[35m[HTTP][39m [37m-->[39m [37mGET[39m [37m/wd/hub/session/f9312d62-1e90-46e9-8044-0ecef5493e38[39m
[35m[HTTP][39m [90m{}[39m
[35m[HTTP][39m [37m<-- GET /wd/hub/session/f9312d62-1e90-46e9-8044-0ecef5493e38 [39m[32m200[39m [90m62 ms - 1202[39m
[35m[HTTP][39m [90m[39m
[35m[HTTP][39m [37m-->[39m [37mGET[39m [37m/wd/hub/session/f9312d62-1e90-46e9-8044-0ecef5493e38/element/b18d5fa7-a96c-45a5-b477-788eeba92a13/location[39m
[35m[HTTP][39m [90m{}[39m
[35m[W3C][39m Driver proxy active, passing request on via HTTP proxy
[35m[JSONWP Proxy][39m Replacing sessionId 163e4804-73a5-46dd-9067-2ae7a813732c with f9312d62-1e90-46e9-8044-0ecef5493e38
[35m[HTTP][39m [37m<-- GET /wd/hub/session/f9312d62-1e90-46e9-8044-0ecef5493e38/element/b18d5fa7-a96c-45a5-b477-788eeba92a13/location [39m[32m200[39m [90m58 ms - 88[39m
[35m[HTTP][39m [90m[39m
[35m[HTTP][39m [37m-->[39m [37mPOST[39m [37m/wd/hub/session/f9312d62-1e90-46e9-8044-0ecef5493e38/touch/perform[39m
[35m[HTTP][39m [90m{"actions":[{"action":"tap","options":{"element":"b18d5fa7-a96c-45a5-b477-788eeba92a13","x":1,"y":1}}]}[39m
[35m[UiAutomator2][39m calling get location: b18d5fa7-a96c-45a5-b477-788eeba92a13
[35m[HTTP][39m [37m<-- POST /wd/hub/session/f9312d62-1e90-46e9-8044-0ecef5493e38/touch/perform [39m[32m200[39m [90m1701 ms - 76[39m
[35m[HTTP][39m [90m[39m
[35m[HTTP][39m [37m-->[39m [37mGET[39m [37m/wd/hub/session/f9312d62-1e90-46e9-8044-0ecef5493e38/window/current/size[39m
[35m[HTTP][39m [90m{}[39m
[35m[W3C][39m Driver proxy active, passing request on via HTTP proxy
[35m[JSONWP Proxy][39m Replacing sessionId 163e4804-73a5-46dd-9067-2ae7a813732c with f9312d62-1e90-46e9-8044-0ecef5493e38
[35m[HTTP][39m [37m<-- GET /wd/hub/session/f9312d62-1e90-46e9-8044-0ecef5493e38/window/current/size [39m[32m200[39m [90m215 ms - 100[39m
[35m[HTTP][39m [90m[39m
[35m[HTTP][39m [37m-->[39m [37mPOST[39m [37m/wd/hub/session/f9312d62-1e90-46e9-8044-0ecef5493e38/elements[39m
[35m[HTTP][39m [90m{"using":"-android uiautomator","value":"new UiSelector().className(\"android.widget.ImageView\").resourceId(\"com.safeboda.passenger:id/searchImageView\").instance(1)"}[39m
[35m[HTTP][39m [37m<-- POST /wd/hub/session/f9312d62-1e90-46e9-8044-0ecef5493e38/elements [39m[32m200[39m [90m731 ms - 124[39m
[35m[HTTP][39m [90m[39m
[35m[HTTP][39m [37m-->[39m [37mGET[39m [37m/wd/hub/session/f9312d62-1e90-46e9-8044-0ecef5493e38[39m
[35m[HTTP][39m [90m{}[39m
[35m[HTTP][39m [37m<-- GET /wd/hub/session/f9312d62-1e90-46e9-8044-0ecef5493e38 [39m[32m200[39m [90m19 ms - 1202[39m
[35m[HTTP][39m [90m[39m
[35m[HTTP][39m [37m-->[39m [37mGET[39m [37m/wd/hub/session/f9312d62-1e90-46e9-8044-0ecef5493e38[39m
[35m[HTTP][39m [90m{}[39m
[35m[HTTP][39m [37m<-- GET /wd/hub/session/f9312d62-1e90-46e9-8044-0ecef5493e38 [39m[32m200[39m [90m29 ms - 1202[39m
[35m[HTTP][39m [90m[39m
[35m[HTTP][39m [37m-->[39m [37mGET[39m [37m/wd/hub/session/f9312d62-1e90-46e9-8044-0ecef5493e38[39m
[35m[HTTP][39m [90m{}[39m
[35m[HTTP][39m [37m<-- GET /wd/hub/session/f9312d62-1e90-46e9-8044-0ecef5493e38 [39m[32m200[39m [90m22 ms - 1202[39m
[35m[HTTP][39m [90m[39m
[35m[HTTP][39m [37m-->[39m [37mGET[39m [37m/wd/hub/session/f9312d62-1e90-46e9-8044-0ecef5493e38[39m
[35m[HTTP][39m [90m{}[39m
[35m[HTTP][39m [37m<-- GET /wd/hub/session/f9312d62-1e90-46e9-8044-0ecef5493e38 [39m[32m200[39m [90m24 ms - 1202[39m
[35m[HTTP][39m [90m[39m
[35m[HTTP][39m [37m-->[39m [37mGET[39m [37m/wd/hub/session/f9312d62-1e90-46e9-8044-0ecef5493e38/element/8537442e-a8e9-48f1-9c50-9637dba9a462/location[39m
[35m[HTTP][39m [90m{}[39m
[35m[W3C][39m Driver proxy active, passing request on via HTTP proxy
[35m[JSONWP Proxy][39m Replacing sessionId 163e4804-73a5-46dd-9067-2ae7a813732c with f9312d62-1e90-46e9-8044-0ecef5493e38
[35m[HTTP][39m [37m<-- GET /wd/hub/session/f9312d62-1e90-46e9-8044-0ecef5493e38/element/8537442e-a8e9-48f1-9c50-9637dba9a462/location [39m[32m200[39m [90m44 ms - 89[39m
[35m[HTTP][39m [90m[39m
[35m[HTTP][39m [37m-->[39m [37mPOST[39m [37m/wd/hub/session/f9312d62-1e90-46e9-8044-0ecef5493e38/touch/perform[39m
[35m[HTTP][39m [90m{"actions":[{"action":"tap","options":{"element":"8537442e-a8e9-48f1-9c50-9637dba9a462","x":1,"y":1}}]}[39m
[35m[UiAutomator2][39m calling get location: 8537442e-a8e9-48f1-9c50-9637dba9a462
[35m[HTTP][39m [37m<-- POST /wd/hub/session/f9312d62-1e90-46e9-8044-0ecef5493e38/touch/perform [39m[32m200[39m [90m1060 ms - 76[39m
[35m[HTTP][39m [90m[39m
[35m[HTTP][39m [37m-->[39m [37mGET[39m [37m/wd/hub/session/f9312d62-1e90-46e9-8044-0ecef5493e38/window/current/size[39m
[35m[HTTP][39m [90m{}[39m
[35m[W3C][39m Driver proxy active, passing request on via HTTP proxy
[35m[JSONWP Proxy][39m Replacing sessionId 163e4804-73a5-46dd-9067-2ae7a813732c with f9312d62-1e90-46e9-8044-0ecef5493e38
[35m[HTTP][39m [37m<-- GET /wd/hub/session/f9312d62-1e90-46e9-8044-0ecef5493e38/window/current/size [39m[32m200[39m [90m35 ms - 100[39m
[35m[HTTP][39m [90m[39m
[35m[HTTP][39m [37m-->[39m [37mPOST[39m [37m/wd/hub/session/f9312d62-1e90-46e9-8044-0ecef5493e38/elements[39m
[35m[HTTP][39m [90m{"using":"-android uiautomator","value":"new UiSelector().className(\"android.widget.EditText\").text(\"Search location\").resourceId(\"com.safeboda.passenger:id/locationEditText\").instance(0)"}[39m
[35m[HTTP][39m [37m<-- POST /wd/hub/session/f9312d62-1e90-46e9-8044-0ecef5493e38/elements [39m[32m200[39m [90m156 ms - 124[39m
[35m[HTTP][39m [90m[39m
[35m[HTTP][39m [37m-->[39m [37mGET[39m [37m/wd/hub/session/f9312d62-1e90-46e9-8044-0ecef5493e38[39m
[35m[HTTP][39m [90m{}[39m
[35m[HTTP][39m [37m<-- GET /wd/hub/session/f9312d62-1e90-46e9-8044-0ecef5493e38 [39m[32m200[39m [90m29 ms - 1202[39m
[35m[HTTP][39m [90m[39m
[35m[HTTP][39m [37m-->[39m [37mGET[39m [37m/wd/hub/session/f9312d62-1e90-46e9-8044-0ecef5493e38[39m
[35m[HTTP][39m [90m{}[39m
[35m[HTTP][39m [37m<-- GET /wd/hub/session/f9312d62-1e90-46e9-8044-0ecef5493e38 [39m[32m200[39m [90m27 ms - 1202[39m
[35m[HTTP][39m [90m[39m
[35m[HTTP][39m [37m-->[39m [37mGET[39m [37m/wd/hub/session/f9312d62-1e90-46e9-8044-0ecef5493e38[39m
[35m[HTTP][39m [90m{}[39m
[35m[HTTP][39m [37m<-- GET /wd/hub/session/f9312d62-1e90-46e9-8044-0ecef5493e38 [39m[32m200[39m [90m19 ms - 1202[39m
[35m[HTTP][39m [90m[39m
[35m[HTTP][39m [37m-->[39m [37mGET[39m [37m/wd/hub/session/f9312d62-1e90-46e9-8044-0ecef5493e38[39m
[35m[HTTP][39m [90m{}[39m
[35m[HTTP][39m [37m<-- GET /wd/hub/session/f9312d62-1e90-46e9-8044-0ecef5493e38 [39m[32m200[39m [90m22 ms - 1202[39m
[35m[HTTP][39m [90m[39m
[35m[HTTP][39m [37m-->[39m [37mGET[39m [37m/wd/hub/session/f9312d62-1e90-46e9-8044-0ecef5493e38/element/adfb029c-f46f-4e2f-aa52-bd903e59ba9d/location[39m
[35m[HTTP][39m [90m{}[39m
[35m[W3C][39m Driver proxy active, passing request on via HTTP proxy
[35m[JSONWP Proxy][39m Replacing sessionId 163e4804-73a5-46dd-9067-2ae7a813732c with f9312d62-1e90-46e9-8044-0ecef5493e38
[35m[HTTP][39m [37m<-- GET /wd/hub/session/f9312d62-1e90-46e9-8044-0ecef5493e38/element/adfb029c-f46f-4e2f-aa52-bd903e59ba9d/location [39m[32m200[39m [90m42 ms - 89[39m
[35m[HTTP][39m [90m[39m
[35m[HTTP][39m [37m-->[39m [37mPOST[39m [37m/wd/hub/session/f9312d62-1e90-46e9-8044-0ecef5493e38/touch/perform[39m
[35m[HTTP][39m [90m{"actions":[{"action":"tap","options":{"element":"adfb029c-f46f-4e2f-aa52-bd903e59ba9d","x":1,"y":1}}]}[39m
[35m[UiAutomator2][39m calling get location: adfb029c-f46f-4e2f-aa52-bd903e59ba9d
[35m[HTTP][39m [37m<-- POST /wd/hub/session/f9312d62-1e90-46e9-8044-0ecef5493e38/touch/perform [39m[32m200[39m [90m1351 ms - 76[39m
[35m[HTTP][39m [90m[39m
[35m[HTTP][39m [37m-->[39m [37mGET[39m [37m/wd/hub/session/f9312d62-1e90-46e9-8044-0ecef5493e38/window/current/size[39m
[35m[HTTP][39m [90m{}[39m
[35m[W3C][39m Driver proxy active, passing request on via HTTP proxy
[35m[JSONWP Proxy][39m Replacing sessionId 163e4804-73a5-46dd-9067-2ae7a813732c with f9312d62-1e90-46e9-8044-0ecef5493e38
[35m[HTTP][39m [37m<-- GET /wd/hub/session/f9312d62-1e90-46e9-8044-0ecef5493e38/window/current/size [39m[32m200[39m [90m35 ms - 100[39m
[35m[HTTP][39m [90m[39m
[35m[HTTP][39m [37m-->[39m [37mPOST[39m [37m/wd/hub/session/f9312d62-1e90-46e9-8044-0ecef5493e38/elements[39m
[35m[HTTP][39m [90m{"using":"-android uiautomator","value":"new UiSelector().className(\"android.widget.EditText\").text(\"Search location\").resourceId(\"com.safeboda.passenger:id/locationEditText\").instance(0)"}[39m
[35m[HTTP][39m [37m<-- POST /wd/hub/session/f9312d62-1e90-46e9-8044-0ecef5493e38/elements [39m[32m200[39m [90m97 ms - 124[39m
[35m[HTTP][39m [90m[39m
[35m[HTTP][39m [37m-->[39m [37mGET[39m [37m/wd/hub/session/f9312d62-1e90-46e9-8044-0ecef5493e38[39m
[35m[HTTP][39m [90m{}[39m
[35m[HTTP][39m [37m<-- GET /wd/hub/session/f9312d62-1e90-46e9-8044-0ecef5493e38 [39m[32m200[39m [90m24 ms - 1202[39m
[35m[HTTP][39m [90m[39m
[35m[HTTP][39m [37m-->[39m [37mGET[39m [37m/wd/hub/session/f9312d62-1e90-46e9-8044-0ecef5493e38[39m
[35m[HTTP][39m [90m{}[39m
[35m[HTTP][39m [37m<-- GET /wd/hub/session/f9312d62-1e90-46e9-8044-0ecef5493e38 [39m[32m200[39m [90m24 ms - 1202[39m
[35m[HTTP][39m [90m[39m
[35m[HTTP][39m [37m-->[39m [37mGET[39m [37m/wd/hub/session/f9312d62-1e90-46e9-8044-0ecef5493e38[39m
[35m[HTTP][39m [90m{}[39m
[35m[HTTP][39m [37m<-- GET /wd/hub/session/f9312d62-1e90-46e9-8044-0ecef5493e38 [39m[32m200[39m [90m22 ms - 1202[39m
[35m[HTTP][39m [90m[39m
[35m[HTTP][39m [37m-->[39m [37mGET[39m [37m/wd/hub/session/f9312d62-1e90-46e9-8044-0ecef5493e38[39m
[35m[HTTP][39m [90m{}[39m
[35m[HTTP][39m [37m<-- GET /wd/hub/session/f9312d62-1e90-46e9-8044-0ecef5493e38 [39m[32m200[39m [90m29 ms - 1202[39m
[35m[HTTP][39m [90m[39m
[35m[HTTP][39m [37m-->[39m [37mGET[39m [37m/wd/hub/session/f9312d62-1e90-46e9-8044-0ecef5493e38/element/1ec941bc-01f4-4363-a95a-c570b81a3117/location[39m
[35m[HTTP][39m [90m{}[39m
[35m[W3C][39m Driver proxy active, passing request on via HTTP proxy
[35m[JSONWP Proxy][39m Replacing sessionId 163e4804-73a5-46dd-9067-2ae7a813732c with f9312d62-1e90-46e9-8044-0ecef5493e38
[35m[HTTP][39m [37m<-- GET /wd/hub/session/f9312d62-1e90-46e9-8044-0ecef5493e38/element/1ec941bc-01f4-4363-a95a-c570b81a3117/location [39m[32m200[39m [90m48 ms - 89[39m
[35m[HTTP][39m [90m[39m
[35m[HTTP][39m [37m-->[39m [37mPOST[39m [37m/wd/hub/session/f9312d62-1e90-46e9-8044-0ecef5493e38/touch/perform[39m
[35m[HTTP][39m [90m{"actions":[{"action":"tap","options":{"element":"1ec941bc-01f4-4363-a95a-c570b81a3117","x":1,"y":1}}]}[39m
[35m[UiAutomator2][39m calling get location: 1ec941bc-01f4-4363-a95a-c570b81a3117
[35m[HTTP][39m [37m<-- POST /wd/hub/session/f9312d62-1e90-46e9-8044-0ecef5493e38/touch/perform [39m[32m200[39m [90m729 ms - 76[39m
[35m[HTTP][39m [90m[39m
[35m[HTTP][39m [37m-->[39m [37mGET[39m [37m/wd/hub/session/f9312d62-1e90-46e9-8044-0ecef5493e38/window/current/size[39m
[35m[HTTP][39m [90m{}[39m
[35m[W3C][39m Driver proxy active, passing request on via HTTP proxy
[35m[JSONWP Proxy][39m Replacing sessionId 163e4804-73a5-46dd-9067-2ae7a813732c with f9312d62-1e90-46e9-8044-0ecef5493e38
[35m[HTTP][39m [37m<-- GET /wd/hub/session/f9312d62-1e90-46e9-8044-0ecef5493e38/window/current/size [39m[32m200[39m [90m107 ms - 100[39m
[35m[HTTP][39m [90m[39m
[35m[HTTP][39m [37m-->[39m [37mPOST[39m [37m/wd/hub/session/f9312d62-1e90-46e9-8044-0ecef5493e38/elements[39m
[35m[HTTP][39m [90m{"using":"-android uiautomator","value":"new UiSelector().className(\"android.widget.EditText\").text(\"Search location\").resourceId(\"com.safeboda.passenger:id/locationEditText\").instance(0)"}[39m
[35m[HTTP][39m [37m<-- POST /wd/hub/session/f9312d62-1e90-46e9-8044-0ecef5493e38/elements [39m[32m200[39m [90m150 ms - 124[39m
[35m[HTTP][39m [90m[39m
[35m[HTTP][39m [37m-->[39m [37mGET[39m [37m/wd/hub/session/f9312d62-1e90-46e9-8044-0ecef5493e38[39m
[35m[HTTP][39m [90m{}[39m
[35m[HTTP][39m [37m<-- GET /wd/hub/session/f9312d62-1e90-46e9-8044-0ecef5493e38 [39m[32m200[39m [90m21 ms - 1202[39m
[35m[HTTP][39m [90m[39m
[35m[HTTP][39m [37m-->[39m [37mGET[39m [37m/wd/hub/session/f9312d62-1e90-46e9-8044-0ecef5493e38[39m
[35m[HTTP][39m [90m{}[39m
[35m[HTTP][39m [37m<-- GET /wd/hub/session/f9312d62-1e90-46e9-8044-0ecef5493e38 [39m[32m200[39m [90m22 ms - 1202[39m
[35m[HTTP][39m [90m[39m
[35m[HTTP][39m [37m-->[39m [37mGET[39m [37m/wd/hub/session/f9312d62-1e90-46e9-8044-0ecef5493e38[39m
[35m[HTTP][39m [90m{}[39m
[35m[HTTP][39m [37m<-- GET /wd/hub/session/f9312d62-1e90-46e9-8044-0ecef5493e38 [39m[32m200[39m [90m39 ms - 1202[39m
[35m[HTTP][39m [90m[39m
[35m[HTTP][39m [37m-->[39m [37mGET[39m [37m/wd/hub/session/f9312d62-1e90-46e9-8044-0ecef5493e38[39m
[35m[HTTP][39m [90m{}[39m
[35m[HTTP][39m [37m<-- GET /wd/hub/session/f9312d62-1e90-46e9-8044-0ecef5493e38 [39m[32m200[39m [90m24 ms - 1202[39m
[35m[HTTP][39m [90m[39m
[35m[HTTP][39m [37m-->[39m [37mGET[39m [37m/wd/hub/session/f9312d62-1e90-46e9-8044-0ecef5493e38/element/4552d106-41e5-48e5-aedf-bca76e6a8dfd/location[39m
[35m[HTTP][39m [90m{}[39m
[35m[W3C][39m Driver proxy active, passing request on via HTTP proxy
[35m[JSONWP Proxy][39m Replacing sessionId 163e4804-73a5-46dd-9067-2ae7a813732c with f9312d62-1e90-46e9-8044-0ecef5493e38
[35m[HTTP][39m [37m<-- GET /wd/hub/session/f9312d62-1e90-46e9-8044-0ecef5493e38/element/4552d106-41e5-48e5-aedf-bca76e6a8dfd/location [39m[32m200[39m [90m52 ms - 89[39m
[35m[HTTP][39m [90m[39m
[35m[HTTP][39m [37m-->[39m [37mPOST[39m [37m/wd/hub/session/f9312d62-1e90-46e9-8044-0ecef5493e38/element/4552d106-41e5-48e5-aedf-bca76e6a8dfd/value[39m
[35m[HTTP][39m [90m{"id":"4552d106-41e5-48e5-aedf-bca76e6a8dfd","value":["kama inn"]}[39m
[35m[HTTP][39m [37m<-- POST /wd/hub/session/f9312d62-1e90-46e9-8044-0ecef5493e38/element/4552d106-41e5-48e5-aedf-bca76e6a8dfd/value [39m[32m200[39m [90m1040 ms - 74[39m
[35m[HTTP][39m [90m[39m
[35m[HTTP][39m [37m-->[39m [37mGET[39m [37m/wd/hub/session/f9312d62-1e90-46e9-8044-0ecef5493e38/window/current/size[39m
[35m[HTTP][39m [90m{}[39m
[35m[W3C][39m Driver proxy active, passing request on via HTTP proxy
[35m[JSONWP Proxy][39m Replacing sessionId 163e4804-73a5-46dd-9067-2ae7a813732c with f9312d62-1e90-46e9-8044-0ecef5493e38
[35m[HTTP][39m [37m<-- GET /wd/hub/session/f9312d62-1e90-46e9-8044-0ecef5493e38/window/current/size [39m[32m200[39m [90m82 ms - 100[39m
[35m[HTTP][39m [90m[39m
[35m[HTTP][39m [37m-->[39m [37mPOST[39m [37m/wd/hub/session/f9312d62-1e90-46e9-8044-0ecef5493e38/elements[39m
[35m[HTTP][39m [90m{"using":"-android uiautomator","value":"new UiSelector().className(\"android.view.ViewGroup\").instance(5)"}[39m
[35m[HTTP][39m [37m<-- POST /wd/hub/session/f9312d62-1e90-46e9-8044-0ecef5493e38/elements [39m[32m200[39m [90m1595 ms - 124[39m
[35m[HTTP][39m [90m[39m
[35m[HTTP][39m [37m-->[39m [37mGET[39m [37m/wd/hub/session/f9312d62-1e90-46e9-8044-0ecef5493e38[39m
[35m[HTTP][39m [90m{}[39m
[35m[HTTP][39m [37m<-- GET /wd/hub/session/f9312d62-1e90-46e9-8044-0ecef5493e38 [39m[32m200[39m [90m24 ms - 1202[39m
[35m[HTTP][39m [90m[39m
[35m[HTTP][39m [37m-->[39m [37mGET[39m [37m/wd/hub/session/f9312d62-1e90-46e9-8044-0ecef5493e38[39m
[35m[HTTP][39m [90m{}[39m
[35m[HTTP][39m [37m<-- GET /wd/hub/session/f9312d62-1e90-46e9-8044-0ecef5493e38 [39m[32m200[39m [90m28 ms - 1202[39m
[35m[HTTP][39m [90m[39m
[35m[HTTP][39m [37m-->[39m [37mGET[39m [37m/wd/hub/session/f9312d62-1e90-46e9-8044-0ecef5493e38[39m
[35m[HTTP][39m [90m{}[39m
[35m[HTTP][39m [37m<-- GET /wd/hub/session/f9312d62-1e90-46e9-8044-0ecef5493e38 [39m[32m200[39m [90m62 ms - 1202[39m
[35m[HTTP][39m [90m[39m
[35m[HTTP][39m [37m-->[39m [37mGET[39m [37m/wd/hub/session/f9312d62-1e90-46e9-8044-0ecef5493e38[39m
[35m[HTTP][39m [90m{}[39m
[35m[HTTP][39m [37m<-- GET /wd/hub/session/f9312d62-1e90-46e9-8044-0ecef5493e38 [39m[32m200[39m [90m16 ms - 1202[39m
[35m[HTTP][39m [90m[39m
[35m[HTTP][39m [37m-->[39m [37mGET[39m [37m/wd/hub/session/f9312d62-1e90-46e9-8044-0ecef5493e38/element/1fa70e5b-55e9-4d64-bab8-c0d0428c3b04/location[39m
[35m[HTTP][39m [90m{}[39m
[35m[W3C][39m Driver proxy active, passing request on via HTTP proxy
[35m[JSONWP Proxy][39m Replacing sessionId 163e4804-73a5-46dd-9067-2ae7a813732c with f9312d62-1e90-46e9-8044-0ecef5493e38
[35m[HTTP][39m [37m<-- GET /wd/hub/session/f9312d62-1e90-46e9-8044-0ecef5493e38/element/1fa70e5b-55e9-4d64-bab8-c0d0428c3b04/location [39m[32m200[39m [90m44 ms - 88[39m
[35m[HTTP][39m [90m[39m
[35m[HTTP][39m [37m-->[39m [37mPOST[39m [37m/wd/hub/session/f9312d62-1e90-46e9-8044-0ecef5493e38/touch/perform[39m
[35m[HTTP][39m [90m{"actions":[{"action":"tap","options":{"element":"1fa70e5b-55e9-4d64-bab8-c0d0428c3b04","x":1,"y":1}}]}[39m
[35m[UiAutomator2][39m calling get location: 1fa70e5b-55e9-4d64-bab8-c0d0428c3b04
[35m[HTTP][39m [37m<-- POST /wd/hub/session/f9312d62-1e90-46e9-8044-0ecef5493e38/touch/perform [39m[32m200[39m [90m2678 ms - 76[39m
[35m[HTTP][39m [90m[39m
[35m[HTTP][39m [37m-->[39m [37mGET[39m [37m/wd/hub/session/f9312d62-1e90-46e9-8044-0ecef5493e38/window/current/size[39m
[35m[HTTP][39m [90m{}[39m
[35m[W3C][39m Driver proxy active, passing request on via HTTP proxy
[35m[JSONWP Proxy][39m Replacing sessionId 163e4804-73a5-46dd-9067-2ae7a813732c with f9312d62-1e90-46e9-8044-0ecef5493e38
[35m[HTTP][39m [37m<-- GET /wd/hub/session/f9312d62-1e90-46e9-8044-0ecef5493e38/window/current/size [39m[32m200[39m [90m39 ms - 100[39m
[35m[HTTP][39m [90m[39m
[35m[HTTP][39m [37m-->[39m [37mPOST[39m [37m/wd/hub/session/f9312d62-1e90-46e9-8044-0ecef5493e38/elements[39m
[35m[HTTP][39m [90m{"using":"-android uiautomator","value":"new UiSelector().className(\"android.widget.RadioButton\").resourceId(\"com.safeboda.passenger:id/cashRadioButton\").instance(1)"}[39m
[35m[HTTP][39m [37m<-- POST /wd/hub/session/f9312d62-1e90-46e9-8044-0ecef5493e38/elements [39m[32m200[39m [90m193 ms - 124[39m
[35m[HTTP][39m [90m[39m
[35m[HTTP][39m [37m-->[39m [37mGET[39m [37m/wd/hub/session/f9312d62-1e90-46e9-8044-0ecef5493e38[39m
[35m[HTTP][39m [90m{}[39m
[35m[HTTP][39m [37m<-- GET /wd/hub/session/f9312d62-1e90-46e9-8044-0ecef5493e38 [39m[32m200[39m [90m29 ms - 1202[39m
[35m[HTTP][39m [90m[39m
[35m[HTTP][39m [37m-->[39m [37mGET[39m [37m/wd/hub/session/f9312d62-1e90-46e9-8044-0ecef5493e38[39m
[35m[HTTP][39m [90m{}[39m
[35m[HTTP][39m [37m<-- GET /wd/hub/session/f9312d62-1e90-46e9-8044-0ecef5493e38 [39m[32m200[39m [90m35 ms - 1202[39m
[35m[HTTP][39m [90m[39m
[35m[HTTP][39m [37m-->[39m [37mGET[39m [37m/wd/hub/session/f9312d62-1e90-46e9-8044-0ecef5493e38[39m
[35m[HTTP][39m [90m{}[39m
[35m[HTTP][39m [37m<-- GET /wd/hub/session/f9312d62-1e90-46e9-8044-0ecef5493e38 [39m[32m200[39m [90m31 ms - 1202[39m
[35m[HTTP][39m [90m[39m
[35m[HTTP][39m [37m-->[39m [37mGET[39m [37m/wd/hub/session/f9312d62-1e90-46e9-8044-0ecef5493e38[39m
[35m[HTTP][39m [90m{}[39m
[35m[HTTP][39m [37m<-- GET /wd/hub/session/f9312d62-1e90-46e9-8044-0ecef5493e38 [39m[32m200[39m [90m26 ms - 1202[39m
[35m[HTTP][39m [90m[39m
[35m[HTTP][39m [37m-->[39m [37mGET[39m [37m/wd/hub/session/f9312d62-1e90-46e9-8044-0ecef5493e38/element/1c54f3aa-d315-42cb-af9e-9b3cf6c0abbe/location[39m
[35m[HTTP][39m [90m{}[39m
[35m[W3C][39m Driver proxy active, passing request on via HTTP proxy
[35m[JSONWP Proxy][39m Replacing sessionId 163e4804-73a5-46dd-9067-2ae7a813732c with f9312d62-1e90-46e9-8044-0ecef5493e38
[35m[HTTP][39m [37m<-- GET /wd/hub/session/f9312d62-1e90-46e9-8044-0ecef5493e38/element/1c54f3aa-d315-42cb-af9e-9b3cf6c0abbe/location [39m[32m200[39m [90m73 ms - 89[39m
[35m[HTTP][39m [90m[39m
[35m[HTTP][39m [37m-->[39m [37mPOST[39m [37m/wd/hub/session/f9312d62-1e90-46e9-8044-0ecef5493e38/touch/perform[39m
[35m[HTTP][39m [90m{"actions":[{"action":"tap","options":{"element":"1c54f3aa-d315-42cb-af9e-9b3cf6c0abbe","x":1,"y":1}}]}[39m
[35m[UiAutomator2][39m calling get location: 1c54f3aa-d315-42cb-af9e-9b3cf6c0abbe
[35m[HTTP][39m [37m<-- POST /wd/hub/session/f9312d62-1e90-46e9-8044-0ecef5493e38/touch/perform [39m[32m200[39m [90m1004 ms - 76[39m
[35m[HTTP][39m [90m[39m
[35m[HTTP][39m [37m-->[39m [37mGET[39m [37m/wd/hub/session/f9312d62-1e90-46e9-8044-0ecef5493e38/window/current/size[39m
[35m[HTTP][39m [90m{}[39m
[35m[W3C][39m Driver proxy active, passing request on via HTTP proxy
[35m[JSONWP Proxy][39m Replacing sessionId 163e4804-73a5-46dd-9067-2ae7a813732c with f9312d62-1e90-46e9-8044-0ecef5493e38
[35m[HTTP][39m [37m<-- GET /wd/hub/session/f9312d62-1e90-46e9-8044-0ecef5493e38/window/current/size [39m[32m200[39m [90m40 ms - 100[39m
[35m[HTTP][39m [90m[39m
[35m[HTTP][39m [37m-->[39m [37mPOST[39m [37m/wd/hub/session/f9312d62-1e90-46e9-8044-0ecef5493e38/elements[39m
[35m[HTTP][39m [90m{"using":"-android uiautomator","value":"new UiSelector().className(\"android.widget.Button\").text(\"REQUEST\").resourceId(\"com.safeboda.passenger:id/requestButton\").instance(0)"}[39m
[35m[HTTP][39m [37m<-- POST /wd/hub/session/f9312d62-1e90-46e9-8044-0ecef5493e38/elements [39m[32m200[39m [90m207 ms - 124[39m
[35m[HTTP][39m [90m[39m
[35m[HTTP][39m [37m-->[39m [37mGET[39m [37m/wd/hub/session/f9312d62-1e90-46e9-8044-0ecef5493e38[39m
[35m[HTTP][39m [90m{}[39m
[35m[HTTP][39m [37m<-- GET /wd/hub/session/f9312d62-1e90-46e9-8044-0ecef5493e38 [39m[32m200[39m [90m25 ms - 1202[39m
[35m[HTTP][39m [90m[39m
[35m[HTTP][39m [37m-->[39m [37mGET[39m [37m/wd/hub/session/f9312d62-1e90-46e9-8044-0ecef5493e38[39m
[35m[HTTP][39m [90m{}[39m
[35m[HTTP][39m [37m<-- GET /wd/hub/session/f9312d62-1e90-46e9-8044-0ecef5493e38 [39m[32m200[39m [90m22 ms - 1202[39m
[35m[HTTP][39m [90m[39m
[35m[HTTP][39m [37m-->[39m [37mGET[39m [37m/wd/hub/session/f9312d62-1e90-46e9-8044-0ecef5493e38[39m
[35m[HTTP][39m [90m{}[39m
[35m[HTTP][39m [37m<-- GET /wd/hub/session/f9312d62-1e90-46e9-8044-0ecef5493e38 [39m[32m200[39m [90m35 ms - 1202[39m
[35m[HTTP][39m [90m[39m
[35m[HTTP][39m [37m-->[39m [37mGET[39m [37m/wd/hub/session/f9312d62-1e90-46e9-8044-0ecef5493e38[39m
[35m[HTTP][39m [90m{}[39m
[35m[HTTP][39m [37m<-- GET /wd/hub/session/f9312d62-1e90-46e9-8044-0ecef5493e38 [39m[32m200[39m [90m19 ms - 1202[39m
[35m[HTTP][39m [90m[39m
[35m[HTTP][39m [37m-->[39m [37mGET[39m [37m/wd/hub/session/f9312d62-1e90-46e9-8044-0ecef5493e38/element/e2ccbdfc-f5f8-4211-a052-6919892cff80/location[39m
[35m[HTTP][39m [90m{}[39m
[35m[W3C][39m Driver proxy active, passing request on via HTTP proxy
[35m[JSONWP Proxy][39m Replacing sessionId 163e4804-73a5-46dd-9067-2ae7a813732c with f9312d62-1e90-46e9-8044-0ecef5493e38
[35m[HTTP][39m [37m<-- GET /wd/hub/session/f9312d62-1e90-46e9-8044-0ecef5493e38/element/e2ccbdfc-f5f8-4211-a052-6919892cff80/location [39m[32m200[39m [90m64 ms - 89[39m
[35m[HTTP][39m [90m[39m
[35m[HTTP][39m [37m-->[39m [37mPOST[39m [37m/wd/hub/session/f9312d62-1e90-46e9-8044-0ecef5493e38/touch/perform[39m
[35m[HTTP][39m [90m{"actions":[{"action":"tap","options":{"element":"e2ccbdfc-f5f8-4211-a052-6919892cff80","x":1,"y":1}}]}[39m
[35m[UiAutomator2][39m calling get location: e2ccbdfc-f5f8-4211-a052-6919892cff80
[35m[HTTP][39m [37m<-- POST /wd/hub/session/f9312d62-1e90-46e9-8044-0ecef5493e38/touch/perform [39m[32m200[39m [90m3248 ms - 76[39m
[35m[HTTP][39m [90m[39m
[35m[HTTP][39m [37m-->[39m [37mGET[39m [37m/wd/hub/session/f9312d62-1e90-46e9-8044-0ecef5493e38/window/current/size[39m
[35m[HTTP][39m [90m{}[39m
[35m[W3C][39m Driver proxy active, passing request on via HTTP proxy
[35m[JSONWP Proxy][39m Replacing sessionId 163e4804-73a5-46dd-9067-2ae7a813732c with f9312d62-1e90-46e9-8044-0ecef5493e38
[35m[HTTP][39m [37m<-- GET /wd/hub/session/f9312d62-1e90-46e9-8044-0ecef5493e38/window/current/size [39m[32m200[39m [90m52 ms - 100[39m
[35m[HTTP][39m [90m[39m
[35m[HTTP][39m [37m-->[39m [37mPOST[39m [37m/wd/hub/session/f9312d62-1e90-46e9-8044-0ecef5493e38/elements[39m
[35m[HTTP][39m [90m{"using":"-android uiautomator","value":"new UiSelector().className(\"android.widget.ImageButton\").instance(0)"}[39m
[35m[HTTP][39m [37m<-- POST /wd/hub/session/f9312d62-1e90-46e9-8044-0ecef5493e38/elements [39m[32m200[39m [90m60 ms - 124[39m
[35m[HTTP][39m [90m[39m
[35m[HTTP][39m [37m-->[39m [37mGET[39m [37m/wd/hub/session/f9312d62-1e90-46e9-8044-0ecef5493e38[39m
[35m[HTTP][39m [90m{}[39m
[35m[HTTP][39m [37m<-- GET /wd/hub/session/f9312d62-1e90-46e9-8044-0ecef5493e38 [39m[32m200[39m [90m22 ms - 1202[39m
[35m[HTTP][39m [90m[39m
[35m[HTTP][39m [37m-->[39m [37mGET[39m [37m/wd/hub/session/f9312d62-1e90-46e9-8044-0ecef5493e38[39m
[35m[HTTP][39m [90m{}[39m
[35m[HTTP][39m [37m<-- GET /wd/hub/session/f9312d62-1e90-46e9-8044-0ecef5493e38 [39m[32m200[39m [90m20 ms - 1202[39m
[35m[HTTP][39m [90m[39m
[35m[HTTP][39m [37m-->[39m [37mGET[39m [37m/wd/hub/session/f9312d62-1e90-46e9-8044-0ecef5493e38[39m
[35m[HTTP][39m [90m{}[39m
[35m[HTTP][39m [37m<-- GET /wd/hub/session/f9312d62-1e90-46e9-8044-0ecef5493e38 [39m[32m200[39m [90m31 ms - 1202[39m
[35m[HTTP][39m [90m[39m
[35m[HTTP][39m [37m-->[39m [37mGET[39m [37m/wd/hub/session/f9312d62-1e90-46e9-8044-0ecef5493e38[39m
[35m[HTTP][39m [90m{}[39m
[35m[HTTP][39m [37m<-- GET /wd/hub/session/f9312d62-1e90-46e9-8044-0ecef5493e38 [39m[32m200[39m [90m25 ms - 1202[39m
[35m[HTTP][39m [90m[39m
[35m[HTTP][39m [37m-->[39m [37mGET[39m [37m/wd/hub/session/f9312d62-1e90-46e9-8044-0ecef5493e38/element/1578f7e4-6a1a-47fc-ae7c-6ed47840cb0d/location[39m
[35m[HTTP][39m [90m{}[39m
[35m[W3C][39m Driver proxy active, passing request on via HTTP proxy
[35m[JSONWP Proxy][39m Replacing sessionId 163e4804-73a5-46dd-9067-2ae7a813732c with f9312d62-1e90-46e9-8044-0ecef5493e38
[35m[HTTP][39m [37m<-- GET /wd/hub/session/f9312d62-1e90-46e9-8044-0ecef5493e38/element/1578f7e4-6a1a-47fc-ae7c-6ed47840cb0d/location [39m[32m200[39m [90m46 ms - 86[39m
[35m[HTTP][39m [90m[39m
[35m[HTTP][39m [37m-->[39m [37mPOST[39m [37m/wd/hub/session/f9312d62-1e90-46e9-8044-0ecef5493e38/touch/perform[39m
[35m[HTTP][39m [90m{"actions":[{"action":"tap","options":{"element":"1578f7e4-6a1a-47fc-ae7c-6ed47840cb0d","x":1,"y":1}}]}[39m
[35m[UiAutomator2][39m calling get location: 1578f7e4-6a1a-47fc-ae7c-6ed47840cb0d
[35m[HTTP][39m [37m<-- POST /wd/hub/session/f9312d62-1e90-46e9-8044-0ecef5493e38/touch/perform [39m[32m200[39m [90m806 ms - 76[39m
[35m[HTTP][39m [90m[39m
[35m[HTTP][39m [37m-->[39m [37mDELETE[39m [37m/wd/hub/session/f9312d62-1e90-46e9-8044-0ecef5493e38[39m
[35m[HTTP][39m [90m{}[39m
[35m[Appium][39m Removing session f9312d62-1e90-46e9-8044-0ecef5493e38 from our master session list
[35m[HTTP][39m [37m<-- DELETE /wd/hub/session/f9312d62-1e90-46e9-8044-0ecef5493e38 [39m[32m200[39m [90m1507 ms - 76[39m
[35m[HTTP][39m [90m[39m
