[35m[Appium][39m Welcome to Appium v1.8.1
[35m[Appium][39m Non-default server args:
[35m[Appium][39m   port: 59047
[35m[Appium][39m   loglevel: info
[35m[Appium][39m   chromeDriverPort: 59050
[35m[Appium][39m   tmpDir: C:\Users\denni\AppData\Local\Temp\\Katalon\Appium\Temp1552121095583
[35m[Appium][39m Appium REST http interface listener started on 0.0.0.0:59047
[35m[HTTP][39m [37m-->[39m [37mGET[39m [37m/wd/hub/status[39m
[35m[HTTP][39m [90m{}[39m
[35m[HTTP][39m [37m<-- GET /wd/hub/status [39m[32m200[39m [90m10 ms - 83[39m
[35m[HTTP][39m [90m[39m
[35m[HTTP][39m [37m-->[39m [37mPOST[39m [37m/wd/hub/session[39m
[35m[HTTP][39m [90m{"desiredCapabilities":{"app":"C:\\Users\\denni\\OneDrive\\Desktop\\SafeBoda\\app-passenger.apk","autoGrantPermissions":true,"automationName":"uiautomator2","deviceName":"CUBOT CUBOT NOTE Plus (Android 7.0)","fullReset":false,"newCommandTimeout":1800,"noReset":true,"platform":"ANDROID","platformName":"Android","udid":"C509XXBH81110634"},"capabilities":{"desiredCapabilities":{"app":"C:\\Users\\denni\\OneDrive\\Desktop\\SafeBoda\\app-passenger.apk","autoGrantPermissions":true,"automationName":"uiautomator2","deviceName":"CUBOT CUBOT NOTE Plus (Android 7.0)","fullReset":false,"newCommandTimeout":1800,"noReset":true,"platform":"ANDROID","platformName":"Android","udid":"C509XXBH81110634"},"firstMatch":[{"platformName":"android"}]}}[39m
[35m[Appium][39m Could not parse W3C capabilities: 'deviceName' can't be blank. Falling back to JSONWP protocol.
[35m[Appium][39m The following capabilities were provided in the JSONWP desired capabilities that are missing in W3C capabilities: ["app","autoGrantPermissions","automationName","deviceName","fullReset","newCommandTimeout","noReset","platform","platformName","udid"]. Falling back to JSONWP protocol.
[35m[Appium][39m Creating new AndroidUiautomator2Driver (v1.12.0) session
[35m[Appium][39m Capabilities:
[35m[Appium][39m   app: C:\Users\denni\OneDrive\Desktop\SafeBoda\app-passenger.apk
[35m[Appium][39m   autoGrantPermissions: true
[35m[Appium][39m   automationName: uiautomator2
[35m[Appium][39m   deviceName: CUBOT CUBOT NOTE Plus (Android 7.0)
[35m[Appium][39m   fullReset: false
[35m[Appium][39m   newCommandTimeout: 1800
[35m[Appium][39m   noReset: true
[35m[Appium][39m   platform: ANDROID
[35m[Appium][39m   platformName: Android
[35m[Appium][39m   udid: C509XXBH81110634
[35m[BaseDriver][39m The following capabilities were provided, but are not recognized by appium: platform.
[35m[BaseDriver][39m Session created with session id: fd220ec8-9f8b-4ebd-981d-7dcc4b40a1e6
[35m[BaseDriver][39m Using local app 'C:\Users\denni\OneDrive\Desktop\SafeBoda\app-passenger.apk'
[35m[AndroidDriver][39m Java version is: 1.8.0_181
[35m[ADB][39m Checking whether adb is present
[35m[ADB][39m Found 1 'build-tools' folders under 'C:\Users\denni\.katalon\tools\android_sdk' (newest first):
[35m[ADB][39m     C:/Users/denni/.katalon/tools/android_sdk/build-tools/28.0.3
[35m[ADB][39m Using adb.exe from C:\Users\denni\.katalon\tools\android_sdk\platform-tools\adb.exe
[35m[AndroidDriver][39m Retrieving device list
[35m[AndroidDriver][39m Using device: C509XXBH81110634
[35m[ADB][39m Using the alternative activity name detection method because of: Could not find apkanalyzer.bat in C:\Users\denni\.katalon\tools\android_sdk\platform-tools\apkanalyzer.bat,C:\Users\denni\.katalon\tools\android_sdk\emulator\apkanalyzer.bat,C:\Users\denni\.katalon\tools\android_sdk\tools\apkanalyzer.bat,C:\Users\denni\.katalon\tools\android_sdk\tools\bin\apkanalyzer.bat,C:\Users\denni\.katalon\tools\android_sdk\build-tools\28.0.3\apkanalyzer.bat. Do you have the Android SDK installed at 'C:\Users\denni\.katalon\tools\android_sdk'?
[35m[ADB][39m Checking whether aapt is present
[35m[ADB][39m Using aapt.exe from C:\Users\denni\.katalon\tools\android_sdk\build-tools\28.0.3\aapt.exe
[35m[ADB][39m Extracting package and launch activity from manifest
[35m[ADB][39m Package name: 'com.safeboda.passenger'
[35m[ADB][39m Main activity name: 'com.safeboda.passenger.start.StartActivity'
[35m[ADB][39m Getting device platform version
[35m[ADB][39m Using apksigner.bat from C:\Users\denni\.katalon\tools\android_sdk\build-tools\28.0.3\apksigner.bat
[35m[ADB][39m Checking whether zipalign is present
[35m[ADB][39m Using zipalign.exe from C:\Users\denni\.katalon\tools\android_sdk\build-tools\28.0.3\zipalign.exe
[35m[ADB][39m io.appium.uiautomator2.server was successfully uninstalled
[35m[ADB][39m io.appium.uiautomator2.server.test was successfully uninstalled
[35m[AndroidDriver][39m setDeviceLanguageCountry requires language or country.
[35m[AndroidDriver][39m Got language: 'null' and country: 'null'
[35m[ADB][39m Successfully extracted 678 strings from 'C:\Users\denni\OneDrive\Desktop\SafeBoda\app-passenger.apk' resources for '(default)' configuration
[35m[UiAutomator2][39m Starting uiautomator2 server 1.12.0
[35m[UiAutomator2][39m Using UIAutomator2 server from 'C:\Users\denni\AppData\Roaming\npm\node_modules\appium\node_modules\appium-uiautomator2-server\apks\appium-uiautomator2-server-v1.12.0.apk' and test from 'C:\Users\denni\AppData\Roaming\npm\node_modules\appium\node_modules\appium-uiautomator2-server\apks\appium-uiautomator2-server-debug-androidTest.apk'
[35m[UiAutomator2][39m Running command: 'adb -s C509XXBH81110634 shell am instrument -w io.appium.uiautomator2.server.test/android.support.test.runner.AndroidJUnitRunner'
[35m[UiAutomator2][39m Waiting up to 20000ms for UiAutomator2 to be online...
[35m[AndroidDriver][39m Screen already unlocked, doing nothing
[35m[UiAutomator2][39m UiAutomator2 did not start the activity we were waiting for, 'com.safeboda.passenger/com.safeboda.passenger.start.StartActivity'. Starting it ourselves
[35m[Appium][39m New AndroidUiautomator2Driver session created successfully, session fd220ec8-9f8b-4ebd-981d-7dcc4b40a1e6 added to master session list
[35m[HTTP][39m [37m<-- POST /wd/hub/session [39m[32m200[39m [90m36656 ms - 1200[39m
[35m[HTTP][39m [90m[39m
[35m[HTTP][39m [37m-->[39m [37mGET[39m [37m/wd/hub/status[39m
[35m[HTTP][39m [90m{}[39m
[35m[HTTP][39m [37m<-- GET /wd/hub/status [39m[32m200[39m [90m5 ms - 55[39m
[35m[HTTP][39m [90m[39m
[35m[HTTP][39m [37m-->[39m [37mPOST[39m [37m/wd/hub/session/fd220ec8-9f8b-4ebd-981d-7dcc4b40a1e6/timeouts[39m
[35m[HTTP][39m [90m{"type":"implicit","ms":30000}[39m
[35m[HTTP][39m [37m<-- POST /wd/hub/session/fd220ec8-9f8b-4ebd-981d-7dcc4b40a1e6/timeouts [39m[33m400[39m [90m27 ms - 5204[39m
[35m[HTTP][39m [90m[39m
[35m[HTTP][39m [37m-->[39m [37mGET[39m [37m/wd/hub/session/fd220ec8-9f8b-4ebd-981d-7dcc4b40a1e6/window/current/size[39m
[35m[HTTP][39m [90m{}[39m
[35m[W3C][39m Driver proxy active, passing request on via HTTP proxy
[35m[JSONWP Proxy][39m Replacing sessionId bde41530-3f16-4ed9-ae9f-37700ddab7db with fd220ec8-9f8b-4ebd-981d-7dcc4b40a1e6
[35m[HTTP][39m [37m<-- GET /wd/hub/session/fd220ec8-9f8b-4ebd-981d-7dcc4b40a1e6/window/current/size [39m[32m200[39m [90m429 ms - 100[39m
[35m[HTTP][39m [90m[39m
[35m[HTTP][39m [37m-->[39m [37mPOST[39m [37m/wd/hub/session/fd220ec8-9f8b-4ebd-981d-7dcc4b40a1e6/elements[39m
[35m[HTTP][39m [90m{"using":"-android uiautomator","value":"new UiSelector().className(\"android.widget.EditText\").text(\"Search location\").resourceId(\"com.safeboda.passenger:id/locationEditText\").instance(0)"}[39m
[35m[HTTP][39m [37m<-- POST /wd/hub/session/fd220ec8-9f8b-4ebd-981d-7dcc4b40a1e6/elements [39m[32m200[39m [90m2400 ms - 124[39m
[35m[HTTP][39m [90m[39m
[35m[HTTP][39m [37m-->[39m [37mGET[39m [37m/wd/hub/session/fd220ec8-9f8b-4ebd-981d-7dcc4b40a1e6[39m
[35m[HTTP][39m [90m{}[39m
[35m[HTTP][39m [37m<-- GET /wd/hub/session/fd220ec8-9f8b-4ebd-981d-7dcc4b40a1e6 [39m[32m200[39m [90m29 ms - 1200[39m
[35m[HTTP][39m [90m[39m
[35m[HTTP][39m [37m-->[39m [37mGET[39m [37m/wd/hub/session/fd220ec8-9f8b-4ebd-981d-7dcc4b40a1e6[39m
[35m[HTTP][39m [90m{}[39m
[35m[HTTP][39m [37m<-- GET /wd/hub/session/fd220ec8-9f8b-4ebd-981d-7dcc4b40a1e6 [39m[32m200[39m [90m32 ms - 1200[39m
[35m[HTTP][39m [90m[39m
[35m[HTTP][39m [37m-->[39m [37mGET[39m [37m/wd/hub/session/fd220ec8-9f8b-4ebd-981d-7dcc4b40a1e6[39m
[35m[HTTP][39m [90m{}[39m
[35m[HTTP][39m [37m<-- GET /wd/hub/session/fd220ec8-9f8b-4ebd-981d-7dcc4b40a1e6 [39m[32m200[39m [90m33 ms - 1200[39m
[35m[HTTP][39m [90m[39m
[35m[HTTP][39m [37m-->[39m [37mGET[39m [37m/wd/hub/session/fd220ec8-9f8b-4ebd-981d-7dcc4b40a1e6[39m
[35m[HTTP][39m [90m{}[39m
[35m[HTTP][39m [37m<-- GET /wd/hub/session/fd220ec8-9f8b-4ebd-981d-7dcc4b40a1e6 [39m[32m200[39m [90m25 ms - 1200[39m
[35m[HTTP][39m [90m[39m
[35m[HTTP][39m [37m-->[39m [37mGET[39m [37m/wd/hub/session/fd220ec8-9f8b-4ebd-981d-7dcc4b40a1e6/element/02af3e78-4340-4787-9139-8f836f718d9b/location[39m
[35m[HTTP][39m [90m{}[39m
[35m[W3C][39m Driver proxy active, passing request on via HTTP proxy
[35m[JSONWP Proxy][39m Replacing sessionId bde41530-3f16-4ed9-ae9f-37700ddab7db with fd220ec8-9f8b-4ebd-981d-7dcc4b40a1e6
[35m[HTTP][39m [37m<-- GET /wd/hub/session/fd220ec8-9f8b-4ebd-981d-7dcc4b40a1e6/element/02af3e78-4340-4787-9139-8f836f718d9b/location [39m[32m200[39m [90m65 ms - 89[39m
[35m[HTTP][39m [90m[39m
[35m[HTTP][39m [37m-->[39m [37mPOST[39m [37m/wd/hub/session/fd220ec8-9f8b-4ebd-981d-7dcc4b40a1e6/touch/perform[39m
[35m[HTTP][39m [90m{"actions":[{"action":"tap","options":{"element":"02af3e78-4340-4787-9139-8f836f718d9b","x":1,"y":1}}]}[39m
[35m[UiAutomator2][39m calling get location: 02af3e78-4340-4787-9139-8f836f718d9b
[35m[HTTP][39m [37m<-- POST /wd/hub/session/fd220ec8-9f8b-4ebd-981d-7dcc4b40a1e6/touch/perform [39m[32m200[39m [90m1342 ms - 76[39m
[35m[HTTP][39m [90m[39m
[35m[HTTP][39m [37m-->[39m [37mGET[39m [37m/wd/hub/session/fd220ec8-9f8b-4ebd-981d-7dcc4b40a1e6/window/current/size[39m
[35m[HTTP][39m [90m{}[39m
[35m[W3C][39m Driver proxy active, passing request on via HTTP proxy
[35m[JSONWP Proxy][39m Replacing sessionId bde41530-3f16-4ed9-ae9f-37700ddab7db with fd220ec8-9f8b-4ebd-981d-7dcc4b40a1e6
[35m[HTTP][39m [37m<-- GET /wd/hub/session/fd220ec8-9f8b-4ebd-981d-7dcc4b40a1e6/window/current/size [39m[32m200[39m [90m68 ms - 100[39m
[35m[HTTP][39m [90m[39m
[35m[HTTP][39m [37m-->[39m [37mPOST[39m [37m/wd/hub/session/fd220ec8-9f8b-4ebd-981d-7dcc4b40a1e6/elements[39m
[35m[HTTP][39m [90m{"using":"-android uiautomator","value":"new UiSelector().className(\"android.widget.EditText\").text(\"Search location\").resourceId(\"com.safeboda.passenger:id/locationEditText\").instance(0)"}[39m
[35m[HTTP][39m [37m<-- POST /wd/hub/session/fd220ec8-9f8b-4ebd-981d-7dcc4b40a1e6/elements [39m[32m200[39m [90m148 ms - 124[39m
[35m[HTTP][39m [90m[39m
[35m[HTTP][39m [37m-->[39m [37mGET[39m [37m/wd/hub/session/fd220ec8-9f8b-4ebd-981d-7dcc4b40a1e6[39m
[35m[HTTP][39m [90m{}[39m
[35m[HTTP][39m [37m<-- GET /wd/hub/session/fd220ec8-9f8b-4ebd-981d-7dcc4b40a1e6 [39m[32m200[39m [90m20 ms - 1200[39m
[35m[HTTP][39m [90m[39m
[35m[HTTP][39m [37m-->[39m [37mGET[39m [37m/wd/hub/session/fd220ec8-9f8b-4ebd-981d-7dcc4b40a1e6[39m
[35m[HTTP][39m [90m{}[39m
[35m[HTTP][39m [37m<-- GET /wd/hub/session/fd220ec8-9f8b-4ebd-981d-7dcc4b40a1e6 [39m[32m200[39m [90m42 ms - 1200[39m
[35m[HTTP][39m [90m[39m
[35m[HTTP][39m [37m-->[39m [37mGET[39m [37m/wd/hub/session/fd220ec8-9f8b-4ebd-981d-7dcc4b40a1e6[39m
[35m[HTTP][39m [90m{}[39m
[35m[HTTP][39m [37m<-- GET /wd/hub/session/fd220ec8-9f8b-4ebd-981d-7dcc4b40a1e6 [39m[32m200[39m [90m45 ms - 1200[39m
[35m[HTTP][39m [90m[39m
[35m[HTTP][39m [37m-->[39m [37mGET[39m [37m/wd/hub/session/fd220ec8-9f8b-4ebd-981d-7dcc4b40a1e6[39m
[35m[HTTP][39m [90m{}[39m
[35m[HTTP][39m [37m<-- GET /wd/hub/session/fd220ec8-9f8b-4ebd-981d-7dcc4b40a1e6 [39m[32m200[39m [90m57 ms - 1200[39m
[35m[HTTP][39m [90m[39m
[35m[HTTP][39m [37m-->[39m [37mGET[39m [37m/wd/hub/session/fd220ec8-9f8b-4ebd-981d-7dcc4b40a1e6/element/100888f9-8937-4f69-b046-9ced8d398574/location[39m
[35m[HTTP][39m [90m{}[39m
[35m[W3C][39m Driver proxy active, passing request on via HTTP proxy
[35m[JSONWP Proxy][39m Replacing sessionId bde41530-3f16-4ed9-ae9f-37700ddab7db with fd220ec8-9f8b-4ebd-981d-7dcc4b40a1e6
[35m[HTTP][39m [37m<-- GET /wd/hub/session/fd220ec8-9f8b-4ebd-981d-7dcc4b40a1e6/element/100888f9-8937-4f69-b046-9ced8d398574/location [39m[32m200[39m [90m184 ms - 89[39m
[35m[HTTP][39m [90m[39m
[35m[HTTP][39m [37m-->[39m [37mPOST[39m [37m/wd/hub/session/fd220ec8-9f8b-4ebd-981d-7dcc4b40a1e6/touch/perform[39m
[35m[HTTP][39m [90m{"actions":[{"action":"tap","options":{"element":"100888f9-8937-4f69-b046-9ced8d398574","x":1,"y":1}}]}[39m
[35m[UiAutomator2][39m calling get location: 100888f9-8937-4f69-b046-9ced8d398574
[35m[HTTP][39m [37m<-- POST /wd/hub/session/fd220ec8-9f8b-4ebd-981d-7dcc4b40a1e6/touch/perform [39m[32m200[39m [90m3338 ms - 76[39m
[35m[HTTP][39m [90m[39m
[35m[HTTP][39m [37m-->[39m [37mGET[39m [37m/wd/hub/session/fd220ec8-9f8b-4ebd-981d-7dcc4b40a1e6/window/current/size[39m
[35m[HTTP][39m [90m{}[39m
[35m[W3C][39m Driver proxy active, passing request on via HTTP proxy
[35m[JSONWP Proxy][39m Replacing sessionId bde41530-3f16-4ed9-ae9f-37700ddab7db with fd220ec8-9f8b-4ebd-981d-7dcc4b40a1e6
[35m[HTTP][39m [37m<-- GET /wd/hub/session/fd220ec8-9f8b-4ebd-981d-7dcc4b40a1e6/window/current/size [39m[32m200[39m [90m163 ms - 100[39m
[35m[HTTP][39m [90m[39m
[35m[HTTP][39m [37m-->[39m [37mPOST[39m [37m/wd/hub/session/fd220ec8-9f8b-4ebd-981d-7dcc4b40a1e6/elements[39m
[35m[HTTP][39m [90m{"using":"-android uiautomator","value":"new UiSelector().className(\"android.widget.EditText\").text(\"Search location\").resourceId(\"com.safeboda.passenger:id/locationEditText\").instance(0)"}[39m
[35m[HTTP][39m [37m<-- POST /wd/hub/session/fd220ec8-9f8b-4ebd-981d-7dcc4b40a1e6/elements [39m[32m200[39m [90m357 ms - 124[39m
[35m[HTTP][39m [90m[39m
[35m[HTTP][39m [37m-->[39m [37mGET[39m [37m/wd/hub/session/fd220ec8-9f8b-4ebd-981d-7dcc4b40a1e6[39m
[35m[HTTP][39m [90m{}[39m
[35m[HTTP][39m [37m<-- GET /wd/hub/session/fd220ec8-9f8b-4ebd-981d-7dcc4b40a1e6 [39m[32m200[39m [90m231 ms - 1200[39m
[35m[HTTP][39m [90m[39m
[35m[HTTP][39m [37m-->[39m [37mGET[39m [37m/wd/hub/session/fd220ec8-9f8b-4ebd-981d-7dcc4b40a1e6[39m
[35m[HTTP][39m [90m{}[39m
[35m[HTTP][39m [37m<-- GET /wd/hub/session/fd220ec8-9f8b-4ebd-981d-7dcc4b40a1e6 [39m[32m200[39m [90m56 ms - 1200[39m
[35m[HTTP][39m [90m[39m
[35m[HTTP][39m [37m-->[39m [37mGET[39m [37m/wd/hub/session/fd220ec8-9f8b-4ebd-981d-7dcc4b40a1e6[39m
[35m[HTTP][39m [90m{}[39m
[35m[HTTP][39m [37m<-- GET /wd/hub/session/fd220ec8-9f8b-4ebd-981d-7dcc4b40a1e6 [39m[32m200[39m [90m110 ms - 1200[39m
[35m[HTTP][39m [90m[39m
[35m[HTTP][39m [37m-->[39m [37mGET[39m [37m/wd/hub/session/fd220ec8-9f8b-4ebd-981d-7dcc4b40a1e6[39m
[35m[HTTP][39m [90m{}[39m
[35m[HTTP][39m [37m<-- GET /wd/hub/session/fd220ec8-9f8b-4ebd-981d-7dcc4b40a1e6 [39m[32m200[39m [90m33 ms - 1200[39m
[35m[HTTP][39m [90m[39m
[35m[HTTP][39m [37m-->[39m [37mGET[39m [37m/wd/hub/session/fd220ec8-9f8b-4ebd-981d-7dcc4b40a1e6/element/4dd20dcb-4093-4c9b-bbdb-af03e60298a9/location[39m
[35m[HTTP][39m [90m{}[39m
[35m[W3C][39m Driver proxy active, passing request on via HTTP proxy
[35m[JSONWP Proxy][39m Replacing sessionId bde41530-3f16-4ed9-ae9f-37700ddab7db with fd220ec8-9f8b-4ebd-981d-7dcc4b40a1e6
[35m[HTTP][39m [37m<-- GET /wd/hub/session/fd220ec8-9f8b-4ebd-981d-7dcc4b40a1e6/element/4dd20dcb-4093-4c9b-bbdb-af03e60298a9/location [39m[32m200[39m [90m50 ms - 89[39m
[35m[HTTP][39m [90m[39m
[35m[HTTP][39m [37m-->[39m [37mPOST[39m [37m/wd/hub/session/fd220ec8-9f8b-4ebd-981d-7dcc4b40a1e6/element/4dd20dcb-4093-4c9b-bbdb-af03e60298a9/value[39m
[35m[HTTP][39m [90m{"id":"4dd20dcb-4093-4c9b-bbdb-af03e60298a9","value":["Sheraton Kampala Hotel"]}[39m
[35m[HTTP][39m [37m<-- POST /wd/hub/session/fd220ec8-9f8b-4ebd-981d-7dcc4b40a1e6/element/4dd20dcb-4093-4c9b-bbdb-af03e60298a9/value [39m[32m200[39m [90m1639 ms - 74[39m
[35m[HTTP][39m [90m[39m
[35m[HTTP][39m [37m-->[39m [37mGET[39m [37m/wd/hub/session/fd220ec8-9f8b-4ebd-981d-7dcc4b40a1e6/window/current/size[39m
[35m[HTTP][39m [90m{}[39m
[35m[W3C][39m Driver proxy active, passing request on via HTTP proxy
[35m[JSONWP Proxy][39m Replacing sessionId bde41530-3f16-4ed9-ae9f-37700ddab7db with fd220ec8-9f8b-4ebd-981d-7dcc4b40a1e6
[35m[HTTP][39m [37m<-- GET /wd/hub/session/fd220ec8-9f8b-4ebd-981d-7dcc4b40a1e6/window/current/size [39m[32m200[39m [90m54 ms - 100[39m
[35m[HTTP][39m [90m[39m
[35m[HTTP][39m [37m-->[39m [37mPOST[39m [37m/wd/hub/session/fd220ec8-9f8b-4ebd-981d-7dcc4b40a1e6/elements[39m
[35m[HTTP][39m [90m{"using":"-android uiautomator","value":"new UiSelector().className(\"android.view.ViewGroup\").instance(5)"}[39m
[35m[HTTP][39m [37m<-- POST /wd/hub/session/fd220ec8-9f8b-4ebd-981d-7dcc4b40a1e6/elements [39m[32m200[39m [90m1157 ms - 74[39m
[35m[HTTP][39m [90m[39m
[35m[HTTP][39m [37m-->[39m [37mPOST[39m [37m/wd/hub/session/fd220ec8-9f8b-4ebd-981d-7dcc4b40a1e6/elements[39m
[35m[HTTP][39m [90m{"using":"-android uiautomator","value":"new UiSelector().className(\"android.view.ViewGroup\").instance(5)"}[39m
[35m[HTTP][39m [37m<-- POST /wd/hub/session/fd220ec8-9f8b-4ebd-981d-7dcc4b40a1e6/elements [39m[32m200[39m [90m1043 ms - 124[39m
[35m[HTTP][39m [90m[39m
[35m[HTTP][39m [37m-->[39m [37mGET[39m [37m/wd/hub/session/fd220ec8-9f8b-4ebd-981d-7dcc4b40a1e6[39m
[35m[HTTP][39m [90m{}[39m
[35m[HTTP][39m [37m<-- GET /wd/hub/session/fd220ec8-9f8b-4ebd-981d-7dcc4b40a1e6 [39m[32m200[39m [90m27 ms - 1200[39m
[35m[HTTP][39m [90m[39m
[35m[HTTP][39m [37m-->[39m [37mGET[39m [37m/wd/hub/session/fd220ec8-9f8b-4ebd-981d-7dcc4b40a1e6[39m
[35m[HTTP][39m [90m{}[39m
[35m[HTTP][39m [37m<-- GET /wd/hub/session/fd220ec8-9f8b-4ebd-981d-7dcc4b40a1e6 [39m[32m200[39m [90m122 ms - 1200[39m
[35m[HTTP][39m [90m[39m
[35m[HTTP][39m [37m-->[39m [37mGET[39m [37m/wd/hub/session/fd220ec8-9f8b-4ebd-981d-7dcc4b40a1e6[39m
[35m[HTTP][39m [90m{}[39m
[35m[HTTP][39m [37m<-- GET /wd/hub/session/fd220ec8-9f8b-4ebd-981d-7dcc4b40a1e6 [39m[32m200[39m [90m39 ms - 1200[39m
[35m[HTTP][39m [90m[39m
[35m[HTTP][39m [37m-->[39m [37mGET[39m [37m/wd/hub/session/fd220ec8-9f8b-4ebd-981d-7dcc4b40a1e6[39m
[35m[HTTP][39m [90m{}[39m
[35m[HTTP][39m [37m<-- GET /wd/hub/session/fd220ec8-9f8b-4ebd-981d-7dcc4b40a1e6 [39m[32m200[39m [90m44 ms - 1200[39m
[35m[HTTP][39m [90m[39m
[35m[HTTP][39m [37m-->[39m [37mGET[39m [37m/wd/hub/session/fd220ec8-9f8b-4ebd-981d-7dcc4b40a1e6/element/ed490312-6a5f-46c5-96b5-5c2a0c1265e9/location[39m
[35m[HTTP][39m [90m{}[39m
[35m[W3C][39m Driver proxy active, passing request on via HTTP proxy
[35m[JSONWP Proxy][39m Replacing sessionId bde41530-3f16-4ed9-ae9f-37700ddab7db with fd220ec8-9f8b-4ebd-981d-7dcc4b40a1e6
[35m[HTTP][39m [37m<-- GET /wd/hub/session/fd220ec8-9f8b-4ebd-981d-7dcc4b40a1e6/element/ed490312-6a5f-46c5-96b5-5c2a0c1265e9/location [39m[32m200[39m [90m73 ms - 88[39m
[35m[HTTP][39m [90m[39m
[35m[HTTP][39m [37m-->[39m [37mPOST[39m [37m/wd/hub/session/fd220ec8-9f8b-4ebd-981d-7dcc4b40a1e6/touch/perform[39m
[35m[HTTP][39m [90m{"actions":[{"action":"tap","options":{"element":"ed490312-6a5f-46c5-96b5-5c2a0c1265e9","x":1,"y":1}}]}[39m
[35m[UiAutomator2][39m calling get location: ed490312-6a5f-46c5-96b5-5c2a0c1265e9
[35m[HTTP][39m [37m<-- POST /wd/hub/session/fd220ec8-9f8b-4ebd-981d-7dcc4b40a1e6/touch/perform [39m[32m200[39m [90m1056 ms - 76[39m
[35m[HTTP][39m [90m[39m
[35m[HTTP][39m [37m-->[39m [37mGET[39m [37m/wd/hub/session/fd220ec8-9f8b-4ebd-981d-7dcc4b40a1e6/window/current/size[39m
[35m[HTTP][39m [90m{}[39m
[35m[W3C][39m Driver proxy active, passing request on via HTTP proxy
[35m[JSONWP Proxy][39m Replacing sessionId bde41530-3f16-4ed9-ae9f-37700ddab7db with fd220ec8-9f8b-4ebd-981d-7dcc4b40a1e6
[35m[HTTP][39m [37m<-- GET /wd/hub/session/fd220ec8-9f8b-4ebd-981d-7dcc4b40a1e6/window/current/size [39m[32m200[39m [90m178 ms - 100[39m
[35m[HTTP][39m [90m[39m
[35m[HTTP][39m [37m-->[39m [37mPOST[39m [37m/wd/hub/session/fd220ec8-9f8b-4ebd-981d-7dcc4b40a1e6/elements[39m
[35m[HTTP][39m [90m{"using":"-android uiautomator","value":"new UiSelector().className(\"android.widget.ImageView\").resourceId(\"com.safeboda.passenger:id/searchImageView\").instance(1)"}[39m
[35m[HTTP][39m [37m<-- POST /wd/hub/session/fd220ec8-9f8b-4ebd-981d-7dcc4b40a1e6/elements [39m[32m200[39m [90m1179 ms - 124[39m
[35m[HTTP][39m [90m[39m
[35m[HTTP][39m [37m-->[39m [37mGET[39m [37m/wd/hub/session/fd220ec8-9f8b-4ebd-981d-7dcc4b40a1e6[39m
[35m[HTTP][39m [90m{}[39m
[35m[HTTP][39m [37m<-- GET /wd/hub/session/fd220ec8-9f8b-4ebd-981d-7dcc4b40a1e6 [39m[32m200[39m [90m31 ms - 1200[39m
[35m[HTTP][39m [90m[39m
[35m[HTTP][39m [37m-->[39m [37mGET[39m [37m/wd/hub/session/fd220ec8-9f8b-4ebd-981d-7dcc4b40a1e6[39m
[35m[HTTP][39m [90m{}[39m
[35m[HTTP][39m [37m<-- GET /wd/hub/session/fd220ec8-9f8b-4ebd-981d-7dcc4b40a1e6 [39m[32m200[39m [90m38 ms - 1200[39m
[35m[HTTP][39m [90m[39m
[35m[HTTP][39m [37m-->[39m [37mGET[39m [37m/wd/hub/session/fd220ec8-9f8b-4ebd-981d-7dcc4b40a1e6[39m
[35m[HTTP][39m [90m{}[39m
[35m[HTTP][39m [37m<-- GET /wd/hub/session/fd220ec8-9f8b-4ebd-981d-7dcc4b40a1e6 [39m[32m200[39m [90m32 ms - 1200[39m
[35m[HTTP][39m [90m[39m
[35m[HTTP][39m [37m-->[39m [37mGET[39m [37m/wd/hub/session/fd220ec8-9f8b-4ebd-981d-7dcc4b40a1e6[39m
[35m[HTTP][39m [90m{}[39m
[35m[HTTP][39m [37m<-- GET /wd/hub/session/fd220ec8-9f8b-4ebd-981d-7dcc4b40a1e6 [39m[32m200[39m [90m40 ms - 1200[39m
[35m[HTTP][39m [90m[39m
[35m[HTTP][39m [37m-->[39m [37mGET[39m [37m/wd/hub/session/fd220ec8-9f8b-4ebd-981d-7dcc4b40a1e6/element/bb4cd55f-4cad-4f8b-a0ae-13e34eff2262/location[39m
[35m[HTTP][39m [90m{}[39m
[35m[W3C][39m Driver proxy active, passing request on via HTTP proxy
[35m[JSONWP Proxy][39m Replacing sessionId bde41530-3f16-4ed9-ae9f-37700ddab7db with fd220ec8-9f8b-4ebd-981d-7dcc4b40a1e6
[35m[HTTP][39m [37m<-- GET /wd/hub/session/fd220ec8-9f8b-4ebd-981d-7dcc4b40a1e6/element/bb4cd55f-4cad-4f8b-a0ae-13e34eff2262/location [39m[32m200[39m [90m49 ms - 89[39m
[35m[HTTP][39m [90m[39m
[35m[HTTP][39m [37m-->[39m [37mPOST[39m [37m/wd/hub/session/fd220ec8-9f8b-4ebd-981d-7dcc4b40a1e6/touch/perform[39m
[35m[HTTP][39m [90m{"actions":[{"action":"tap","options":{"element":"bb4cd55f-4cad-4f8b-a0ae-13e34eff2262","x":1,"y":1}}]}[39m
[35m[UiAutomator2][39m calling get location: bb4cd55f-4cad-4f8b-a0ae-13e34eff2262
[35m[HTTP][39m [37m<-- POST /wd/hub/session/fd220ec8-9f8b-4ebd-981d-7dcc4b40a1e6/touch/perform [39m[32m200[39m [90m927 ms - 76[39m
[35m[HTTP][39m [90m[39m
[35m[HTTP][39m [37m-->[39m [37mGET[39m [37m/wd/hub/session/fd220ec8-9f8b-4ebd-981d-7dcc4b40a1e6/window/current/size[39m
[35m[HTTP][39m [90m{}[39m
[35m[W3C][39m Driver proxy active, passing request on via HTTP proxy
[35m[JSONWP Proxy][39m Replacing sessionId bde41530-3f16-4ed9-ae9f-37700ddab7db with fd220ec8-9f8b-4ebd-981d-7dcc4b40a1e6
[35m[HTTP][39m [37m<-- GET /wd/hub/session/fd220ec8-9f8b-4ebd-981d-7dcc4b40a1e6/window/current/size [39m[32m200[39m [90m37 ms - 100[39m
[35m[HTTP][39m [90m[39m
[35m[HTTP][39m [37m-->[39m [37mPOST[39m [37m/wd/hub/session/fd220ec8-9f8b-4ebd-981d-7dcc4b40a1e6/elements[39m
[35m[HTTP][39m [90m{"using":"-android uiautomator","value":"new UiSelector().className(\"android.widget.EditText\").text(\"Search location\").resourceId(\"com.safeboda.passenger:id/locationEditText\").instance(0)"}[39m
[35m[HTTP][39m [37m<-- POST /wd/hub/session/fd220ec8-9f8b-4ebd-981d-7dcc4b40a1e6/elements [39m[32m200[39m [90m74 ms - 124[39m
[35m[HTTP][39m [90m[39m
[35m[HTTP][39m [37m-->[39m [37mGET[39m [37m/wd/hub/session/fd220ec8-9f8b-4ebd-981d-7dcc4b40a1e6[39m
[35m[HTTP][39m [90m{}[39m
[35m[HTTP][39m [37m<-- GET /wd/hub/session/fd220ec8-9f8b-4ebd-981d-7dcc4b40a1e6 [39m[32m200[39m [90m20 ms - 1200[39m
[35m[HTTP][39m [90m[39m
[35m[HTTP][39m [37m-->[39m [37mGET[39m [37m/wd/hub/session/fd220ec8-9f8b-4ebd-981d-7dcc4b40a1e6[39m
[35m[HTTP][39m [90m{}[39m
[35m[HTTP][39m [37m<-- GET /wd/hub/session/fd220ec8-9f8b-4ebd-981d-7dcc4b40a1e6 [39m[32m200[39m [90m17 ms - 1200[39m
[35m[HTTP][39m [90m[39m
[35m[HTTP][39m [37m-->[39m [37mGET[39m [37m/wd/hub/session/fd220ec8-9f8b-4ebd-981d-7dcc4b40a1e6[39m
[35m[HTTP][39m [90m{}[39m
[35m[HTTP][39m [37m<-- GET /wd/hub/session/fd220ec8-9f8b-4ebd-981d-7dcc4b40a1e6 [39m[32m200[39m [90m23 ms - 1200[39m
[35m[HTTP][39m [90m[39m
[35m[HTTP][39m [37m-->[39m [37mGET[39m [37m/wd/hub/session/fd220ec8-9f8b-4ebd-981d-7dcc4b40a1e6[39m
[35m[HTTP][39m [90m{}[39m
[35m[HTTP][39m [37m<-- GET /wd/hub/session/fd220ec8-9f8b-4ebd-981d-7dcc4b40a1e6 [39m[32m200[39m [90m58 ms - 1200[39m
[35m[HTTP][39m [90m[39m
[35m[HTTP][39m [37m-->[39m [37mGET[39m [37m/wd/hub/session/fd220ec8-9f8b-4ebd-981d-7dcc4b40a1e6/element/121b594a-7366-4704-b664-d1ce6400e544/location[39m
[35m[HTTP][39m [90m{}[39m
[35m[W3C][39m Driver proxy active, passing request on via HTTP proxy
[35m[JSONWP Proxy][39m Replacing sessionId bde41530-3f16-4ed9-ae9f-37700ddab7db with fd220ec8-9f8b-4ebd-981d-7dcc4b40a1e6
[35m[HTTP][39m [37m<-- GET /wd/hub/session/fd220ec8-9f8b-4ebd-981d-7dcc4b40a1e6/element/121b594a-7366-4704-b664-d1ce6400e544/location [39m[32m200[39m [90m41 ms - 89[39m
[35m[HTTP][39m [90m[39m
[35m[HTTP][39m [37m-->[39m [37mPOST[39m [37m/wd/hub/session/fd220ec8-9f8b-4ebd-981d-7dcc4b40a1e6/touch/perform[39m
[35m[HTTP][39m [90m{"actions":[{"action":"tap","options":{"element":"121b594a-7366-4704-b664-d1ce6400e544","x":1,"y":1}}]}[39m
[35m[UiAutomator2][39m calling get location: 121b594a-7366-4704-b664-d1ce6400e544
[35m[HTTP][39m [37m<-- POST /wd/hub/session/fd220ec8-9f8b-4ebd-981d-7dcc4b40a1e6/touch/perform [39m[32m200[39m [90m1696 ms - 76[39m
[35m[HTTP][39m [90m[39m
[35m[HTTP][39m [37m-->[39m [37mGET[39m [37m/wd/hub/session/fd220ec8-9f8b-4ebd-981d-7dcc4b40a1e6/window/current/size[39m
[35m[HTTP][39m [90m{}[39m
[35m[W3C][39m Driver proxy active, passing request on via HTTP proxy
[35m[JSONWP Proxy][39m Replacing sessionId bde41530-3f16-4ed9-ae9f-37700ddab7db with fd220ec8-9f8b-4ebd-981d-7dcc4b40a1e6
[35m[HTTP][39m [37m<-- GET /wd/hub/session/fd220ec8-9f8b-4ebd-981d-7dcc4b40a1e6/window/current/size [39m[32m200[39m [90m90 ms - 100[39m
[35m[HTTP][39m [90m[39m
[35m[HTTP][39m [37m-->[39m [37mPOST[39m [37m/wd/hub/session/fd220ec8-9f8b-4ebd-981d-7dcc4b40a1e6/elements[39m
[35m[HTTP][39m [90m{"using":"-android uiautomator","value":"new UiSelector().className(\"android.widget.EditText\").text(\"Search location\").resourceId(\"com.safeboda.passenger:id/locationEditText\").instance(0)"}[39m
[35m[HTTP][39m [37m<-- POST /wd/hub/session/fd220ec8-9f8b-4ebd-981d-7dcc4b40a1e6/elements [39m[32m200[39m [90m108 ms - 124[39m
[35m[HTTP][39m [90m[39m
[35m[HTTP][39m [37m-->[39m [37mGET[39m [37m/wd/hub/session/fd220ec8-9f8b-4ebd-981d-7dcc4b40a1e6[39m
[35m[HTTP][39m [90m{}[39m
[35m[HTTP][39m [37m<-- GET /wd/hub/session/fd220ec8-9f8b-4ebd-981d-7dcc4b40a1e6 [39m[32m200[39m [90m22 ms - 1200[39m
[35m[HTTP][39m [90m[39m
[35m[HTTP][39m [37m-->[39m [37mGET[39m [37m/wd/hub/session/fd220ec8-9f8b-4ebd-981d-7dcc4b40a1e6[39m
[35m[HTTP][39m [90m{}[39m
[35m[HTTP][39m [37m<-- GET /wd/hub/session/fd220ec8-9f8b-4ebd-981d-7dcc4b40a1e6 [39m[32m200[39m [90m36 ms - 1200[39m
[35m[HTTP][39m [90m[39m
[35m[HTTP][39m [37m-->[39m [37mGET[39m [37m/wd/hub/session/fd220ec8-9f8b-4ebd-981d-7dcc4b40a1e6[39m
[35m[HTTP][39m [90m{}[39m
[35m[HTTP][39m [37m<-- GET /wd/hub/session/fd220ec8-9f8b-4ebd-981d-7dcc4b40a1e6 [39m[32m200[39m [90m35 ms - 1200[39m
[35m[HTTP][39m [90m[39m
[35m[HTTP][39m [37m-->[39m [37mGET[39m [37m/wd/hub/session/fd220ec8-9f8b-4ebd-981d-7dcc4b40a1e6[39m
[35m[HTTP][39m [90m{}[39m
[35m[HTTP][39m [37m<-- GET /wd/hub/session/fd220ec8-9f8b-4ebd-981d-7dcc4b40a1e6 [39m[32m200[39m [90m14 ms - 1200[39m
[35m[HTTP][39m [90m[39m
[35m[HTTP][39m [37m-->[39m [37mGET[39m [37m/wd/hub/session/fd220ec8-9f8b-4ebd-981d-7dcc4b40a1e6/element/aaa36767-8065-4da6-830c-935582d74138/location[39m
[35m[HTTP][39m [90m{}[39m
[35m[W3C][39m Driver proxy active, passing request on via HTTP proxy
[35m[JSONWP Proxy][39m Replacing sessionId bde41530-3f16-4ed9-ae9f-37700ddab7db with fd220ec8-9f8b-4ebd-981d-7dcc4b40a1e6
[35m[HTTP][39m [37m<-- GET /wd/hub/session/fd220ec8-9f8b-4ebd-981d-7dcc4b40a1e6/element/aaa36767-8065-4da6-830c-935582d74138/location [39m[32m200[39m [90m29 ms - 89[39m
[35m[HTTP][39m [90m[39m
[35m[HTTP][39m [37m-->[39m [37mPOST[39m [37m/wd/hub/session/fd220ec8-9f8b-4ebd-981d-7dcc4b40a1e6/touch/perform[39m
[35m[HTTP][39m [90m{"actions":[{"action":"tap","options":{"element":"aaa36767-8065-4da6-830c-935582d74138","x":1,"y":1}}]}[39m
[35m[UiAutomator2][39m calling get location: aaa36767-8065-4da6-830c-935582d74138
[35m[HTTP][39m [37m<-- POST /wd/hub/session/fd220ec8-9f8b-4ebd-981d-7dcc4b40a1e6/touch/perform [39m[32m200[39m [90m1278 ms - 76[39m
[35m[HTTP][39m [90m[39m
[35m[HTTP][39m [37m-->[39m [37mGET[39m [37m/wd/hub/session/fd220ec8-9f8b-4ebd-981d-7dcc4b40a1e6/window/current/size[39m
[35m[HTTP][39m [90m{}[39m
[35m[W3C][39m Driver proxy active, passing request on via HTTP proxy
[35m[JSONWP Proxy][39m Replacing sessionId bde41530-3f16-4ed9-ae9f-37700ddab7db with fd220ec8-9f8b-4ebd-981d-7dcc4b40a1e6
[35m[HTTP][39m [37m<-- GET /wd/hub/session/fd220ec8-9f8b-4ebd-981d-7dcc4b40a1e6/window/current/size [39m[32m200[39m [90m51 ms - 100[39m
[35m[HTTP][39m [90m[39m
[35m[HTTP][39m [37m-->[39m [37mPOST[39m [37m/wd/hub/session/fd220ec8-9f8b-4ebd-981d-7dcc4b40a1e6/elements[39m
[35m[HTTP][39m [90m{"using":"-android uiautomator","value":"new UiSelector().className(\"android.widget.EditText\").text(\"Search location\").resourceId(\"com.safeboda.passenger:id/locationEditText\").instance(0)"}[39m
[35m[HTTP][39m [37m<-- POST /wd/hub/session/fd220ec8-9f8b-4ebd-981d-7dcc4b40a1e6/elements [39m[32m200[39m [90m78 ms - 124[39m
[35m[HTTP][39m [90m[39m
[35m[HTTP][39m [37m-->[39m [37mGET[39m [37m/wd/hub/session/fd220ec8-9f8b-4ebd-981d-7dcc4b40a1e6[39m
[35m[HTTP][39m [90m{}[39m
[35m[HTTP][39m [37m<-- GET /wd/hub/session/fd220ec8-9f8b-4ebd-981d-7dcc4b40a1e6 [39m[32m200[39m [90m25 ms - 1200[39m
[35m[HTTP][39m [90m[39m
[35m[HTTP][39m [37m-->[39m [37mGET[39m [37m/wd/hub/session/fd220ec8-9f8b-4ebd-981d-7dcc4b40a1e6[39m
[35m[HTTP][39m [90m{}[39m
[35m[HTTP][39m [37m<-- GET /wd/hub/session/fd220ec8-9f8b-4ebd-981d-7dcc4b40a1e6 [39m[32m200[39m [90m21 ms - 1200[39m
[35m[HTTP][39m [90m[39m
[35m[HTTP][39m [37m-->[39m [37mGET[39m [37m/wd/hub/session/fd220ec8-9f8b-4ebd-981d-7dcc4b40a1e6[39m
[35m[HTTP][39m [90m{}[39m
[35m[HTTP][39m [37m<-- GET /wd/hub/session/fd220ec8-9f8b-4ebd-981d-7dcc4b40a1e6 [39m[32m200[39m [90m19 ms - 1200[39m
[35m[HTTP][39m [90m[39m
[35m[HTTP][39m [37m-->[39m [37mGET[39m [37m/wd/hub/session/fd220ec8-9f8b-4ebd-981d-7dcc4b40a1e6[39m
[35m[HTTP][39m [90m{}[39m
[35m[HTTP][39m [37m<-- GET /wd/hub/session/fd220ec8-9f8b-4ebd-981d-7dcc4b40a1e6 [39m[32m200[39m [90m28 ms - 1200[39m
[35m[HTTP][39m [90m[39m
[35m[HTTP][39m [37m-->[39m [37mGET[39m [37m/wd/hub/session/fd220ec8-9f8b-4ebd-981d-7dcc4b40a1e6/element/1b05ea1b-0e84-4d74-8744-d0c26e0c341a/location[39m
[35m[HTTP][39m [90m{}[39m
[35m[W3C][39m Driver proxy active, passing request on via HTTP proxy
[35m[JSONWP Proxy][39m Replacing sessionId bde41530-3f16-4ed9-ae9f-37700ddab7db with fd220ec8-9f8b-4ebd-981d-7dcc4b40a1e6
[35m[HTTP][39m [37m<-- GET /wd/hub/session/fd220ec8-9f8b-4ebd-981d-7dcc4b40a1e6/element/1b05ea1b-0e84-4d74-8744-d0c26e0c341a/location [39m[32m200[39m [90m558 ms - 89[39m
[35m[HTTP][39m [90m[39m
[35m[HTTP][39m [37m-->[39m [37mPOST[39m [37m/wd/hub/session/fd220ec8-9f8b-4ebd-981d-7dcc4b40a1e6/element/1b05ea1b-0e84-4d74-8744-d0c26e0c341a/value[39m
[35m[HTTP][39m [90m{"id":"1b05ea1b-0e84-4d74-8744-d0c26e0c341a","value":["kama inn"]}[39m
[35m[HTTP][39m [37m<-- POST /wd/hub/session/fd220ec8-9f8b-4ebd-981d-7dcc4b40a1e6/element/1b05ea1b-0e84-4d74-8744-d0c26e0c341a/value [39m[32m200[39m [90m999 ms - 74[39m
[35m[HTTP][39m [90m[39m
[35m[HTTP][39m [37m-->[39m [37mGET[39m [37m/wd/hub/session/fd220ec8-9f8b-4ebd-981d-7dcc4b40a1e6/window/current/size[39m
[35m[HTTP][39m [90m{}[39m
[35m[W3C][39m Driver proxy active, passing request on via HTTP proxy
[35m[JSONWP Proxy][39m Replacing sessionId bde41530-3f16-4ed9-ae9f-37700ddab7db with fd220ec8-9f8b-4ebd-981d-7dcc4b40a1e6
[35m[HTTP][39m [37m<-- GET /wd/hub/session/fd220ec8-9f8b-4ebd-981d-7dcc4b40a1e6/window/current/size [39m[32m200[39m [90m63 ms - 100[39m
[35m[HTTP][39m [90m[39m
[35m[HTTP][39m [37m-->[39m [37mPOST[39m [37m/wd/hub/session/fd220ec8-9f8b-4ebd-981d-7dcc4b40a1e6/elements[39m
[35m[HTTP][39m [90m{"using":"-android uiautomator","value":"new UiSelector().className(\"android.view.ViewGroup\").instance(5)"}[39m
[35m[HTTP][39m [37m<-- POST /wd/hub/session/fd220ec8-9f8b-4ebd-981d-7dcc4b40a1e6/elements [39m[32m200[39m [90m1201 ms - 124[39m
[35m[HTTP][39m [90m[39m
[35m[HTTP][39m [37m-->[39m [37mGET[39m [37m/wd/hub/session/fd220ec8-9f8b-4ebd-981d-7dcc4b40a1e6[39m
[35m[HTTP][39m [90m{}[39m
[35m[HTTP][39m [37m<-- GET /wd/hub/session/fd220ec8-9f8b-4ebd-981d-7dcc4b40a1e6 [39m[32m200[39m [90m36 ms - 1200[39m
[35m[HTTP][39m [90m[39m
[35m[HTTP][39m [37m-->[39m [37mGET[39m [37m/wd/hub/session/fd220ec8-9f8b-4ebd-981d-7dcc4b40a1e6[39m
[35m[HTTP][39m [90m{}[39m
[35m[HTTP][39m [37m<-- GET /wd/hub/session/fd220ec8-9f8b-4ebd-981d-7dcc4b40a1e6 [39m[32m200[39m [90m23 ms - 1200[39m
[35m[HTTP][39m [90m[39m
[35m[HTTP][39m [37m-->[39m [37mGET[39m [37m/wd/hub/session/fd220ec8-9f8b-4ebd-981d-7dcc4b40a1e6[39m
[35m[HTTP][39m [90m{}[39m
[35m[HTTP][39m [37m<-- GET /wd/hub/session/fd220ec8-9f8b-4ebd-981d-7dcc4b40a1e6 [39m[32m200[39m [90m20 ms - 1200[39m
[35m[HTTP][39m [90m[39m
[35m[HTTP][39m [37m-->[39m [37mGET[39m [37m/wd/hub/session/fd220ec8-9f8b-4ebd-981d-7dcc4b40a1e6[39m
[35m[HTTP][39m [90m{}[39m
[35m[HTTP][39m [37m<-- GET /wd/hub/session/fd220ec8-9f8b-4ebd-981d-7dcc4b40a1e6 [39m[32m200[39m [90m23 ms - 1200[39m
[35m[HTTP][39m [90m[39m
[35m[HTTP][39m [37m-->[39m [37mGET[39m [37m/wd/hub/session/fd220ec8-9f8b-4ebd-981d-7dcc4b40a1e6/element/79df08a3-be29-40c1-8550-f4aa107bcf60/location[39m
[35m[HTTP][39m [90m{}[39m
[35m[W3C][39m Driver proxy active, passing request on via HTTP proxy
[35m[JSONWP Proxy][39m Replacing sessionId bde41530-3f16-4ed9-ae9f-37700ddab7db with fd220ec8-9f8b-4ebd-981d-7dcc4b40a1e6
[35m[HTTP][39m [37m<-- GET /wd/hub/session/fd220ec8-9f8b-4ebd-981d-7dcc4b40a1e6/element/79df08a3-be29-40c1-8550-f4aa107bcf60/location [39m[32m200[39m [90m57 ms - 88[39m
[35m[HTTP][39m [90m[39m
[35m[HTTP][39m [37m-->[39m [37mPOST[39m [37m/wd/hub/session/fd220ec8-9f8b-4ebd-981d-7dcc4b40a1e6/touch/perform[39m
[35m[HTTP][39m [90m{"actions":[{"action":"tap","options":{"element":"79df08a3-be29-40c1-8550-f4aa107bcf60","x":1,"y":1}}]}[39m
[35m[UiAutomator2][39m calling get location: 79df08a3-be29-40c1-8550-f4aa107bcf60
[35m[HTTP][39m [37m<-- POST /wd/hub/session/fd220ec8-9f8b-4ebd-981d-7dcc4b40a1e6/touch/perform [39m[32m200[39m [90m1249 ms - 76[39m
[35m[HTTP][39m [90m[39m
[35m[HTTP][39m [37m-->[39m [37mGET[39m [37m/wd/hub/session/fd220ec8-9f8b-4ebd-981d-7dcc4b40a1e6/window/current/size[39m
[35m[HTTP][39m [90m{}[39m
[35m[W3C][39m Driver proxy active, passing request on via HTTP proxy
[35m[JSONWP Proxy][39m Replacing sessionId bde41530-3f16-4ed9-ae9f-37700ddab7db with fd220ec8-9f8b-4ebd-981d-7dcc4b40a1e6
[35m[HTTP][39m [37m<-- GET /wd/hub/session/fd220ec8-9f8b-4ebd-981d-7dcc4b40a1e6/window/current/size [39m[32m200[39m [90m42 ms - 100[39m
[35m[HTTP][39m [90m[39m
[35m[HTTP][39m [37m-->[39m [37mPOST[39m [37m/wd/hub/session/fd220ec8-9f8b-4ebd-981d-7dcc4b40a1e6/elements[39m
[35m[HTTP][39m [90m{"using":"-android uiautomator","value":"new UiSelector().className(\"android.widget.RadioButton\").resourceId(\"com.safeboda.passenger:id/cashRadioButton\").instance(1)"}[39m
[35m[HTTP][39m [37m<-- POST /wd/hub/session/fd220ec8-9f8b-4ebd-981d-7dcc4b40a1e6/elements [39m[32m200[39m [90m1014 ms - 124[39m
[35m[HTTP][39m [90m[39m
[35m[HTTP][39m [37m-->[39m [37mGET[39m [37m/wd/hub/session/fd220ec8-9f8b-4ebd-981d-7dcc4b40a1e6[39m
[35m[HTTP][39m [90m{}[39m
[35m[HTTP][39m [37m<-- GET /wd/hub/session/fd220ec8-9f8b-4ebd-981d-7dcc4b40a1e6 [39m[32m200[39m [90m20 ms - 1200[39m
[35m[HTTP][39m [90m[39m
[35m[HTTP][39m [37m-->[39m [37mGET[39m [37m/wd/hub/session/fd220ec8-9f8b-4ebd-981d-7dcc4b40a1e6[39m
[35m[HTTP][39m [90m{}[39m
[35m[HTTP][39m [37m<-- GET /wd/hub/session/fd220ec8-9f8b-4ebd-981d-7dcc4b40a1e6 [39m[32m200[39m [90m26 ms - 1200[39m
[35m[HTTP][39m [90m[39m
[35m[HTTP][39m [37m-->[39m [37mGET[39m [37m/wd/hub/session/fd220ec8-9f8b-4ebd-981d-7dcc4b40a1e6[39m
[35m[HTTP][39m [90m{}[39m
[35m[HTTP][39m [37m<-- GET /wd/hub/session/fd220ec8-9f8b-4ebd-981d-7dcc4b40a1e6 [39m[32m200[39m [90m23 ms - 1200[39m
[35m[HTTP][39m [90m[39m
[35m[HTTP][39m [37m-->[39m [37mGET[39m [37m/wd/hub/session/fd220ec8-9f8b-4ebd-981d-7dcc4b40a1e6[39m
[35m[HTTP][39m [90m{}[39m
[35m[HTTP][39m [37m<-- GET /wd/hub/session/fd220ec8-9f8b-4ebd-981d-7dcc4b40a1e6 [39m[32m200[39m [90m39 ms - 1200[39m
[35m[HTTP][39m [90m[39m
[35m[HTTP][39m [37m-->[39m [37mGET[39m [37m/wd/hub/session/fd220ec8-9f8b-4ebd-981d-7dcc4b40a1e6/element/d288d592-f1ad-45d7-9188-b3eb50ac60b0/location[39m
[35m[HTTP][39m [90m{}[39m
[35m[W3C][39m Driver proxy active, passing request on via HTTP proxy
[35m[JSONWP Proxy][39m Replacing sessionId bde41530-3f16-4ed9-ae9f-37700ddab7db with fd220ec8-9f8b-4ebd-981d-7dcc4b40a1e6
[35m[HTTP][39m [37m<-- GET /wd/hub/session/fd220ec8-9f8b-4ebd-981d-7dcc4b40a1e6/element/d288d592-f1ad-45d7-9188-b3eb50ac60b0/location [39m[32m200[39m [90m71 ms - 89[39m
[35m[HTTP][39m [90m[39m
[35m[HTTP][39m [37m-->[39m [37mPOST[39m [37m/wd/hub/session/fd220ec8-9f8b-4ebd-981d-7dcc4b40a1e6/touch/perform[39m
[35m[HTTP][39m [90m{"actions":[{"action":"tap","options":{"element":"d288d592-f1ad-45d7-9188-b3eb50ac60b0","x":1,"y":1}}]}[39m
[35m[UiAutomator2][39m calling get location: d288d592-f1ad-45d7-9188-b3eb50ac60b0
[35m[HTTP][39m [37m<-- POST /wd/hub/session/fd220ec8-9f8b-4ebd-981d-7dcc4b40a1e6/touch/perform [39m[32m200[39m [90m1317 ms - 76[39m
[35m[HTTP][39m [90m[39m
[35m[HTTP][39m [37m-->[39m [37mGET[39m [37m/wd/hub/session/fd220ec8-9f8b-4ebd-981d-7dcc4b40a1e6/window/current/size[39m
[35m[HTTP][39m [90m{}[39m
[35m[W3C][39m Driver proxy active, passing request on via HTTP proxy
[35m[JSONWP Proxy][39m Replacing sessionId bde41530-3f16-4ed9-ae9f-37700ddab7db with fd220ec8-9f8b-4ebd-981d-7dcc4b40a1e6
[35m[HTTP][39m [37m<-- GET /wd/hub/session/fd220ec8-9f8b-4ebd-981d-7dcc4b40a1e6/window/current/size [39m[32m200[39m [90m19 ms - 100[39m
[35m[HTTP][39m [90m[39m
[35m[HTTP][39m [37m-->[39m [37mPOST[39m [37m/wd/hub/session/fd220ec8-9f8b-4ebd-981d-7dcc4b40a1e6/elements[39m
[35m[HTTP][39m [90m{"using":"-android uiautomator","value":"new UiSelector().className(\"android.widget.Button\").text(\"REQUEST\").resourceId(\"com.safeboda.passenger:id/requestButton\").instance(0)"}[39m
[35m[HTTP][39m [37m<-- POST /wd/hub/session/fd220ec8-9f8b-4ebd-981d-7dcc4b40a1e6/elements [39m[32m200[39m [90m131 ms - 124[39m
[35m[HTTP][39m [90m[39m
[35m[HTTP][39m [37m-->[39m [37mGET[39m [37m/wd/hub/session/fd220ec8-9f8b-4ebd-981d-7dcc4b40a1e6[39m
[35m[HTTP][39m [90m{}[39m
[35m[HTTP][39m [37m<-- GET /wd/hub/session/fd220ec8-9f8b-4ebd-981d-7dcc4b40a1e6 [39m[32m200[39m [90m19 ms - 1200[39m
[35m[HTTP][39m [90m[39m
[35m[HTTP][39m [37m-->[39m [37mGET[39m [37m/wd/hub/session/fd220ec8-9f8b-4ebd-981d-7dcc4b40a1e6[39m
[35m[HTTP][39m [90m{}[39m
[35m[HTTP][39m [37m<-- GET /wd/hub/session/fd220ec8-9f8b-4ebd-981d-7dcc4b40a1e6 [39m[32m200[39m [90m23 ms - 1200[39m
[35m[HTTP][39m [90m[39m
[35m[HTTP][39m [37m-->[39m [37mGET[39m [37m/wd/hub/session/fd220ec8-9f8b-4ebd-981d-7dcc4b40a1e6[39m
[35m[HTTP][39m [90m{}[39m
[35m[HTTP][39m [37m<-- GET /wd/hub/session/fd220ec8-9f8b-4ebd-981d-7dcc4b40a1e6 [39m[32m200[39m [90m15 ms - 1200[39m
[35m[HTTP][39m [90m[39m
[35m[HTTP][39m [37m-->[39m [37mGET[39m [37m/wd/hub/session/fd220ec8-9f8b-4ebd-981d-7dcc4b40a1e6[39m
[35m[HTTP][39m [90m{}[39m
[35m[HTTP][39m [37m<-- GET /wd/hub/session/fd220ec8-9f8b-4ebd-981d-7dcc4b40a1e6 [39m[32m200[39m [90m14 ms - 1200[39m
[35m[HTTP][39m [90m[39m
[35m[HTTP][39m [37m-->[39m [37mGET[39m [37m/wd/hub/session/fd220ec8-9f8b-4ebd-981d-7dcc4b40a1e6/element/576308f9-d186-4f8f-8955-5126769e7f18/location[39m
[35m[HTTP][39m [90m{}[39m
[35m[W3C][39m Driver proxy active, passing request on via HTTP proxy
[35m[JSONWP Proxy][39m Replacing sessionId bde41530-3f16-4ed9-ae9f-37700ddab7db with fd220ec8-9f8b-4ebd-981d-7dcc4b40a1e6
[35m[HTTP][39m [37m<-- GET /wd/hub/session/fd220ec8-9f8b-4ebd-981d-7dcc4b40a1e6/element/576308f9-d186-4f8f-8955-5126769e7f18/location [39m[32m200[39m [90m47 ms - 89[39m
[35m[HTTP][39m [90m[39m
[35m[HTTP][39m [37m-->[39m [37mPOST[39m [37m/wd/hub/session/fd220ec8-9f8b-4ebd-981d-7dcc4b40a1e6/touch/perform[39m
[35m[HTTP][39m [90m{"actions":[{"action":"tap","options":{"element":"576308f9-d186-4f8f-8955-5126769e7f18","x":1,"y":1}}]}[39m
[35m[UiAutomator2][39m calling get location: 576308f9-d186-4f8f-8955-5126769e7f18
[35m[HTTP][39m [37m<-- POST /wd/hub/session/fd220ec8-9f8b-4ebd-981d-7dcc4b40a1e6/touch/perform [39m[32m200[39m [90m1581 ms - 76[39m
[35m[HTTP][39m [90m[39m
[35m[HTTP][39m [37m-->[39m [37mGET[39m [37m/wd/hub/session/fd220ec8-9f8b-4ebd-981d-7dcc4b40a1e6/window/current/size[39m
[35m[HTTP][39m [90m{}[39m
[35m[W3C][39m Driver proxy active, passing request on via HTTP proxy
[35m[JSONWP Proxy][39m Replacing sessionId bde41530-3f16-4ed9-ae9f-37700ddab7db with fd220ec8-9f8b-4ebd-981d-7dcc4b40a1e6
[35m[HTTP][39m [37m<-- GET /wd/hub/session/fd220ec8-9f8b-4ebd-981d-7dcc4b40a1e6/window/current/size [39m[32m200[39m [90m24 ms - 100[39m
[35m[HTTP][39m [90m[39m
[35m[HTTP][39m [37m-->[39m [37mPOST[39m [37m/wd/hub/session/fd220ec8-9f8b-4ebd-981d-7dcc4b40a1e6/elements[39m
[35m[HTTP][39m [90m{"using":"-android uiautomator","value":"new UiSelector().className(\"android.widget.ImageButton\").instance(0)"}[39m
[35m[HTTP][39m [37m<-- POST /wd/hub/session/fd220ec8-9f8b-4ebd-981d-7dcc4b40a1e6/elements [39m[32m200[39m [90m71 ms - 124[39m
[35m[HTTP][39m [90m[39m
[35m[HTTP][39m [37m-->[39m [37mGET[39m [37m/wd/hub/session/fd220ec8-9f8b-4ebd-981d-7dcc4b40a1e6[39m
[35m[HTTP][39m [90m{}[39m
[35m[HTTP][39m [37m<-- GET /wd/hub/session/fd220ec8-9f8b-4ebd-981d-7dcc4b40a1e6 [39m[32m200[39m [90m18 ms - 1200[39m
[35m[HTTP][39m [90m[39m
[35m[HTTP][39m [37m-->[39m [37mGET[39m [37m/wd/hub/session/fd220ec8-9f8b-4ebd-981d-7dcc4b40a1e6[39m
[35m[HTTP][39m [90m{}[39m
[35m[HTTP][39m [37m<-- GET /wd/hub/session/fd220ec8-9f8b-4ebd-981d-7dcc4b40a1e6 [39m[32m200[39m [90m17 ms - 1200[39m
[35m[HTTP][39m [90m[39m
[35m[HTTP][39m [37m-->[39m [37mGET[39m [37m/wd/hub/session/fd220ec8-9f8b-4ebd-981d-7dcc4b40a1e6[39m
[35m[HTTP][39m [90m{}[39m
[35m[HTTP][39m [37m<-- GET /wd/hub/session/fd220ec8-9f8b-4ebd-981d-7dcc4b40a1e6 [39m[32m200[39m [90m37 ms - 1200[39m
[35m[HTTP][39m [90m[39m
[35m[HTTP][39m [37m-->[39m [37mGET[39m [37m/wd/hub/session/fd220ec8-9f8b-4ebd-981d-7dcc4b40a1e6[39m
[35m[HTTP][39m [90m{}[39m
[35m[HTTP][39m [37m<-- GET /wd/hub/session/fd220ec8-9f8b-4ebd-981d-7dcc4b40a1e6 [39m[32m200[39m [90m29 ms - 1200[39m
[35m[HTTP][39m [90m[39m
[35m[HTTP][39m [37m-->[39m [37mGET[39m [37m/wd/hub/session/fd220ec8-9f8b-4ebd-981d-7dcc4b40a1e6/element/16e9f0f0-44ff-4d78-b312-83fc4ca8ea7a/location[39m
[35m[HTTP][39m [90m{}[39m
[35m[W3C][39m Driver proxy active, passing request on via HTTP proxy
[35m[JSONWP Proxy][39m Replacing sessionId bde41530-3f16-4ed9-ae9f-37700ddab7db with fd220ec8-9f8b-4ebd-981d-7dcc4b40a1e6
[35m[HTTP][39m [37m<-- GET /wd/hub/session/fd220ec8-9f8b-4ebd-981d-7dcc4b40a1e6/element/16e9f0f0-44ff-4d78-b312-83fc4ca8ea7a/location [39m[32m200[39m [90m57 ms - 86[39m
[35m[HTTP][39m [90m[39m
[35m[HTTP][39m [37m-->[39m [37mPOST[39m [37m/wd/hub/session/fd220ec8-9f8b-4ebd-981d-7dcc4b40a1e6/touch/perform[39m
[35m[HTTP][39m [90m{"actions":[{"action":"tap","options":{"element":"16e9f0f0-44ff-4d78-b312-83fc4ca8ea7a","x":1,"y":1}}]}[39m
[35m[UiAutomator2][39m calling get location: 16e9f0f0-44ff-4d78-b312-83fc4ca8ea7a
[35m[HTTP][39m [37m<-- POST /wd/hub/session/fd220ec8-9f8b-4ebd-981d-7dcc4b40a1e6/touch/perform [39m[32m200[39m [90m974 ms - 76[39m
[35m[HTTP][39m [90m[39m
[35m[HTTP][39m [37m-->[39m [37mDELETE[39m [37m/wd/hub/session/fd220ec8-9f8b-4ebd-981d-7dcc4b40a1e6[39m
[35m[HTTP][39m [90m{}[39m
[35m[Appium][39m Removing session fd220ec8-9f8b-4ebd-981d-7dcc4b40a1e6 from our master session list
[35m[HTTP][39m [37m<-- DELETE /wd/hub/session/fd220ec8-9f8b-4ebd-981d-7dcc4b40a1e6 [39m[32m200[39m [90m1657 ms - 76[39m
[35m[HTTP][39m [90m[39m
